[2025-12-23T20:37:02.244+0000] {local_task_job_runner.py:123} INFO - ::group::Pre task execution logs
[2025-12-23T20:37:02.327+0000] {taskinstance.py:2612} INFO - Dependencies all met for dep_context=non-requeueable deps ti=<TaskInstance: velov_dag.check_ingestion scheduled__2025-12-22T00:00:00+00:00 [queued]>
[2025-12-23T20:37:02.348+0000] {taskinstance.py:2612} INFO - Dependencies all met for dep_context=requeueable deps ti=<TaskInstance: velov_dag.check_ingestion scheduled__2025-12-22T00:00:00+00:00 [queued]>
[2025-12-23T20:37:02.352+0000] {taskinstance.py:2865} INFO - Starting attempt 1 of 2
[2025-12-23T20:37:02.784+0000] {taskinstance.py:2888} INFO - Executing <Task(PythonOperator): check_ingestion> on 2025-12-22 00:00:00+00:00
[2025-12-23T20:37:02.810+0000] {warnings.py:112} WARNING - /home/***/.local/lib/python3.12/site-packages/***/task/task_runner/standard_task_runner.py:70: DeprecationWarning: This process (pid=264) is multi-threaded, use of fork() may lead to deadlocks in the child.
  pid = os.fork()

[2025-12-23T20:37:02.813+0000] {standard_task_runner.py:72} INFO - Started process 273 to run task
[2025-12-23T20:37:02.815+0000] {standard_task_runner.py:104} INFO - Running: ['***', 'tasks', 'run', 'velov_dag', 'check_ingestion', 'scheduled__2025-12-22T00:00:00+00:00', '--job-id', '112', '--raw', '--subdir', 'DAGS_FOLDER/global_DAG.py', '--cfg-path', '/tmp/tmp3eumre3d']
[2025-12-23T20:37:02.825+0000] {standard_task_runner.py:105} INFO - Job 112: Subtask check_ingestion
[2025-12-23T20:37:02.993+0000] {task_command.py:467} INFO - Running <TaskInstance: velov_dag.check_ingestion scheduled__2025-12-22T00:00:00+00:00 [running]> on host 172.18.0.13
[2025-12-23T20:37:03.003+0000] {warnings.py:112} WARNING - /home/***/.local/lib/python3.12/site-packages/***/settings.py:605: DeprecationWarning: The sql_engine_encoding option in [core] has been moved to the sql_engine_encoding option in [database] - the old setting has been used, but please update your config.
  engine_args["encoding"] = conf.get("database", "SQL_ENGINE_ENCODING", fallback="utf-8")

[2025-12-23T20:37:03.383+0000] {taskinstance.py:3131} INFO - Exporting env vars: AIRFLOW_CTX_DAG_OWNER='***' AIRFLOW_CTX_DAG_ID='velov_dag' AIRFLOW_CTX_TASK_ID='check_ingestion' AIRFLOW_CTX_EXECUTION_DATE='2025-12-22T00:00:00+00:00' AIRFLOW_CTX_TRY_NUMBER='1' AIRFLOW_CTX_DAG_RUN_ID='scheduled__2025-12-22T00:00:00+00:00'
[2025-12-23T20:37:03.387+0000] {taskinstance.py:731} INFO - ::endgroup::
[2025-12-23T20:37:03.429+0000] {logging_mixin.py:190} INFO - Vérification du fichier : /opt/***/data/landing/velov_raw.csv
[2025-12-23T20:37:03.482+0000] {logging_mixin.py:190} INFO - OK: /opt/***/data/landing/velov_raw.csv (300 lignes)
[2025-12-23T20:37:03.485+0000] {python.py:240} INFO - Done. Returned value was: True
[2025-12-23T20:37:03.563+0000] {taskinstance.py:340} INFO - ::group::Post task execution logs
[2025-12-23T20:37:03.565+0000] {taskinstance.py:352} INFO - Marking task as SUCCESS. dag_id=velov_dag, task_id=check_ingestion, run_id=scheduled__2025-12-22T00:00:00+00:00, execution_date=20251222T000000, start_date=20251223T203702, end_date=20251223T203703
[2025-12-23T20:37:03.664+0000] {local_task_job_runner.py:266} INFO - Task exited with return code 0
[2025-12-23T20:37:03.746+0000] {taskinstance.py:3900} INFO - 1 downstream tasks scheduled from follow-on schedule check
[2025-12-23T20:37:03.749+0000] {local_task_job_runner.py:245} INFO - ::endgroup::
[2025-12-23T20:44:29.566+0000] {local_task_job_runner.py:123} INFO - ::group::Pre task execution logs
[2025-12-23T20:44:29.603+0000] {taskinstance.py:2612} INFO - Dependencies all met for dep_context=non-requeueable deps ti=<TaskInstance: velov_dag.check_ingestion scheduled__2025-12-22T00:00:00+00:00 [queued]>
[2025-12-23T20:44:29.621+0000] {taskinstance.py:2612} INFO - Dependencies all met for dep_context=requeueable deps ti=<TaskInstance: velov_dag.check_ingestion scheduled__2025-12-22T00:00:00+00:00 [queued]>
[2025-12-23T20:44:29.622+0000] {taskinstance.py:2865} INFO - Starting attempt 1 of 2
[2025-12-23T20:44:29.960+0000] {taskinstance.py:2888} INFO - Executing <Task(PythonOperator): check_ingestion> on 2025-12-22 00:00:00+00:00
[2025-12-23T20:44:29.974+0000] {warnings.py:112} WARNING - /home/***/.local/lib/python3.12/site-packages/***/task/task_runner/standard_task_runner.py:70: DeprecationWarning: This process (pid=319) is multi-threaded, use of fork() may lead to deadlocks in the child.
  pid = os.fork()

[2025-12-23T20:44:29.977+0000] {standard_task_runner.py:72} INFO - Started process 331 to run task
[2025-12-23T20:44:29.978+0000] {standard_task_runner.py:104} INFO - Running: ['***', 'tasks', 'run', 'velov_dag', 'check_ingestion', 'scheduled__2025-12-22T00:00:00+00:00', '--job-id', '134', '--raw', '--subdir', 'DAGS_FOLDER/global_DAG.py', '--cfg-path', '/tmp/tmpna_qj7by']
[2025-12-23T20:44:29.983+0000] {standard_task_runner.py:105} INFO - Job 134: Subtask check_ingestion
[2025-12-23T20:44:30.127+0000] {task_command.py:467} INFO - Running <TaskInstance: velov_dag.check_ingestion scheduled__2025-12-22T00:00:00+00:00 [running]> on host 172.18.0.13
[2025-12-23T20:44:30.137+0000] {warnings.py:112} WARNING - /home/***/.local/lib/python3.12/site-packages/***/settings.py:605: DeprecationWarning: The sql_engine_encoding option in [core] has been moved to the sql_engine_encoding option in [database] - the old setting has been used, but please update your config.
  engine_args["encoding"] = conf.get("database", "SQL_ENGINE_ENCODING", fallback="utf-8")

[2025-12-23T20:44:30.467+0000] {taskinstance.py:3131} INFO - Exporting env vars: AIRFLOW_CTX_DAG_OWNER='***' AIRFLOW_CTX_DAG_ID='velov_dag' AIRFLOW_CTX_TASK_ID='check_ingestion' AIRFLOW_CTX_EXECUTION_DATE='2025-12-22T00:00:00+00:00' AIRFLOW_CTX_TRY_NUMBER='1' AIRFLOW_CTX_DAG_RUN_ID='scheduled__2025-12-22T00:00:00+00:00'
[2025-12-23T20:44:30.470+0000] {taskinstance.py:731} INFO - ::endgroup::
[2025-12-23T20:44:30.498+0000] {logging_mixin.py:190} INFO - Vérification du fichier : /opt/***/data/landing/velov_raw.csv
[2025-12-23T20:44:30.529+0000] {logging_mixin.py:190} INFO - OK: /opt/***/data/landing/velov_raw.csv (300 lignes)
[2025-12-23T20:44:30.530+0000] {python.py:240} INFO - Done. Returned value was: True
[2025-12-23T20:44:30.569+0000] {taskinstance.py:340} INFO - ::group::Post task execution logs
[2025-12-23T20:44:30.570+0000] {taskinstance.py:352} INFO - Marking task as SUCCESS. dag_id=velov_dag, task_id=check_ingestion, run_id=scheduled__2025-12-22T00:00:00+00:00, execution_date=20251222T000000, start_date=20251223T204429, end_date=20251223T204430
[2025-12-23T20:44:30.609+0000] {local_task_job_runner.py:266} INFO - Task exited with return code 0
[2025-12-23T20:44:30.626+0000] {local_task_job_runner.py:245} INFO - ::endgroup::
