[2025-12-23T18:57:16.265+0000] {local_task_job_runner.py:123} INFO - ::group::Pre task execution logs
[2025-12-23T18:57:16.289+0000] {taskinstance.py:2612} INFO - Dependencies all met for dep_context=non-requeueable deps ti=<TaskInstance: velov_dag.ingest_velov_data scheduled__2025-12-22T00:00:00+00:00 [queued]>
[2025-12-23T18:57:16.299+0000] {taskinstance.py:2612} INFO - Dependencies all met for dep_context=requeueable deps ti=<TaskInstance: velov_dag.ingest_velov_data scheduled__2025-12-22T00:00:00+00:00 [queued]>
[2025-12-23T18:57:16.300+0000] {taskinstance.py:2865} INFO - Starting attempt 1 of 2
[2025-12-23T18:57:16.322+0000] {taskinstance.py:2888} INFO - Executing <Task(PythonOperator): ingest_velov_data> on 2025-12-22 00:00:00+00:00
[2025-12-23T18:57:16.332+0000] {warnings.py:112} WARNING - /home/***/.local/lib/python3.12/site-packages/***/task/task_runner/standard_task_runner.py:70: DeprecationWarning: This process (pid=95) is multi-threaded, use of fork() may lead to deadlocks in the child.
  pid = os.fork()

[2025-12-23T18:57:16.334+0000] {standard_task_runner.py:72} INFO - Started process 97 to run task
[2025-12-23T18:57:16.335+0000] {standard_task_runner.py:104} INFO - Running: ['***', 'tasks', 'run', 'velov_dag', 'ingest_velov_data', 'scheduled__2025-12-22T00:00:00+00:00', '--job-id', '48', '--raw', '--subdir', 'DAGS_FOLDER/velov_dag.py', '--cfg-path', '/tmp/tmphoa51eyr']
[2025-12-23T18:57:16.339+0000] {standard_task_runner.py:105} INFO - Job 48: Subtask ingest_velov_data
[2025-12-23T18:57:16.427+0000] {task_command.py:467} INFO - Running <TaskInstance: velov_dag.ingest_velov_data scheduled__2025-12-22T00:00:00+00:00 [running]> on host 172.18.0.13
[2025-12-23T18:57:16.431+0000] {warnings.py:112} WARNING - /home/***/.local/lib/python3.12/site-packages/***/settings.py:605: DeprecationWarning: The sql_engine_encoding option in [core] has been moved to the sql_engine_encoding option in [database] - the old setting has been used, but please update your config.
  engine_args["encoding"] = conf.get("database", "SQL_ENGINE_ENCODING", fallback="utf-8")

[2025-12-23T18:57:16.819+0000] {taskinstance.py:3131} INFO - Exporting env vars: AIRFLOW_CTX_DAG_OWNER='***' AIRFLOW_CTX_DAG_ID='velov_dag' AIRFLOW_CTX_TASK_ID='ingest_velov_data' AIRFLOW_CTX_EXECUTION_DATE='2025-12-22T00:00:00+00:00' AIRFLOW_CTX_TRY_NUMBER='1' AIRFLOW_CTX_DAG_RUN_ID='scheduled__2025-12-22T00:00:00+00:00'
[2025-12-23T18:57:16.822+0000] {taskinstance.py:731} INFO - ::endgroup::
[2025-12-23T18:57:16.839+0000] {logging_mixin.py:190} INFO - Début de l'ingestion vers le fichier : /opt/***/data/landing/velov_raw.csv...
[2025-12-23T18:57:16.840+0000] {logging_mixin.py:190} INFO - URL cible : https://data.grandlyon.com/geoserver/ogc/features/v1/collections/metropole-de-lyon:jcd_jcdecaux.jcdvelov/items
[2025-12-23T18:57:17.041+0000] {logging_mixin.py:190} INFO - Récupéré : 100 stations...
[2025-12-23T18:57:17.744+0000] {logging_mixin.py:190} INFO - Récupéré : 200 stations...
[2025-12-23T18:57:18.490+0000] {logging_mixin.py:190} INFO - Récupéré : 300 stations...
[2025-12-23T18:57:19.055+0000] {logging_mixin.py:190} INFO - Ingestion terminée. Fichier sauvegardé dans : /opt/***/data/landing/velov_raw.csv
[2025-12-23T18:57:19.064+0000] {python.py:240} INFO - Done. Returned value was: /opt/***/data/landing/velov_raw.csv
[2025-12-23T18:57:19.146+0000] {taskinstance.py:340} INFO - ::group::Post task execution logs
[2025-12-23T18:57:19.147+0000] {taskinstance.py:352} INFO - Marking task as SUCCESS. dag_id=velov_dag, task_id=ingest_velov_data, run_id=scheduled__2025-12-22T00:00:00+00:00, execution_date=20251222T000000, start_date=20251223T185716, end_date=20251223T185719
[2025-12-23T18:57:19.240+0000] {local_task_job_runner.py:266} INFO - Task exited with return code 0
[2025-12-23T18:57:19.314+0000] {taskinstance.py:3900} INFO - 1 downstream tasks scheduled from follow-on schedule check
[2025-12-23T18:57:19.317+0000] {local_task_job_runner.py:245} INFO - ::endgroup::
[2025-12-23T19:13:14.738+0000] {local_task_job_runner.py:123} INFO - ::group::Pre task execution logs
[2025-12-23T19:13:14.810+0000] {taskinstance.py:2612} INFO - Dependencies all met for dep_context=non-requeueable deps ti=<TaskInstance: velov_dag.ingest_velov_data scheduled__2025-12-22T00:00:00+00:00 [queued]>
[2025-12-23T19:13:14.848+0000] {taskinstance.py:2612} INFO - Dependencies all met for dep_context=requeueable deps ti=<TaskInstance: velov_dag.ingest_velov_data scheduled__2025-12-22T00:00:00+00:00 [queued]>
[2025-12-23T19:13:14.849+0000] {taskinstance.py:2865} INFO - Starting attempt 1 of 2
[2025-12-23T19:13:14.904+0000] {taskinstance.py:2888} INFO - Executing <Task(PythonOperator): ingest_velov_data> on 2025-12-22 00:00:00+00:00
[2025-12-23T19:13:14.924+0000] {warnings.py:112} WARNING - /home/***/.local/lib/python3.12/site-packages/***/task/task_runner/standard_task_runner.py:70: DeprecationWarning: This process (pid=126) is multi-threaded, use of fork() may lead to deadlocks in the child.
  pid = os.fork()

[2025-12-23T19:13:14.930+0000] {standard_task_runner.py:72} INFO - Started process 129 to run task
[2025-12-23T19:13:14.937+0000] {standard_task_runner.py:104} INFO - Running: ['***', 'tasks', 'run', 'velov_dag', 'ingest_velov_data', 'scheduled__2025-12-22T00:00:00+00:00', '--job-id', '63', '--raw', '--subdir', 'DAGS_FOLDER/velov_dag.py', '--cfg-path', '/tmp/tmpqpe5e628']
[2025-12-23T19:13:14.943+0000] {standard_task_runner.py:105} INFO - Job 63: Subtask ingest_velov_data
[2025-12-23T19:13:15.185+0000] {task_command.py:467} INFO - Running <TaskInstance: velov_dag.ingest_velov_data scheduled__2025-12-22T00:00:00+00:00 [running]> on host 172.18.0.13
[2025-12-23T19:13:15.192+0000] {warnings.py:112} WARNING - /home/***/.local/lib/python3.12/site-packages/***/settings.py:605: DeprecationWarning: The sql_engine_encoding option in [core] has been moved to the sql_engine_encoding option in [database] - the old setting has been used, but please update your config.
  engine_args["encoding"] = conf.get("database", "SQL_ENGINE_ENCODING", fallback="utf-8")

[2025-12-23T19:13:16.259+0000] {taskinstance.py:3131} INFO - Exporting env vars: AIRFLOW_CTX_DAG_OWNER='***' AIRFLOW_CTX_DAG_ID='velov_dag' AIRFLOW_CTX_TASK_ID='ingest_velov_data' AIRFLOW_CTX_EXECUTION_DATE='2025-12-22T00:00:00+00:00' AIRFLOW_CTX_TRY_NUMBER='1' AIRFLOW_CTX_DAG_RUN_ID='scheduled__2025-12-22T00:00:00+00:00'
[2025-12-23T19:13:16.263+0000] {taskinstance.py:731} INFO - ::endgroup::
[2025-12-23T19:13:16.338+0000] {logging_mixin.py:190} INFO - Début de l'ingestion vers le fichier : /opt/***/data/landing/velov_raw.csv...
[2025-12-23T19:13:16.341+0000] {logging_mixin.py:190} INFO - URL cible : https://data.grandlyon.com/geoserver/ogc/features/v1/collections/metropole-de-lyon:jcd_jcdecaux.jcdvelov/items
[2025-12-23T19:13:16.757+0000] {logging_mixin.py:190} INFO - Récupéré : 100 stations...
[2025-12-23T19:13:17.576+0000] {logging_mixin.py:190} INFO - Récupéré : 200 stations...
[2025-12-23T19:13:18.728+0000] {logging_mixin.py:190} INFO - Récupéré : 300 stations...
[2025-12-23T19:13:19.321+0000] {logging_mixin.py:190} INFO - Ingestion terminée. Fichier sauvegardé dans : /opt/***/data/landing/velov_raw.csv
[2025-12-23T19:13:19.329+0000] {python.py:240} INFO - Done. Returned value was: /opt/***/data/landing/velov_raw.csv
[2025-12-23T19:13:19.445+0000] {taskinstance.py:340} INFO - ::group::Post task execution logs
[2025-12-23T19:13:19.468+0000] {taskinstance.py:352} INFO - Marking task as SUCCESS. dag_id=velov_dag, task_id=ingest_velov_data, run_id=scheduled__2025-12-22T00:00:00+00:00, execution_date=20251222T000000, start_date=20251223T191314, end_date=20251223T191319
[2025-12-23T19:13:19.681+0000] {local_task_job_runner.py:266} INFO - Task exited with return code 0
[2025-12-23T19:13:19.868+0000] {taskinstance.py:3900} INFO - 1 downstream tasks scheduled from follow-on schedule check
[2025-12-23T19:13:19.912+0000] {local_task_job_runner.py:245} INFO - ::endgroup::
[2025-12-23T19:13:19.946+0000] {standard_task_runner.py:217} INFO - Process not found (most likely exited), stop collecting metrics
[2025-12-23T20:25:18.353+0000] {local_task_job_runner.py:123} INFO - ::group::Pre task execution logs
[2025-12-23T20:25:18.440+0000] {taskinstance.py:2612} INFO - Dependencies all met for dep_context=non-requeueable deps ti=<TaskInstance: velov_dag.ingest_velov_data scheduled__2025-12-22T00:00:00+00:00 [queued]>
[2025-12-23T20:25:18.468+0000] {taskinstance.py:2612} INFO - Dependencies all met for dep_context=requeueable deps ti=<TaskInstance: velov_dag.ingest_velov_data scheduled__2025-12-22T00:00:00+00:00 [queued]>
[2025-12-23T20:25:18.471+0000] {taskinstance.py:2865} INFO - Starting attempt 1 of 2
[2025-12-23T20:25:18.547+0000] {taskinstance.py:2888} INFO - Executing <Task(PythonOperator): ingest_velov_data> on 2025-12-22 00:00:00+00:00
[2025-12-23T20:25:18.572+0000] {warnings.py:112} WARNING - /home/***/.local/lib/python3.12/site-packages/***/task/task_runner/standard_task_runner.py:70: DeprecationWarning: This process (pid=214) is multi-threaded, use of fork() may lead to deadlocks in the child.
  pid = os.fork()

[2025-12-23T20:25:18.587+0000] {standard_task_runner.py:104} INFO - Running: ['***', 'tasks', 'run', 'velov_dag', 'ingest_velov_data', 'scheduled__2025-12-22T00:00:00+00:00', '--job-id', '99', '--raw', '--subdir', 'DAGS_FOLDER/global_DAG.py', '--cfg-path', '/tmp/tmpetf8ak17']
[2025-12-23T20:25:18.597+0000] {standard_task_runner.py:72} INFO - Started process 223 to run task
[2025-12-23T20:25:18.598+0000] {standard_task_runner.py:105} INFO - Job 99: Subtask ingest_velov_data
[2025-12-23T20:25:18.917+0000] {task_command.py:467} INFO - Running <TaskInstance: velov_dag.ingest_velov_data scheduled__2025-12-22T00:00:00+00:00 [running]> on host 172.18.0.13
[2025-12-23T20:25:18.928+0000] {warnings.py:112} WARNING - /home/***/.local/lib/python3.12/site-packages/***/settings.py:605: DeprecationWarning: The sql_engine_encoding option in [core] has been moved to the sql_engine_encoding option in [database] - the old setting has been used, but please update your config.
  engine_args["encoding"] = conf.get("database", "SQL_ENGINE_ENCODING", fallback="utf-8")

[2025-12-23T20:25:20.143+0000] {taskinstance.py:3131} INFO - Exporting env vars: AIRFLOW_CTX_DAG_OWNER='***' AIRFLOW_CTX_DAG_ID='velov_dag' AIRFLOW_CTX_TASK_ID='ingest_velov_data' AIRFLOW_CTX_EXECUTION_DATE='2025-12-22T00:00:00+00:00' AIRFLOW_CTX_TRY_NUMBER='1' AIRFLOW_CTX_DAG_RUN_ID='scheduled__2025-12-22T00:00:00+00:00'
[2025-12-23T20:25:20.154+0000] {taskinstance.py:731} INFO - ::endgroup::
[2025-12-23T20:25:20.232+0000] {logging_mixin.py:190} INFO - Début de l'ingestion vers le fichier : /opt/***/data/landing/velov_raw.csv...
[2025-12-23T20:25:20.239+0000] {logging_mixin.py:190} INFO - URL cible : https://data.grandlyon.com/geoserver/ogc/features/v1/collections/metropole-de-lyon:jcd_jcdecaux.jcdvelov/items
[2025-12-23T20:25:20.635+0000] {logging_mixin.py:190} INFO - Récupéré : 100 stations...
[2025-12-23T20:25:21.494+0000] {logging_mixin.py:190} INFO - Récupéré : 200 stations...
[2025-12-23T20:25:22.316+0000] {logging_mixin.py:190} INFO - Récupéré : 300 stations...
[2025-12-23T20:25:22.868+0000] {taskinstance.py:3310} ERROR - Task failed with exception
Traceback (most recent call last):
  File "/home/airflow/.local/lib/python3.12/site-packages/airflow/models/taskinstance.py", line 767, in _execute_task
    result = _execute_callable(context=context, **execute_callable_kwargs)
             ^^^^^^^^^^^^^^^^^^^^^^^^^^^^^^^^^^^^^^^^^^^^^^^^^^^^^^^^^^^^^
  File "/home/airflow/.local/lib/python3.12/site-packages/airflow/models/taskinstance.py", line 733, in _execute_callable
    return ExecutionCallableRunner(
           ^^^^^^^^^^^^^^^^^^^^^^^^
  File "/home/airflow/.local/lib/python3.12/site-packages/airflow/utils/operator_helpers.py", line 252, in run
    return self.func(*args, **kwargs)
           ^^^^^^^^^^^^^^^^^^^^^^^^^^
  File "/home/airflow/.local/lib/python3.12/site-packages/airflow/models/baseoperator.py", line 406, in wrapper
    return func(self, *args, **kwargs)
           ^^^^^^^^^^^^^^^^^^^^^^^^^^^
  File "/home/airflow/.local/lib/python3.12/site-packages/airflow/operators/python.py", line 238, in execute
    return_value = self.execute_callable()
                   ^^^^^^^^^^^^^^^^^^^^^^^
  File "/home/airflow/.local/lib/python3.12/site-packages/airflow/operators/python.py", line 256, in execute_callable
    return runner.run(*self.op_args, **self.op_kwargs)
           ^^^^^^^^^^^^^^^^^^^^^^^^^^^^^^^^^^^^^^^^^^^
  File "/home/airflow/.local/lib/python3.12/site-packages/airflow/utils/operator_helpers.py", line 252, in run
    return self.func(*args, **kwargs)
           ^^^^^^^^^^^^^^^^^^^^^^^^^^
  File "/opt/airflow/dags/libs/ingestion.py", line 96, in get_velov_data
    writer.writerow(row)
  File "/usr/local/lib/python3.12/csv.py", line 164, in writerow
    return self.writer.writerow(self._dict_to_list(rowdict))
                                ^^^^^^^^^^^^^^^^^^^^^^^^^^^
  File "/usr/local/lib/python3.12/csv.py", line 159, in _dict_to_list
    raise ValueError("dict contains fields not in fieldnames: "
ValueError: dict contains fields not in fieldnames: 'lng'
[2025-12-23T20:25:22.950+0000] {taskinstance.py:1225} INFO - Marking task as UP_FOR_RETRY. dag_id=velov_dag, task_id=ingest_velov_data, run_id=scheduled__2025-12-22T00:00:00+00:00, execution_date=20251222T000000, start_date=20251223T202518, end_date=20251223T202522
[2025-12-23T20:25:23.026+0000] {taskinstance.py:340} INFO - ::group::Post task execution logs
[2025-12-23T20:25:23.045+0000] {standard_task_runner.py:124} ERROR - Failed to execute job 99 for task ingest_velov_data (dict contains fields not in fieldnames: 'lng'; 223)
Traceback (most recent call last):
  File "/home/airflow/.local/lib/python3.12/site-packages/airflow/task/task_runner/standard_task_runner.py", line 117, in _start_by_fork
    ret = args.func(args, dag=self.dag)
          ^^^^^^^^^^^^^^^^^^^^^^^^^^^^^
  File "/home/airflow/.local/lib/python3.12/site-packages/airflow/cli/cli_config.py", line 49, in command
    return func(*args, **kwargs)
           ^^^^^^^^^^^^^^^^^^^^^
  File "/home/airflow/.local/lib/python3.12/site-packages/airflow/utils/cli.py", line 115, in wrapper
    return f(*args, **kwargs)
           ^^^^^^^^^^^^^^^^^^
  File "/home/airflow/.local/lib/python3.12/site-packages/airflow/cli/commands/task_command.py", line 483, in task_run
    task_return_code = _run_task_by_selected_method(args, _dag, ti)
                       ^^^^^^^^^^^^^^^^^^^^^^^^^^^^^^^^^^^^^^^^^^^^
  File "/home/airflow/.local/lib/python3.12/site-packages/airflow/cli/commands/task_command.py", line 256, in _run_task_by_selected_method
    return _run_raw_task(args, ti)
           ^^^^^^^^^^^^^^^^^^^^^^^
  File "/home/airflow/.local/lib/python3.12/site-packages/airflow/cli/commands/task_command.py", line 341, in _run_raw_task
    return ti._run_raw_task(
           ^^^^^^^^^^^^^^^^^
  File "/home/airflow/.local/lib/python3.12/site-packages/airflow/utils/session.py", line 97, in wrapper
    return func(*args, session=session, **kwargs)
           ^^^^^^^^^^^^^^^^^^^^^^^^^^^^^^^^^^^^^^
  File "/home/airflow/.local/lib/python3.12/site-packages/airflow/models/taskinstance.py", line 3004, in _run_raw_task
    return _run_raw_task(
           ^^^^^^^^^^^^^^
  File "/home/airflow/.local/lib/python3.12/site-packages/airflow/models/taskinstance.py", line 273, in _run_raw_task
    TaskInstance._execute_task_with_callbacks(
  File "/home/airflow/.local/lib/python3.12/site-packages/airflow/models/taskinstance.py", line 3158, in _execute_task_with_callbacks
    result = self._execute_task(context, task_orig)
             ^^^^^^^^^^^^^^^^^^^^^^^^^^^^^^^^^^^^^^
  File "/home/airflow/.local/lib/python3.12/site-packages/airflow/models/taskinstance.py", line 3182, in _execute_task
    return _execute_task(self, context, task_orig)
           ^^^^^^^^^^^^^^^^^^^^^^^^^^^^^^^^^^^^^^^
  File "/home/airflow/.local/lib/python3.12/site-packages/airflow/models/taskinstance.py", line 767, in _execute_task
    result = _execute_callable(context=context, **execute_callable_kwargs)
             ^^^^^^^^^^^^^^^^^^^^^^^^^^^^^^^^^^^^^^^^^^^^^^^^^^^^^^^^^^^^^
  File "/home/airflow/.local/lib/python3.12/site-packages/airflow/models/taskinstance.py", line 733, in _execute_callable
    return ExecutionCallableRunner(
           ^^^^^^^^^^^^^^^^^^^^^^^^
  File "/home/airflow/.local/lib/python3.12/site-packages/airflow/utils/operator_helpers.py", line 252, in run
    return self.func(*args, **kwargs)
           ^^^^^^^^^^^^^^^^^^^^^^^^^^
  File "/home/airflow/.local/lib/python3.12/site-packages/airflow/models/baseoperator.py", line 406, in wrapper
    return func(self, *args, **kwargs)
           ^^^^^^^^^^^^^^^^^^^^^^^^^^^
  File "/home/airflow/.local/lib/python3.12/site-packages/airflow/operators/python.py", line 238, in execute
    return_value = self.execute_callable()
                   ^^^^^^^^^^^^^^^^^^^^^^^
  File "/home/airflow/.local/lib/python3.12/site-packages/airflow/operators/python.py", line 256, in execute_callable
    return runner.run(*self.op_args, **self.op_kwargs)
           ^^^^^^^^^^^^^^^^^^^^^^^^^^^^^^^^^^^^^^^^^^^
  File "/home/airflow/.local/lib/python3.12/site-packages/airflow/utils/operator_helpers.py", line 252, in run
    return self.func(*args, **kwargs)
           ^^^^^^^^^^^^^^^^^^^^^^^^^^
  File "/opt/airflow/dags/libs/ingestion.py", line 96, in get_velov_data
    writer.writerow(row)
  File "/usr/local/lib/python3.12/csv.py", line 164, in writerow
    return self.writer.writerow(self._dict_to_list(rowdict))
                                ^^^^^^^^^^^^^^^^^^^^^^^^^^^
  File "/usr/local/lib/python3.12/csv.py", line 159, in _dict_to_list
    raise ValueError("dict contains fields not in fieldnames: "
ValueError: dict contains fields not in fieldnames: 'lng'
[2025-12-23T20:25:23.176+0000] {local_task_job_runner.py:266} INFO - Task exited with return code 1
[2025-12-23T20:25:23.439+0000] {taskinstance.py:3900} INFO - 0 downstream tasks scheduled from follow-on schedule check
[2025-12-23T20:25:23.483+0000] {local_task_job_runner.py:245} INFO - ::endgroup::
[2025-12-23T20:25:23.599+0000] {standard_task_runner.py:217} INFO - Process not found (most likely exited), stop collecting metrics
[2025-12-23T20:36:19.119+0000] {local_task_job_runner.py:123} INFO - ::group::Pre task execution logs
[2025-12-23T20:36:19.221+0000] {taskinstance.py:2612} INFO - Dependencies all met for dep_context=non-requeueable deps ti=<TaskInstance: velov_dag.ingest_velov_data scheduled__2025-12-22T00:00:00+00:00 [queued]>
[2025-12-23T20:36:19.276+0000] {taskinstance.py:2612} INFO - Dependencies all met for dep_context=requeueable deps ti=<TaskInstance: velov_dag.ingest_velov_data scheduled__2025-12-22T00:00:00+00:00 [queued]>
[2025-12-23T20:36:19.277+0000] {taskinstance.py:2865} INFO - Starting attempt 1 of 2
[2025-12-23T20:36:20.103+0000] {taskinstance.py:2888} INFO - Executing <Task(PythonOperator): ingest_velov_data> on 2025-12-22 00:00:00+00:00
[2025-12-23T20:36:20.151+0000] {warnings.py:112} WARNING - /home/***/.local/lib/python3.12/site-packages/***/task/task_runner/standard_task_runner.py:70: DeprecationWarning: This process (pid=247) is multi-threaded, use of fork() may lead to deadlocks in the child.
  pid = os.fork()

[2025-12-23T20:36:20.167+0000] {standard_task_runner.py:104} INFO - Running: ['***', 'tasks', 'run', 'velov_dag', 'ingest_velov_data', 'scheduled__2025-12-22T00:00:00+00:00', '--job-id', '110', '--raw', '--subdir', 'DAGS_FOLDER/global_DAG.py', '--cfg-path', '/tmp/tmplclal3sw']
[2025-12-23T20:36:20.205+0000] {standard_task_runner.py:105} INFO - Job 110: Subtask ingest_velov_data
[2025-12-23T20:36:20.204+0000] {standard_task_runner.py:72} INFO - Started process 259 to run task
[2025-12-23T20:36:20.627+0000] {task_command.py:467} INFO - Running <TaskInstance: velov_dag.ingest_velov_data scheduled__2025-12-22T00:00:00+00:00 [running]> on host 172.18.0.13
[2025-12-23T20:36:20.645+0000] {warnings.py:112} WARNING - /home/***/.local/lib/python3.12/site-packages/***/settings.py:605: DeprecationWarning: The sql_engine_encoding option in [core] has been moved to the sql_engine_encoding option in [database] - the old setting has been used, but please update your config.
  engine_args["encoding"] = conf.get("database", "SQL_ENGINE_ENCODING", fallback="utf-8")

[2025-12-23T20:36:21.000+0000] {taskinstance.py:3131} INFO - Exporting env vars: AIRFLOW_CTX_DAG_OWNER='***' AIRFLOW_CTX_DAG_ID='velov_dag' AIRFLOW_CTX_TASK_ID='ingest_velov_data' AIRFLOW_CTX_EXECUTION_DATE='2025-12-22T00:00:00+00:00' AIRFLOW_CTX_TRY_NUMBER='1' AIRFLOW_CTX_DAG_RUN_ID='scheduled__2025-12-22T00:00:00+00:00'
[2025-12-23T20:36:21.010+0000] {taskinstance.py:731} INFO - ::endgroup::
[2025-12-23T20:36:21.071+0000] {logging_mixin.py:190} INFO - Début de l'ingestion vers le fichier : /opt/***/data/landing/velov_raw.csv...
[2025-12-23T20:36:21.081+0000] {logging_mixin.py:190} INFO - URL cible : https://data.grandlyon.com/geoserver/ogc/features/v1/collections/metropole-de-lyon:jcd_jcdecaux.jcdvelov/items
[2025-12-23T20:36:21.671+0000] {logging_mixin.py:190} INFO - Récupéré : 100 stations...
[2025-12-23T20:36:22.568+0000] {logging_mixin.py:190} INFO - Récupéré : 200 stations...
[2025-12-23T20:36:23.449+0000] {logging_mixin.py:190} INFO - Récupéré : 300 stations...
[2025-12-23T20:36:23.983+0000] {logging_mixin.py:190} INFO - Ingestion terminée. Fichier sauvegardé dans : /opt/***/data/landing/velov_raw.csv
[2025-12-23T20:36:23.994+0000] {python.py:240} INFO - Done. Returned value was: /opt/***/data/landing/velov_raw.csv
[2025-12-23T20:36:24.075+0000] {taskinstance.py:340} INFO - ::group::Post task execution logs
[2025-12-23T20:36:24.077+0000] {taskinstance.py:352} INFO - Marking task as SUCCESS. dag_id=velov_dag, task_id=ingest_velov_data, run_id=scheduled__2025-12-22T00:00:00+00:00, execution_date=20251222T000000, start_date=20251223T203619, end_date=20251223T203624
[2025-12-23T20:36:24.184+0000] {local_task_job_runner.py:266} INFO - Task exited with return code 0
[2025-12-23T20:36:24.313+0000] {taskinstance.py:3900} INFO - 1 downstream tasks scheduled from follow-on schedule check
[2025-12-23T20:36:24.334+0000] {local_task_job_runner.py:245} INFO - ::endgroup::
[2025-12-23T20:43:46.635+0000] {local_task_job_runner.py:123} INFO - ::group::Pre task execution logs
[2025-12-23T20:43:46.708+0000] {taskinstance.py:2612} INFO - Dependencies all met for dep_context=non-requeueable deps ti=<TaskInstance: velov_dag.ingest_velov_data scheduled__2025-12-22T00:00:00+00:00 [queued]>
[2025-12-23T20:43:46.769+0000] {taskinstance.py:2612} INFO - Dependencies all met for dep_context=requeueable deps ti=<TaskInstance: velov_dag.ingest_velov_data scheduled__2025-12-22T00:00:00+00:00 [queued]>
[2025-12-23T20:43:46.775+0000] {taskinstance.py:2865} INFO - Starting attempt 1 of 2
[2025-12-23T20:43:46.849+0000] {taskinstance.py:2888} INFO - Executing <Task(PythonOperator): ingest_velov_data> on 2025-12-22 00:00:00+00:00
[2025-12-23T20:43:46.906+0000] {warnings.py:112} WARNING - /home/***/.local/lib/python3.12/site-packages/***/task/task_runner/standard_task_runner.py:70: DeprecationWarning: This process (pid=304) is multi-threaded, use of fork() may lead to deadlocks in the child.
  pid = os.fork()

[2025-12-23T20:43:46.983+0000] {standard_task_runner.py:72} INFO - Started process 309 to run task
[2025-12-23T20:43:46.975+0000] {standard_task_runner.py:104} INFO - Running: ['***', 'tasks', 'run', 'velov_dag', 'ingest_velov_data', 'scheduled__2025-12-22T00:00:00+00:00', '--job-id', '129', '--raw', '--subdir', 'DAGS_FOLDER/global_DAG.py', '--cfg-path', '/tmp/tmp2v2xd3m8']
[2025-12-23T20:43:47.049+0000] {standard_task_runner.py:105} INFO - Job 129: Subtask ingest_velov_data
[2025-12-23T20:43:47.581+0000] {task_command.py:467} INFO - Running <TaskInstance: velov_dag.ingest_velov_data scheduled__2025-12-22T00:00:00+00:00 [running]> on host 172.18.0.13
[2025-12-23T20:43:47.597+0000] {warnings.py:112} WARNING - /home/***/.local/lib/python3.12/site-packages/***/settings.py:605: DeprecationWarning: The sql_engine_encoding option in [core] has been moved to the sql_engine_encoding option in [database] - the old setting has been used, but please update your config.
  engine_args["encoding"] = conf.get("database", "SQL_ENGINE_ENCODING", fallback="utf-8")

[2025-12-23T20:43:48.818+0000] {taskinstance.py:3131} INFO - Exporting env vars: AIRFLOW_CTX_DAG_OWNER='***' AIRFLOW_CTX_DAG_ID='velov_dag' AIRFLOW_CTX_TASK_ID='ingest_velov_data' AIRFLOW_CTX_EXECUTION_DATE='2025-12-22T00:00:00+00:00' AIRFLOW_CTX_TRY_NUMBER='1' AIRFLOW_CTX_DAG_RUN_ID='scheduled__2025-12-22T00:00:00+00:00'
[2025-12-23T20:43:48.824+0000] {taskinstance.py:731} INFO - ::endgroup::
[2025-12-23T20:43:48.918+0000] {logging_mixin.py:190} INFO - Début de l'ingestion vers le fichier : /opt/***/data/landing/velov_raw.csv...
[2025-12-23T20:43:48.929+0000] {logging_mixin.py:190} INFO - URL cible : https://data.grandlyon.com/geoserver/ogc/features/v1/collections/metropole-de-lyon:jcd_jcdecaux.jcdvelov/items
[2025-12-23T20:43:49.748+0000] {logging_mixin.py:190} INFO - Récupéré : 100 stations...
[2025-12-23T20:43:50.633+0000] {logging_mixin.py:190} INFO - Récupéré : 200 stations...
[2025-12-23T20:43:51.541+0000] {logging_mixin.py:190} INFO - Récupéré : 300 stations...
[2025-12-23T20:43:52.178+0000] {logging_mixin.py:190} INFO - Ingestion terminée. Fichier sauvegardé dans : /opt/***/data/landing/velov_raw.csv
[2025-12-23T20:43:52.198+0000] {python.py:240} INFO - Done. Returned value was: /opt/***/data/landing/velov_raw.csv
[2025-12-23T20:43:52.697+0000] {taskinstance.py:340} INFO - ::group::Post task execution logs
[2025-12-23T20:43:52.711+0000] {taskinstance.py:352} INFO - Marking task as SUCCESS. dag_id=velov_dag, task_id=ingest_velov_data, run_id=scheduled__2025-12-22T00:00:00+00:00, execution_date=20251222T000000, start_date=20251223T204346, end_date=20251223T204352
[2025-12-23T20:43:53.034+0000] {local_task_job_runner.py:266} INFO - Task exited with return code 0
[2025-12-23T20:43:53.264+0000] {taskinstance.py:3900} INFO - 1 downstream tasks scheduled from follow-on schedule check
[2025-12-23T20:43:53.321+0000] {local_task_job_runner.py:245} INFO - ::endgroup::
