[2025-12-24T00:00:46.321+0000] {local_task_job_runner.py:123} INFO - ::group::Pre task execution logs
[2025-12-24T00:00:46.356+0000] {taskinstance.py:2612} INFO - Dependencies all met for dep_context=non-requeueable deps ti=<TaskInstance: velov_dag.check_ingestion scheduled__2025-12-23T00:00:00+00:00 [queued]>
[2025-12-24T00:00:46.370+0000] {taskinstance.py:2612} INFO - Dependencies all met for dep_context=requeueable deps ti=<TaskInstance: velov_dag.check_ingestion scheduled__2025-12-23T00:00:00+00:00 [queued]>
[2025-12-24T00:00:46.371+0000] {taskinstance.py:2865} INFO - Starting attempt 1 of 2
[2025-12-24T00:00:46.398+0000] {taskinstance.py:2888} INFO - Executing <Task(PythonOperator): check_ingestion> on 2025-12-23 00:00:00+00:00
[2025-12-24T00:00:46.414+0000] {warnings.py:112} WARNING - /home/***/.local/lib/python3.12/site-packages/***/task/task_runner/standard_task_runner.py:70: DeprecationWarning: This process (pid=115) is multi-threaded, use of fork() may lead to deadlocks in the child.
  pid = os.fork()

[2025-12-24T00:00:46.418+0000] {standard_task_runner.py:72} INFO - Started process 119 to run task
[2025-12-24T00:00:46.419+0000] {standard_task_runner.py:104} INFO - Running: ['***', 'tasks', 'run', 'velov_dag', 'check_ingestion', 'scheduled__2025-12-23T00:00:00+00:00', '--job-id', '214', '--raw', '--subdir', 'DAGS_FOLDER/global_DAG.py', '--cfg-path', '/tmp/tmpzus4e0d8']
[2025-12-24T00:00:46.424+0000] {standard_task_runner.py:105} INFO - Job 214: Subtask check_ingestion
[2025-12-24T00:00:46.544+0000] {task_command.py:467} INFO - Running <TaskInstance: velov_dag.check_ingestion scheduled__2025-12-23T00:00:00+00:00 [running]> on host 172.18.0.4
[2025-12-24T00:00:46.549+0000] {warnings.py:112} WARNING - /home/***/.local/lib/python3.12/site-packages/***/settings.py:605: DeprecationWarning: The sql_engine_encoding option in [core] has been moved to the sql_engine_encoding option in [database] - the old setting has been used, but please update your config.
  engine_args["encoding"] = conf.get("database", "SQL_ENGINE_ENCODING", fallback="utf-8")

[2025-12-24T00:00:46.709+0000] {taskinstance.py:3131} INFO - Exporting env vars: AIRFLOW_CTX_DAG_OWNER='***' AIRFLOW_CTX_DAG_ID='velov_dag' AIRFLOW_CTX_TASK_ID='check_ingestion' AIRFLOW_CTX_EXECUTION_DATE='2025-12-23T00:00:00+00:00' AIRFLOW_CTX_TRY_NUMBER='1' AIRFLOW_CTX_DAG_RUN_ID='scheduled__2025-12-23T00:00:00+00:00'
[2025-12-24T00:00:46.713+0000] {taskinstance.py:731} INFO - ::endgroup::
[2025-12-24T00:00:46.749+0000] {logging_mixin.py:190} INFO - Vérification du fichier : /opt/***/data/landing/velov_raw.csv
[2025-12-24T00:00:46.777+0000] {logging_mixin.py:190} INFO - OK: /opt/***/data/landing/velov_raw.csv (300 lignes)
[2025-12-24T00:00:46.778+0000] {python.py:240} INFO - Done. Returned value was: True
[2025-12-24T00:00:46.822+0000] {taskinstance.py:340} INFO - ::group::Post task execution logs
[2025-12-24T00:00:46.823+0000] {taskinstance.py:352} INFO - Marking task as SUCCESS. dag_id=velov_dag, task_id=check_ingestion, run_id=scheduled__2025-12-23T00:00:00+00:00, execution_date=20251223T000000, start_date=20251224T000046, end_date=20251224T000046
[2025-12-24T00:00:46.877+0000] {local_task_job_runner.py:266} INFO - Task exited with return code 0
[2025-12-24T00:00:46.931+0000] {taskinstance.py:3900} INFO - 1 downstream tasks scheduled from follow-on schedule check
[2025-12-24T00:00:46.938+0000] {local_task_job_runner.py:245} INFO - ::endgroup::
[2025-12-24T00:35:04.083+0000] {local_task_job_runner.py:123} INFO - ::group::Pre task execution logs
[2025-12-24T00:35:04.110+0000] {taskinstance.py:2612} INFO - Dependencies all met for dep_context=non-requeueable deps ti=<TaskInstance: velov_dag.check_ingestion scheduled__2025-12-23T00:00:00+00:00 [queued]>
[2025-12-24T00:35:04.124+0000] {taskinstance.py:2612} INFO - Dependencies all met for dep_context=requeueable deps ti=<TaskInstance: velov_dag.check_ingestion scheduled__2025-12-23T00:00:00+00:00 [queued]>
[2025-12-24T00:35:04.128+0000] {taskinstance.py:2865} INFO - Starting attempt 1 of 2
[2025-12-24T00:35:04.149+0000] {taskinstance.py:2888} INFO - Executing <Task(PythonOperator): check_ingestion> on 2025-12-23 00:00:00+00:00
[2025-12-24T00:35:04.162+0000] {warnings.py:112} WARNING - /home/***/.local/lib/python3.12/site-packages/***/task/task_runner/standard_task_runner.py:70: DeprecationWarning: This process (pid=114) is multi-threaded, use of fork() may lead to deadlocks in the child.
  pid = os.fork()

[2025-12-24T00:35:04.165+0000] {standard_task_runner.py:72} INFO - Started process 119 to run task
[2025-12-24T00:35:04.167+0000] {standard_task_runner.py:104} INFO - Running: ['***', 'tasks', 'run', 'velov_dag', 'check_ingestion', 'scheduled__2025-12-23T00:00:00+00:00', '--job-id', '259', '--raw', '--subdir', 'DAGS_FOLDER/global_DAG.py', '--cfg-path', '/tmp/tmp5gos_qdn']
[2025-12-24T00:35:04.172+0000] {standard_task_runner.py:105} INFO - Job 259: Subtask check_ingestion
[2025-12-24T00:35:04.261+0000] {task_command.py:467} INFO - Running <TaskInstance: velov_dag.check_ingestion scheduled__2025-12-23T00:00:00+00:00 [running]> on host 172.18.0.13
[2025-12-24T00:35:04.265+0000] {warnings.py:112} WARNING - /home/***/.local/lib/python3.12/site-packages/***/settings.py:605: DeprecationWarning: The sql_engine_encoding option in [core] has been moved to the sql_engine_encoding option in [database] - the old setting has been used, but please update your config.
  engine_args["encoding"] = conf.get("database", "SQL_ENGINE_ENCODING", fallback="utf-8")

[2025-12-24T00:35:04.378+0000] {taskinstance.py:3131} INFO - Exporting env vars: AIRFLOW_CTX_DAG_OWNER='***' AIRFLOW_CTX_DAG_ID='velov_dag' AIRFLOW_CTX_TASK_ID='check_ingestion' AIRFLOW_CTX_EXECUTION_DATE='2025-12-23T00:00:00+00:00' AIRFLOW_CTX_TRY_NUMBER='1' AIRFLOW_CTX_DAG_RUN_ID='scheduled__2025-12-23T00:00:00+00:00'
[2025-12-24T00:35:04.380+0000] {taskinstance.py:731} INFO - ::endgroup::
[2025-12-24T00:35:04.403+0000] {logging_mixin.py:190} INFO - Vérification du fichier : /opt/***/data/landing/velov_raw.csv
[2025-12-24T00:35:04.424+0000] {logging_mixin.py:190} INFO - OK: /opt/***/data/landing/velov_raw.csv (300 lignes)
[2025-12-24T00:35:04.425+0000] {python.py:240} INFO - Done. Returned value was: True
[2025-12-24T00:35:04.460+0000] {taskinstance.py:340} INFO - ::group::Post task execution logs
[2025-12-24T00:35:04.461+0000] {taskinstance.py:352} INFO - Marking task as SUCCESS. dag_id=velov_dag, task_id=check_ingestion, run_id=scheduled__2025-12-23T00:00:00+00:00, execution_date=20251223T000000, start_date=20251224T003504, end_date=20251224T003504
[2025-12-24T00:35:04.507+0000] {local_task_job_runner.py:266} INFO - Task exited with return code 0
[2025-12-24T00:35:04.548+0000] {taskinstance.py:3900} INFO - 1 downstream tasks scheduled from follow-on schedule check
[2025-12-24T00:35:04.555+0000] {local_task_job_runner.py:245} INFO - ::endgroup::
