[2025-12-26T17:17:37.856+0000] {processor.py:186} INFO - Started process (PID=83) to work on /opt/airflow/dags/global_DAG.py
[2025-12-26T17:17:37.858+0000] {processor.py:914} INFO - Processing file /opt/airflow/dags/global_DAG.py for tasks to queue
[2025-12-26T17:17:37.861+0000] {logging_mixin.py:190} INFO - [2025-12-26T17:17:37.860+0000] {dagbag.py:588} INFO - Filling up the DagBag from /opt/airflow/dags/global_DAG.py
[2025-12-26T17:17:38.082+0000] {logging_mixin.py:190} INFO - [2025-12-26T17:17:38.047+0000] {dagbag.py:387} ERROR - Failed to import: /opt/airflow/dags/global_DAG.py
Traceback (most recent call last):
  File "/home/airflow/.local/lib/python3.12/site-packages/airflow/models/dagbag.py", line 383, in parse
    loader.exec_module(new_module)
  File "<frozen importlib._bootstrap_external>", line 995, in exec_module
  File "<frozen importlib._bootstrap>", line 488, in _call_with_frames_removed
  File "/opt/airflow/dags/global_DAG.py", line 8, in <module>
    from airflow.operators.empty_operator import EmptyOperator
ModuleNotFoundError: No module named 'airflow.operators.empty_operator'
[2025-12-26T17:17:38.088+0000] {processor.py:927} WARNING - No viable dags retrieved from /opt/airflow/dags/global_DAG.py
[2025-12-26T17:17:38.234+0000] {processor.py:208} INFO - Processing /opt/airflow/dags/global_DAG.py took 0.408 seconds
[2025-12-26T17:18:04.566+0000] {processor.py:186} INFO - Started process (PID=64) to work on /opt/airflow/dags/global_DAG.py
[2025-12-26T17:18:04.568+0000] {processor.py:914} INFO - Processing file /opt/airflow/dags/global_DAG.py for tasks to queue
[2025-12-26T17:18:04.572+0000] {logging_mixin.py:190} INFO - [2025-12-26T17:18:04.572+0000] {dagbag.py:588} INFO - Filling up the DagBag from /opt/airflow/dags/global_DAG.py
[2025-12-26T17:18:04.599+0000] {logging_mixin.py:190} INFO - [2025-12-26T17:18:04.592+0000] {dagbag.py:387} ERROR - Failed to import: /opt/airflow/dags/global_DAG.py
Traceback (most recent call last):
  File "/home/airflow/.local/lib/python3.12/site-packages/airflow/models/dagbag.py", line 383, in parse
    loader.exec_module(new_module)
  File "<frozen importlib._bootstrap_external>", line 995, in exec_module
  File "<frozen importlib._bootstrap>", line 488, in _call_with_frames_removed
  File "/opt/airflow/dags/global_DAG.py", line 8, in <module>
    from airflow.operators.empty_operator import EmptyOperator
ModuleNotFoundError: No module named 'airflow.operators.empty_operator'
[2025-12-26T17:18:04.601+0000] {processor.py:927} WARNING - No viable dags retrieved from /opt/airflow/dags/global_DAG.py
[2025-12-26T17:18:04.628+0000] {processor.py:208} INFO - Processing /opt/airflow/dags/global_DAG.py took 0.074 seconds
[2025-12-26T17:18:33.955+0000] {processor.py:186} INFO - Started process (PID=66) to work on /opt/airflow/dags/global_DAG.py
[2025-12-26T17:18:33.957+0000] {processor.py:914} INFO - Processing file /opt/airflow/dags/global_DAG.py for tasks to queue
[2025-12-26T17:18:33.961+0000] {logging_mixin.py:190} INFO - [2025-12-26T17:18:33.961+0000] {dagbag.py:588} INFO - Filling up the DagBag from /opt/airflow/dags/global_DAG.py
[2025-12-26T17:18:33.987+0000] {logging_mixin.py:190} INFO - [2025-12-26T17:18:33.980+0000] {dagbag.py:387} ERROR - Failed to import: /opt/airflow/dags/global_DAG.py
Traceback (most recent call last):
  File "/home/airflow/.local/lib/python3.12/site-packages/airflow/models/dagbag.py", line 383, in parse
    loader.exec_module(new_module)
  File "<frozen importlib._bootstrap_external>", line 995, in exec_module
  File "<frozen importlib._bootstrap>", line 488, in _call_with_frames_removed
  File "/opt/airflow/dags/global_DAG.py", line 8, in <module>
    from airflow.operators.empty_operator import EmptyOperator
ModuleNotFoundError: No module named 'airflow.operators.empty_operator'
[2025-12-26T17:18:33.989+0000] {processor.py:927} WARNING - No viable dags retrieved from /opt/airflow/dags/global_DAG.py
[2025-12-26T17:18:34.023+0000] {processor.py:208} INFO - Processing /opt/airflow/dags/global_DAG.py took 0.078 seconds
[2025-12-26T17:19:03.840+0000] {processor.py:186} INFO - Started process (PID=72) to work on /opt/airflow/dags/global_DAG.py
[2025-12-26T17:19:03.847+0000] {processor.py:914} INFO - Processing file /opt/airflow/dags/global_DAG.py for tasks to queue
[2025-12-26T17:19:03.850+0000] {logging_mixin.py:190} INFO - [2025-12-26T17:19:03.850+0000] {dagbag.py:588} INFO - Filling up the DagBag from /opt/airflow/dags/global_DAG.py
[2025-12-26T17:19:03.888+0000] {logging_mixin.py:190} INFO - [2025-12-26T17:19:03.880+0000] {dagbag.py:387} ERROR - Failed to import: /opt/airflow/dags/global_DAG.py
Traceback (most recent call last):
  File "/home/airflow/.local/lib/python3.12/site-packages/airflow/models/dagbag.py", line 383, in parse
    loader.exec_module(new_module)
  File "<frozen importlib._bootstrap_external>", line 995, in exec_module
  File "<frozen importlib._bootstrap>", line 488, in _call_with_frames_removed
  File "/opt/airflow/dags/global_DAG.py", line 8, in <module>
    from airflow.operators.empty_operator import EmptyOperator
ModuleNotFoundError: No module named 'airflow.operators.empty_operator'
[2025-12-26T17:19:03.890+0000] {processor.py:927} WARNING - No viable dags retrieved from /opt/airflow/dags/global_DAG.py
[2025-12-26T17:19:03.917+0000] {processor.py:208} INFO - Processing /opt/airflow/dags/global_DAG.py took 0.090 seconds
[2025-12-26T17:19:35.607+0000] {processor.py:186} INFO - Started process (PID=72) to work on /opt/airflow/dags/global_DAG.py
[2025-12-26T17:19:35.609+0000] {processor.py:914} INFO - Processing file /opt/airflow/dags/global_DAG.py for tasks to queue
[2025-12-26T17:19:35.613+0000] {logging_mixin.py:190} INFO - [2025-12-26T17:19:35.612+0000] {dagbag.py:588} INFO - Filling up the DagBag from /opt/airflow/dags/global_DAG.py
[2025-12-26T17:19:35.645+0000] {logging_mixin.py:190} INFO - [2025-12-26T17:19:35.631+0000] {dagbag.py:387} ERROR - Failed to import: /opt/airflow/dags/global_DAG.py
Traceback (most recent call last):
  File "/home/airflow/.local/lib/python3.12/site-packages/airflow/models/dagbag.py", line 383, in parse
    loader.exec_module(new_module)
  File "<frozen importlib._bootstrap_external>", line 995, in exec_module
  File "<frozen importlib._bootstrap>", line 488, in _call_with_frames_removed
  File "/opt/airflow/dags/global_DAG.py", line 8, in <module>
    from airflow.operators.empty_operator import EmptyOperator
ModuleNotFoundError: No module named 'airflow.operators.empty_operator'
[2025-12-26T17:19:35.647+0000] {processor.py:927} WARNING - No viable dags retrieved from /opt/airflow/dags/global_DAG.py
[2025-12-26T17:19:35.686+0000] {processor.py:208} INFO - Processing /opt/airflow/dags/global_DAG.py took 0.092 seconds
