[2025-12-23T20:44:29.436+0000] {local_task_job_runner.py:123} INFO - ::group::Pre task execution logs
[2025-12-23T20:44:29.479+0000] {taskinstance.py:2612} INFO - Dependencies all met for dep_context=non-requeueable deps ti=<TaskInstance: velov_dag.check_ingestion manual__2025-12-23T20:43:38.384634+00:00 [queued]>
[2025-12-23T20:44:29.496+0000] {taskinstance.py:2612} INFO - Dependencies all met for dep_context=requeueable deps ti=<TaskInstance: velov_dag.check_ingestion manual__2025-12-23T20:43:38.384634+00:00 [queued]>
[2025-12-23T20:44:29.497+0000] {taskinstance.py:2865} INFO - Starting attempt 1 of 2
[2025-12-23T20:44:29.543+0000] {taskinstance.py:2888} INFO - Executing <Task(PythonOperator): check_ingestion> on 2025-12-23 20:43:38.384634+00:00
[2025-12-23T20:44:29.561+0000] {warnings.py:112} WARNING - /home/***/.local/lib/python3.12/site-packages/***/task/task_runner/standard_task_runner.py:70: DeprecationWarning: This process (pid=320) is multi-threaded, use of fork() may lead to deadlocks in the child.
  pid = os.fork()

[2025-12-23T20:44:29.564+0000] {standard_task_runner.py:72} INFO - Started process 325 to run task
[2025-12-23T20:44:29.566+0000] {standard_task_runner.py:104} INFO - Running: ['***', 'tasks', 'run', 'velov_dag', 'check_ingestion', 'manual__2025-12-23T20:43:38.384634+00:00', '--job-id', '133', '--raw', '--subdir', 'DAGS_FOLDER/global_DAG.py', '--cfg-path', '/tmp/tmpeb_ydxji']
[2025-12-23T20:44:29.571+0000] {standard_task_runner.py:105} INFO - Job 133: Subtask check_ingestion
[2025-12-23T20:44:29.727+0000] {task_command.py:467} INFO - Running <TaskInstance: velov_dag.check_ingestion manual__2025-12-23T20:43:38.384634+00:00 [running]> on host 172.18.0.13
[2025-12-23T20:44:30.324+0000] {taskinstance.py:3131} INFO - Exporting env vars: AIRFLOW_CTX_DAG_OWNER='***' AIRFLOW_CTX_DAG_ID='velov_dag' AIRFLOW_CTX_TASK_ID='check_ingestion' AIRFLOW_CTX_EXECUTION_DATE='2025-12-23T20:43:38.384634+00:00' AIRFLOW_CTX_TRY_NUMBER='1' AIRFLOW_CTX_DAG_RUN_ID='manual__2025-12-23T20:43:38.384634+00:00'
[2025-12-23T20:44:30.327+0000] {taskinstance.py:731} INFO - ::endgroup::
[2025-12-23T20:44:30.369+0000] {logging_mixin.py:190} INFO - Vérification du fichier : /opt/***/data/landing/velov_raw.csv
[2025-12-23T20:44:30.425+0000] {logging_mixin.py:190} INFO - OK: /opt/***/data/landing/velov_raw.csv (300 lignes)
[2025-12-23T20:44:30.432+0000] {python.py:240} INFO - Done. Returned value was: True
[2025-12-23T20:44:30.486+0000] {taskinstance.py:340} INFO - ::group::Post task execution logs
[2025-12-23T20:44:30.487+0000] {taskinstance.py:352} INFO - Marking task as SUCCESS. dag_id=velov_dag, task_id=check_ingestion, run_id=manual__2025-12-23T20:43:38.384634+00:00, execution_date=20251223T204338, start_date=20251223T204429, end_date=20251223T204430
[2025-12-23T20:44:30.565+0000] {local_task_job_runner.py:266} INFO - Task exited with return code 0
[2025-12-23T20:44:30.612+0000] {taskinstance.py:3900} INFO - 1 downstream tasks scheduled from follow-on schedule check
[2025-12-23T20:44:30.615+0000] {local_task_job_runner.py:245} INFO - ::endgroup::
