[2025-12-23T18:58:33.447+0000] {local_task_job_runner.py:123} INFO - ::group::Pre task execution logs
[2025-12-23T18:58:33.476+0000] {taskinstance.py:2612} INFO - Dependencies all met for dep_context=non-requeueable deps ti=<TaskInstance: velov_dag.clean_velov_data manual__2025-12-23T18:57:19.427166+00:00 [queued]>
[2025-12-23T18:58:33.489+0000] {taskinstance.py:2612} INFO - Dependencies all met for dep_context=requeueable deps ti=<TaskInstance: velov_dag.clean_velov_data manual__2025-12-23T18:57:19.427166+00:00 [queued]>
[2025-12-23T18:58:33.490+0000] {taskinstance.py:2865} INFO - Starting attempt 1 of 2
[2025-12-23T18:58:33.516+0000] {taskinstance.py:2888} INFO - Executing <Task(PythonOperator): clean_velov_data> on 2025-12-23 18:57:19.427166+00:00
[2025-12-23T18:58:33.526+0000] {warnings.py:112} WARNING - /home/***/.local/lib/python3.12/site-packages/***/task/task_runner/standard_task_runner.py:70: DeprecationWarning: This process (pid=107) is multi-threaded, use of fork() may lead to deadlocks in the child.
  pid = os.fork()

[2025-12-23T18:58:33.531+0000] {standard_task_runner.py:72} INFO - Started process 109 to run task
[2025-12-23T18:58:33.530+0000] {standard_task_runner.py:104} INFO - Running: ['***', 'tasks', 'run', 'velov_dag', 'clean_velov_data', 'manual__2025-12-23T18:57:19.427166+00:00', '--job-id', '54', '--raw', '--subdir', 'DAGS_FOLDER/velov_dag.py', '--cfg-path', '/tmp/tmpt_ci5sbb']
[2025-12-23T18:58:33.535+0000] {standard_task_runner.py:105} INFO - Job 54: Subtask clean_velov_data
[2025-12-23T18:58:33.625+0000] {task_command.py:467} INFO - Running <TaskInstance: velov_dag.clean_velov_data manual__2025-12-23T18:57:19.427166+00:00 [running]> on host 172.18.0.13
[2025-12-23T18:58:34.062+0000] {taskinstance.py:3131} INFO - Exporting env vars: AIRFLOW_CTX_DAG_OWNER='***' AIRFLOW_CTX_DAG_ID='velov_dag' AIRFLOW_CTX_TASK_ID='clean_velov_data' AIRFLOW_CTX_EXECUTION_DATE='2025-12-23T18:57:19.427166+00:00' AIRFLOW_CTX_TRY_NUMBER='1' AIRFLOW_CTX_DAG_RUN_ID='manual__2025-12-23T18:57:19.427166+00:00'
[2025-12-23T18:58:34.072+0000] {taskinstance.py:731} INFO - ::endgroup::
[2025-12-23T18:58:34.105+0000] {logging_mixin.py:190} INFO - --- Traitement Vélo'v : /opt/***/data/landing/velov_raw.csv ---
[2025-12-23T18:58:34.216+0000] {logging_mixin.py:190} INFO - -> Sauvegardé : /opt/***/data/staging/velov_clean.csv (298 stations)
[2025-12-23T18:58:34.218+0000] {python.py:240} INFO - Done. Returned value was: None
[2025-12-23T18:58:34.239+0000] {taskinstance.py:340} INFO - ::group::Post task execution logs
[2025-12-23T18:58:34.240+0000] {taskinstance.py:352} INFO - Marking task as SUCCESS. dag_id=velov_dag, task_id=clean_velov_data, run_id=manual__2025-12-23T18:57:19.427166+00:00, execution_date=20251223T185719, start_date=20251223T185833, end_date=20251223T185834
[2025-12-23T18:58:34.313+0000] {local_task_job_runner.py:266} INFO - Task exited with return code 0
[2025-12-23T18:58:34.350+0000] {taskinstance.py:3900} INFO - 0 downstream tasks scheduled from follow-on schedule check
[2025-12-23T18:58:34.357+0000] {local_task_job_runner.py:245} INFO - ::endgroup::
