[2025-12-23T16:00:46.182+0000] {local_task_job_runner.py:123} INFO - ::group::Pre task execution logs
[2025-12-23T16:00:46.201+0000] {taskinstance.py:2612} INFO - Dependencies all met for dep_context=non-requeueable deps ti=<TaskInstance: velov_dag.clean_velov_data scheduled__2025-12-23T15:40:00+00:00 [queued]>
[2025-12-23T16:00:46.212+0000] {taskinstance.py:2612} INFO - Dependencies all met for dep_context=requeueable deps ti=<TaskInstance: velov_dag.clean_velov_data scheduled__2025-12-23T15:40:00+00:00 [queued]>
[2025-12-23T16:00:46.213+0000] {taskinstance.py:2865} INFO - Starting attempt 1 of 2
[2025-12-23T16:00:46.230+0000] {taskinstance.py:2888} INFO - Executing <Task(PythonOperator): clean_velov_data> on 2025-12-23 15:40:00+00:00
[2025-12-23T16:00:46.240+0000] {warnings.py:112} WARNING - /home/***/.local/lib/python3.12/site-packages/***/task/task_runner/standard_task_runner.py:70: DeprecationWarning: This process (pid=105) is multi-threaded, use of fork() may lead to deadlocks in the child.
  pid = os.fork()

[2025-12-23T16:00:46.243+0000] {standard_task_runner.py:72} INFO - Started process 107 to run task
[2025-12-23T16:00:46.244+0000] {standard_task_runner.py:104} INFO - Running: ['***', 'tasks', 'run', 'velov_dag', 'clean_velov_data', 'scheduled__2025-12-23T15:40:00+00:00', '--job-id', '27', '--raw', '--subdir', 'DAGS_FOLDER/velov_dag.py', '--cfg-path', '/tmp/tmpfyp6ijf8']
[2025-12-23T16:00:46.248+0000] {standard_task_runner.py:105} INFO - Job 27: Subtask clean_velov_data
[2025-12-23T16:00:46.337+0000] {task_command.py:467} INFO - Running <TaskInstance: velov_dag.clean_velov_data scheduled__2025-12-23T15:40:00+00:00 [running]> on host 172.18.0.13
[2025-12-23T16:00:46.340+0000] {warnings.py:112} WARNING - /home/***/.local/lib/python3.12/site-packages/***/settings.py:605: DeprecationWarning: The sql_engine_encoding option in [core] has been moved to the sql_engine_encoding option in [database] - the old setting has been used, but please update your config.
  engine_args["encoding"] = conf.get("database", "SQL_ENGINE_ENCODING", fallback="utf-8")

[2025-12-23T16:00:46.449+0000] {taskinstance.py:3131} INFO - Exporting env vars: AIRFLOW_CTX_DAG_OWNER='***' AIRFLOW_CTX_DAG_ID='velov_dag' AIRFLOW_CTX_TASK_ID='clean_velov_data' AIRFLOW_CTX_EXECUTION_DATE='2025-12-23T15:40:00+00:00' AIRFLOW_CTX_TRY_NUMBER='1' AIRFLOW_CTX_DAG_RUN_ID='scheduled__2025-12-23T15:40:00+00:00'
[2025-12-23T16:00:46.450+0000] {taskinstance.py:731} INFO - ::endgroup::
[2025-12-23T16:00:46.466+0000] {logging_mixin.py:190} INFO - --- Traitement Vélo'v : /opt/***/data/landing/velov_raw.csv ---
[2025-12-23T16:00:46.557+0000] {logging_mixin.py:190} INFO - -> Sauvegardé : /opt/***/data/staging/velov_clean.csv (298 stations)
[2025-12-23T16:00:46.558+0000] {python.py:240} INFO - Done. Returned value was: None
[2025-12-23T16:00:46.593+0000] {taskinstance.py:340} INFO - ::group::Post task execution logs
[2025-12-23T16:00:46.594+0000] {taskinstance.py:352} INFO - Marking task as SUCCESS. dag_id=velov_dag, task_id=clean_velov_data, run_id=scheduled__2025-12-23T15:40:00+00:00, execution_date=20251223T154000, start_date=20251223T160046, end_date=20251223T160046
[2025-12-23T16:00:46.700+0000] {local_task_job_runner.py:266} INFO - Task exited with return code 0
[2025-12-23T16:00:46.734+0000] {taskinstance.py:3900} INFO - 0 downstream tasks scheduled from follow-on schedule check
[2025-12-23T16:00:46.742+0000] {local_task_job_runner.py:245} INFO - ::endgroup::
