[2025-12-23T20:37:02.337+0000] {local_task_job_runner.py:123} INFO - ::group::Pre task execution logs
[2025-12-23T20:37:02.439+0000] {taskinstance.py:2612} INFO - Dependencies all met for dep_context=non-requeueable deps ti=<TaskInstance: velov_dag.check_ingestion manual__2025-12-23T20:36:09.986972+00:00 [queued]>
[2025-12-23T20:37:02.466+0000] {taskinstance.py:2612} INFO - Dependencies all met for dep_context=requeueable deps ti=<TaskInstance: velov_dag.check_ingestion manual__2025-12-23T20:36:09.986972+00:00 [queued]>
[2025-12-23T20:37:02.467+0000] {taskinstance.py:2865} INFO - Starting attempt 1 of 2
[2025-12-23T20:37:02.535+0000] {taskinstance.py:2888} INFO - Executing <Task(PythonOperator): check_ingestion> on 2025-12-23 20:36:09.986972+00:00
[2025-12-23T20:37:02.564+0000] {warnings.py:112} WARNING - /home/***/.local/lib/python3.12/site-packages/***/task/task_runner/standard_task_runner.py:70: DeprecationWarning: This process (pid=263) is multi-threaded, use of fork() may lead to deadlocks in the child.
  pid = os.fork()

[2025-12-23T20:37:02.586+0000] {standard_task_runner.py:72} INFO - Started process 269 to run task
[2025-12-23T20:37:02.580+0000] {standard_task_runner.py:104} INFO - Running: ['***', 'tasks', 'run', 'velov_dag', 'check_ingestion', 'manual__2025-12-23T20:36:09.986972+00:00', '--job-id', '113', '--raw', '--subdir', 'DAGS_FOLDER/global_DAG.py', '--cfg-path', '/tmp/tmp94erxoac']
[2025-12-23T20:37:02.605+0000] {standard_task_runner.py:105} INFO - Job 113: Subtask check_ingestion
[2025-12-23T20:37:02.862+0000] {task_command.py:467} INFO - Running <TaskInstance: velov_dag.check_ingestion manual__2025-12-23T20:36:09.986972+00:00 [running]> on host 172.18.0.13
[2025-12-23T20:37:03.648+0000] {taskinstance.py:3131} INFO - Exporting env vars: AIRFLOW_CTX_DAG_OWNER='***' AIRFLOW_CTX_DAG_ID='velov_dag' AIRFLOW_CTX_TASK_ID='check_ingestion' AIRFLOW_CTX_EXECUTION_DATE='2025-12-23T20:36:09.986972+00:00' AIRFLOW_CTX_TRY_NUMBER='1' AIRFLOW_CTX_DAG_RUN_ID='manual__2025-12-23T20:36:09.986972+00:00'
[2025-12-23T20:37:03.650+0000] {taskinstance.py:731} INFO - ::endgroup::
[2025-12-23T20:37:03.686+0000] {logging_mixin.py:190} INFO - Vérification du fichier : /opt/***/data/landing/velov_raw.csv
[2025-12-23T20:37:03.719+0000] {logging_mixin.py:190} INFO - OK: /opt/***/data/landing/velov_raw.csv (300 lignes)
[2025-12-23T20:37:03.720+0000] {python.py:240} INFO - Done. Returned value was: True
[2025-12-23T20:37:03.796+0000] {taskinstance.py:340} INFO - ::group::Post task execution logs
[2025-12-23T20:37:03.798+0000] {taskinstance.py:352} INFO - Marking task as SUCCESS. dag_id=velov_dag, task_id=check_ingestion, run_id=manual__2025-12-23T20:36:09.986972+00:00, execution_date=20251223T203609, start_date=20251223T203702, end_date=20251223T203703
[2025-12-23T20:37:03.945+0000] {local_task_job_runner.py:266} INFO - Task exited with return code 0
[2025-12-23T20:37:04.004+0000] {taskinstance.py:3900} INFO - 1 downstream tasks scheduled from follow-on schedule check
[2025-12-23T20:37:04.008+0000] {local_task_job_runner.py:245} INFO - ::endgroup::
