[2025-12-24T00:36:07.657+0000] {local_task_job_runner.py:123} INFO - ::group::Pre task execution logs
[2025-12-24T00:36:07.689+0000] {taskinstance.py:2612} INFO - Dependencies all met for dep_context=non-requeueable deps ti=<TaskInstance: velov_dag.assign_accidents_to_stations manual__2025-12-24T00:33:15.971298+00:00 [queued]>
[2025-12-24T00:36:07.703+0000] {taskinstance.py:2612} INFO - Dependencies all met for dep_context=requeueable deps ti=<TaskInstance: velov_dag.assign_accidents_to_stations manual__2025-12-24T00:33:15.971298+00:00 [queued]>
[2025-12-24T00:36:07.704+0000] {taskinstance.py:2865} INFO - Starting attempt 1 of 2
[2025-12-24T00:36:07.734+0000] {taskinstance.py:2888} INFO - Executing <Task(PythonOperator): assign_accidents_to_stations> on 2025-12-24 00:33:15.971298+00:00
[2025-12-24T00:36:07.748+0000] {warnings.py:112} WARNING - /home/***/.local/lib/python3.12/site-packages/***/task/task_runner/standard_task_runner.py:70: DeprecationWarning: This process (pid=137) is multi-threaded, use of fork() may lead to deadlocks in the child.
  pid = os.fork()

[2025-12-24T00:36:07.753+0000] {standard_task_runner.py:72} INFO - Started process 143 to run task
[2025-12-24T00:36:07.753+0000] {standard_task_runner.py:104} INFO - Running: ['***', 'tasks', 'run', 'velov_dag', 'assign_accidents_to_stations', 'manual__2025-12-24T00:33:15.971298+00:00', '--job-id', '268', '--raw', '--subdir', 'DAGS_FOLDER/global_DAG.py', '--cfg-path', '/tmp/tmpv5w8vfmm']
[2025-12-24T00:36:07.759+0000] {standard_task_runner.py:105} INFO - Job 268: Subtask assign_accidents_to_stations
[2025-12-24T00:36:07.849+0000] {task_command.py:467} INFO - Running <TaskInstance: velov_dag.assign_accidents_to_stations manual__2025-12-24T00:33:15.971298+00:00 [running]> on host 172.18.0.13
[2025-12-24T00:36:07.978+0000] {taskinstance.py:3131} INFO - Exporting env vars: AIRFLOW_CTX_DAG_OWNER='***' AIRFLOW_CTX_DAG_ID='velov_dag' AIRFLOW_CTX_TASK_ID='assign_accidents_to_stations' AIRFLOW_CTX_EXECUTION_DATE='2025-12-24T00:33:15.971298+00:00' AIRFLOW_CTX_TRY_NUMBER='1' AIRFLOW_CTX_DAG_RUN_ID='manual__2025-12-24T00:33:15.971298+00:00'
[2025-12-24T00:36:07.981+0000] {taskinstance.py:731} INFO - ::endgroup::
[2025-12-24T00:36:08.222+0000] {logging_mixin.py:190} INFO - 221 accidents not within radius; assigned to nearest stations' 'deconne'.
[2025-12-24T00:36:08.223+0000] {logging_mixin.py:190} INFO - Saved stations -> /opt/***/data/staging/velov_stations_with_accident_counts.csv
[2025-12-24T00:36:08.223+0000] {logging_mixin.py:190} INFO - Saved accidents -> /opt/***/data/staging/accidents_assigned.csv
[2025-12-24T00:36:08.224+0000] {python.py:240} INFO - Done. Returned value was: ('/opt/***/data/staging/velov_stations_with_accident_counts.csv', '/opt/***/data/staging/accidents_assigned.csv')
[2025-12-24T00:36:08.267+0000] {taskinstance.py:340} INFO - ::group::Post task execution logs
[2025-12-24T00:36:08.269+0000] {taskinstance.py:352} INFO - Marking task as SUCCESS. dag_id=velov_dag, task_id=assign_accidents_to_stations, run_id=manual__2025-12-24T00:33:15.971298+00:00, execution_date=20251224T003315, start_date=20251224T003607, end_date=20251224T003608
[2025-12-24T00:36:08.332+0000] {local_task_job_runner.py:266} INFO - Task exited with return code 0
[2025-12-24T00:36:08.394+0000] {taskinstance.py:3900} INFO - 1 downstream tasks scheduled from follow-on schedule check
[2025-12-24T00:36:08.398+0000] {local_task_job_runner.py:245} INFO - ::endgroup::
