[2025-12-23T15:39:19.631+0000] {local_task_job_runner.py:123} INFO - ::group::Pre task execution logs
[2025-12-23T15:39:19.691+0000] {taskinstance.py:2612} INFO - Dependencies all met for dep_context=non-requeueable deps ti=<TaskInstance: velov_dag.ingest_velov_data manual__2025-12-23T15:38:48+00:00 [queued]>
[2025-12-23T15:39:19.720+0000] {taskinstance.py:2612} INFO - Dependencies all met for dep_context=requeueable deps ti=<TaskInstance: velov_dag.ingest_velov_data manual__2025-12-23T15:38:48+00:00 [queued]>
[2025-12-23T15:39:19.721+0000] {taskinstance.py:2865} INFO - Starting attempt 1 of 2
[2025-12-23T15:39:19.758+0000] {taskinstance.py:2888} INFO - Executing <Task(PythonOperator): ingest_velov_data> on 2025-12-23 15:38:48+00:00
[2025-12-23T15:39:19.782+0000] {warnings.py:112} WARNING - /home/***/.local/lib/python3.12/site-packages/***/task/task_runner/standard_task_runner.py:70: DeprecationWarning: This process (pid=62) is multi-threaded, use of fork() may lead to deadlocks in the child.
  pid = os.fork()

[2025-12-23T15:39:19.786+0000] {standard_task_runner.py:72} INFO - Started process 64 to run task
[2025-12-23T15:39:19.788+0000] {standard_task_runner.py:104} INFO - Running: ['***', 'tasks', 'run', 'velov_dag', 'ingest_velov_data', 'manual__2025-12-23T15:38:48+00:00', '--job-id', '8', '--raw', '--subdir', 'DAGS_FOLDER/velov_dag.py', '--cfg-path', '/tmp/tmpaw1rkrp1']
[2025-12-23T15:39:19.795+0000] {standard_task_runner.py:105} INFO - Job 8: Subtask ingest_velov_data
[2025-12-23T15:39:19.988+0000] {task_command.py:467} INFO - Running <TaskInstance: velov_dag.ingest_velov_data manual__2025-12-23T15:38:48+00:00 [running]> on host 172.18.0.10
[2025-12-23T15:39:20.604+0000] {taskinstance.py:3131} INFO - Exporting env vars: AIRFLOW_CTX_DAG_OWNER='***' AIRFLOW_CTX_DAG_ID='velov_dag' AIRFLOW_CTX_TASK_ID='ingest_velov_data' AIRFLOW_CTX_EXECUTION_DATE='2025-12-23T15:38:48+00:00' AIRFLOW_CTX_TRY_NUMBER='1' AIRFLOW_CTX_DAG_RUN_ID='manual__2025-12-23T15:38:48+00:00'
[2025-12-23T15:39:20.607+0000] {taskinstance.py:731} INFO - ::endgroup::
[2025-12-23T15:39:20.644+0000] {logging_mixin.py:190} INFO - Début de l'ingestion vers le fichier : /opt/***/data/landing/velov_raw.csv...
[2025-12-23T15:39:20.645+0000] {logging_mixin.py:190} INFO - URL cible : https://data.grandlyon.com/geoserver/ogc/features/v1/collections/metropole-de-lyon:jcd_jcdecaux.jcdvelov/items
[2025-12-23T15:39:20.874+0000] {logging_mixin.py:190} INFO - Récupéré : 100 stations...
[2025-12-23T15:39:21.570+0000] {logging_mixin.py:190} INFO - Récupéré : 200 stations...
[2025-12-23T15:39:22.298+0000] {logging_mixin.py:190} INFO - Récupéré : 300 stations...
[2025-12-23T15:39:22.817+0000] {logging_mixin.py:190} INFO - Ingestion terminée. Fichier sauvegardé dans : /opt/***/data/landing/velov_raw.csv
[2025-12-23T15:39:22.823+0000] {python.py:240} INFO - Done. Returned value was: /opt/***/data/landing/velov_raw.csv
[2025-12-23T15:39:22.878+0000] {taskinstance.py:340} INFO - ::group::Post task execution logs
[2025-12-23T15:39:22.879+0000] {taskinstance.py:352} INFO - Marking task as SUCCESS. dag_id=velov_dag, task_id=ingest_velov_data, run_id=manual__2025-12-23T15:38:48+00:00, execution_date=20251223T153848, start_date=20251223T153919, end_date=20251223T153922
[2025-12-23T15:39:22.959+0000] {local_task_job_runner.py:266} INFO - Task exited with return code 0
[2025-12-23T15:39:23.012+0000] {taskinstance.py:3900} INFO - 1 downstream tasks scheduled from follow-on schedule check
[2025-12-23T15:39:23.019+0000] {local_task_job_runner.py:245} INFO - ::endgroup::
