[2025-12-23T22:05:39.293+0000] {local_task_job_runner.py:123} INFO - ::group::Pre task execution logs
[2025-12-23T22:05:39.402+0000] {taskinstance.py:2612} INFO - Dependencies all met for dep_context=non-requeueable deps ti=<TaskInstance: velov_dag.ingest_velov_data manual__2025-12-23T22:05:32.318499+00:00 [queued]>
[2025-12-23T22:05:39.476+0000] {taskinstance.py:2612} INFO - Dependencies all met for dep_context=requeueable deps ti=<TaskInstance: velov_dag.ingest_velov_data manual__2025-12-23T22:05:32.318499+00:00 [queued]>
[2025-12-23T22:05:39.480+0000] {taskinstance.py:2865} INFO - Starting attempt 1 of 2
[2025-12-23T22:05:39.559+0000] {taskinstance.py:2888} INFO - Executing <Task(PythonOperator): ingest_velov_data> on 2025-12-23 22:05:32.318499+00:00
[2025-12-23T22:05:39.616+0000] {warnings.py:112} WARNING - /home/***/.local/lib/python3.12/site-packages/***/task/task_runner/standard_task_runner.py:70: DeprecationWarning: This process (pid=394) is multi-threaded, use of fork() may lead to deadlocks in the child.
  pid = os.fork()

[2025-12-23T22:05:39.634+0000] {standard_task_runner.py:72} INFO - Started process 399 to run task
[2025-12-23T22:05:39.662+0000] {standard_task_runner.py:104} INFO - Running: ['***', 'tasks', 'run', 'velov_dag', 'ingest_velov_data', 'manual__2025-12-23T22:05:32.318499+00:00', '--job-id', '162', '--raw', '--subdir', 'DAGS_FOLDER/global_DAG.py', '--cfg-path', '/tmp/tmp47op9wm_']
[2025-12-23T22:05:39.702+0000] {standard_task_runner.py:105} INFO - Job 162: Subtask ingest_velov_data
[2025-12-23T22:05:40.081+0000] {task_command.py:467} INFO - Running <TaskInstance: velov_dag.ingest_velov_data manual__2025-12-23T22:05:32.318499+00:00 [running]> on host 172.18.0.13
[2025-12-23T22:05:40.689+0000] {taskinstance.py:3131} INFO - Exporting env vars: AIRFLOW_CTX_DAG_OWNER='***' AIRFLOW_CTX_DAG_ID='velov_dag' AIRFLOW_CTX_TASK_ID='ingest_velov_data' AIRFLOW_CTX_EXECUTION_DATE='2025-12-23T22:05:32.318499+00:00' AIRFLOW_CTX_TRY_NUMBER='1' AIRFLOW_CTX_DAG_RUN_ID='manual__2025-12-23T22:05:32.318499+00:00'
[2025-12-23T22:05:40.693+0000] {taskinstance.py:731} INFO - ::endgroup::
[2025-12-23T22:05:40.735+0000] {logging_mixin.py:190} INFO - Début de l'ingestion vers le fichier : /opt/***/data/landing/velov_raw.csv...
[2025-12-23T22:05:40.736+0000] {logging_mixin.py:190} INFO - URL cible : https://data.grandlyon.com/geoserver/ogc/features/v1/collections/metropole-de-lyon:jcd_jcdecaux.jcdvelov/items
[2025-12-23T22:05:41.032+0000] {logging_mixin.py:190} INFO - Récupéré : 100 stations...
[2025-12-23T22:05:41.784+0000] {logging_mixin.py:190} INFO - Récupéré : 200 stations...
[2025-12-23T22:05:42.546+0000] {logging_mixin.py:190} INFO - Récupéré : 300 stations...
[2025-12-23T22:05:43.071+0000] {logging_mixin.py:190} INFO - Ingestion terminée. Fichier sauvegardé dans : /opt/***/data/landing/velov_raw.csv
[2025-12-23T22:05:43.085+0000] {python.py:240} INFO - Done. Returned value was: /opt/***/data/landing/velov_raw.csv
[2025-12-23T22:05:43.174+0000] {taskinstance.py:340} INFO - ::group::Post task execution logs
[2025-12-23T22:05:43.187+0000] {taskinstance.py:352} INFO - Marking task as SUCCESS. dag_id=velov_dag, task_id=ingest_velov_data, run_id=manual__2025-12-23T22:05:32.318499+00:00, execution_date=20251223T220532, start_date=20251223T220539, end_date=20251223T220543
[2025-12-23T22:05:43.325+0000] {local_task_job_runner.py:266} INFO - Task exited with return code 0
[2025-12-23T22:05:43.427+0000] {taskinstance.py:3900} INFO - 1 downstream tasks scheduled from follow-on schedule check
[2025-12-23T22:05:43.452+0000] {local_task_job_runner.py:245} INFO - ::endgroup::
