[2025-12-23T22:06:53.078+0000] {local_task_job_runner.py:123} INFO - ::group::Pre task execution logs
[2025-12-23T22:06:53.152+0000] {taskinstance.py:2612} INFO - Dependencies all met for dep_context=non-requeueable deps ti=<TaskInstance: velov_dag.clean_velov_data manual__2025-12-23T22:05:32.318499+00:00 [queued]>
[2025-12-23T22:06:53.214+0000] {taskinstance.py:2612} INFO - Dependencies all met for dep_context=requeueable deps ti=<TaskInstance: velov_dag.clean_velov_data manual__2025-12-23T22:05:32.318499+00:00 [queued]>
[2025-12-23T22:06:53.220+0000] {taskinstance.py:2865} INFO - Starting attempt 1 of 2
[2025-12-23T22:06:53.318+0000] {taskinstance.py:2888} INFO - Executing <Task(PythonOperator): clean_velov_data> on 2025-12-23 22:05:32.318499+00:00
[2025-12-23T22:06:53.349+0000] {warnings.py:112} WARNING - /home/***/.local/lib/python3.12/site-packages/***/task/task_runner/standard_task_runner.py:70: DeprecationWarning: This process (pid=409) is multi-threaded, use of fork() may lead to deadlocks in the child.
  pid = os.fork()

[2025-12-23T22:06:53.362+0000] {standard_task_runner.py:72} INFO - Started process 411 to run task
[2025-12-23T22:06:53.355+0000] {standard_task_runner.py:104} INFO - Running: ['***', 'tasks', 'run', 'velov_dag', 'clean_velov_data', 'manual__2025-12-23T22:05:32.318499+00:00', '--job-id', '167', '--raw', '--subdir', 'DAGS_FOLDER/global_DAG.py', '--cfg-path', '/tmp/tmp7pspddix']
[2025-12-23T22:06:53.377+0000] {standard_task_runner.py:105} INFO - Job 167: Subtask clean_velov_data
[2025-12-23T22:06:53.568+0000] {task_command.py:467} INFO - Running <TaskInstance: velov_dag.clean_velov_data manual__2025-12-23T22:05:32.318499+00:00 [running]> on host 172.18.0.13
[2025-12-23T22:06:53.839+0000] {taskinstance.py:3131} INFO - Exporting env vars: AIRFLOW_CTX_DAG_OWNER='***' AIRFLOW_CTX_DAG_ID='velov_dag' AIRFLOW_CTX_TASK_ID='clean_velov_data' AIRFLOW_CTX_EXECUTION_DATE='2025-12-23T22:05:32.318499+00:00' AIRFLOW_CTX_TRY_NUMBER='1' AIRFLOW_CTX_DAG_RUN_ID='manual__2025-12-23T22:05:32.318499+00:00'
[2025-12-23T22:06:53.841+0000] {taskinstance.py:731} INFO - ::endgroup::
[2025-12-23T22:06:53.878+0000] {logging_mixin.py:190} INFO - --- Traitement Vélo'v : /opt/***/data/landing/velov_raw.csv ---
[2025-12-23T22:06:54.011+0000] {logging_mixin.py:190} INFO - -> Sauvegardé : /opt/***/data/staging/velov_clean.csv (298 stations)
[2025-12-23T22:06:54.013+0000] {python.py:240} INFO - Done. Returned value was: None
[2025-12-23T22:06:54.046+0000] {taskinstance.py:340} INFO - ::group::Post task execution logs
[2025-12-23T22:06:54.056+0000] {taskinstance.py:352} INFO - Marking task as SUCCESS. dag_id=velov_dag, task_id=clean_velov_data, run_id=manual__2025-12-23T22:05:32.318499+00:00, execution_date=20251223T220532, start_date=20251223T220653, end_date=20251223T220654
[2025-12-23T22:06:54.169+0000] {local_task_job_runner.py:266} INFO - Task exited with return code 0
[2025-12-23T22:06:54.273+0000] {taskinstance.py:3900} INFO - 1 downstream tasks scheduled from follow-on schedule check
[2025-12-23T22:06:54.286+0000] {local_task_job_runner.py:245} INFO - ::endgroup::
