[2025-12-23T18:52:57.349+0000] {local_task_job_runner.py:123} INFO - ::group::Pre task execution logs
[2025-12-23T18:52:57.385+0000] {local_task_job_runner.py:123} INFO - ::group::Pre task execution logs
[2025-12-23T18:52:57.393+0000] {taskinstance.py:2612} INFO - Dependencies all met for dep_context=non-requeueable deps ti=<TaskInstance: velov_dag.ingest_velov_data scheduled__2025-12-23T16:00:00+00:00 [queued]>
[2025-12-23T18:52:57.405+0000] {taskinstance.py:2612} INFO - Dependencies all met for dep_context=requeueable deps ti=<TaskInstance: velov_dag.ingest_velov_data scheduled__2025-12-23T16:00:00+00:00 [queued]>
[2025-12-23T18:52:57.406+0000] {taskinstance.py:2865} INFO - Starting attempt 5 of 2
[2025-12-23T18:52:57.424+0000] {taskinstance.py:2888} INFO - Executing <Task(PythonOperator): ingest_velov_data> on 2025-12-23 16:00:00+00:00
[2025-12-23T18:52:57.425+0000] {taskinstance.py:2602} INFO - Dependencies not met for <TaskInstance: velov_dag.ingest_velov_data scheduled__2025-12-23T16:00:00+00:00 [running]>, dependency 'Task Instance Not Running' FAILED: Task is in the running state
[2025-12-23T18:52:57.435+0000] {warnings.py:112} WARNING - /home/***/.local/lib/python3.12/site-packages/***/task/task_runner/standard_task_runner.py:70: DeprecationWarning: This process (pid=82) is multi-threaded, use of fork() may lead to deadlocks in the child.
  pid = os.fork()

[2025-12-23T18:52:57.437+0000] {taskinstance.py:2602} INFO - Dependencies not met for <TaskInstance: velov_dag.ingest_velov_data scheduled__2025-12-23T16:00:00+00:00 [running]>, dependency 'Task Instance State' FAILED: Task is in the 'running' state.
[2025-12-23T18:52:57.438+0000] {standard_task_runner.py:72} INFO - Started process 89 to run task
[2025-12-23T18:52:57.441+0000] {local_task_job_runner.py:166} INFO - Task is not able to be run
[2025-12-23T18:52:57.439+0000] {standard_task_runner.py:104} INFO - Running: ['***', 'tasks', 'run', 'velov_dag', 'ingest_velov_data', 'scheduled__2025-12-23T16:00:00+00:00', '--job-id', '41', '--raw', '--subdir', 'DAGS_FOLDER/velov_dag.py', '--cfg-path', '/tmp/tmp2rstj35r']
[2025-12-23T18:52:57.443+0000] {standard_task_runner.py:105} INFO - Job 41: Subtask ingest_velov_data
[2025-12-23T18:52:57.456+0000] {local_task_job_runner.py:123} INFO - ::group::Pre task execution logs
[2025-12-23T18:52:57.477+0000] {taskinstance.py:2602} INFO - Dependencies not met for <TaskInstance: velov_dag.ingest_velov_data scheduled__2025-12-23T16:00:00+00:00 [running]>, dependency 'Task Instance Not Running' FAILED: Task is in the running state
[2025-12-23T18:52:57.492+0000] {taskinstance.py:2602} INFO - Dependencies not met for <TaskInstance: velov_dag.ingest_velov_data scheduled__2025-12-23T16:00:00+00:00 [running]>, dependency 'Task Instance State' FAILED: Task is in the 'running' state.
[2025-12-23T18:52:57.495+0000] {local_task_job_runner.py:166} INFO - Task is not able to be run
[2025-12-23T18:52:57.541+0000] {task_command.py:467} INFO - Running <TaskInstance: velov_dag.ingest_velov_data scheduled__2025-12-23T16:00:00+00:00 [running]> on host 172.18.0.13
[2025-12-23T18:52:57.547+0000] {warnings.py:112} WARNING - /home/***/.local/lib/python3.12/site-packages/***/settings.py:605: DeprecationWarning: The sql_engine_encoding option in [core] has been moved to the sql_engine_encoding option in [database] - the old setting has been used, but please update your config.
  engine_args["encoding"] = conf.get("database", "SQL_ENGINE_ENCODING", fallback="utf-8")

[2025-12-23T18:52:57.589+0000] {local_task_job_runner.py:123} INFO - ::group::Pre task execution logs
[2025-12-23T18:52:57.604+0000] {taskinstance.py:2602} INFO - Dependencies not met for <TaskInstance: velov_dag.ingest_velov_data scheduled__2025-12-23T16:00:00+00:00 [running]>, dependency 'Task Instance Not Running' FAILED: Task is in the running state
[2025-12-23T18:52:57.612+0000] {taskinstance.py:2602} INFO - Dependencies not met for <TaskInstance: velov_dag.ingest_velov_data scheduled__2025-12-23T16:00:00+00:00 [running]>, dependency 'Task Instance State' FAILED: Task is in the 'running' state.
[2025-12-23T18:52:57.616+0000] {local_task_job_runner.py:166} INFO - Task is not able to be run
[2025-12-23T18:52:57.937+0000] {taskinstance.py:3131} INFO - Exporting env vars: AIRFLOW_CTX_DAG_OWNER='***' AIRFLOW_CTX_DAG_ID='velov_dag' AIRFLOW_CTX_TASK_ID='ingest_velov_data' AIRFLOW_CTX_EXECUTION_DATE='2025-12-23T16:00:00+00:00' AIRFLOW_CTX_TRY_NUMBER='5' AIRFLOW_CTX_DAG_RUN_ID='scheduled__2025-12-23T16:00:00+00:00'
[2025-12-23T18:52:57.939+0000] {taskinstance.py:731} INFO - ::endgroup::
[2025-12-23T18:52:57.983+0000] {logging_mixin.py:190} INFO - Début de l'ingestion vers le fichier : /opt/***/data/landing/velov_raw.csv...
[2025-12-23T18:52:57.984+0000] {logging_mixin.py:190} INFO - URL cible : https://data.grandlyon.com/geoserver/ogc/features/v1/collections/metropole-de-lyon:jcd_jcdecaux.jcdvelov/items
[2025-12-23T18:52:58.175+0000] {logging_mixin.py:190} INFO - Récupéré : 100 stations...
[2025-12-23T18:52:58.828+0000] {logging_mixin.py:190} INFO - Récupéré : 200 stations...
[2025-12-23T18:52:59.473+0000] {logging_mixin.py:190} INFO - Récupéré : 300 stations...
[2025-12-23T18:52:59.985+0000] {logging_mixin.py:190} INFO - Ingestion terminée. Fichier sauvegardé dans : /opt/***/data/landing/velov_raw.csv
[2025-12-23T18:52:59.989+0000] {python.py:240} INFO - Done. Returned value was: /opt/***/data/landing/velov_raw.csv
[2025-12-23T18:53:00.027+0000] {taskinstance.py:340} INFO - ::group::Post task execution logs
[2025-12-23T18:53:00.028+0000] {taskinstance.py:352} INFO - Marking task as SUCCESS. dag_id=velov_dag, task_id=ingest_velov_data, run_id=scheduled__2025-12-23T16:00:00+00:00, execution_date=20251223T160000, start_date=20251223T185257, end_date=20251223T185300
[2025-12-23T18:53:00.064+0000] {local_task_job_runner.py:266} INFO - Task exited with return code 0
[2025-12-23T18:53:00.104+0000] {taskinstance.py:3900} INFO - 1 downstream tasks scheduled from follow-on schedule check
[2025-12-23T18:53:00.109+0000] {local_task_job_runner.py:245} INFO - ::endgroup::
