[2025-12-24T00:17:11.366+0000] {local_task_job_runner.py:123} INFO - ::group::Pre task execution logs
[2025-12-24T00:17:11.482+0000] {taskinstance.py:2612} INFO - Dependencies all met for dep_context=non-requeueable deps ti=<TaskInstance: velov_dag.clean_accidents manual__2025-12-24T00:16:27.151544+00:00 [queued]>
[2025-12-24T00:17:11.553+0000] {taskinstance.py:2612} INFO - Dependencies all met for dep_context=requeueable deps ti=<TaskInstance: velov_dag.clean_accidents manual__2025-12-24T00:16:27.151544+00:00 [queued]>
[2025-12-24T00:17:11.599+0000] {taskinstance.py:2865} INFO - Starting attempt 2 of 2
[2025-12-24T00:17:11.676+0000] {taskinstance.py:2888} INFO - Executing <Task(PythonOperator): clean_accidents> on 2025-12-24 00:16:27.151544+00:00
[2025-12-24T00:17:11.746+0000] {warnings.py:112} WARNING - /home/***/.local/lib/python3.12/site-packages/***/task/task_runner/standard_task_runner.py:70: DeprecationWarning: This process (pid=84) is multi-threaded, use of fork() may lead to deadlocks in the child.
  pid = os.fork()

[2025-12-24T00:17:11.750+0000] {standard_task_runner.py:72} INFO - Started process 89 to run task
[2025-12-24T00:17:11.751+0000] {standard_task_runner.py:104} INFO - Running: ['***', 'tasks', 'run', 'velov_dag', 'clean_accidents', 'manual__2025-12-24T00:16:27.151544+00:00', '--job-id', '239', '--raw', '--subdir', 'DAGS_FOLDER/global_DAG.py', '--cfg-path', '/tmp/tmp2mpgh9ar']
[2025-12-24T00:17:11.770+0000] {standard_task_runner.py:105} INFO - Job 239: Subtask clean_accidents
[2025-12-24T00:17:11.797+0000] {local_task_job_runner.py:123} INFO - ::group::Pre task execution logs
[2025-12-24T00:17:11.852+0000] {taskinstance.py:2602} INFO - Dependencies not met for <TaskInstance: velov_dag.clean_accidents manual__2025-12-24T00:16:27.151544+00:00 [running]>, dependency 'Task Instance Not Running' FAILED: Task is in the running state
[2025-12-24T00:17:11.855+0000] {taskinstance.py:2602} INFO - Dependencies not met for <TaskInstance: velov_dag.clean_accidents manual__2025-12-24T00:16:27.151544+00:00 [running]>, dependency 'Task Instance State' FAILED: Task is in the 'running' state.
[2025-12-24T00:17:11.901+0000] {local_task_job_runner.py:166} INFO - Task is not able to be run
[2025-12-24T00:17:12.034+0000] {task_command.py:467} INFO - Running <TaskInstance: velov_dag.clean_accidents manual__2025-12-24T00:16:27.151544+00:00 [running]> on host 172.18.0.13
[2025-12-24T00:17:12.306+0000] {taskinstance.py:3131} INFO - Exporting env vars: AIRFLOW_CTX_DAG_OWNER='***' AIRFLOW_CTX_DAG_ID='velov_dag' AIRFLOW_CTX_TASK_ID='clean_accidents' AIRFLOW_CTX_EXECUTION_DATE='2025-12-24T00:16:27.151544+00:00' AIRFLOW_CTX_TRY_NUMBER='2' AIRFLOW_CTX_DAG_RUN_ID='manual__2025-12-24T00:16:27.151544+00:00'
[2025-12-24T00:17:12.312+0000] {taskinstance.py:731} INFO - ::endgroup::
[2025-12-24T00:17:12.389+0000] {logging_mixin.py:190} INFO - --- Traitement Accidents : /opt/***/data/landing/accidentsVelo.csv ---
[2025-12-24T00:17:12.395+0000] {logging_mixin.py:190} INFO - Lecture du fichier brut...
[2025-12-24T00:17:13.486+0000] {warnings.py:112} WARNING - /opt/***/dags/libs/wrangling.py:19: DtypeWarning: Columns (8,9,17,20,21,30) have mixed types. Specify dtype option on import or set low_memory=False.
  df = pd.read_csv(input_path)

[2025-12-24T00:17:13.705+0000] {logging_mixin.py:190} INFO -  Fichier nettoyé enregistré dans : /opt/***/data/staging/accidents_clean_lyon.csv
[2025-12-24T00:17:13.706+0000] {logging_mixin.py:190} INFO - Nombre de lignes finales : 514
[2025-12-24T00:17:13.707+0000] {python.py:240} INFO - Done. Returned value was: None
[2025-12-24T00:17:13.728+0000] {taskinstance.py:340} INFO - ::group::Post task execution logs
[2025-12-24T00:17:13.729+0000] {taskinstance.py:352} INFO - Marking task as SUCCESS. dag_id=velov_dag, task_id=clean_accidents, run_id=manual__2025-12-24T00:16:27.151544+00:00, execution_date=20251224T001627, start_date=20251224T001711, end_date=20251224T001713
[2025-12-24T00:17:13.794+0000] {local_task_job_runner.py:266} INFO - Task exited with return code 0
[2025-12-24T00:17:13.854+0000] {taskinstance.py:3900} INFO - 1 downstream tasks scheduled from follow-on schedule check
[2025-12-24T00:17:13.858+0000] {local_task_job_runner.py:245} INFO - ::endgroup::
