[2025-12-24T00:34:44.264+0000] {local_task_job_runner.py:123} INFO - ::group::Pre task execution logs
[2025-12-24T00:34:44.298+0000] {taskinstance.py:2612} INFO - Dependencies all met for dep_context=non-requeueable deps ti=<TaskInstance: velov_dag.ingest_velov_data manual__2025-12-24T00:33:15.971298+00:00 [queued]>
[2025-12-24T00:34:44.312+0000] {taskinstance.py:2612} INFO - Dependencies all met for dep_context=requeueable deps ti=<TaskInstance: velov_dag.ingest_velov_data manual__2025-12-24T00:33:15.971298+00:00 [queued]>
[2025-12-24T00:34:44.313+0000] {taskinstance.py:2865} INFO - Starting attempt 2 of 2
[2025-12-24T00:34:44.341+0000] {taskinstance.py:2888} INFO - Executing <Task(PythonOperator): ingest_velov_data> on 2025-12-24 00:33:15.971298+00:00
[2025-12-24T00:34:44.354+0000] {warnings.py:112} WARNING - /home/***/.local/lib/python3.12/site-packages/***/task/task_runner/standard_task_runner.py:70: DeprecationWarning: This process (pid=106) is multi-threaded, use of fork() may lead to deadlocks in the child.
  pid = os.fork()

[2025-12-24T00:34:44.357+0000] {standard_task_runner.py:72} INFO - Started process 109 to run task
[2025-12-24T00:34:44.363+0000] {standard_task_runner.py:104} INFO - Running: ['***', 'tasks', 'run', 'velov_dag', 'ingest_velov_data', 'manual__2025-12-24T00:33:15.971298+00:00', '--job-id', '255', '--raw', '--subdir', 'DAGS_FOLDER/global_DAG.py', '--cfg-path', '/tmp/tmpo8fyl324']
[2025-12-24T00:34:44.368+0000] {standard_task_runner.py:105} INFO - Job 255: Subtask ingest_velov_data
[2025-12-24T00:34:44.482+0000] {task_command.py:467} INFO - Running <TaskInstance: velov_dag.ingest_velov_data manual__2025-12-24T00:33:15.971298+00:00 [running]> on host 172.18.0.13
[2025-12-24T00:34:44.629+0000] {taskinstance.py:3131} INFO - Exporting env vars: AIRFLOW_CTX_DAG_OWNER='***' AIRFLOW_CTX_DAG_ID='velov_dag' AIRFLOW_CTX_TASK_ID='ingest_velov_data' AIRFLOW_CTX_EXECUTION_DATE='2025-12-24T00:33:15.971298+00:00' AIRFLOW_CTX_TRY_NUMBER='2' AIRFLOW_CTX_DAG_RUN_ID='manual__2025-12-24T00:33:15.971298+00:00'
[2025-12-24T00:34:44.634+0000] {taskinstance.py:731} INFO - ::endgroup::
[2025-12-24T00:34:44.658+0000] {logging_mixin.py:190} INFO - Début de l'ingestion vers le fichier : /opt/***/data/landing/velov_raw.csv...
[2025-12-24T00:34:44.659+0000] {logging_mixin.py:190} INFO - URL cible : https://data.grandlyon.com/geoserver/ogc/features/v1/collections/metropole-de-lyon:jcd_jcdecaux.jcdvelov/items
[2025-12-24T00:34:45.173+0000] {logging_mixin.py:190} INFO - Récupéré : 100 stations...
[2025-12-24T00:34:46.126+0000] {logging_mixin.py:190} INFO - Récupéré : 200 stations...
[2025-12-24T00:34:47.048+0000] {logging_mixin.py:190} INFO - Récupéré : 300 stations...
[2025-12-24T00:34:47.555+0000] {logging_mixin.py:190} INFO - Ingestion terminée. Fichier sauvegardé dans : /opt/***/data/landing/velov_raw.csv
[2025-12-24T00:34:47.560+0000] {python.py:240} INFO - Done. Returned value was: /opt/***/data/landing/velov_raw.csv
[2025-12-24T00:34:47.603+0000] {taskinstance.py:340} INFO - ::group::Post task execution logs
[2025-12-24T00:34:47.603+0000] {taskinstance.py:352} INFO - Marking task as SUCCESS. dag_id=velov_dag, task_id=ingest_velov_data, run_id=manual__2025-12-24T00:33:15.971298+00:00, execution_date=20251224T003315, start_date=20251224T003444, end_date=20251224T003447
[2025-12-24T00:34:47.674+0000] {local_task_job_runner.py:266} INFO - Task exited with return code 0
[2025-12-24T00:34:47.715+0000] {taskinstance.py:3900} INFO - 1 downstream tasks scheduled from follow-on schedule check
[2025-12-24T00:34:47.718+0000] {local_task_job_runner.py:245} INFO - ::endgroup::
