[2025-12-23T15:20:50.319+0000] {processor.py:186} INFO - Started process (PID=440) to work on /opt/airflow/dags/libs/ingestion.py
[2025-12-23T15:20:50.320+0000] {processor.py:914} INFO - Processing file /opt/airflow/dags/libs/ingestion.py for tasks to queue
[2025-12-23T15:20:50.324+0000] {logging_mixin.py:190} INFO - [2025-12-23T15:20:50.323+0000] {dagbag.py:588} INFO - Filling up the DagBag from /opt/airflow/dags/libs/ingestion.py
[2025-12-23T15:20:50.343+0000] {processor.py:927} WARNING - No viable dags retrieved from /opt/airflow/dags/libs/ingestion.py
[2025-12-23T15:20:50.360+0000] {processor.py:208} INFO - Processing /opt/airflow/dags/libs/ingestion.py took 0.052 seconds
[2025-12-23T15:21:20.443+0000] {processor.py:186} INFO - Started process (PID=451) to work on /opt/airflow/dags/libs/ingestion.py
[2025-12-23T15:21:20.444+0000] {processor.py:914} INFO - Processing file /opt/airflow/dags/libs/ingestion.py for tasks to queue
[2025-12-23T15:21:20.454+0000] {logging_mixin.py:190} INFO - [2025-12-23T15:21:20.453+0000] {dagbag.py:588} INFO - Filling up the DagBag from /opt/airflow/dags/libs/ingestion.py
[2025-12-23T15:21:20.477+0000] {processor.py:927} WARNING - No viable dags retrieved from /opt/airflow/dags/libs/ingestion.py
[2025-12-23T15:21:20.496+0000] {processor.py:208} INFO - Processing /opt/airflow/dags/libs/ingestion.py took 0.065 seconds
[2025-12-23T15:21:50.682+0000] {processor.py:186} INFO - Started process (PID=462) to work on /opt/airflow/dags/libs/ingestion.py
[2025-12-23T15:21:50.684+0000] {processor.py:914} INFO - Processing file /opt/airflow/dags/libs/ingestion.py for tasks to queue
[2025-12-23T15:21:50.687+0000] {logging_mixin.py:190} INFO - [2025-12-23T15:21:50.687+0000] {dagbag.py:588} INFO - Filling up the DagBag from /opt/airflow/dags/libs/ingestion.py
[2025-12-23T15:21:50.709+0000] {processor.py:927} WARNING - No viable dags retrieved from /opt/airflow/dags/libs/ingestion.py
[2025-12-23T15:21:50.733+0000] {processor.py:208} INFO - Processing /opt/airflow/dags/libs/ingestion.py took 0.062 seconds
[2025-12-23T15:22:21.240+0000] {processor.py:186} INFO - Started process (PID=473) to work on /opt/airflow/dags/libs/ingestion.py
[2025-12-23T15:22:21.242+0000] {processor.py:914} INFO - Processing file /opt/airflow/dags/libs/ingestion.py for tasks to queue
[2025-12-23T15:22:21.250+0000] {logging_mixin.py:190} INFO - [2025-12-23T15:22:21.249+0000] {dagbag.py:588} INFO - Filling up the DagBag from /opt/airflow/dags/libs/ingestion.py
[2025-12-23T15:22:21.282+0000] {processor.py:927} WARNING - No viable dags retrieved from /opt/airflow/dags/libs/ingestion.py
[2025-12-23T15:22:21.311+0000] {processor.py:208} INFO - Processing /opt/airflow/dags/libs/ingestion.py took 0.085 seconds
[2025-12-23T15:22:51.765+0000] {processor.py:186} INFO - Started process (PID=482) to work on /opt/airflow/dags/libs/ingestion.py
[2025-12-23T15:22:51.767+0000] {processor.py:914} INFO - Processing file /opt/airflow/dags/libs/ingestion.py for tasks to queue
[2025-12-23T15:22:51.770+0000] {logging_mixin.py:190} INFO - [2025-12-23T15:22:51.770+0000] {dagbag.py:588} INFO - Filling up the DagBag from /opt/airflow/dags/libs/ingestion.py
[2025-12-23T15:22:51.795+0000] {processor.py:927} WARNING - No viable dags retrieved from /opt/airflow/dags/libs/ingestion.py
[2025-12-23T15:22:51.813+0000] {processor.py:208} INFO - Processing /opt/airflow/dags/libs/ingestion.py took 0.057 seconds
[2025-12-23T15:23:06.770+0000] {processor.py:186} INFO - Started process (PID=491) to work on /opt/airflow/dags/libs/ingestion.py
[2025-12-23T15:23:06.771+0000] {processor.py:914} INFO - Processing file /opt/airflow/dags/libs/ingestion.py for tasks to queue
[2025-12-23T15:23:06.776+0000] {logging_mixin.py:190} INFO - [2025-12-23T15:23:06.775+0000] {dagbag.py:588} INFO - Filling up the DagBag from /opt/airflow/dags/libs/ingestion.py
[2025-12-23T15:23:06.844+0000] {processor.py:927} WARNING - No viable dags retrieved from /opt/airflow/dags/libs/ingestion.py
[2025-12-23T15:23:06.871+0000] {processor.py:208} INFO - Processing /opt/airflow/dags/libs/ingestion.py took 0.113 seconds
[2025-12-23T15:23:37.377+0000] {processor.py:186} INFO - Started process (PID=502) to work on /opt/airflow/dags/libs/ingestion.py
[2025-12-23T15:23:37.379+0000] {processor.py:914} INFO - Processing file /opt/airflow/dags/libs/ingestion.py for tasks to queue
[2025-12-23T15:23:37.382+0000] {logging_mixin.py:190} INFO - [2025-12-23T15:23:37.381+0000] {dagbag.py:588} INFO - Filling up the DagBag from /opt/airflow/dags/libs/ingestion.py
[2025-12-23T15:23:37.401+0000] {processor.py:927} WARNING - No viable dags retrieved from /opt/airflow/dags/libs/ingestion.py
[2025-12-23T15:23:37.419+0000] {processor.py:208} INFO - Processing /opt/airflow/dags/libs/ingestion.py took 0.050 seconds
[2025-12-23T15:24:07.691+0000] {processor.py:186} INFO - Started process (PID=513) to work on /opt/airflow/dags/libs/ingestion.py
[2025-12-23T15:24:07.693+0000] {processor.py:914} INFO - Processing file /opt/airflow/dags/libs/ingestion.py for tasks to queue
[2025-12-23T15:24:07.697+0000] {logging_mixin.py:190} INFO - [2025-12-23T15:24:07.697+0000] {dagbag.py:588} INFO - Filling up the DagBag from /opt/airflow/dags/libs/ingestion.py
[2025-12-23T15:24:07.726+0000] {processor.py:927} WARNING - No viable dags retrieved from /opt/airflow/dags/libs/ingestion.py
[2025-12-23T15:24:07.744+0000] {processor.py:208} INFO - Processing /opt/airflow/dags/libs/ingestion.py took 0.062 seconds
[2025-12-23T15:24:38.064+0000] {processor.py:186} INFO - Started process (PID=524) to work on /opt/airflow/dags/libs/ingestion.py
[2025-12-23T15:24:38.066+0000] {processor.py:914} INFO - Processing file /opt/airflow/dags/libs/ingestion.py for tasks to queue
[2025-12-23T15:24:38.071+0000] {logging_mixin.py:190} INFO - [2025-12-23T15:24:38.070+0000] {dagbag.py:588} INFO - Filling up the DagBag from /opt/airflow/dags/libs/ingestion.py
[2025-12-23T15:24:38.095+0000] {processor.py:927} WARNING - No viable dags retrieved from /opt/airflow/dags/libs/ingestion.py
[2025-12-23T15:24:38.116+0000] {processor.py:208} INFO - Processing /opt/airflow/dags/libs/ingestion.py took 0.063 seconds
[2025-12-23T15:25:08.691+0000] {processor.py:186} INFO - Started process (PID=535) to work on /opt/airflow/dags/libs/ingestion.py
[2025-12-23T15:25:08.694+0000] {processor.py:914} INFO - Processing file /opt/airflow/dags/libs/ingestion.py for tasks to queue
[2025-12-23T15:25:08.700+0000] {logging_mixin.py:190} INFO - [2025-12-23T15:25:08.699+0000] {dagbag.py:588} INFO - Filling up the DagBag from /opt/airflow/dags/libs/ingestion.py
[2025-12-23T15:25:08.736+0000] {processor.py:927} WARNING - No viable dags retrieved from /opt/airflow/dags/libs/ingestion.py
[2025-12-23T15:25:08.771+0000] {processor.py:208} INFO - Processing /opt/airflow/dags/libs/ingestion.py took 0.097 seconds
[2025-12-23T15:25:39.240+0000] {processor.py:186} INFO - Started process (PID=555) to work on /opt/airflow/dags/libs/ingestion.py
[2025-12-23T15:25:39.242+0000] {processor.py:914} INFO - Processing file /opt/airflow/dags/libs/ingestion.py for tasks to queue
[2025-12-23T15:25:39.245+0000] {logging_mixin.py:190} INFO - [2025-12-23T15:25:39.245+0000] {dagbag.py:588} INFO - Filling up the DagBag from /opt/airflow/dags/libs/ingestion.py
[2025-12-23T15:25:39.275+0000] {processor.py:927} WARNING - No viable dags retrieved from /opt/airflow/dags/libs/ingestion.py
[2025-12-23T15:25:39.296+0000] {processor.py:208} INFO - Processing /opt/airflow/dags/libs/ingestion.py took 0.067 seconds
[2025-12-23T15:26:09.985+0000] {processor.py:186} INFO - Started process (PID=568) to work on /opt/airflow/dags/libs/ingestion.py
[2025-12-23T15:26:09.987+0000] {processor.py:914} INFO - Processing file /opt/airflow/dags/libs/ingestion.py for tasks to queue
[2025-12-23T15:26:09.991+0000] {logging_mixin.py:190} INFO - [2025-12-23T15:26:09.990+0000] {dagbag.py:588} INFO - Filling up the DagBag from /opt/airflow/dags/libs/ingestion.py
[2025-12-23T15:26:10.022+0000] {processor.py:927} WARNING - No viable dags retrieved from /opt/airflow/dags/libs/ingestion.py
[2025-12-23T15:26:10.051+0000] {processor.py:208} INFO - Processing /opt/airflow/dags/libs/ingestion.py took 0.080 seconds
[2025-12-23T15:26:40.580+0000] {processor.py:186} INFO - Started process (PID=579) to work on /opt/airflow/dags/libs/ingestion.py
[2025-12-23T15:26:40.582+0000] {processor.py:914} INFO - Processing file /opt/airflow/dags/libs/ingestion.py for tasks to queue
[2025-12-23T15:26:40.588+0000] {logging_mixin.py:190} INFO - [2025-12-23T15:26:40.587+0000] {dagbag.py:588} INFO - Filling up the DagBag from /opt/airflow/dags/libs/ingestion.py
[2025-12-23T15:26:40.611+0000] {processor.py:927} WARNING - No viable dags retrieved from /opt/airflow/dags/libs/ingestion.py
[2025-12-23T15:26:40.632+0000] {processor.py:208} INFO - Processing /opt/airflow/dags/libs/ingestion.py took 0.066 seconds
[2025-12-23T15:27:11.248+0000] {processor.py:186} INFO - Started process (PID=590) to work on /opt/airflow/dags/libs/ingestion.py
[2025-12-23T15:27:11.250+0000] {processor.py:914} INFO - Processing file /opt/airflow/dags/libs/ingestion.py for tasks to queue
[2025-12-23T15:27:11.254+0000] {logging_mixin.py:190} INFO - [2025-12-23T15:27:11.254+0000] {dagbag.py:588} INFO - Filling up the DagBag from /opt/airflow/dags/libs/ingestion.py
[2025-12-23T15:27:11.283+0000] {processor.py:927} WARNING - No viable dags retrieved from /opt/airflow/dags/libs/ingestion.py
[2025-12-23T15:27:11.306+0000] {processor.py:208} INFO - Processing /opt/airflow/dags/libs/ingestion.py took 0.070 seconds
[2025-12-23T15:27:41.799+0000] {processor.py:186} INFO - Started process (PID=601) to work on /opt/airflow/dags/libs/ingestion.py
[2025-12-23T15:27:41.801+0000] {processor.py:914} INFO - Processing file /opt/airflow/dags/libs/ingestion.py for tasks to queue
[2025-12-23T15:27:41.807+0000] {logging_mixin.py:190} INFO - [2025-12-23T15:27:41.806+0000] {dagbag.py:588} INFO - Filling up the DagBag from /opt/airflow/dags/libs/ingestion.py
[2025-12-23T15:27:41.836+0000] {processor.py:927} WARNING - No viable dags retrieved from /opt/airflow/dags/libs/ingestion.py
[2025-12-23T15:27:41.859+0000] {processor.py:208} INFO - Processing /opt/airflow/dags/libs/ingestion.py took 0.073 seconds
[2025-12-23T15:28:12.035+0000] {processor.py:186} INFO - Started process (PID=612) to work on /opt/airflow/dags/libs/ingestion.py
[2025-12-23T15:28:12.038+0000] {processor.py:914} INFO - Processing file /opt/airflow/dags/libs/ingestion.py for tasks to queue
[2025-12-23T15:28:12.045+0000] {logging_mixin.py:190} INFO - [2025-12-23T15:28:12.044+0000] {dagbag.py:588} INFO - Filling up the DagBag from /opt/airflow/dags/libs/ingestion.py
[2025-12-23T15:28:12.074+0000] {processor.py:927} WARNING - No viable dags retrieved from /opt/airflow/dags/libs/ingestion.py
[2025-12-23T15:28:12.097+0000] {processor.py:208} INFO - Processing /opt/airflow/dags/libs/ingestion.py took 0.077 seconds
[2025-12-23T15:28:42.543+0000] {processor.py:186} INFO - Started process (PID=623) to work on /opt/airflow/dags/libs/ingestion.py
[2025-12-23T15:28:42.545+0000] {processor.py:914} INFO - Processing file /opt/airflow/dags/libs/ingestion.py for tasks to queue
[2025-12-23T15:28:42.549+0000] {logging_mixin.py:190} INFO - [2025-12-23T15:28:42.549+0000] {dagbag.py:588} INFO - Filling up the DagBag from /opt/airflow/dags/libs/ingestion.py
[2025-12-23T15:28:42.574+0000] {processor.py:927} WARNING - No viable dags retrieved from /opt/airflow/dags/libs/ingestion.py
[2025-12-23T15:28:42.596+0000] {processor.py:208} INFO - Processing /opt/airflow/dags/libs/ingestion.py took 0.065 seconds
[2025-12-23T15:29:13.255+0000] {processor.py:186} INFO - Started process (PID=634) to work on /opt/airflow/dags/libs/ingestion.py
[2025-12-23T15:29:13.258+0000] {processor.py:914} INFO - Processing file /opt/airflow/dags/libs/ingestion.py for tasks to queue
[2025-12-23T15:29:13.266+0000] {logging_mixin.py:190} INFO - [2025-12-23T15:29:13.265+0000] {dagbag.py:588} INFO - Filling up the DagBag from /opt/airflow/dags/libs/ingestion.py
[2025-12-23T15:29:13.302+0000] {processor.py:927} WARNING - No viable dags retrieved from /opt/airflow/dags/libs/ingestion.py
[2025-12-23T15:29:13.333+0000] {processor.py:208} INFO - Processing /opt/airflow/dags/libs/ingestion.py took 0.116 seconds
[2025-12-23T15:29:43.489+0000] {processor.py:186} INFO - Started process (PID=645) to work on /opt/airflow/dags/libs/ingestion.py
[2025-12-23T15:29:43.493+0000] {processor.py:914} INFO - Processing file /opt/airflow/dags/libs/ingestion.py for tasks to queue
[2025-12-23T15:29:43.501+0000] {logging_mixin.py:190} INFO - [2025-12-23T15:29:43.500+0000] {dagbag.py:588} INFO - Filling up the DagBag from /opt/airflow/dags/libs/ingestion.py
[2025-12-23T15:29:43.547+0000] {processor.py:927} WARNING - No viable dags retrieved from /opt/airflow/dags/libs/ingestion.py
[2025-12-23T15:29:43.579+0000] {processor.py:208} INFO - Processing /opt/airflow/dags/libs/ingestion.py took 0.106 seconds
[2025-12-23T15:30:13.890+0000] {processor.py:186} INFO - Started process (PID=656) to work on /opt/airflow/dags/libs/ingestion.py
[2025-12-23T15:30:13.892+0000] {processor.py:914} INFO - Processing file /opt/airflow/dags/libs/ingestion.py for tasks to queue
[2025-12-23T15:30:13.898+0000] {logging_mixin.py:190} INFO - [2025-12-23T15:30:13.897+0000] {dagbag.py:588} INFO - Filling up the DagBag from /opt/airflow/dags/libs/ingestion.py
[2025-12-23T15:30:13.927+0000] {processor.py:927} WARNING - No viable dags retrieved from /opt/airflow/dags/libs/ingestion.py
[2025-12-23T15:30:13.959+0000] {processor.py:208} INFO - Processing /opt/airflow/dags/libs/ingestion.py took 0.088 seconds
[2025-12-23T15:30:44.473+0000] {processor.py:186} INFO - Started process (PID=667) to work on /opt/airflow/dags/libs/ingestion.py
[2025-12-23T15:30:44.474+0000] {processor.py:914} INFO - Processing file /opt/airflow/dags/libs/ingestion.py for tasks to queue
[2025-12-23T15:30:44.478+0000] {logging_mixin.py:190} INFO - [2025-12-23T15:30:44.477+0000] {dagbag.py:588} INFO - Filling up the DagBag from /opt/airflow/dags/libs/ingestion.py
[2025-12-23T15:30:44.507+0000] {processor.py:927} WARNING - No viable dags retrieved from /opt/airflow/dags/libs/ingestion.py
[2025-12-23T15:30:44.527+0000] {processor.py:208} INFO - Processing /opt/airflow/dags/libs/ingestion.py took 0.064 seconds
[2025-12-23T15:31:14.836+0000] {processor.py:186} INFO - Started process (PID=680) to work on /opt/airflow/dags/libs/ingestion.py
[2025-12-23T15:31:14.837+0000] {processor.py:914} INFO - Processing file /opt/airflow/dags/libs/ingestion.py for tasks to queue
[2025-12-23T15:31:14.841+0000] {logging_mixin.py:190} INFO - [2025-12-23T15:31:14.841+0000] {dagbag.py:588} INFO - Filling up the DagBag from /opt/airflow/dags/libs/ingestion.py
[2025-12-23T15:31:14.873+0000] {processor.py:927} WARNING - No viable dags retrieved from /opt/airflow/dags/libs/ingestion.py
[2025-12-23T15:31:14.892+0000] {processor.py:208} INFO - Processing /opt/airflow/dags/libs/ingestion.py took 0.066 seconds
[2025-12-23T15:31:45.006+0000] {processor.py:186} INFO - Started process (PID=689) to work on /opt/airflow/dags/libs/ingestion.py
[2025-12-23T15:31:45.008+0000] {processor.py:914} INFO - Processing file /opt/airflow/dags/libs/ingestion.py for tasks to queue
[2025-12-23T15:31:45.012+0000] {logging_mixin.py:190} INFO - [2025-12-23T15:31:45.011+0000] {dagbag.py:588} INFO - Filling up the DagBag from /opt/airflow/dags/libs/ingestion.py
[2025-12-23T15:31:45.042+0000] {processor.py:927} WARNING - No viable dags retrieved from /opt/airflow/dags/libs/ingestion.py
[2025-12-23T15:31:45.062+0000] {processor.py:208} INFO - Processing /opt/airflow/dags/libs/ingestion.py took 0.068 seconds
[2025-12-23T15:32:15.159+0000] {processor.py:186} INFO - Started process (PID=700) to work on /opt/airflow/dags/libs/ingestion.py
[2025-12-23T15:32:15.161+0000] {processor.py:914} INFO - Processing file /opt/airflow/dags/libs/ingestion.py for tasks to queue
[2025-12-23T15:32:15.165+0000] {logging_mixin.py:190} INFO - [2025-12-23T15:32:15.165+0000] {dagbag.py:588} INFO - Filling up the DagBag from /opt/airflow/dags/libs/ingestion.py
[2025-12-23T15:32:15.200+0000] {processor.py:927} WARNING - No viable dags retrieved from /opt/airflow/dags/libs/ingestion.py
[2025-12-23T15:32:15.220+0000] {processor.py:208} INFO - Processing /opt/airflow/dags/libs/ingestion.py took 0.069 seconds
[2025-12-23T15:32:45.682+0000] {processor.py:186} INFO - Started process (PID=711) to work on /opt/airflow/dags/libs/ingestion.py
[2025-12-23T15:32:45.684+0000] {processor.py:914} INFO - Processing file /opt/airflow/dags/libs/ingestion.py for tasks to queue
[2025-12-23T15:32:45.688+0000] {logging_mixin.py:190} INFO - [2025-12-23T15:32:45.688+0000] {dagbag.py:588} INFO - Filling up the DagBag from /opt/airflow/dags/libs/ingestion.py
[2025-12-23T15:32:45.713+0000] {processor.py:927} WARNING - No viable dags retrieved from /opt/airflow/dags/libs/ingestion.py
[2025-12-23T15:32:45.743+0000] {processor.py:208} INFO - Processing /opt/airflow/dags/libs/ingestion.py took 0.076 seconds
[2025-12-23T15:33:15.875+0000] {processor.py:186} INFO - Started process (PID=722) to work on /opt/airflow/dags/libs/ingestion.py
[2025-12-23T15:33:15.876+0000] {processor.py:914} INFO - Processing file /opt/airflow/dags/libs/ingestion.py for tasks to queue
[2025-12-23T15:33:15.882+0000] {logging_mixin.py:190} INFO - [2025-12-23T15:33:15.881+0000] {dagbag.py:588} INFO - Filling up the DagBag from /opt/airflow/dags/libs/ingestion.py
[2025-12-23T15:33:15.905+0000] {processor.py:927} WARNING - No viable dags retrieved from /opt/airflow/dags/libs/ingestion.py
[2025-12-23T15:33:15.925+0000] {processor.py:208} INFO - Processing /opt/airflow/dags/libs/ingestion.py took 0.059 seconds
[2025-12-23T15:33:46.392+0000] {processor.py:186} INFO - Started process (PID=733) to work on /opt/airflow/dags/libs/ingestion.py
[2025-12-23T15:33:46.394+0000] {processor.py:914} INFO - Processing file /opt/airflow/dags/libs/ingestion.py for tasks to queue
[2025-12-23T15:33:46.400+0000] {logging_mixin.py:190} INFO - [2025-12-23T15:33:46.399+0000] {dagbag.py:588} INFO - Filling up the DagBag from /opt/airflow/dags/libs/ingestion.py
[2025-12-23T15:33:46.424+0000] {processor.py:927} WARNING - No viable dags retrieved from /opt/airflow/dags/libs/ingestion.py
[2025-12-23T15:33:46.449+0000] {processor.py:208} INFO - Processing /opt/airflow/dags/libs/ingestion.py took 0.069 seconds
[2025-12-23T15:34:16.564+0000] {processor.py:186} INFO - Started process (PID=744) to work on /opt/airflow/dags/libs/ingestion.py
[2025-12-23T15:34:16.565+0000] {processor.py:914} INFO - Processing file /opt/airflow/dags/libs/ingestion.py for tasks to queue
[2025-12-23T15:34:16.570+0000] {logging_mixin.py:190} INFO - [2025-12-23T15:34:16.570+0000] {dagbag.py:588} INFO - Filling up the DagBag from /opt/airflow/dags/libs/ingestion.py
[2025-12-23T15:34:16.598+0000] {processor.py:927} WARNING - No viable dags retrieved from /opt/airflow/dags/libs/ingestion.py
[2025-12-23T15:34:16.620+0000] {processor.py:208} INFO - Processing /opt/airflow/dags/libs/ingestion.py took 0.065 seconds
[2025-12-23T15:34:47.081+0000] {processor.py:186} INFO - Started process (PID=755) to work on /opt/airflow/dags/libs/ingestion.py
[2025-12-23T15:34:47.084+0000] {processor.py:914} INFO - Processing file /opt/airflow/dags/libs/ingestion.py for tasks to queue
[2025-12-23T15:34:47.090+0000] {logging_mixin.py:190} INFO - [2025-12-23T15:34:47.089+0000] {dagbag.py:588} INFO - Filling up the DagBag from /opt/airflow/dags/libs/ingestion.py
[2025-12-23T15:34:47.124+0000] {processor.py:927} WARNING - No viable dags retrieved from /opt/airflow/dags/libs/ingestion.py
[2025-12-23T15:34:47.150+0000] {processor.py:208} INFO - Processing /opt/airflow/dags/libs/ingestion.py took 0.087 seconds
[2025-12-23T15:35:17.297+0000] {processor.py:186} INFO - Started process (PID=766) to work on /opt/airflow/dags/libs/ingestion.py
[2025-12-23T15:35:17.299+0000] {processor.py:914} INFO - Processing file /opt/airflow/dags/libs/ingestion.py for tasks to queue
[2025-12-23T15:35:17.303+0000] {logging_mixin.py:190} INFO - [2025-12-23T15:35:17.302+0000] {dagbag.py:588} INFO - Filling up the DagBag from /opt/airflow/dags/libs/ingestion.py
[2025-12-23T15:35:17.328+0000] {processor.py:927} WARNING - No viable dags retrieved from /opt/airflow/dags/libs/ingestion.py
[2025-12-23T15:35:17.347+0000] {processor.py:208} INFO - Processing /opt/airflow/dags/libs/ingestion.py took 0.060 seconds
[2025-12-23T15:35:47.856+0000] {processor.py:186} INFO - Started process (PID=777) to work on /opt/airflow/dags/libs/ingestion.py
[2025-12-23T15:35:47.858+0000] {processor.py:914} INFO - Processing file /opt/airflow/dags/libs/ingestion.py for tasks to queue
[2025-12-23T15:35:47.863+0000] {logging_mixin.py:190} INFO - [2025-12-23T15:35:47.862+0000] {dagbag.py:588} INFO - Filling up the DagBag from /opt/airflow/dags/libs/ingestion.py
[2025-12-23T15:35:47.896+0000] {processor.py:927} WARNING - No viable dags retrieved from /opt/airflow/dags/libs/ingestion.py
[2025-12-23T15:35:47.921+0000] {processor.py:208} INFO - Processing /opt/airflow/dags/libs/ingestion.py took 0.080 seconds
[2025-12-23T15:36:52.510+0000] {processor.py:186} INFO - Started process (PID=118) to work on /opt/airflow/dags/libs/ingestion.py
[2025-12-23T15:36:52.511+0000] {processor.py:914} INFO - Processing file /opt/airflow/dags/libs/ingestion.py for tasks to queue
[2025-12-23T15:36:52.515+0000] {logging_mixin.py:190} INFO - [2025-12-23T15:36:52.515+0000] {dagbag.py:588} INFO - Filling up the DagBag from /opt/airflow/dags/libs/ingestion.py
[2025-12-23T15:36:52.539+0000] {processor.py:927} WARNING - No viable dags retrieved from /opt/airflow/dags/libs/ingestion.py
[2025-12-23T15:36:52.563+0000] {processor.py:208} INFO - Processing /opt/airflow/dags/libs/ingestion.py took 0.064 seconds
[2025-12-23T15:37:23.312+0000] {processor.py:186} INFO - Started process (PID=129) to work on /opt/airflow/dags/libs/ingestion.py
[2025-12-23T15:37:23.314+0000] {processor.py:914} INFO - Processing file /opt/airflow/dags/libs/ingestion.py for tasks to queue
[2025-12-23T15:37:23.317+0000] {logging_mixin.py:190} INFO - [2025-12-23T15:37:23.316+0000] {dagbag.py:588} INFO - Filling up the DagBag from /opt/airflow/dags/libs/ingestion.py
[2025-12-23T15:37:23.335+0000] {processor.py:927} WARNING - No viable dags retrieved from /opt/airflow/dags/libs/ingestion.py
[2025-12-23T15:37:23.353+0000] {processor.py:208} INFO - Processing /opt/airflow/dags/libs/ingestion.py took 0.049 seconds
[2025-12-23T15:37:53.844+0000] {processor.py:186} INFO - Started process (PID=140) to work on /opt/airflow/dags/libs/ingestion.py
[2025-12-23T15:37:53.847+0000] {processor.py:914} INFO - Processing file /opt/airflow/dags/libs/ingestion.py for tasks to queue
[2025-12-23T15:37:53.851+0000] {logging_mixin.py:190} INFO - [2025-12-23T15:37:53.851+0000] {dagbag.py:588} INFO - Filling up the DagBag from /opt/airflow/dags/libs/ingestion.py
[2025-12-23T15:37:53.874+0000] {processor.py:927} WARNING - No viable dags retrieved from /opt/airflow/dags/libs/ingestion.py
[2025-12-23T15:37:53.899+0000] {processor.py:208} INFO - Processing /opt/airflow/dags/libs/ingestion.py took 0.066 seconds
[2025-12-23T15:38:24.581+0000] {processor.py:186} INFO - Started process (PID=151) to work on /opt/airflow/dags/libs/ingestion.py
[2025-12-23T15:38:24.583+0000] {processor.py:914} INFO - Processing file /opt/airflow/dags/libs/ingestion.py for tasks to queue
[2025-12-23T15:38:24.588+0000] {logging_mixin.py:190} INFO - [2025-12-23T15:38:24.587+0000] {dagbag.py:588} INFO - Filling up the DagBag from /opt/airflow/dags/libs/ingestion.py
[2025-12-23T15:38:24.612+0000] {processor.py:927} WARNING - No viable dags retrieved from /opt/airflow/dags/libs/ingestion.py
[2025-12-23T15:38:24.630+0000] {processor.py:208} INFO - Processing /opt/airflow/dags/libs/ingestion.py took 0.062 seconds
[2025-12-23T15:39:17.278+0000] {processor.py:186} INFO - Started process (PID=63) to work on /opt/airflow/dags/libs/ingestion.py
[2025-12-23T15:39:17.280+0000] {processor.py:914} INFO - Processing file /opt/airflow/dags/libs/ingestion.py for tasks to queue
[2025-12-23T15:39:17.285+0000] {logging_mixin.py:190} INFO - [2025-12-23T15:39:17.284+0000] {dagbag.py:588} INFO - Filling up the DagBag from /opt/airflow/dags/libs/ingestion.py
[2025-12-23T15:39:17.310+0000] {processor.py:927} WARNING - No viable dags retrieved from /opt/airflow/dags/libs/ingestion.py
[2025-12-23T15:39:17.339+0000] {processor.py:208} INFO - Processing /opt/airflow/dags/libs/ingestion.py took 0.074 seconds
[2025-12-23T15:39:45.866+0000] {processor.py:186} INFO - Started process (PID=63) to work on /opt/airflow/dags/libs/ingestion.py
[2025-12-23T15:39:45.868+0000] {processor.py:914} INFO - Processing file /opt/airflow/dags/libs/ingestion.py for tasks to queue
[2025-12-23T15:39:45.874+0000] {logging_mixin.py:190} INFO - [2025-12-23T15:39:45.873+0000] {dagbag.py:588} INFO - Filling up the DagBag from /opt/airflow/dags/libs/ingestion.py
[2025-12-23T15:39:45.908+0000] {processor.py:927} WARNING - No viable dags retrieved from /opt/airflow/dags/libs/ingestion.py
[2025-12-23T15:39:45.935+0000] {processor.py:208} INFO - Processing /opt/airflow/dags/libs/ingestion.py took 0.082 seconds
[2025-12-23T15:40:13.364+0000] {processor.py:186} INFO - Started process (PID=64) to work on /opt/airflow/dags/libs/ingestion.py
[2025-12-23T15:40:13.366+0000] {processor.py:914} INFO - Processing file /opt/airflow/dags/libs/ingestion.py for tasks to queue
[2025-12-23T15:40:13.371+0000] {logging_mixin.py:190} INFO - [2025-12-23T15:40:13.370+0000] {dagbag.py:588} INFO - Filling up the DagBag from /opt/airflow/dags/libs/ingestion.py
[2025-12-23T15:40:13.394+0000] {processor.py:927} WARNING - No viable dags retrieved from /opt/airflow/dags/libs/ingestion.py
[2025-12-23T15:40:13.421+0000] {processor.py:208} INFO - Processing /opt/airflow/dags/libs/ingestion.py took 0.070 seconds
[2025-12-23T15:44:13.397+0000] {processor.py:186} INFO - Started process (PID=126) to work on /opt/airflow/dags/libs/ingestion.py
[2025-12-23T15:44:13.399+0000] {processor.py:914} INFO - Processing file /opt/airflow/dags/libs/ingestion.py for tasks to queue
[2025-12-23T15:44:13.405+0000] {logging_mixin.py:190} INFO - [2025-12-23T15:44:13.405+0000] {dagbag.py:588} INFO - Filling up the DagBag from /opt/airflow/dags/libs/ingestion.py
[2025-12-23T15:44:13.432+0000] {processor.py:927} WARNING - No viable dags retrieved from /opt/airflow/dags/libs/ingestion.py
[2025-12-23T15:44:13.464+0000] {processor.py:208} INFO - Processing /opt/airflow/dags/libs/ingestion.py took 0.086 seconds
[2025-12-23T15:44:43.605+0000] {processor.py:186} INFO - Started process (PID=64) to work on /opt/airflow/dags/libs/ingestion.py
[2025-12-23T15:44:43.608+0000] {processor.py:914} INFO - Processing file /opt/airflow/dags/libs/ingestion.py for tasks to queue
[2025-12-23T15:44:43.626+0000] {logging_mixin.py:190} INFO - [2025-12-23T15:44:43.625+0000] {dagbag.py:588} INFO - Filling up the DagBag from /opt/airflow/dags/libs/ingestion.py
[2025-12-23T15:44:43.667+0000] {processor.py:927} WARNING - No viable dags retrieved from /opt/airflow/dags/libs/ingestion.py
[2025-12-23T15:44:43.738+0000] {processor.py:208} INFO - Processing /opt/airflow/dags/libs/ingestion.py took 0.161 seconds
[2025-12-23T15:45:15.775+0000] {processor.py:186} INFO - Started process (PID=69) to work on /opt/airflow/dags/libs/ingestion.py
[2025-12-23T15:45:15.777+0000] {processor.py:914} INFO - Processing file /opt/airflow/dags/libs/ingestion.py for tasks to queue
[2025-12-23T15:45:15.782+0000] {logging_mixin.py:190} INFO - [2025-12-23T15:45:15.781+0000] {dagbag.py:588} INFO - Filling up the DagBag from /opt/airflow/dags/libs/ingestion.py
[2025-12-23T15:45:15.809+0000] {processor.py:927} WARNING - No viable dags retrieved from /opt/airflow/dags/libs/ingestion.py
[2025-12-23T15:45:15.832+0000] {processor.py:208} INFO - Processing /opt/airflow/dags/libs/ingestion.py took 0.066 seconds
[2025-12-23T15:45:46.432+0000] {processor.py:186} INFO - Started process (PID=80) to work on /opt/airflow/dags/libs/ingestion.py
[2025-12-23T15:45:46.433+0000] {processor.py:914} INFO - Processing file /opt/airflow/dags/libs/ingestion.py for tasks to queue
[2025-12-23T15:45:46.440+0000] {logging_mixin.py:190} INFO - [2025-12-23T15:45:46.440+0000] {dagbag.py:588} INFO - Filling up the DagBag from /opt/airflow/dags/libs/ingestion.py
[2025-12-23T15:45:46.465+0000] {processor.py:927} WARNING - No viable dags retrieved from /opt/airflow/dags/libs/ingestion.py
[2025-12-23T15:45:46.488+0000] {processor.py:208} INFO - Processing /opt/airflow/dags/libs/ingestion.py took 0.071 seconds
[2025-12-23T15:46:17.179+0000] {processor.py:186} INFO - Started process (PID=91) to work on /opt/airflow/dags/libs/ingestion.py
[2025-12-23T15:46:17.180+0000] {processor.py:914} INFO - Processing file /opt/airflow/dags/libs/ingestion.py for tasks to queue
[2025-12-23T15:46:17.185+0000] {logging_mixin.py:190} INFO - [2025-12-23T15:46:17.184+0000] {dagbag.py:588} INFO - Filling up the DagBag from /opt/airflow/dags/libs/ingestion.py
[2025-12-23T15:46:17.205+0000] {processor.py:927} WARNING - No viable dags retrieved from /opt/airflow/dags/libs/ingestion.py
[2025-12-23T15:46:17.227+0000] {processor.py:208} INFO - Processing /opt/airflow/dags/libs/ingestion.py took 0.063 seconds
[2025-12-23T15:46:47.823+0000] {processor.py:186} INFO - Started process (PID=102) to work on /opt/airflow/dags/libs/ingestion.py
[2025-12-23T15:46:47.824+0000] {processor.py:914} INFO - Processing file /opt/airflow/dags/libs/ingestion.py for tasks to queue
[2025-12-23T15:46:47.828+0000] {logging_mixin.py:190} INFO - [2025-12-23T15:46:47.827+0000] {dagbag.py:588} INFO - Filling up the DagBag from /opt/airflow/dags/libs/ingestion.py
[2025-12-23T15:46:47.849+0000] {processor.py:927} WARNING - No viable dags retrieved from /opt/airflow/dags/libs/ingestion.py
[2025-12-23T15:46:47.869+0000] {processor.py:208} INFO - Processing /opt/airflow/dags/libs/ingestion.py took 0.054 seconds
[2025-12-23T15:47:18.379+0000] {processor.py:186} INFO - Started process (PID=113) to work on /opt/airflow/dags/libs/ingestion.py
[2025-12-23T15:47:18.382+0000] {processor.py:914} INFO - Processing file /opt/airflow/dags/libs/ingestion.py for tasks to queue
[2025-12-23T15:47:18.388+0000] {logging_mixin.py:190} INFO - [2025-12-23T15:47:18.387+0000] {dagbag.py:588} INFO - Filling up the DagBag from /opt/airflow/dags/libs/ingestion.py
[2025-12-23T15:47:18.439+0000] {processor.py:927} WARNING - No viable dags retrieved from /opt/airflow/dags/libs/ingestion.py
[2025-12-23T15:47:18.468+0000] {processor.py:208} INFO - Processing /opt/airflow/dags/libs/ingestion.py took 0.106 seconds
[2025-12-23T15:47:55.227+0000] {processor.py:186} INFO - Started process (PID=58) to work on /opt/airflow/dags/libs/ingestion.py
[2025-12-23T15:47:55.229+0000] {processor.py:914} INFO - Processing file /opt/airflow/dags/libs/ingestion.py for tasks to queue
[2025-12-23T15:47:55.233+0000] {logging_mixin.py:190} INFO - [2025-12-23T15:47:55.233+0000] {dagbag.py:588} INFO - Filling up the DagBag from /opt/airflow/dags/libs/ingestion.py
[2025-12-23T15:47:55.261+0000] {processor.py:927} WARNING - No viable dags retrieved from /opt/airflow/dags/libs/ingestion.py
[2025-12-23T15:47:55.289+0000] {processor.py:208} INFO - Processing /opt/airflow/dags/libs/ingestion.py took 0.071 seconds
[2025-12-23T15:48:17.384+0000] {processor.py:186} INFO - Started process (PID=58) to work on /opt/airflow/dags/libs/ingestion.py
[2025-12-23T15:48:17.385+0000] {processor.py:914} INFO - Processing file /opt/airflow/dags/libs/ingestion.py for tasks to queue
[2025-12-23T15:48:17.394+0000] {logging_mixin.py:190} INFO - [2025-12-23T15:48:17.393+0000] {dagbag.py:588} INFO - Filling up the DagBag from /opt/airflow/dags/libs/ingestion.py
[2025-12-23T15:48:17.428+0000] {processor.py:927} WARNING - No viable dags retrieved from /opt/airflow/dags/libs/ingestion.py
[2025-12-23T15:48:17.456+0000] {processor.py:208} INFO - Processing /opt/airflow/dags/libs/ingestion.py took 0.082 seconds
[2025-12-23T15:48:42.442+0000] {processor.py:186} INFO - Started process (PID=65) to work on /opt/airflow/dags/libs/ingestion.py
[2025-12-23T15:48:42.443+0000] {processor.py:914} INFO - Processing file /opt/airflow/dags/libs/ingestion.py for tasks to queue
[2025-12-23T15:48:42.447+0000] {logging_mixin.py:190} INFO - [2025-12-23T15:48:42.446+0000] {dagbag.py:588} INFO - Filling up the DagBag from /opt/airflow/dags/libs/ingestion.py
[2025-12-23T15:48:42.475+0000] {processor.py:927} WARNING - No viable dags retrieved from /opt/airflow/dags/libs/ingestion.py
[2025-12-23T15:48:42.498+0000] {processor.py:208} INFO - Processing /opt/airflow/dags/libs/ingestion.py took 0.065 seconds
[2025-12-23T15:49:12.910+0000] {processor.py:186} INFO - Started process (PID=76) to work on /opt/airflow/dags/libs/ingestion.py
[2025-12-23T15:49:12.911+0000] {processor.py:914} INFO - Processing file /opt/airflow/dags/libs/ingestion.py for tasks to queue
[2025-12-23T15:49:12.914+0000] {logging_mixin.py:190} INFO - [2025-12-23T15:49:12.914+0000] {dagbag.py:588} INFO - Filling up the DagBag from /opt/airflow/dags/libs/ingestion.py
[2025-12-23T15:49:12.939+0000] {processor.py:927} WARNING - No viable dags retrieved from /opt/airflow/dags/libs/ingestion.py
[2025-12-23T15:49:12.956+0000] {processor.py:208} INFO - Processing /opt/airflow/dags/libs/ingestion.py took 0.058 seconds
[2025-12-23T15:49:43.265+0000] {processor.py:186} INFO - Started process (PID=87) to work on /opt/airflow/dags/libs/ingestion.py
[2025-12-23T15:49:43.266+0000] {processor.py:914} INFO - Processing file /opt/airflow/dags/libs/ingestion.py for tasks to queue
[2025-12-23T15:49:43.269+0000] {logging_mixin.py:190} INFO - [2025-12-23T15:49:43.269+0000] {dagbag.py:588} INFO - Filling up the DagBag from /opt/airflow/dags/libs/ingestion.py
[2025-12-23T15:49:43.287+0000] {processor.py:927} WARNING - No viable dags retrieved from /opt/airflow/dags/libs/ingestion.py
[2025-12-23T15:49:43.304+0000] {processor.py:208} INFO - Processing /opt/airflow/dags/libs/ingestion.py took 0.048 seconds
[2025-12-23T15:50:13.556+0000] {processor.py:186} INFO - Started process (PID=98) to work on /opt/airflow/dags/libs/ingestion.py
[2025-12-23T15:50:13.558+0000] {processor.py:914} INFO - Processing file /opt/airflow/dags/libs/ingestion.py for tasks to queue
[2025-12-23T15:50:13.561+0000] {logging_mixin.py:190} INFO - [2025-12-23T15:50:13.561+0000] {dagbag.py:588} INFO - Filling up the DagBag from /opt/airflow/dags/libs/ingestion.py
[2025-12-23T15:50:13.588+0000] {processor.py:927} WARNING - No viable dags retrieved from /opt/airflow/dags/libs/ingestion.py
[2025-12-23T15:50:13.606+0000] {processor.py:208} INFO - Processing /opt/airflow/dags/libs/ingestion.py took 0.057 seconds
[2025-12-23T15:50:44.194+0000] {processor.py:186} INFO - Started process (PID=109) to work on /opt/airflow/dags/libs/ingestion.py
[2025-12-23T15:50:44.195+0000] {processor.py:914} INFO - Processing file /opt/airflow/dags/libs/ingestion.py for tasks to queue
[2025-12-23T15:50:44.200+0000] {logging_mixin.py:190} INFO - [2025-12-23T15:50:44.199+0000] {dagbag.py:588} INFO - Filling up the DagBag from /opt/airflow/dags/libs/ingestion.py
[2025-12-23T15:50:44.225+0000] {processor.py:927} WARNING - No viable dags retrieved from /opt/airflow/dags/libs/ingestion.py
[2025-12-23T15:50:44.250+0000] {processor.py:208} INFO - Processing /opt/airflow/dags/libs/ingestion.py took 0.072 seconds
[2025-12-23T15:51:14.663+0000] {processor.py:186} INFO - Started process (PID=120) to work on /opt/airflow/dags/libs/ingestion.py
[2025-12-23T15:51:14.665+0000] {processor.py:914} INFO - Processing file /opt/airflow/dags/libs/ingestion.py for tasks to queue
[2025-12-23T15:51:14.669+0000] {logging_mixin.py:190} INFO - [2025-12-23T15:51:14.669+0000] {dagbag.py:588} INFO - Filling up the DagBag from /opt/airflow/dags/libs/ingestion.py
[2025-12-23T15:51:14.694+0000] {processor.py:927} WARNING - No viable dags retrieved from /opt/airflow/dags/libs/ingestion.py
[2025-12-23T15:51:14.713+0000] {processor.py:208} INFO - Processing /opt/airflow/dags/libs/ingestion.py took 0.064 seconds
[2025-12-23T15:51:45.618+0000] {processor.py:186} INFO - Started process (PID=131) to work on /opt/airflow/dags/libs/ingestion.py
[2025-12-23T15:51:45.620+0000] {processor.py:914} INFO - Processing file /opt/airflow/dags/libs/ingestion.py for tasks to queue
[2025-12-23T15:51:45.626+0000] {logging_mixin.py:190} INFO - [2025-12-23T15:51:45.625+0000] {dagbag.py:588} INFO - Filling up the DagBag from /opt/airflow/dags/libs/ingestion.py
[2025-12-23T15:51:45.654+0000] {processor.py:927} WARNING - No viable dags retrieved from /opt/airflow/dags/libs/ingestion.py
[2025-12-23T15:51:45.674+0000] {processor.py:208} INFO - Processing /opt/airflow/dags/libs/ingestion.py took 0.067 seconds
[2025-12-23T15:52:16.748+0000] {processor.py:186} INFO - Started process (PID=143) to work on /opt/airflow/dags/libs/ingestion.py
[2025-12-23T15:52:16.750+0000] {processor.py:914} INFO - Processing file /opt/airflow/dags/libs/ingestion.py for tasks to queue
[2025-12-23T15:52:16.753+0000] {logging_mixin.py:190} INFO - [2025-12-23T15:52:16.753+0000] {dagbag.py:588} INFO - Filling up the DagBag from /opt/airflow/dags/libs/ingestion.py
[2025-12-23T15:52:16.783+0000] {processor.py:927} WARNING - No viable dags retrieved from /opt/airflow/dags/libs/ingestion.py
[2025-12-23T15:52:16.804+0000] {processor.py:208} INFO - Processing /opt/airflow/dags/libs/ingestion.py took 0.064 seconds
[2025-12-23T15:52:46.878+0000] {processor.py:186} INFO - Started process (PID=154) to work on /opt/airflow/dags/libs/ingestion.py
[2025-12-23T15:52:46.879+0000] {processor.py:914} INFO - Processing file /opt/airflow/dags/libs/ingestion.py for tasks to queue
[2025-12-23T15:52:46.883+0000] {logging_mixin.py:190} INFO - [2025-12-23T15:52:46.882+0000] {dagbag.py:588} INFO - Filling up the DagBag from /opt/airflow/dags/libs/ingestion.py
[2025-12-23T15:52:46.904+0000] {processor.py:927} WARNING - No viable dags retrieved from /opt/airflow/dags/libs/ingestion.py
[2025-12-23T15:52:46.922+0000] {processor.py:208} INFO - Processing /opt/airflow/dags/libs/ingestion.py took 0.052 seconds
[2025-12-23T15:53:17.448+0000] {processor.py:186} INFO - Started process (PID=171) to work on /opt/airflow/dags/libs/ingestion.py
[2025-12-23T15:53:17.450+0000] {processor.py:914} INFO - Processing file /opt/airflow/dags/libs/ingestion.py for tasks to queue
[2025-12-23T15:53:17.455+0000] {logging_mixin.py:190} INFO - [2025-12-23T15:53:17.454+0000] {dagbag.py:588} INFO - Filling up the DagBag from /opt/airflow/dags/libs/ingestion.py
[2025-12-23T15:53:17.479+0000] {processor.py:927} WARNING - No viable dags retrieved from /opt/airflow/dags/libs/ingestion.py
[2025-12-23T15:53:17.501+0000] {processor.py:208} INFO - Processing /opt/airflow/dags/libs/ingestion.py took 0.061 seconds
[2025-12-23T15:53:48.111+0000] {processor.py:186} INFO - Started process (PID=182) to work on /opt/airflow/dags/libs/ingestion.py
[2025-12-23T15:53:48.113+0000] {processor.py:914} INFO - Processing file /opt/airflow/dags/libs/ingestion.py for tasks to queue
[2025-12-23T15:53:48.118+0000] {logging_mixin.py:190} INFO - [2025-12-23T15:53:48.117+0000] {dagbag.py:588} INFO - Filling up the DagBag from /opt/airflow/dags/libs/ingestion.py
[2025-12-23T15:53:48.148+0000] {processor.py:927} WARNING - No viable dags retrieved from /opt/airflow/dags/libs/ingestion.py
[2025-12-23T15:53:48.172+0000] {processor.py:208} INFO - Processing /opt/airflow/dags/libs/ingestion.py took 0.075 seconds
