[2025-12-23T21:39:47.726+0000] {local_task_job_runner.py:123} INFO - ::group::Pre task execution logs
[2025-12-23T21:39:47.828+0000] {taskinstance.py:2612} INFO - Dependencies all met for dep_context=non-requeueable deps ti=<TaskInstance: velov_dag.clean_accidents manual__2025-12-23T21:39:35.571312+00:00 [queued]>
[2025-12-23T21:39:47.877+0000] {taskinstance.py:2612} INFO - Dependencies all met for dep_context=requeueable deps ti=<TaskInstance: velov_dag.clean_accidents manual__2025-12-23T21:39:35.571312+00:00 [queued]>
[2025-12-23T21:39:47.886+0000] {taskinstance.py:2865} INFO - Starting attempt 1 of 2
[2025-12-23T21:39:47.965+0000] {taskinstance.py:2888} INFO - Executing <Task(PythonOperator): clean_accidents> on 2025-12-23 21:39:35.571312+00:00
[2025-12-23T21:39:48.021+0000] {warnings.py:112} WARNING - /home/***/.local/lib/python3.12/site-packages/***/task/task_runner/standard_task_runner.py:70: DeprecationWarning: This process (pid=358) is multi-threaded, use of fork() may lead to deadlocks in the child.
  pid = os.fork()

[2025-12-23T21:39:48.051+0000] {standard_task_runner.py:72} INFO - Started process 361 to run task
[2025-12-23T21:39:48.049+0000] {standard_task_runner.py:104} INFO - Running: ['***', 'tasks', 'run', 'velov_dag', 'clean_accidents', 'manual__2025-12-23T21:39:35.571312+00:00', '--job-id', '145', '--raw', '--subdir', 'DAGS_FOLDER/global_DAG.py', '--cfg-path', '/tmp/tmpqnvr3mfi']
[2025-12-23T21:39:48.079+0000] {standard_task_runner.py:105} INFO - Job 145: Subtask clean_accidents
[2025-12-23T21:39:48.453+0000] {task_command.py:467} INFO - Running <TaskInstance: velov_dag.clean_accidents manual__2025-12-23T21:39:35.571312+00:00 [running]> on host 172.18.0.13
[2025-12-23T21:39:48.797+0000] {taskinstance.py:3131} INFO - Exporting env vars: AIRFLOW_CTX_DAG_OWNER='***' AIRFLOW_CTX_DAG_ID='velov_dag' AIRFLOW_CTX_TASK_ID='clean_accidents' AIRFLOW_CTX_EXECUTION_DATE='2025-12-23T21:39:35.571312+00:00' AIRFLOW_CTX_TRY_NUMBER='1' AIRFLOW_CTX_DAG_RUN_ID='manual__2025-12-23T21:39:35.571312+00:00'
[2025-12-23T21:39:48.808+0000] {taskinstance.py:731} INFO - ::endgroup::
[2025-12-23T21:39:48.871+0000] {logging_mixin.py:190} INFO - --- Traitement Accidents : /opt/***/data/landing/accidentsVelo.csv ---
[2025-12-23T21:39:48.884+0000] {logging_mixin.py:190} INFO - Lecture du fichier brut...
[2025-12-23T21:39:51.222+0000] {warnings.py:112} WARNING - /opt/***/dags/libs/wrangling.py:19: DtypeWarning: Columns (8,9,17,20,21,30) have mixed types. Specify dtype option on import or set low_memory=False.
  df = pd.read_csv(input_path)

[2025-12-23T21:39:51.963+0000] {logging_mixin.py:190} INFO -  Fichier nettoyé enregistré dans : /opt/***/data/staging/accidents_clean_lyon.csv
[2025-12-23T21:39:51.973+0000] {logging_mixin.py:190} INFO - Nombre de lignes finales : 514
[2025-12-23T21:39:51.977+0000] {python.py:240} INFO - Done. Returned value was: None
[2025-12-23T21:39:52.058+0000] {taskinstance.py:340} INFO - ::group::Post task execution logs
[2025-12-23T21:39:52.066+0000] {taskinstance.py:352} INFO - Marking task as SUCCESS. dag_id=velov_dag, task_id=clean_accidents, run_id=manual__2025-12-23T21:39:35.571312+00:00, execution_date=20251223T213935, start_date=20251223T213947, end_date=20251223T213952
[2025-12-23T21:39:52.234+0000] {local_task_job_runner.py:266} INFO - Task exited with return code 0
[2025-12-23T21:39:52.333+0000] {taskinstance.py:3900} INFO - 1 downstream tasks scheduled from follow-on schedule check
[2025-12-23T21:39:52.346+0000] {local_task_job_runner.py:245} INFO - ::endgroup::
