[2025-12-23T15:47:57.371+0000] {local_task_job_runner.py:123} INFO - ::group::Pre task execution logs
[2025-12-23T15:47:57.704+0000] {taskinstance.py:2612} INFO - Dependencies all met for dep_context=non-requeueable deps ti=<TaskInstance: velov_dag.ingest_velov_data scheduled__2025-12-23T15:20:00+00:00 [queued]>
[2025-12-23T15:47:57.715+0000] {taskinstance.py:2612} INFO - Dependencies all met for dep_context=requeueable deps ti=<TaskInstance: velov_dag.ingest_velov_data scheduled__2025-12-23T15:20:00+00:00 [queued]>
[2025-12-23T15:47:57.717+0000] {taskinstance.py:2865} INFO - Starting attempt 1 of 2
[2025-12-23T15:47:57.738+0000] {taskinstance.py:2888} INFO - Executing <Task(PythonOperator): ingest_velov_data> on 2025-12-23 15:20:00+00:00
[2025-12-23T15:47:57.747+0000] {warnings.py:112} WARNING - /home/***/.local/lib/python3.12/site-packages/***/task/task_runner/standard_task_runner.py:70: DeprecationWarning: This process (pid=89) is multi-threaded, use of fork() may lead to deadlocks in the child.
  pid = os.fork()

[2025-12-23T15:47:57.749+0000] {standard_task_runner.py:72} INFO - Started process 91 to run task
[2025-12-23T15:47:57.751+0000] {standard_task_runner.py:104} INFO - Running: ['***', 'tasks', 'run', 'velov_dag', 'ingest_velov_data', 'scheduled__2025-12-23T15:20:00+00:00', '--job-id', '19', '--raw', '--subdir', 'DAGS_FOLDER/velov_dag.py', '--cfg-path', '/tmp/tmpbly4s017']
[2025-12-23T15:47:57.755+0000] {standard_task_runner.py:105} INFO - Job 19: Subtask ingest_velov_data
[2025-12-23T15:47:57.858+0000] {task_command.py:467} INFO - Running <TaskInstance: velov_dag.ingest_velov_data scheduled__2025-12-23T15:20:00+00:00 [running]> on host 172.18.0.13
[2025-12-23T15:47:57.861+0000] {warnings.py:112} WARNING - /home/***/.local/lib/python3.12/site-packages/***/settings.py:605: DeprecationWarning: The sql_engine_encoding option in [core] has been moved to the sql_engine_encoding option in [database] - the old setting has been used, but please update your config.
  engine_args["encoding"] = conf.get("database", "SQL_ENGINE_ENCODING", fallback="utf-8")

[2025-12-23T15:47:58.013+0000] {taskinstance.py:3131} INFO - Exporting env vars: AIRFLOW_CTX_DAG_OWNER='***' AIRFLOW_CTX_DAG_ID='velov_dag' AIRFLOW_CTX_TASK_ID='ingest_velov_data' AIRFLOW_CTX_EXECUTION_DATE='2025-12-23T15:20:00+00:00' AIRFLOW_CTX_TRY_NUMBER='1' AIRFLOW_CTX_DAG_RUN_ID='scheduled__2025-12-23T15:20:00+00:00'
[2025-12-23T15:47:58.014+0000] {taskinstance.py:731} INFO - ::endgroup::
[2025-12-23T15:47:58.038+0000] {logging_mixin.py:190} INFO - Début de l'ingestion vers le fichier : /opt/***/data/landing/velov_raw.csv...
[2025-12-23T15:47:58.039+0000] {logging_mixin.py:190} INFO - URL cible : https://data.grandlyon.com/geoserver/ogc/features/v1/collections/metropole-de-lyon:jcd_jcdecaux.jcdvelov/items
[2025-12-23T15:47:58.787+0000] {logging_mixin.py:190} INFO - Récupéré : 100 stations...
[2025-12-23T15:47:59.482+0000] {logging_mixin.py:190} INFO - Récupéré : 200 stations...
[2025-12-23T15:48:00.237+0000] {logging_mixin.py:190} INFO - Récupéré : 300 stations...
[2025-12-23T15:48:00.750+0000] {logging_mixin.py:190} INFO - Ingestion terminée. Fichier sauvegardé dans : /opt/***/data/landing/velov_raw.csv
[2025-12-23T15:48:00.756+0000] {python.py:240} INFO - Done. Returned value was: /opt/***/data/landing/velov_raw.csv
[2025-12-23T15:48:00.796+0000] {taskinstance.py:340} INFO - ::group::Post task execution logs
[2025-12-23T15:48:00.797+0000] {taskinstance.py:352} INFO - Marking task as SUCCESS. dag_id=velov_dag, task_id=ingest_velov_data, run_id=scheduled__2025-12-23T15:20:00+00:00, execution_date=20251223T152000, start_date=20251223T154757, end_date=20251223T154800
[2025-12-23T15:48:00.866+0000] {local_task_job_runner.py:266} INFO - Task exited with return code 0
[2025-12-23T15:48:00.905+0000] {taskinstance.py:3900} INFO - 1 downstream tasks scheduled from follow-on schedule check
[2025-12-23T15:48:00.910+0000] {local_task_job_runner.py:245} INFO - ::endgroup::
