[2025-12-23T23:56:35.887+0000] {local_task_job_runner.py:123} INFO - ::group::Pre task execution logs
[2025-12-23T23:56:35.917+0000] {taskinstance.py:2612} INFO - Dependencies all met for dep_context=non-requeueable deps ti=<TaskInstance: velov_dag.check_accidents manual__2025-12-23T23:56:03.021988+00:00 [queued]>
[2025-12-23T23:56:35.935+0000] {taskinstance.py:2612} INFO - Dependencies all met for dep_context=requeueable deps ti=<TaskInstance: velov_dag.check_accidents manual__2025-12-23T23:56:03.021988+00:00 [queued]>
[2025-12-23T23:56:35.936+0000] {taskinstance.py:2865} INFO - Starting attempt 1 of 2
[2025-12-23T23:56:35.963+0000] {taskinstance.py:2888} INFO - Executing <Task(PythonOperator): check_accidents> on 2025-12-23 23:56:03.021988+00:00
[2025-12-23T23:56:35.978+0000] {warnings.py:112} WARNING - /home/***/.local/lib/python3.12/site-packages/***/task/task_runner/standard_task_runner.py:70: DeprecationWarning: This process (pid=67) is multi-threaded, use of fork() may lead to deadlocks in the child.
  pid = os.fork()

[2025-12-23T23:56:35.983+0000] {standard_task_runner.py:72} INFO - Started process 71 to run task
[2025-12-23T23:56:35.983+0000] {standard_task_runner.py:104} INFO - Running: ['***', 'tasks', 'run', 'velov_dag', 'check_accidents', 'manual__2025-12-23T23:56:03.021988+00:00', '--job-id', '197', '--raw', '--subdir', 'DAGS_FOLDER/global_DAG.py', '--cfg-path', '/tmp/tmp3tjkqji2']
[2025-12-23T23:56:35.988+0000] {standard_task_runner.py:105} INFO - Job 197: Subtask check_accidents
[2025-12-23T23:56:36.146+0000] {task_command.py:467} INFO - Running <TaskInstance: velov_dag.check_accidents manual__2025-12-23T23:56:03.021988+00:00 [running]> on host 172.18.0.4
[2025-12-23T23:56:36.308+0000] {taskinstance.py:3131} INFO - Exporting env vars: AIRFLOW_CTX_DAG_OWNER='***' AIRFLOW_CTX_DAG_ID='velov_dag' AIRFLOW_CTX_TASK_ID='check_accidents' AIRFLOW_CTX_EXECUTION_DATE='2025-12-23T23:56:03.021988+00:00' AIRFLOW_CTX_TRY_NUMBER='1' AIRFLOW_CTX_DAG_RUN_ID='manual__2025-12-23T23:56:03.021988+00:00'
[2025-12-23T23:56:36.314+0000] {taskinstance.py:731} INFO - ::endgroup::
[2025-12-23T23:56:36.337+0000] {logging_mixin.py:190} INFO - Vérification du fichier : /opt/***/data/staging/accidents_clean_lyon.csv
[2025-12-23T23:56:36.362+0000] {logging_mixin.py:190} INFO - OK: /opt/***/data/staging/accidents_clean_lyon.csv (514 lignes)
[2025-12-23T23:56:36.363+0000] {python.py:240} INFO - Done. Returned value was: True
[2025-12-23T23:56:36.410+0000] {taskinstance.py:340} INFO - ::group::Post task execution logs
[2025-12-23T23:56:36.412+0000] {taskinstance.py:352} INFO - Marking task as SUCCESS. dag_id=velov_dag, task_id=check_accidents, run_id=manual__2025-12-23T23:56:03.021988+00:00, execution_date=20251223T235603, start_date=20251223T235635, end_date=20251223T235636
[2025-12-23T23:56:36.489+0000] {local_task_job_runner.py:266} INFO - Task exited with return code 0
[2025-12-23T23:56:36.539+0000] {taskinstance.py:3900} INFO - 0 downstream tasks scheduled from follow-on schedule check
[2025-12-23T23:56:36.543+0000] {local_task_job_runner.py:245} INFO - ::endgroup::
