[2025-12-24T00:02:04.881+0000] {local_task_job_runner.py:123} INFO - ::group::Pre task execution logs
[2025-12-24T00:02:04.941+0000] {taskinstance.py:2612} INFO - Dependencies all met for dep_context=non-requeueable deps ti=<TaskInstance: velov_dag.assign_accidents_to_stations scheduled__2025-12-23T00:00:00+00:00 [queued]>
[2025-12-24T00:02:04.966+0000] {taskinstance.py:2612} INFO - Dependencies all met for dep_context=requeueable deps ti=<TaskInstance: velov_dag.assign_accidents_to_stations scheduled__2025-12-23T00:00:00+00:00 [queued]>
[2025-12-24T00:02:04.968+0000] {taskinstance.py:2865} INFO - Starting attempt 1 of 2
[2025-12-24T00:02:05.008+0000] {taskinstance.py:2888} INFO - Executing <Task(PythonOperator): assign_accidents_to_stations> on 2025-12-23 00:00:00+00:00
[2025-12-24T00:02:05.030+0000] {warnings.py:112} WARNING - /home/***/.local/lib/python3.12/site-packages/***/task/task_runner/standard_task_runner.py:70: DeprecationWarning: This process (pid=131) is multi-threaded, use of fork() may lead to deadlocks in the child.
  pid = os.fork()

[2025-12-24T00:02:05.035+0000] {standard_task_runner.py:72} INFO - Started process 133 to run task
[2025-12-24T00:02:05.039+0000] {standard_task_runner.py:104} INFO - Running: ['***', 'tasks', 'run', 'velov_dag', 'assign_accidents_to_stations', 'scheduled__2025-12-23T00:00:00+00:00', '--job-id', '221', '--raw', '--subdir', 'DAGS_FOLDER/global_DAG.py', '--cfg-path', '/tmp/tmph02b6xjf']
[2025-12-24T00:02:05.052+0000] {standard_task_runner.py:105} INFO - Job 221: Subtask assign_accidents_to_stations
[2025-12-24T00:02:05.192+0000] {task_command.py:467} INFO - Running <TaskInstance: velov_dag.assign_accidents_to_stations scheduled__2025-12-23T00:00:00+00:00 [running]> on host 172.18.0.4
[2025-12-24T00:02:05.197+0000] {warnings.py:112} WARNING - /home/***/.local/lib/python3.12/site-packages/***/settings.py:605: DeprecationWarning: The sql_engine_encoding option in [core] has been moved to the sql_engine_encoding option in [database] - the old setting has been used, but please update your config.
  engine_args["encoding"] = conf.get("database", "SQL_ENGINE_ENCODING", fallback="utf-8")

[2025-12-24T00:02:05.406+0000] {taskinstance.py:3131} INFO - Exporting env vars: AIRFLOW_CTX_DAG_OWNER='***' AIRFLOW_CTX_DAG_ID='velov_dag' AIRFLOW_CTX_TASK_ID='assign_accidents_to_stations' AIRFLOW_CTX_EXECUTION_DATE='2025-12-23T00:00:00+00:00' AIRFLOW_CTX_TRY_NUMBER='1' AIRFLOW_CTX_DAG_RUN_ID='scheduled__2025-12-23T00:00:00+00:00'
[2025-12-24T00:02:05.410+0000] {taskinstance.py:731} INFO - ::endgroup::
[2025-12-24T00:02:06.226+0000] {logging_mixin.py:190} INFO - 221 accidents not within radius; assigned to nearest stations' 'deconne'.
[2025-12-24T00:02:06.227+0000] {logging_mixin.py:190} INFO - Saved stations -> /opt/***/data/staging/velov_stations_with_accident_counts.csv
[2025-12-24T00:02:06.228+0000] {logging_mixin.py:190} INFO - Saved accidents -> /opt/***/data/staging/accidents_assigned.csv
[2025-12-24T00:02:06.230+0000] {python.py:240} INFO - Done. Returned value was: ('/opt/***/data/staging/velov_stations_with_accident_counts.csv', '/opt/***/data/staging/accidents_assigned.csv')
[2025-12-24T00:02:06.291+0000] {taskinstance.py:340} INFO - ::group::Post task execution logs
[2025-12-24T00:02:06.292+0000] {taskinstance.py:352} INFO - Marking task as SUCCESS. dag_id=velov_dag, task_id=assign_accidents_to_stations, run_id=scheduled__2025-12-23T00:00:00+00:00, execution_date=20251223T000000, start_date=20251224T000204, end_date=20251224T000206
[2025-12-24T00:02:06.392+0000] {local_task_job_runner.py:266} INFO - Task exited with return code 0
[2025-12-24T00:02:06.482+0000] {taskinstance.py:3900} INFO - 1 downstream tasks scheduled from follow-on schedule check
[2025-12-24T00:02:06.488+0000] {local_task_job_runner.py:245} INFO - ::endgroup::
[2025-12-24T00:36:07.655+0000] {local_task_job_runner.py:123} INFO - ::group::Pre task execution logs
[2025-12-24T00:36:07.689+0000] {taskinstance.py:2612} INFO - Dependencies all met for dep_context=non-requeueable deps ti=<TaskInstance: velov_dag.assign_accidents_to_stations scheduled__2025-12-23T00:00:00+00:00 [queued]>
[2025-12-24T00:36:07.703+0000] {taskinstance.py:2612} INFO - Dependencies all met for dep_context=requeueable deps ti=<TaskInstance: velov_dag.assign_accidents_to_stations scheduled__2025-12-23T00:00:00+00:00 [queued]>
[2025-12-24T00:36:07.704+0000] {taskinstance.py:2865} INFO - Starting attempt 1 of 2
[2025-12-24T00:36:07.724+0000] {taskinstance.py:2888} INFO - Executing <Task(PythonOperator): assign_accidents_to_stations> on 2025-12-23 00:00:00+00:00
[2025-12-24T00:36:07.739+0000] {warnings.py:112} WARNING - /home/***/.local/lib/python3.12/site-packages/***/task/task_runner/standard_task_runner.py:70: DeprecationWarning: This process (pid=138) is multi-threaded, use of fork() may lead to deadlocks in the child.
  pid = os.fork()

[2025-12-24T00:36:07.742+0000] {standard_task_runner.py:72} INFO - Started process 141 to run task
[2025-12-24T00:36:07.743+0000] {standard_task_runner.py:104} INFO - Running: ['***', 'tasks', 'run', 'velov_dag', 'assign_accidents_to_stations', 'scheduled__2025-12-23T00:00:00+00:00', '--job-id', '267', '--raw', '--subdir', 'DAGS_FOLDER/global_DAG.py', '--cfg-path', '/tmp/tmp1f8y9tzg']
[2025-12-24T00:36:07.748+0000] {standard_task_runner.py:105} INFO - Job 267: Subtask assign_accidents_to_stations
[2025-12-24T00:36:07.838+0000] {task_command.py:467} INFO - Running <TaskInstance: velov_dag.assign_accidents_to_stations scheduled__2025-12-23T00:00:00+00:00 [running]> on host 172.18.0.13
[2025-12-24T00:36:07.842+0000] {warnings.py:112} WARNING - /home/***/.local/lib/python3.12/site-packages/***/settings.py:605: DeprecationWarning: The sql_engine_encoding option in [core] has been moved to the sql_engine_encoding option in [database] - the old setting has been used, but please update your config.
  engine_args["encoding"] = conf.get("database", "SQL_ENGINE_ENCODING", fallback="utf-8")

[2025-12-24T00:36:07.981+0000] {taskinstance.py:3131} INFO - Exporting env vars: AIRFLOW_CTX_DAG_OWNER='***' AIRFLOW_CTX_DAG_ID='velov_dag' AIRFLOW_CTX_TASK_ID='assign_accidents_to_stations' AIRFLOW_CTX_EXECUTION_DATE='2025-12-23T00:00:00+00:00' AIRFLOW_CTX_TRY_NUMBER='1' AIRFLOW_CTX_DAG_RUN_ID='scheduled__2025-12-23T00:00:00+00:00'
[2025-12-24T00:36:07.984+0000] {taskinstance.py:731} INFO - ::endgroup::
[2025-12-24T00:36:08.219+0000] {logging_mixin.py:190} INFO - 221 accidents not within radius; assigned to nearest stations' 'deconne'.
[2025-12-24T00:36:08.220+0000] {logging_mixin.py:190} INFO - Saved stations -> /opt/***/data/staging/velov_stations_with_accident_counts.csv
[2025-12-24T00:36:08.221+0000] {logging_mixin.py:190} INFO - Saved accidents -> /opt/***/data/staging/accidents_assigned.csv
[2025-12-24T00:36:08.222+0000] {python.py:240} INFO - Done. Returned value was: ('/opt/***/data/staging/velov_stations_with_accident_counts.csv', '/opt/***/data/staging/accidents_assigned.csv')
[2025-12-24T00:36:08.263+0000] {taskinstance.py:340} INFO - ::group::Post task execution logs
[2025-12-24T00:36:08.267+0000] {taskinstance.py:352} INFO - Marking task as SUCCESS. dag_id=velov_dag, task_id=assign_accidents_to_stations, run_id=scheduled__2025-12-23T00:00:00+00:00, execution_date=20251223T000000, start_date=20251224T003607, end_date=20251224T003608
[2025-12-24T00:36:08.321+0000] {local_task_job_runner.py:266} INFO - Task exited with return code 0
[2025-12-24T00:36:08.386+0000] {taskinstance.py:3900} INFO - 1 downstream tasks scheduled from follow-on schedule check
[2025-12-24T00:36:08.392+0000] {local_task_job_runner.py:245} INFO - ::endgroup::
