[2025-12-24T00:02:34.899+0000] {local_task_job_runner.py:123} INFO - ::group::Pre task execution logs
[2025-12-24T00:02:34.948+0000] {taskinstance.py:2612} INFO - Dependencies all met for dep_context=non-requeueable deps ti=<TaskInstance: velov_dag.save_stations_to_mongo scheduled__2025-12-23T00:00:00+00:00 [queued]>
[2025-12-24T00:02:34.975+0000] {taskinstance.py:2612} INFO - Dependencies all met for dep_context=requeueable deps ti=<TaskInstance: velov_dag.save_stations_to_mongo scheduled__2025-12-23T00:00:00+00:00 [queued]>
[2025-12-24T00:02:34.977+0000] {taskinstance.py:2865} INFO - Starting attempt 1 of 2
[2025-12-24T00:02:35.040+0000] {taskinstance.py:2888} INFO - Executing <Task(PythonOperator): save_stations_to_mongo> on 2025-12-23 00:00:00+00:00
[2025-12-24T00:02:35.072+0000] {warnings.py:112} WARNING - /home/***/.local/lib/python3.12/site-packages/***/task/task_runner/standard_task_runner.py:70: DeprecationWarning: This process (pid=135) is multi-threaded, use of fork() may lead to deadlocks in the child.
  pid = os.fork()

[2025-12-24T00:02:35.078+0000] {standard_task_runner.py:72} INFO - Started process 137 to run task
[2025-12-24T00:02:35.086+0000] {standard_task_runner.py:104} INFO - Running: ['***', 'tasks', 'run', 'velov_dag', 'save_stations_to_mongo', 'scheduled__2025-12-23T00:00:00+00:00', '--job-id', '223', '--raw', '--subdir', 'DAGS_FOLDER/global_DAG.py', '--cfg-path', '/tmp/tmpu7b94_vj']
[2025-12-24T00:02:35.106+0000] {standard_task_runner.py:105} INFO - Job 223: Subtask save_stations_to_mongo
[2025-12-24T00:02:35.390+0000] {task_command.py:467} INFO - Running <TaskInstance: velov_dag.save_stations_to_mongo scheduled__2025-12-23T00:00:00+00:00 [running]> on host 172.18.0.4
[2025-12-24T00:02:35.397+0000] {warnings.py:112} WARNING - /home/***/.local/lib/python3.12/site-packages/***/settings.py:605: DeprecationWarning: The sql_engine_encoding option in [core] has been moved to the sql_engine_encoding option in [database] - the old setting has been used, but please update your config.
  engine_args["encoding"] = conf.get("database", "SQL_ENGINE_ENCODING", fallback="utf-8")

[2025-12-24T00:02:35.623+0000] {taskinstance.py:3131} INFO - Exporting env vars: AIRFLOW_CTX_DAG_OWNER='***' AIRFLOW_CTX_DAG_ID='velov_dag' AIRFLOW_CTX_TASK_ID='save_stations_to_mongo' AIRFLOW_CTX_EXECUTION_DATE='2025-12-23T00:00:00+00:00' AIRFLOW_CTX_TRY_NUMBER='1' AIRFLOW_CTX_DAG_RUN_ID='scheduled__2025-12-23T00:00:00+00:00'
[2025-12-24T00:02:35.626+0000] {taskinstance.py:731} INFO - ::endgroup::
[2025-12-24T00:02:36.000+0000] {logging_mixin.py:190} INFO - Inséré 298 documents dans VelovDB.velov_stations
[2025-12-24T00:02:36.007+0000] {logging_mixin.py:190} INFO -  Index géospatial 2dsphere créé sur 'location'
[2025-12-24T00:02:36.010+0000] {python.py:240} INFO - Done. Returned value was: None
[2025-12-24T00:02:36.049+0000] {taskinstance.py:340} INFO - ::group::Post task execution logs
[2025-12-24T00:02:36.050+0000] {taskinstance.py:352} INFO - Marking task as SUCCESS. dag_id=velov_dag, task_id=save_stations_to_mongo, run_id=scheduled__2025-12-23T00:00:00+00:00, execution_date=20251223T000000, start_date=20251224T000234, end_date=20251224T000236
[2025-12-24T00:02:36.130+0000] {local_task_job_runner.py:266} INFO - Task exited with return code 0
[2025-12-24T00:02:36.198+0000] {taskinstance.py:3900} INFO - 1 downstream tasks scheduled from follow-on schedule check
[2025-12-24T00:02:36.208+0000] {local_task_job_runner.py:245} INFO - ::endgroup::
[2025-12-24T00:36:30.670+0000] {local_task_job_runner.py:123} INFO - ::group::Pre task execution logs
[2025-12-24T00:36:30.701+0000] {taskinstance.py:2612} INFO - Dependencies all met for dep_context=non-requeueable deps ti=<TaskInstance: velov_dag.save_stations_to_mongo scheduled__2025-12-23T00:00:00+00:00 [queued]>
[2025-12-24T00:36:30.716+0000] {taskinstance.py:2612} INFO - Dependencies all met for dep_context=requeueable deps ti=<TaskInstance: velov_dag.save_stations_to_mongo scheduled__2025-12-23T00:00:00+00:00 [queued]>
[2025-12-24T00:36:30.717+0000] {taskinstance.py:2865} INFO - Starting attempt 1 of 2
[2025-12-24T00:36:30.746+0000] {taskinstance.py:2888} INFO - Executing <Task(PythonOperator): save_stations_to_mongo> on 2025-12-23 00:00:00+00:00
[2025-12-24T00:36:30.762+0000] {warnings.py:112} WARNING - /home/***/.local/lib/python3.12/site-packages/***/task/task_runner/standard_task_runner.py:70: DeprecationWarning: This process (pid=145) is multi-threaded, use of fork() may lead to deadlocks in the child.
  pid = os.fork()

[2025-12-24T00:36:30.768+0000] {standard_task_runner.py:72} INFO - Started process 149 to run task
[2025-12-24T00:36:30.767+0000] {standard_task_runner.py:104} INFO - Running: ['***', 'tasks', 'run', 'velov_dag', 'save_stations_to_mongo', 'scheduled__2025-12-23T00:00:00+00:00', '--job-id', '270', '--raw', '--subdir', 'DAGS_FOLDER/global_DAG.py', '--cfg-path', '/tmp/tmprivtiroi']
[2025-12-24T00:36:30.773+0000] {standard_task_runner.py:105} INFO - Job 270: Subtask save_stations_to_mongo
[2025-12-24T00:36:30.933+0000] {task_command.py:467} INFO - Running <TaskInstance: velov_dag.save_stations_to_mongo scheduled__2025-12-23T00:00:00+00:00 [running]> on host 172.18.0.13
[2025-12-24T00:36:30.939+0000] {warnings.py:112} WARNING - /home/***/.local/lib/python3.12/site-packages/***/settings.py:605: DeprecationWarning: The sql_engine_encoding option in [core] has been moved to the sql_engine_encoding option in [database] - the old setting has been used, but please update your config.
  engine_args["encoding"] = conf.get("database", "SQL_ENGINE_ENCODING", fallback="utf-8")

[2025-12-24T00:36:31.134+0000] {taskinstance.py:3131} INFO - Exporting env vars: AIRFLOW_CTX_DAG_OWNER='***' AIRFLOW_CTX_DAG_ID='velov_dag' AIRFLOW_CTX_TASK_ID='save_stations_to_mongo' AIRFLOW_CTX_EXECUTION_DATE='2025-12-23T00:00:00+00:00' AIRFLOW_CTX_TRY_NUMBER='1' AIRFLOW_CTX_DAG_RUN_ID='scheduled__2025-12-23T00:00:00+00:00'
[2025-12-24T00:36:31.137+0000] {taskinstance.py:731} INFO - ::endgroup::
[2025-12-24T00:36:31.405+0000] {logging_mixin.py:190} INFO - Inséré 298 documents dans VelovDB.velov_stations
[2025-12-24T00:36:31.407+0000] {logging_mixin.py:190} INFO -  Index géospatial 2dsphere créé sur 'location'
[2025-12-24T00:36:31.410+0000] {python.py:240} INFO - Done. Returned value was: None
[2025-12-24T00:36:31.432+0000] {taskinstance.py:340} INFO - ::group::Post task execution logs
[2025-12-24T00:36:31.433+0000] {taskinstance.py:352} INFO - Marking task as SUCCESS. dag_id=velov_dag, task_id=save_stations_to_mongo, run_id=scheduled__2025-12-23T00:00:00+00:00, execution_date=20251223T000000, start_date=20251224T003630, end_date=20251224T003631
[2025-12-24T00:36:31.482+0000] {local_task_job_runner.py:266} INFO - Task exited with return code 0
[2025-12-24T00:36:31.518+0000] {taskinstance.py:3900} INFO - 1 downstream tasks scheduled from follow-on schedule check
[2025-12-24T00:36:31.521+0000] {local_task_job_runner.py:245} INFO - ::endgroup::
