[2025-12-26T17:17:37.831+0000] {processor.py:186} INFO - Started process (PID=82) to work on /opt/airflow/dags/libs/ingestion.py
[2025-12-26T17:17:37.833+0000] {processor.py:914} INFO - Processing file /opt/airflow/dags/libs/ingestion.py for tasks to queue
[2025-12-26T17:17:37.837+0000] {logging_mixin.py:190} INFO - [2025-12-26T17:17:37.837+0000] {dagbag.py:588} INFO - Filling up the DagBag from /opt/airflow/dags/libs/ingestion.py
[2025-12-26T17:17:38.068+0000] {processor.py:927} WARNING - No viable dags retrieved from /opt/airflow/dags/libs/ingestion.py
[2025-12-26T17:17:38.102+0000] {processor.py:208} INFO - Processing /opt/airflow/dags/libs/ingestion.py took 0.289 seconds
[2025-12-26T17:18:04.539+0000] {processor.py:186} INFO - Started process (PID=63) to work on /opt/airflow/dags/libs/ingestion.py
[2025-12-26T17:18:04.540+0000] {processor.py:914} INFO - Processing file /opt/airflow/dags/libs/ingestion.py for tasks to queue
[2025-12-26T17:18:04.545+0000] {logging_mixin.py:190} INFO - [2025-12-26T17:18:04.544+0000] {dagbag.py:588} INFO - Filling up the DagBag from /opt/airflow/dags/libs/ingestion.py
[2025-12-26T17:18:04.563+0000] {processor.py:927} WARNING - No viable dags retrieved from /opt/airflow/dags/libs/ingestion.py
[2025-12-26T17:18:04.587+0000] {processor.py:208} INFO - Processing /opt/airflow/dags/libs/ingestion.py took 0.057 seconds
[2025-12-26T17:18:33.937+0000] {processor.py:186} INFO - Started process (PID=65) to work on /opt/airflow/dags/libs/ingestion.py
[2025-12-26T17:18:33.938+0000] {processor.py:914} INFO - Processing file /opt/airflow/dags/libs/ingestion.py for tasks to queue
[2025-12-26T17:18:33.945+0000] {logging_mixin.py:190} INFO - [2025-12-26T17:18:33.941+0000] {dagbag.py:588} INFO - Filling up the DagBag from /opt/airflow/dags/libs/ingestion.py
[2025-12-26T17:18:33.969+0000] {processor.py:927} WARNING - No viable dags retrieved from /opt/airflow/dags/libs/ingestion.py
[2025-12-26T17:18:33.990+0000] {processor.py:208} INFO - Processing /opt/airflow/dags/libs/ingestion.py took 0.064 seconds
[2025-12-26T17:19:03.811+0000] {processor.py:186} INFO - Started process (PID=71) to work on /opt/airflow/dags/libs/ingestion.py
[2025-12-26T17:19:03.813+0000] {processor.py:914} INFO - Processing file /opt/airflow/dags/libs/ingestion.py for tasks to queue
[2025-12-26T17:19:03.818+0000] {logging_mixin.py:190} INFO - [2025-12-26T17:19:03.817+0000] {dagbag.py:588} INFO - Filling up the DagBag from /opt/airflow/dags/libs/ingestion.py
[2025-12-26T17:19:03.850+0000] {processor.py:927} WARNING - No viable dags retrieved from /opt/airflow/dags/libs/ingestion.py
[2025-12-26T17:19:03.877+0000] {processor.py:208} INFO - Processing /opt/airflow/dags/libs/ingestion.py took 0.075 seconds
[2025-12-26T17:19:35.580+0000] {processor.py:186} INFO - Started process (PID=71) to work on /opt/airflow/dags/libs/ingestion.py
[2025-12-26T17:19:35.581+0000] {processor.py:914} INFO - Processing file /opt/airflow/dags/libs/ingestion.py for tasks to queue
[2025-12-26T17:19:35.587+0000] {logging_mixin.py:190} INFO - [2025-12-26T17:19:35.586+0000] {dagbag.py:588} INFO - Filling up the DagBag from /opt/airflow/dags/libs/ingestion.py
[2025-12-26T17:19:35.612+0000] {processor.py:927} WARNING - No viable dags retrieved from /opt/airflow/dags/libs/ingestion.py
[2025-12-26T17:19:35.634+0000] {processor.py:208} INFO - Processing /opt/airflow/dags/libs/ingestion.py took 0.065 seconds
