[2025-12-23T19:13:14.791+0000] {local_task_job_runner.py:123} INFO - ::group::Pre task execution logs
[2025-12-23T19:13:14.874+0000] {taskinstance.py:2612} INFO - Dependencies all met for dep_context=non-requeueable deps ti=<TaskInstance: velov_dag.clean_accidents scheduled__2025-12-22T00:00:00+00:00 [queued]>
[2025-12-23T19:13:14.903+0000] {taskinstance.py:2612} INFO - Dependencies all met for dep_context=requeueable deps ti=<TaskInstance: velov_dag.clean_accidents scheduled__2025-12-22T00:00:00+00:00 [queued]>
[2025-12-23T19:13:14.905+0000] {taskinstance.py:2865} INFO - Starting attempt 1 of 2
[2025-12-23T19:13:15.002+0000] {taskinstance.py:2888} INFO - Executing <Task(PythonOperator): clean_accidents> on 2025-12-22 00:00:00+00:00
[2025-12-23T19:13:15.034+0000] {warnings.py:112} WARNING - /home/***/.local/lib/python3.12/site-packages/***/task/task_runner/standard_task_runner.py:70: DeprecationWarning: This process (pid=125) is multi-threaded, use of fork() may lead to deadlocks in the child.
  pid = os.fork()

[2025-12-23T19:13:15.044+0000] {standard_task_runner.py:72} INFO - Started process 131 to run task
[2025-12-23T19:13:15.046+0000] {standard_task_runner.py:104} INFO - Running: ['***', 'tasks', 'run', 'velov_dag', 'clean_accidents', 'scheduled__2025-12-22T00:00:00+00:00', '--job-id', '64', '--raw', '--subdir', 'DAGS_FOLDER/velov_dag.py', '--cfg-path', '/tmp/tmpii9lo5_j']
[2025-12-23T19:13:15.055+0000] {standard_task_runner.py:105} INFO - Job 64: Subtask clean_accidents
[2025-12-23T19:13:15.218+0000] {task_command.py:467} INFO - Running <TaskInstance: velov_dag.clean_accidents scheduled__2025-12-22T00:00:00+00:00 [running]> on host 172.18.0.13
[2025-12-23T19:13:15.224+0000] {warnings.py:112} WARNING - /home/***/.local/lib/python3.12/site-packages/***/settings.py:605: DeprecationWarning: The sql_engine_encoding option in [core] has been moved to the sql_engine_encoding option in [database] - the old setting has been used, but please update your config.
  engine_args["encoding"] = conf.get("database", "SQL_ENGINE_ENCODING", fallback="utf-8")

[2025-12-23T19:13:16.389+0000] {taskinstance.py:3131} INFO - Exporting env vars: AIRFLOW_CTX_DAG_OWNER='***' AIRFLOW_CTX_DAG_ID='velov_dag' AIRFLOW_CTX_TASK_ID='clean_accidents' AIRFLOW_CTX_EXECUTION_DATE='2025-12-22T00:00:00+00:00' AIRFLOW_CTX_TRY_NUMBER='1' AIRFLOW_CTX_DAG_RUN_ID='scheduled__2025-12-22T00:00:00+00:00'
[2025-12-23T19:13:16.398+0000] {taskinstance.py:731} INFO - ::endgroup::
[2025-12-23T19:13:16.469+0000] {logging_mixin.py:190} INFO - --- Traitement Accidents : /opt/***/data/landing/accidentsVelo.csv ---
[2025-12-23T19:13:16.495+0000] {logging_mixin.py:190} INFO - Lecture du fichier brut...
[2025-12-23T19:13:18.038+0000] {warnings.py:112} WARNING - /opt/***/dags/libs/wrangling.py:18: DtypeWarning: Columns (8,9,17,20,21,30) have mixed types. Specify dtype option on import or set low_memory=False.
  df = pd.read_csv(input_path)

[2025-12-23T19:13:19.017+0000] {logging_mixin.py:190} INFO -  Fichier nettoyé enregistré dans : /opt/***/data/staging/accidents_clean_lyon.csv
[2025-12-23T19:13:19.022+0000] {logging_mixin.py:190} INFO - Nombre de lignes finales : 514
[2025-12-23T19:13:19.026+0000] {python.py:240} INFO - Done. Returned value was: None
[2025-12-23T19:13:19.070+0000] {taskinstance.py:340} INFO - ::group::Post task execution logs
[2025-12-23T19:13:19.075+0000] {taskinstance.py:352} INFO - Marking task as SUCCESS. dag_id=velov_dag, task_id=clean_accidents, run_id=scheduled__2025-12-22T00:00:00+00:00, execution_date=20251222T000000, start_date=20251223T191314, end_date=20251223T191319
[2025-12-23T19:13:19.203+0000] {local_task_job_runner.py:266} INFO - Task exited with return code 0
[2025-12-23T19:13:19.291+0000] {taskinstance.py:3900} INFO - 0 downstream tasks scheduled from follow-on schedule check
[2025-12-23T19:13:19.304+0000] {local_task_job_runner.py:245} INFO - ::endgroup::
[2025-12-23T20:17:42.699+0000] {local_task_job_runner.py:123} INFO - ::group::Pre task execution logs
[2025-12-23T20:17:42.745+0000] {taskinstance.py:2612} INFO - Dependencies all met for dep_context=non-requeueable deps ti=<TaskInstance: velov_dag.clean_accidents scheduled__2025-12-22T00:00:00+00:00 [queued]>
[2025-12-23T20:17:42.763+0000] {taskinstance.py:2612} INFO - Dependencies all met for dep_context=requeueable deps ti=<TaskInstance: velov_dag.clean_accidents scheduled__2025-12-22T00:00:00+00:00 [queued]>
[2025-12-23T20:17:42.764+0000] {taskinstance.py:2865} INFO - Starting attempt 1 of 2
[2025-12-23T20:17:42.815+0000] {taskinstance.py:2888} INFO - Executing <Task(PythonOperator): clean_accidents> on 2025-12-22 00:00:00+00:00
[2025-12-23T20:17:42.831+0000] {warnings.py:112} WARNING - /home/***/.local/lib/python3.12/site-packages/***/task/task_runner/standard_task_runner.py:70: DeprecationWarning: This process (pid=177) is multi-threaded, use of fork() may lead to deadlocks in the child.
  pid = os.fork()

[2025-12-23T20:17:42.840+0000] {standard_task_runner.py:72} INFO - Started process 185 to run task
[2025-12-23T20:17:42.836+0000] {standard_task_runner.py:104} INFO - Running: ['***', 'tasks', 'run', 'velov_dag', 'clean_accidents', 'scheduled__2025-12-22T00:00:00+00:00', '--job-id', '85', '--raw', '--subdir', 'DAGS_FOLDER/global_DAG.py', '--cfg-path', '/tmp/tmpvqgqti5y']
[2025-12-23T20:17:42.846+0000] {standard_task_runner.py:105} INFO - Job 85: Subtask clean_accidents
[2025-12-23T20:17:43.023+0000] {task_command.py:467} INFO - Running <TaskInstance: velov_dag.clean_accidents scheduled__2025-12-22T00:00:00+00:00 [running]> on host 172.18.0.13
[2025-12-23T20:17:43.030+0000] {warnings.py:112} WARNING - /home/***/.local/lib/python3.12/site-packages/***/settings.py:605: DeprecationWarning: The sql_engine_encoding option in [core] has been moved to the sql_engine_encoding option in [database] - the old setting has been used, but please update your config.
  engine_args["encoding"] = conf.get("database", "SQL_ENGINE_ENCODING", fallback="utf-8")

[2025-12-23T20:17:43.655+0000] {taskinstance.py:3131} INFO - Exporting env vars: AIRFLOW_CTX_DAG_OWNER='***' AIRFLOW_CTX_DAG_ID='velov_dag' AIRFLOW_CTX_TASK_ID='clean_accidents' AIRFLOW_CTX_EXECUTION_DATE='2025-12-22T00:00:00+00:00' AIRFLOW_CTX_TRY_NUMBER='1' AIRFLOW_CTX_DAG_RUN_ID='scheduled__2025-12-22T00:00:00+00:00'
[2025-12-23T20:17:43.658+0000] {taskinstance.py:731} INFO - ::endgroup::
[2025-12-23T20:17:43.722+0000] {logging_mixin.py:190} INFO - --- Traitement Accidents : /opt/***/data/landing/accidentsVelo.csv ---
[2025-12-23T20:17:43.743+0000] {logging_mixin.py:190} INFO - Lecture du fichier brut...
[2025-12-23T20:17:44.928+0000] {warnings.py:112} WARNING - /opt/***/dags/libs/wrangling.py:18: DtypeWarning: Columns (8,9,17,20,21,30) have mixed types. Specify dtype option on import or set low_memory=False.
  df = pd.read_csv(input_path)

[2025-12-23T20:17:45.255+0000] {logging_mixin.py:190} INFO -  Fichier nettoyé enregistré dans : /opt/***/data/staging/accidents_clean_lyon.csv
[2025-12-23T20:17:45.257+0000] {logging_mixin.py:190} INFO - Nombre de lignes finales : 514
[2025-12-23T20:17:45.258+0000] {python.py:240} INFO - Done. Returned value was: None
[2025-12-23T20:17:45.302+0000] {taskinstance.py:340} INFO - ::group::Post task execution logs
[2025-12-23T20:17:45.307+0000] {taskinstance.py:352} INFO - Marking task as SUCCESS. dag_id=velov_dag, task_id=clean_accidents, run_id=scheduled__2025-12-22T00:00:00+00:00, execution_date=20251222T000000, start_date=20251223T201742, end_date=20251223T201745
[2025-12-23T20:17:45.463+0000] {local_task_job_runner.py:266} INFO - Task exited with return code 0
[2025-12-23T20:17:45.522+0000] {taskinstance.py:3900} INFO - 1 downstream tasks scheduled from follow-on schedule check
[2025-12-23T20:17:45.537+0000] {local_task_job_runner.py:245} INFO - ::endgroup::
[2025-12-23T20:25:18.572+0000] {local_task_job_runner.py:123} INFO - ::group::Pre task execution logs
[2025-12-23T20:25:18.647+0000] {taskinstance.py:2612} INFO - Dependencies all met for dep_context=non-requeueable deps ti=<TaskInstance: velov_dag.clean_accidents scheduled__2025-12-22T00:00:00+00:00 [queued]>
[2025-12-23T20:25:18.682+0000] {taskinstance.py:2612} INFO - Dependencies all met for dep_context=requeueable deps ti=<TaskInstance: velov_dag.clean_accidents scheduled__2025-12-22T00:00:00+00:00 [queued]>
[2025-12-23T20:25:18.685+0000] {taskinstance.py:2865} INFO - Starting attempt 1 of 2
[2025-12-23T20:25:18.732+0000] {taskinstance.py:2888} INFO - Executing <Task(PythonOperator): clean_accidents> on 2025-12-22 00:00:00+00:00
[2025-12-23T20:25:18.753+0000] {warnings.py:112} WARNING - /home/***/.local/lib/python3.12/site-packages/***/task/task_runner/standard_task_runner.py:70: DeprecationWarning: This process (pid=213) is multi-threaded, use of fork() may lead to deadlocks in the child.
  pid = os.fork()

[2025-12-23T20:25:18.760+0000] {standard_task_runner.py:72} INFO - Started process 225 to run task
[2025-12-23T20:25:18.761+0000] {standard_task_runner.py:104} INFO - Running: ['***', 'tasks', 'run', 'velov_dag', 'clean_accidents', 'scheduled__2025-12-22T00:00:00+00:00', '--job-id', '97', '--raw', '--subdir', 'DAGS_FOLDER/global_DAG.py', '--cfg-path', '/tmp/tmpg1_elf9w']
[2025-12-23T20:25:18.778+0000] {standard_task_runner.py:105} INFO - Job 97: Subtask clean_accidents
[2025-12-23T20:25:18.998+0000] {task_command.py:467} INFO - Running <TaskInstance: velov_dag.clean_accidents scheduled__2025-12-22T00:00:00+00:00 [running]> on host 172.18.0.13
[2025-12-23T20:25:19.006+0000] {warnings.py:112} WARNING - /home/***/.local/lib/python3.12/site-packages/***/settings.py:605: DeprecationWarning: The sql_engine_encoding option in [core] has been moved to the sql_engine_encoding option in [database] - the old setting has been used, but please update your config.
  engine_args["encoding"] = conf.get("database", "SQL_ENGINE_ENCODING", fallback="utf-8")

[2025-12-23T20:25:19.391+0000] {taskinstance.py:3131} INFO - Exporting env vars: AIRFLOW_CTX_DAG_OWNER='***' AIRFLOW_CTX_DAG_ID='velov_dag' AIRFLOW_CTX_TASK_ID='clean_accidents' AIRFLOW_CTX_EXECUTION_DATE='2025-12-22T00:00:00+00:00' AIRFLOW_CTX_TRY_NUMBER='1' AIRFLOW_CTX_DAG_RUN_ID='scheduled__2025-12-22T00:00:00+00:00'
[2025-12-23T20:25:19.407+0000] {taskinstance.py:731} INFO - ::endgroup::
[2025-12-23T20:25:19.474+0000] {logging_mixin.py:190} INFO - --- Traitement Accidents : /opt/***/data/landing/accidentsVelo.csv ---
[2025-12-23T20:25:19.484+0000] {logging_mixin.py:190} INFO - Lecture du fichier brut...
[2025-12-23T20:25:21.628+0000] {warnings.py:112} WARNING - /opt/***/dags/libs/wrangling.py:18: DtypeWarning: Columns (8,9,17,20,21,30) have mixed types. Specify dtype option on import or set low_memory=False.
  df = pd.read_csv(input_path)

[2025-12-23T20:25:21.994+0000] {logging_mixin.py:190} INFO -  Fichier nettoyé enregistré dans : /opt/***/data/staging/accidents_clean_lyon.csv
[2025-12-23T20:25:22.005+0000] {logging_mixin.py:190} INFO - Nombre de lignes finales : 514
[2025-12-23T20:25:22.009+0000] {python.py:240} INFO - Done. Returned value was: None
[2025-12-23T20:25:22.044+0000] {taskinstance.py:340} INFO - ::group::Post task execution logs
[2025-12-23T20:25:22.048+0000] {taskinstance.py:352} INFO - Marking task as SUCCESS. dag_id=velov_dag, task_id=clean_accidents, run_id=scheduled__2025-12-22T00:00:00+00:00, execution_date=20251222T000000, start_date=20251223T202518, end_date=20251223T202522
[2025-12-23T20:25:22.183+0000] {local_task_job_runner.py:266} INFO - Task exited with return code 0
[2025-12-23T20:25:22.276+0000] {taskinstance.py:3900} INFO - 1 downstream tasks scheduled from follow-on schedule check
[2025-12-23T20:25:22.304+0000] {local_task_job_runner.py:245} INFO - ::endgroup::
[2025-12-23T20:36:18.662+0000] {local_task_job_runner.py:123} INFO - ::group::Pre task execution logs
[2025-12-23T20:36:18.752+0000] {taskinstance.py:2612} INFO - Dependencies all met for dep_context=non-requeueable deps ti=<TaskInstance: velov_dag.clean_accidents scheduled__2025-12-22T00:00:00+00:00 [queued]>
[2025-12-23T20:36:18.806+0000] {taskinstance.py:2612} INFO - Dependencies all met for dep_context=requeueable deps ti=<TaskInstance: velov_dag.clean_accidents scheduled__2025-12-22T00:00:00+00:00 [queued]>
[2025-12-23T20:36:18.811+0000] {taskinstance.py:2865} INFO - Starting attempt 1 of 2
[2025-12-23T20:36:18.888+0000] {taskinstance.py:2888} INFO - Executing <Task(PythonOperator): clean_accidents> on 2025-12-22 00:00:00+00:00
[2025-12-23T20:36:18.912+0000] {warnings.py:112} WARNING - /home/***/.local/lib/python3.12/site-packages/***/task/task_runner/standard_task_runner.py:70: DeprecationWarning: This process (pid=246) is multi-threaded, use of fork() may lead to deadlocks in the child.
  pid = os.fork()

[2025-12-23T20:36:18.927+0000] {standard_task_runner.py:72} INFO - Started process 255 to run task
[2025-12-23T20:36:18.919+0000] {standard_task_runner.py:104} INFO - Running: ['***', 'tasks', 'run', 'velov_dag', 'clean_accidents', 'scheduled__2025-12-22T00:00:00+00:00', '--job-id', '109', '--raw', '--subdir', 'DAGS_FOLDER/global_DAG.py', '--cfg-path', '/tmp/tmpabqzwr1j']
[2025-12-23T20:36:18.930+0000] {standard_task_runner.py:105} INFO - Job 109: Subtask clean_accidents
[2025-12-23T20:36:19.215+0000] {task_command.py:467} INFO - Running <TaskInstance: velov_dag.clean_accidents scheduled__2025-12-22T00:00:00+00:00 [running]> on host 172.18.0.13
[2025-12-23T20:36:19.223+0000] {warnings.py:112} WARNING - /home/***/.local/lib/python3.12/site-packages/***/settings.py:605: DeprecationWarning: The sql_engine_encoding option in [core] has been moved to the sql_engine_encoding option in [database] - the old setting has been used, but please update your config.
  engine_args["encoding"] = conf.get("database", "SQL_ENGINE_ENCODING", fallback="utf-8")

[2025-12-23T20:36:20.383+0000] {taskinstance.py:3131} INFO - Exporting env vars: AIRFLOW_CTX_DAG_OWNER='***' AIRFLOW_CTX_DAG_ID='velov_dag' AIRFLOW_CTX_TASK_ID='clean_accidents' AIRFLOW_CTX_EXECUTION_DATE='2025-12-22T00:00:00+00:00' AIRFLOW_CTX_TRY_NUMBER='1' AIRFLOW_CTX_DAG_RUN_ID='scheduled__2025-12-22T00:00:00+00:00'
[2025-12-23T20:36:20.412+0000] {taskinstance.py:731} INFO - ::endgroup::
[2025-12-23T20:36:20.483+0000] {logging_mixin.py:190} INFO - --- Traitement Accidents : /opt/***/data/landing/accidentsVelo.csv ---
[2025-12-23T20:36:20.542+0000] {logging_mixin.py:190} INFO - Lecture du fichier brut...
[2025-12-23T20:36:22.610+0000] {warnings.py:112} WARNING - /opt/***/dags/libs/wrangling.py:18: DtypeWarning: Columns (8,9,17,20,21,30) have mixed types. Specify dtype option on import or set low_memory=False.
  df = pd.read_csv(input_path)

[2025-12-23T20:36:22.995+0000] {logging_mixin.py:190} INFO -  Fichier nettoyé enregistré dans : /opt/***/data/staging/accidents_clean_lyon.csv
[2025-12-23T20:36:22.997+0000] {logging_mixin.py:190} INFO - Nombre de lignes finales : 514
[2025-12-23T20:36:22.998+0000] {python.py:240} INFO - Done. Returned value was: None
[2025-12-23T20:36:23.044+0000] {taskinstance.py:340} INFO - ::group::Post task execution logs
[2025-12-23T20:36:23.045+0000] {taskinstance.py:352} INFO - Marking task as SUCCESS. dag_id=velov_dag, task_id=clean_accidents, run_id=scheduled__2025-12-22T00:00:00+00:00, execution_date=20251222T000000, start_date=20251223T203618, end_date=20251223T203623
[2025-12-23T20:36:23.175+0000] {local_task_job_runner.py:266} INFO - Task exited with return code 0
[2025-12-23T20:36:23.297+0000] {taskinstance.py:3900} INFO - 1 downstream tasks scheduled from follow-on schedule check
[2025-12-23T20:36:23.301+0000] {local_task_job_runner.py:245} INFO - ::endgroup::
[2025-12-23T20:43:47.085+0000] {local_task_job_runner.py:123} INFO - ::group::Pre task execution logs
[2025-12-23T20:43:47.222+0000] {taskinstance.py:2612} INFO - Dependencies all met for dep_context=non-requeueable deps ti=<TaskInstance: velov_dag.clean_accidents scheduled__2025-12-22T00:00:00+00:00 [queued]>
[2025-12-23T20:43:47.274+0000] {taskinstance.py:2612} INFO - Dependencies all met for dep_context=requeueable deps ti=<TaskInstance: velov_dag.clean_accidents scheduled__2025-12-22T00:00:00+00:00 [queued]>
[2025-12-23T20:43:47.275+0000] {taskinstance.py:2865} INFO - Starting attempt 1 of 2
[2025-12-23T20:43:47.472+0000] {taskinstance.py:2888} INFO - Executing <Task(PythonOperator): clean_accidents> on 2025-12-22 00:00:00+00:00
[2025-12-23T20:43:47.531+0000] {warnings.py:112} WARNING - /home/***/.local/lib/python3.12/site-packages/***/task/task_runner/standard_task_runner.py:70: DeprecationWarning: This process (pid=301) is multi-threaded, use of fork() may lead to deadlocks in the child.
  pid = os.fork()

[2025-12-23T20:43:47.537+0000] {standard_task_runner.py:72} INFO - Started process 315 to run task
[2025-12-23T20:43:47.548+0000] {standard_task_runner.py:104} INFO - Running: ['***', 'tasks', 'run', 'velov_dag', 'clean_accidents', 'scheduled__2025-12-22T00:00:00+00:00', '--job-id', '127', '--raw', '--subdir', 'DAGS_FOLDER/global_DAG.py', '--cfg-path', '/tmp/tmpiwz98wrx']
[2025-12-23T20:43:47.570+0000] {standard_task_runner.py:105} INFO - Job 127: Subtask clean_accidents
[2025-12-23T20:43:48.087+0000] {task_command.py:467} INFO - Running <TaskInstance: velov_dag.clean_accidents scheduled__2025-12-22T00:00:00+00:00 [running]> on host 172.18.0.13
[2025-12-23T20:43:48.103+0000] {warnings.py:112} WARNING - /home/***/.local/lib/python3.12/site-packages/***/settings.py:605: DeprecationWarning: The sql_engine_encoding option in [core] has been moved to the sql_engine_encoding option in [database] - the old setting has been used, but please update your config.
  engine_args["encoding"] = conf.get("database", "SQL_ENGINE_ENCODING", fallback="utf-8")

[2025-12-23T20:43:48.682+0000] {taskinstance.py:3131} INFO - Exporting env vars: AIRFLOW_CTX_DAG_OWNER='***' AIRFLOW_CTX_DAG_ID='velov_dag' AIRFLOW_CTX_TASK_ID='clean_accidents' AIRFLOW_CTX_EXECUTION_DATE='2025-12-22T00:00:00+00:00' AIRFLOW_CTX_TRY_NUMBER='1' AIRFLOW_CTX_DAG_RUN_ID='scheduled__2025-12-22T00:00:00+00:00'
[2025-12-23T20:43:48.685+0000] {taskinstance.py:731} INFO - ::endgroup::
[2025-12-23T20:43:48.743+0000] {logging_mixin.py:190} INFO - --- Traitement Accidents : /opt/***/data/landing/accidentsVelo.csv ---
[2025-12-23T20:43:48.822+0000] {logging_mixin.py:190} INFO - Lecture du fichier brut...
[2025-12-23T20:43:51.291+0000] {warnings.py:112} WARNING - /opt/***/dags/libs/wrangling.py:18: DtypeWarning: Columns (8,9,17,20,21,30) have mixed types. Specify dtype option on import or set low_memory=False.
  df = pd.read_csv(input_path)

[2025-12-23T20:43:51.873+0000] {logging_mixin.py:190} INFO -  Fichier nettoyé enregistré dans : /opt/***/data/staging/accidents_clean_lyon.csv
[2025-12-23T20:43:51.874+0000] {logging_mixin.py:190} INFO - Nombre de lignes finales : 514
[2025-12-23T20:43:51.875+0000] {python.py:240} INFO - Done. Returned value was: None
[2025-12-23T20:43:51.971+0000] {taskinstance.py:340} INFO - ::group::Post task execution logs
[2025-12-23T20:43:51.974+0000] {taskinstance.py:352} INFO - Marking task as SUCCESS. dag_id=velov_dag, task_id=clean_accidents, run_id=scheduled__2025-12-22T00:00:00+00:00, execution_date=20251222T000000, start_date=20251223T204347, end_date=20251223T204351
[2025-12-23T20:43:52.275+0000] {local_task_job_runner.py:266} INFO - Task exited with return code 0
[2025-12-23T20:43:52.568+0000] {standard_task_runner.py:217} INFO - Process not found (most likely exited), stop collecting metrics
[2025-12-23T20:43:52.912+0000] {taskinstance.py:3900} INFO - 1 downstream tasks scheduled from follow-on schedule check
[2025-12-23T20:43:52.990+0000] {local_task_job_runner.py:245} INFO - ::endgroup::
