[2025-12-24T00:37:56.873+0000] {local_task_job_runner.py:123} INFO - ::group::Pre task execution logs
[2025-12-24T00:37:56.895+0000] {taskinstance.py:2612} INFO - Dependencies all met for dep_context=non-requeueable deps ti=<TaskInstance: velov_dag.mongo_to_neo4j_graph scheduled__2025-12-23T00:00:00+00:00 [queued]>
[2025-12-24T00:37:56.904+0000] {taskinstance.py:2612} INFO - Dependencies all met for dep_context=requeueable deps ti=<TaskInstance: velov_dag.mongo_to_neo4j_graph scheduled__2025-12-23T00:00:00+00:00 [queued]>
[2025-12-24T00:37:56.905+0000] {taskinstance.py:2865} INFO - Starting attempt 2 of 2
[2025-12-24T00:37:56.922+0000] {taskinstance.py:2888} INFO - Executing <Task(PythonOperator): mongo_to_neo4j_graph> on 2025-12-23 00:00:00+00:00
[2025-12-24T00:37:56.933+0000] {warnings.py:112} WARNING - /home/***/.local/lib/python3.12/site-packages/***/task/task_runner/standard_task_runner.py:70: DeprecationWarning: This process (pid=173) is multi-threaded, use of fork() may lead to deadlocks in the child.
  pid = os.fork()

[2025-12-24T00:37:56.936+0000] {standard_task_runner.py:72} INFO - Started process 175 to run task
[2025-12-24T00:37:56.936+0000] {standard_task_runner.py:104} INFO - Running: ['***', 'tasks', 'run', 'velov_dag', 'mongo_to_neo4j_graph', 'scheduled__2025-12-23T00:00:00+00:00', '--job-id', '276', '--raw', '--subdir', 'DAGS_FOLDER/global_DAG.py', '--cfg-path', '/tmp/tmpffctdb05']
[2025-12-24T00:37:56.940+0000] {standard_task_runner.py:105} INFO - Job 276: Subtask mongo_to_neo4j_graph
[2025-12-24T00:37:57.025+0000] {task_command.py:467} INFO - Running <TaskInstance: velov_dag.mongo_to_neo4j_graph scheduled__2025-12-23T00:00:00+00:00 [running]> on host 172.18.0.13
[2025-12-24T00:37:57.029+0000] {warnings.py:112} WARNING - /home/***/.local/lib/python3.12/site-packages/***/settings.py:605: DeprecationWarning: The sql_engine_encoding option in [core] has been moved to the sql_engine_encoding option in [database] - the old setting has been used, but please update your config.
  engine_args["encoding"] = conf.get("database", "SQL_ENGINE_ENCODING", fallback="utf-8")

[2025-12-24T00:37:57.125+0000] {taskinstance.py:3131} INFO - Exporting env vars: AIRFLOW_CTX_DAG_OWNER='***' AIRFLOW_CTX_DAG_ID='velov_dag' AIRFLOW_CTX_TASK_ID='mongo_to_neo4j_graph' AIRFLOW_CTX_EXECUTION_DATE='2025-12-23T00:00:00+00:00' AIRFLOW_CTX_TRY_NUMBER='2' AIRFLOW_CTX_DAG_RUN_ID='scheduled__2025-12-23T00:00:00+00:00'
[2025-12-24T00:37:57.127+0000] {taskinstance.py:731} INFO - ::endgroup::
[2025-12-24T00:37:57.212+0000] {production.py:93} WARNING - scipy not available; using numpy fallback KNN (slower).
[2025-12-24T00:37:57.531+0000] {result.py:332} INFO - Received notification from DBMS server: {severity: INFORMATION} {code: Neo.ClientNotification.Schema.IndexOrConstraintAlreadyExists} {category: SCHEMA} {title: `CREATE CONSTRAINT station_id_unique IF NOT EXISTS FOR (e:Station) REQUIRE (e.station_id) IS UNIQUE` has no effect.} {description: `CONSTRAINT station_id_unique FOR (e:Station) REQUIRE (e.station_id) IS UNIQUE` already exists.} {position: None} for query: '\n        CREATE CONSTRAINT station_id_unique IF NOT EXISTS\n        FOR (s:Station) REQUIRE s.station_id IS UNIQUE\n        '
[2025-12-24T00:37:58.602+0000] {python.py:240} INFO - Done. Returned value was: (298, 2980)
[2025-12-24T00:37:58.647+0000] {taskinstance.py:340} INFO - ::group::Post task execution logs
[2025-12-24T00:37:58.648+0000] {taskinstance.py:352} INFO - Marking task as SUCCESS. dag_id=velov_dag, task_id=mongo_to_neo4j_graph, run_id=scheduled__2025-12-23T00:00:00+00:00, execution_date=20251223T000000, start_date=20251224T003756, end_date=20251224T003758
[2025-12-24T00:37:58.741+0000] {local_task_job_runner.py:266} INFO - Task exited with return code 0
[2025-12-24T00:37:58.786+0000] {taskinstance.py:3900} INFO - 0 downstream tasks scheduled from follow-on schedule check
[2025-12-24T00:37:58.801+0000] {local_task_job_runner.py:245} INFO - ::endgroup::
