{"timestamp":"2025-11-15T02:11:08.808456Z","level":"info","event":"Filling up the DagBag from /opt/airflow/dags/accidents_dag.py","logger":"airflow.models.dagbag.DagBag","filename":"dagbag.py","lineno":593}
{"timestamp":"2025-11-15T02:11:10.220000Z","level":"warning","event":"The `airflow.operators.python.PythonOperator` attribute is deprecated. Please use `'airflow.providers.standard.operators.python.PythonOperator'`.","category":"DeprecatedImportWarning","filename":"/opt/airflow/dags/accidents_dag.py","lineno":8,"logger":"py.warnings"}
{"timestamp":"2025-11-15T02:11:10.220494Z","level":"warning","event":"The `airflow.operators.python.BranchPythonOperator` attribute is deprecated. Please use `'airflow.providers.standard.operators.python.BranchPythonOperator'`.","category":"DeprecatedImportWarning","filename":"/opt/airflow/dags/accidents_dag.py","lineno":8,"logger":"py.warnings"}
{"timestamp":"2025-11-15T02:11:10.220753Z","level":"warning","event":"The `airflow.operators.empty.EmptyOperator` attribute is deprecated. Please use `'airflow.providers.standard.operators.empty.EmptyOperator'`.","category":"DeprecatedImportWarning","filename":"/opt/airflow/dags/accidents_dag.py","lineno":9,"logger":"py.warnings"}
{"timestamp":"2025-11-15T12:23:05.034360Z","level":"info","event":"Filling up the DagBag from /opt/airflow/dags/accidents_dag.py","logger":"airflow.models.dagbag.DagBag","filename":"dagbag.py","lineno":593}
{"timestamp":"2025-11-15T12:23:06.555969Z","level":"warning","event":"The `airflow.operators.python.PythonOperator` attribute is deprecated. Please use `'airflow.providers.standard.operators.python.PythonOperator'`.","category":"DeprecatedImportWarning","filename":"/opt/airflow/dags/accidents_dag.py","lineno":8,"logger":"py.warnings"}
{"timestamp":"2025-11-15T12:23:06.556365Z","level":"warning","event":"The `airflow.operators.python.BranchPythonOperator` attribute is deprecated. Please use `'airflow.providers.standard.operators.python.BranchPythonOperator'`.","category":"DeprecatedImportWarning","filename":"/opt/airflow/dags/accidents_dag.py","lineno":8,"logger":"py.warnings"}
{"timestamp":"2025-11-15T12:23:06.556504Z","level":"warning","event":"The `airflow.operators.empty.EmptyOperator` attribute is deprecated. Please use `'airflow.providers.standard.operators.empty.EmptyOperator'`.","category":"DeprecatedImportWarning","filename":"/opt/airflow/dags/accidents_dag.py","lineno":9,"logger":"py.warnings"}
{"timestamp":"2025-11-15T12:23:06.658753Z","level":"info","event":"Executing Task callback at index 0: failure_alert","logger":"task","filename":"processor.py","lineno":350}
{"timestamp":"2025-11-15T12:23:06.659396Z","level":"error","event":"Task FAILED: dag=accidents_dag task=clean_accidents run_id=scheduled__2025-11-15T00:00:00+00:00 try=1","logger":"unusual_prefix_bf31ee41bca8dfc504d6e4d2b76eed3020206b42_accidents_dag","filename":"accidents_dag.py","lineno":24}
{"timestamp":"2025-11-15T12:23:06.662023Z","level":"error","event":"None","logger":"unusual_prefix_bf31ee41bca8dfc504d6e4d2b76eed3020206b42_accidents_dag","filename":"accidents_dag.py","lineno":32}
{"timestamp":"2025-11-15T12:23:07.069436Z","level":"info","event":"Filling up the DagBag from /opt/airflow/dags/accidents_dag.py","logger":"airflow.models.dagbag.DagBag","filename":"dagbag.py","lineno":593}
{"timestamp":"2025-11-15T12:23:08.882953Z","level":"warning","event":"The `airflow.operators.python.PythonOperator` attribute is deprecated. Please use `'airflow.providers.standard.operators.python.PythonOperator'`.","category":"DeprecatedImportWarning","filename":"/opt/airflow/dags/accidents_dag.py","lineno":8,"logger":"py.warnings"}
{"timestamp":"2025-11-15T12:23:08.883332Z","level":"warning","event":"The `airflow.operators.python.BranchPythonOperator` attribute is deprecated. Please use `'airflow.providers.standard.operators.python.BranchPythonOperator'`.","category":"DeprecatedImportWarning","filename":"/opt/airflow/dags/accidents_dag.py","lineno":8,"logger":"py.warnings"}
{"timestamp":"2025-11-15T12:23:08.883484Z","level":"warning","event":"The `airflow.operators.empty.EmptyOperator` attribute is deprecated. Please use `'airflow.providers.standard.operators.empty.EmptyOperator'`.","category":"DeprecatedImportWarning","filename":"/opt/airflow/dags/accidents_dag.py","lineno":9,"logger":"py.warnings"}
{"timestamp":"2025-11-15T12:23:08.894278Z","level":"info","event":"Executing Task callback at index 0: failure_alert","logger":"task","filename":"processor.py","lineno":350}
{"timestamp":"2025-11-15T12:23:08.894825Z","level":"error","event":"Task FAILED: dag=accidents_dag task=clean_accidents run_id=scheduled__2025-11-15T00:00:00+00:00 try=2","logger":"unusual_prefix_bf31ee41bca8dfc504d6e4d2b76eed3020206b42_accidents_dag","filename":"accidents_dag.py","lineno":24}
{"timestamp":"2025-11-15T12:23:08.895087Z","level":"error","event":"None","logger":"unusual_prefix_bf31ee41bca8dfc504d6e4d2b76eed3020206b42_accidents_dag","filename":"accidents_dag.py","lineno":32}
{"timestamp":"2025-11-15T12:23:09.320761Z","level":"info","event":"Filling up the DagBag from /opt/airflow/dags/accidents_dag.py","logger":"airflow.models.dagbag.DagBag","filename":"dagbag.py","lineno":593}
{"timestamp":"2025-11-15T12:23:10.026624Z","level":"warning","event":"The `airflow.operators.python.PythonOperator` attribute is deprecated. Please use `'airflow.providers.standard.operators.python.PythonOperator'`.","category":"DeprecatedImportWarning","filename":"/opt/airflow/dags/accidents_dag.py","lineno":8,"logger":"py.warnings"}
{"timestamp":"2025-11-15T12:23:10.026924Z","level":"warning","event":"The `airflow.operators.python.BranchPythonOperator` attribute is deprecated. Please use `'airflow.providers.standard.operators.python.BranchPythonOperator'`.","category":"DeprecatedImportWarning","filename":"/opt/airflow/dags/accidents_dag.py","lineno":8,"logger":"py.warnings"}
{"timestamp":"2025-11-15T12:23:10.027044Z","level":"warning","event":"The `airflow.operators.empty.EmptyOperator` attribute is deprecated. Please use `'airflow.providers.standard.operators.empty.EmptyOperator'`.","category":"DeprecatedImportWarning","filename":"/opt/airflow/dags/accidents_dag.py","lineno":9,"logger":"py.warnings"}
{"timestamp":"2025-11-15T12:23:40.640085Z","level":"info","event":"Filling up the DagBag from /opt/airflow/dags/accidents_dag.py","logger":"airflow.models.dagbag.DagBag","filename":"dagbag.py","lineno":593}
{"timestamp":"2025-11-15T12:23:40.942177Z","level":"warning","event":"The `airflow.operators.python.PythonOperator` attribute is deprecated. Please use `'airflow.providers.standard.operators.python.PythonOperator'`.","category":"DeprecatedImportWarning","filename":"/opt/airflow/dags/accidents_dag.py","lineno":8,"logger":"py.warnings"}
{"timestamp":"2025-11-15T12:23:40.942372Z","level":"warning","event":"The `airflow.operators.python.BranchPythonOperator` attribute is deprecated. Please use `'airflow.providers.standard.operators.python.BranchPythonOperator'`.","category":"DeprecatedImportWarning","filename":"/opt/airflow/dags/accidents_dag.py","lineno":8,"logger":"py.warnings"}
{"timestamp":"2025-11-15T12:23:40.942436Z","level":"warning","event":"The `airflow.operators.empty.EmptyOperator` attribute is deprecated. Please use `'airflow.providers.standard.operators.empty.EmptyOperator'`.","category":"DeprecatedImportWarning","filename":"/opt/airflow/dags/accidents_dag.py","lineno":9,"logger":"py.warnings"}
{"timestamp":"2025-11-15T12:24:11.354181Z","level":"info","event":"Filling up the DagBag from /opt/airflow/dags/accidents_dag.py","logger":"airflow.models.dagbag.DagBag","filename":"dagbag.py","lineno":593}
{"timestamp":"2025-11-15T12:24:11.662861Z","level":"warning","event":"The `airflow.operators.python.PythonOperator` attribute is deprecated. Please use `'airflow.providers.standard.operators.python.PythonOperator'`.","category":"DeprecatedImportWarning","filename":"/opt/airflow/dags/accidents_dag.py","lineno":8,"logger":"py.warnings"}
{"timestamp":"2025-11-15T12:24:11.663152Z","level":"warning","event":"The `airflow.operators.python.BranchPythonOperator` attribute is deprecated. Please use `'airflow.providers.standard.operators.python.BranchPythonOperator'`.","category":"DeprecatedImportWarning","filename":"/opt/airflow/dags/accidents_dag.py","lineno":8,"logger":"py.warnings"}
{"timestamp":"2025-11-15T12:24:11.663247Z","level":"warning","event":"The `airflow.operators.empty.EmptyOperator` attribute is deprecated. Please use `'airflow.providers.standard.operators.empty.EmptyOperator'`.","category":"DeprecatedImportWarning","filename":"/opt/airflow/dags/accidents_dag.py","lineno":9,"logger":"py.warnings"}
{"timestamp":"2025-11-15T13:53:20.221199Z","level":"info","event":"Filling up the DagBag from /opt/airflow/dags/accidents_dag.py","logger":"airflow.models.dagbag.DagBag","filename":"dagbag.py","lineno":593}
{"timestamp":"2025-11-15T13:53:22.071176Z","level":"warning","event":"The `airflow.operators.python.PythonOperator` attribute is deprecated. Please use `'airflow.providers.standard.operators.python.PythonOperator'`.","category":"DeprecatedImportWarning","filename":"/opt/airflow/dags/accidents_dag.py","lineno":8,"logger":"py.warnings"}
{"timestamp":"2025-11-15T13:53:22.071430Z","level":"warning","event":"The `airflow.operators.python.BranchPythonOperator` attribute is deprecated. Please use `'airflow.providers.standard.operators.python.BranchPythonOperator'`.","category":"DeprecatedImportWarning","filename":"/opt/airflow/dags/accidents_dag.py","lineno":8,"logger":"py.warnings"}
{"timestamp":"2025-11-15T13:53:22.071540Z","level":"warning","event":"The `airflow.operators.empty.EmptyOperator` attribute is deprecated. Please use `'airflow.providers.standard.operators.empty.EmptyOperator'`.","category":"DeprecatedImportWarning","filename":"/opt/airflow/dags/accidents_dag.py","lineno":9,"logger":"py.warnings"}
{"timestamp":"2025-11-15T14:22:56.516628Z","level":"info","event":"Filling up the DagBag from /opt/airflow/dags/accidents_dag.py","logger":"airflow.models.dagbag.DagBag","filename":"dagbag.py","lineno":593}
{"timestamp":"2025-11-15T14:22:58.100868Z","level":"warning","event":"The `airflow.operators.python.PythonOperator` attribute is deprecated. Please use `'airflow.providers.standard.operators.python.PythonOperator'`.","category":"DeprecatedImportWarning","filename":"/opt/airflow/dags/accidents_dag.py","lineno":8,"logger":"py.warnings"}
{"timestamp":"2025-11-15T14:22:58.101188Z","level":"warning","event":"The `airflow.operators.python.BranchPythonOperator` attribute is deprecated. Please use `'airflow.providers.standard.operators.python.BranchPythonOperator'`.","category":"DeprecatedImportWarning","filename":"/opt/airflow/dags/accidents_dag.py","lineno":8,"logger":"py.warnings"}
{"timestamp":"2025-11-15T14:22:58.101305Z","level":"warning","event":"The `airflow.operators.empty.EmptyOperator` attribute is deprecated. Please use `'airflow.providers.standard.operators.empty.EmptyOperator'`.","category":"DeprecatedImportWarning","filename":"/opt/airflow/dags/accidents_dag.py","lineno":9,"logger":"py.warnings"}
{"timestamp":"2025-11-15T14:23:28.920657Z","level":"info","event":"Filling up the DagBag from /opt/airflow/dags/accidents_dag.py","logger":"airflow.models.dagbag.DagBag","filename":"dagbag.py","lineno":593}
{"timestamp":"2025-11-15T14:23:29.230249Z","level":"warning","event":"The `airflow.operators.python.PythonOperator` attribute is deprecated. Please use `'airflow.providers.standard.operators.python.PythonOperator'`.","category":"DeprecatedImportWarning","filename":"/opt/airflow/dags/accidents_dag.py","lineno":8,"logger":"py.warnings"}
{"timestamp":"2025-11-15T14:23:29.230411Z","level":"warning","event":"The `airflow.operators.python.BranchPythonOperator` attribute is deprecated. Please use `'airflow.providers.standard.operators.python.BranchPythonOperator'`.","category":"DeprecatedImportWarning","filename":"/opt/airflow/dags/accidents_dag.py","lineno":8,"logger":"py.warnings"}
{"timestamp":"2025-11-15T14:23:29.230473Z","level":"warning","event":"The `airflow.operators.empty.EmptyOperator` attribute is deprecated. Please use `'airflow.providers.standard.operators.empty.EmptyOperator'`.","category":"DeprecatedImportWarning","filename":"/opt/airflow/dags/accidents_dag.py","lineno":9,"logger":"py.warnings"}
{"timestamp":"2025-11-15T14:23:59.804959Z","level":"info","event":"Filling up the DagBag from /opt/airflow/dags/accidents_dag.py","logger":"airflow.models.dagbag.DagBag","filename":"dagbag.py","lineno":593}
{"timestamp":"2025-11-15T14:24:00.126784Z","level":"warning","event":"The `airflow.operators.python.PythonOperator` attribute is deprecated. Please use `'airflow.providers.standard.operators.python.PythonOperator'`.","category":"DeprecatedImportWarning","filename":"/opt/airflow/dags/accidents_dag.py","lineno":8,"logger":"py.warnings"}
{"timestamp":"2025-11-15T14:24:00.126970Z","level":"warning","event":"The `airflow.operators.python.BranchPythonOperator` attribute is deprecated. Please use `'airflow.providers.standard.operators.python.BranchPythonOperator'`.","category":"DeprecatedImportWarning","filename":"/opt/airflow/dags/accidents_dag.py","lineno":8,"logger":"py.warnings"}
{"timestamp":"2025-11-15T14:24:00.127037Z","level":"warning","event":"The `airflow.operators.empty.EmptyOperator` attribute is deprecated. Please use `'airflow.providers.standard.operators.empty.EmptyOperator'`.","category":"DeprecatedImportWarning","filename":"/opt/airflow/dags/accidents_dag.py","lineno":9,"logger":"py.warnings"}
{"timestamp":"2025-11-15T14:24:30.697144Z","level":"info","event":"Filling up the DagBag from /opt/airflow/dags/accidents_dag.py","logger":"airflow.models.dagbag.DagBag","filename":"dagbag.py","lineno":593}
{"timestamp":"2025-11-15T14:24:30.994159Z","level":"warning","event":"The `airflow.operators.python.PythonOperator` attribute is deprecated. Please use `'airflow.providers.standard.operators.python.PythonOperator'`.","category":"DeprecatedImportWarning","filename":"/opt/airflow/dags/accidents_dag.py","lineno":8,"logger":"py.warnings"}
{"timestamp":"2025-11-15T14:24:30.994336Z","level":"warning","event":"The `airflow.operators.python.BranchPythonOperator` attribute is deprecated. Please use `'airflow.providers.standard.operators.python.BranchPythonOperator'`.","category":"DeprecatedImportWarning","filename":"/opt/airflow/dags/accidents_dag.py","lineno":8,"logger":"py.warnings"}
{"timestamp":"2025-11-15T14:24:30.994406Z","level":"warning","event":"The `airflow.operators.empty.EmptyOperator` attribute is deprecated. Please use `'airflow.providers.standard.operators.empty.EmptyOperator'`.","category":"DeprecatedImportWarning","filename":"/opt/airflow/dags/accidents_dag.py","lineno":9,"logger":"py.warnings"}
{"timestamp":"2025-11-15T20:09:53.994917Z","level":"info","event":"Filling up the DagBag from /opt/airflow/dags/accidents_dag.py","logger":"airflow.models.dagbag.DagBag","filename":"dagbag.py","lineno":593}
{"timestamp":"2025-11-15T23:06:49.134974Z","level":"warning","event":"The `airflow.operators.python.PythonOperator` attribute is deprecated. Please use `'airflow.providers.standard.operators.python.PythonOperator'`.","category":"DeprecatedImportWarning","filename":"/opt/airflow/dags/accidents_dag.py","lineno":8,"logger":"py.warnings"}
{"timestamp":"2025-11-15T23:06:49.135290Z","level":"warning","event":"The `airflow.operators.python.BranchPythonOperator` attribute is deprecated. Please use `'airflow.providers.standard.operators.python.BranchPythonOperator'`.","category":"DeprecatedImportWarning","filename":"/opt/airflow/dags/accidents_dag.py","lineno":8,"logger":"py.warnings"}
{"timestamp":"2025-11-15T23:06:49.135417Z","level":"warning","event":"The `airflow.operators.empty.EmptyOperator` attribute is deprecated. Please use `'airflow.providers.standard.operators.empty.EmptyOperator'`.","category":"DeprecatedImportWarning","filename":"/opt/airflow/dags/accidents_dag.py","lineno":9,"logger":"py.warnings"}
