{"timestamp":"2025-11-24T00:51:26.862285Z","level":"info","event":"Filling up the DagBag from /opt/airflow/dags/accidents_dag.py","logger":"airflow.models.dagbag.DagBag","filename":"dagbag.py","lineno":593}
{"timestamp":"2025-11-24T00:51:29.398264Z","level":"warning","event":"The `airflow.operators.python.PythonOperator` attribute is deprecated. Please use `'airflow.providers.standard.operators.python.PythonOperator'`.","category":"DeprecatedImportWarning","filename":"/opt/airflow/dags/accidents_dag.py","lineno":8,"logger":"py.warnings"}
{"timestamp":"2025-11-24T00:51:29.398543Z","level":"warning","event":"The `airflow.operators.python.BranchPythonOperator` attribute is deprecated. Please use `'airflow.providers.standard.operators.python.BranchPythonOperator'`.","category":"DeprecatedImportWarning","filename":"/opt/airflow/dags/accidents_dag.py","lineno":8,"logger":"py.warnings"}
{"timestamp":"2025-11-24T00:51:29.398631Z","level":"warning","event":"The `airflow.operators.empty.EmptyOperator` attribute is deprecated. Please use `'airflow.providers.standard.operators.empty.EmptyOperator'`.","category":"DeprecatedImportWarning","filename":"/opt/airflow/dags/accidents_dag.py","lineno":9,"logger":"py.warnings"}
{"timestamp":"2025-11-24T02:05:12.837213Z","level":"info","event":"Filling up the DagBag from /opt/airflow/dags/accidents_dag.py","logger":"airflow.models.dagbag.DagBag","filename":"dagbag.py","lineno":593}
{"timestamp":"2025-11-24T10:15:44.173109Z","level":"warning","event":"The `airflow.operators.python.PythonOperator` attribute is deprecated. Please use `'airflow.providers.standard.operators.python.PythonOperator'`.","category":"DeprecatedImportWarning","filename":"/opt/airflow/dags/accidents_dag.py","lineno":8,"logger":"py.warnings"}
{"timestamp":"2025-11-24T10:15:44.173391Z","level":"warning","event":"The `airflow.operators.python.BranchPythonOperator` attribute is deprecated. Please use `'airflow.providers.standard.operators.python.BranchPythonOperator'`.","category":"DeprecatedImportWarning","filename":"/opt/airflow/dags/accidents_dag.py","lineno":8,"logger":"py.warnings"}
{"timestamp":"2025-11-24T10:15:44.173519Z","level":"warning","event":"The `airflow.operators.empty.EmptyOperator` attribute is deprecated. Please use `'airflow.providers.standard.operators.empty.EmptyOperator'`.","category":"DeprecatedImportWarning","filename":"/opt/airflow/dags/accidents_dag.py","lineno":9,"logger":"py.warnings"}
{"timestamp":"2025-11-24T10:15:44.187919Z","level":"info","event":"Executing Task callback at index 0: failure_alert","logger":"task","filename":"processor.py","lineno":350}
{"timestamp":"2025-11-24T10:15:44.189147Z","level":"error","event":"Task FAILED: dag=accidents_dag task=clean_accidents run_id=scheduled__2025-11-24T00:00:00+00:00 try=1","logger":"unusual_prefix_bf31ee41bca8dfc504d6e4d2b76eed3020206b42_accidents_dag","filename":"accidents_dag.py","lineno":24}
{"timestamp":"2025-11-24T10:15:44.189467Z","level":"error","event":"None","logger":"unusual_prefix_bf31ee41bca8dfc504d6e4d2b76eed3020206b42_accidents_dag","filename":"accidents_dag.py","lineno":32}
{"timestamp":"2025-11-24T10:30:13.988323Z","level":"info","event":"Filling up the DagBag from /opt/airflow/dags/accidents_dag.py","logger":"airflow.models.dagbag.DagBag","filename":"dagbag.py","lineno":593}
{"timestamp":"2025-11-24T10:30:16.549622Z","level":"warning","event":"The `airflow.operators.python.PythonOperator` attribute is deprecated. Please use `'airflow.providers.standard.operators.python.PythonOperator'`.","category":"DeprecatedImportWarning","filename":"/opt/airflow/dags/accidents_dag.py","lineno":8,"logger":"py.warnings"}
{"timestamp":"2025-11-24T10:30:16.557483Z","level":"warning","event":"The `airflow.operators.python.BranchPythonOperator` attribute is deprecated. Please use `'airflow.providers.standard.operators.python.BranchPythonOperator'`.","category":"DeprecatedImportWarning","filename":"/opt/airflow/dags/accidents_dag.py","lineno":8,"logger":"py.warnings"}
{"timestamp":"2025-11-24T10:30:16.557875Z","level":"warning","event":"The `airflow.operators.empty.EmptyOperator` attribute is deprecated. Please use `'airflow.providers.standard.operators.empty.EmptyOperator'`.","category":"DeprecatedImportWarning","filename":"/opt/airflow/dags/accidents_dag.py","lineno":9,"logger":"py.warnings"}
{"timestamp":"2025-11-24T10:30:16.560990Z","level":"info","event":"Executing Task callback at index 0: failure_alert","logger":"task","filename":"processor.py","lineno":350}
{"timestamp":"2025-11-24T10:30:16.561358Z","level":"error","event":"Task FAILED: dag=accidents_dag task=clean_accidents run_id=scheduled__2025-11-24T00:00:00+00:00 try=2","logger":"unusual_prefix_bf31ee41bca8dfc504d6e4d2b76eed3020206b42_accidents_dag","filename":"accidents_dag.py","lineno":24}
{"timestamp":"2025-11-24T10:30:16.561611Z","level":"error","event":"None","logger":"unusual_prefix_bf31ee41bca8dfc504d6e4d2b76eed3020206b42_accidents_dag","filename":"accidents_dag.py","lineno":32}
{"timestamp":"2025-11-24T10:30:16.897464Z","level":"info","event":"Filling up the DagBag from /opt/airflow/dags/accidents_dag.py","logger":"airflow.models.dagbag.DagBag","filename":"dagbag.py","lineno":593}
{"timestamp":"2025-11-24T10:30:19.420006Z","level":"warning","event":"The `airflow.operators.python.PythonOperator` attribute is deprecated. Please use `'airflow.providers.standard.operators.python.PythonOperator'`.","category":"DeprecatedImportWarning","filename":"/opt/airflow/dags/accidents_dag.py","lineno":8,"logger":"py.warnings"}
{"timestamp":"2025-11-24T10:30:19.420516Z","level":"warning","event":"The `airflow.operators.python.BranchPythonOperator` attribute is deprecated. Please use `'airflow.providers.standard.operators.python.BranchPythonOperator'`.","category":"DeprecatedImportWarning","filename":"/opt/airflow/dags/accidents_dag.py","lineno":8,"logger":"py.warnings"}
{"timestamp":"2025-11-24T10:30:19.420630Z","level":"warning","event":"The `airflow.operators.empty.EmptyOperator` attribute is deprecated. Please use `'airflow.providers.standard.operators.empty.EmptyOperator'`.","category":"DeprecatedImportWarning","filename":"/opt/airflow/dags/accidents_dag.py","lineno":9,"logger":"py.warnings"}
{"timestamp":"2025-11-24T10:30:50.282038Z","level":"info","event":"Filling up the DagBag from /opt/airflow/dags/accidents_dag.py","logger":"airflow.models.dagbag.DagBag","filename":"dagbag.py","lineno":593}
{"timestamp":"2025-11-24T10:30:51.419839Z","level":"warning","event":"The `airflow.operators.python.PythonOperator` attribute is deprecated. Please use `'airflow.providers.standard.operators.python.PythonOperator'`.","category":"DeprecatedImportWarning","filename":"/opt/airflow/dags/accidents_dag.py","lineno":8,"logger":"py.warnings"}
{"timestamp":"2025-11-24T10:30:51.420052Z","level":"warning","event":"The `airflow.operators.python.BranchPythonOperator` attribute is deprecated. Please use `'airflow.providers.standard.operators.python.BranchPythonOperator'`.","category":"DeprecatedImportWarning","filename":"/opt/airflow/dags/accidents_dag.py","lineno":8,"logger":"py.warnings"}
{"timestamp":"2025-11-24T10:30:51.420293Z","level":"warning","event":"The `airflow.operators.empty.EmptyOperator` attribute is deprecated. Please use `'airflow.providers.standard.operators.empty.EmptyOperator'`.","category":"DeprecatedImportWarning","filename":"/opt/airflow/dags/accidents_dag.py","lineno":9,"logger":"py.warnings"}
{"timestamp":"2025-11-24T10:31:21.868664Z","level":"info","event":"Filling up the DagBag from /opt/airflow/dags/accidents_dag.py","logger":"airflow.models.dagbag.DagBag","filename":"dagbag.py","lineno":593}
{"timestamp":"2025-11-24T10:31:22.346382Z","level":"warning","event":"The `airflow.operators.python.PythonOperator` attribute is deprecated. Please use `'airflow.providers.standard.operators.python.PythonOperator'`.","category":"DeprecatedImportWarning","filename":"/opt/airflow/dags/accidents_dag.py","lineno":8,"logger":"py.warnings"}
{"timestamp":"2025-11-24T10:31:22.346606Z","level":"warning","event":"The `airflow.operators.python.BranchPythonOperator` attribute is deprecated. Please use `'airflow.providers.standard.operators.python.BranchPythonOperator'`.","category":"DeprecatedImportWarning","filename":"/opt/airflow/dags/accidents_dag.py","lineno":8,"logger":"py.warnings"}
{"timestamp":"2025-11-24T10:31:22.346690Z","level":"warning","event":"The `airflow.operators.empty.EmptyOperator` attribute is deprecated. Please use `'airflow.providers.standard.operators.empty.EmptyOperator'`.","category":"DeprecatedImportWarning","filename":"/opt/airflow/dags/accidents_dag.py","lineno":9,"logger":"py.warnings"}
{"timestamp":"2025-11-24T11:58:12.100595Z","level":"info","event":"Filling up the DagBag from /opt/airflow/dags/accidents_dag.py","logger":"airflow.models.dagbag.DagBag","filename":"dagbag.py","lineno":593}
{"timestamp":"2025-11-24T12:30:05.360717Z","level":"warning","event":"The `airflow.operators.python.PythonOperator` attribute is deprecated. Please use `'airflow.providers.standard.operators.python.PythonOperator'`.","category":"DeprecatedImportWarning","filename":"/opt/airflow/dags/accidents_dag.py","lineno":8,"logger":"py.warnings"}
{"timestamp":"2025-11-24T12:30:05.361100Z","level":"warning","event":"The `airflow.operators.python.BranchPythonOperator` attribute is deprecated. Please use `'airflow.providers.standard.operators.python.BranchPythonOperator'`.","category":"DeprecatedImportWarning","filename":"/opt/airflow/dags/accidents_dag.py","lineno":8,"logger":"py.warnings"}
{"timestamp":"2025-11-24T12:30:05.361196Z","level":"warning","event":"The `airflow.operators.empty.EmptyOperator` attribute is deprecated. Please use `'airflow.providers.standard.operators.empty.EmptyOperator'`.","category":"DeprecatedImportWarning","filename":"/opt/airflow/dags/accidents_dag.py","lineno":9,"logger":"py.warnings"}
{"timestamp":"2025-11-24T13:02:11.885633Z","level":"info","event":"Filling up the DagBag from /opt/airflow/dags/accidents_dag.py","logger":"airflow.models.dagbag.DagBag","filename":"dagbag.py","lineno":593}
{"timestamp":"2025-11-24T13:30:47.844883Z","level":"warning","event":"The `airflow.operators.python.PythonOperator` attribute is deprecated. Please use `'airflow.providers.standard.operators.python.PythonOperator'`.","category":"DeprecatedImportWarning","filename":"/opt/airflow/dags/accidents_dag.py","lineno":8,"logger":"py.warnings"}
{"timestamp":"2025-11-24T13:30:47.845171Z","level":"warning","event":"The `airflow.operators.python.BranchPythonOperator` attribute is deprecated. Please use `'airflow.providers.standard.operators.python.BranchPythonOperator'`.","category":"DeprecatedImportWarning","filename":"/opt/airflow/dags/accidents_dag.py","lineno":8,"logger":"py.warnings"}
{"timestamp":"2025-11-24T13:30:47.845296Z","level":"warning","event":"The `airflow.operators.empty.EmptyOperator` attribute is deprecated. Please use `'airflow.providers.standard.operators.empty.EmptyOperator'`.","category":"DeprecatedImportWarning","filename":"/opt/airflow/dags/accidents_dag.py","lineno":9,"logger":"py.warnings"}
{"timestamp":"2025-11-24T14:29:51.157627Z","level":"info","event":"Filling up the DagBag from /opt/airflow/dags/accidents_dag.py","logger":"airflow.models.dagbag.DagBag","filename":"dagbag.py","lineno":593}
{"timestamp":"2025-11-24T14:29:53.109115Z","level":"warning","event":"The `airflow.operators.python.PythonOperator` attribute is deprecated. Please use `'airflow.providers.standard.operators.python.PythonOperator'`.","category":"DeprecatedImportWarning","filename":"/opt/airflow/dags/accidents_dag.py","lineno":8,"logger":"py.warnings"}
{"timestamp":"2025-11-24T14:29:53.109434Z","level":"warning","event":"The `airflow.operators.python.BranchPythonOperator` attribute is deprecated. Please use `'airflow.providers.standard.operators.python.BranchPythonOperator'`.","category":"DeprecatedImportWarning","filename":"/opt/airflow/dags/accidents_dag.py","lineno":8,"logger":"py.warnings"}
{"timestamp":"2025-11-24T14:29:53.109594Z","level":"warning","event":"The `airflow.operators.empty.EmptyOperator` attribute is deprecated. Please use `'airflow.providers.standard.operators.empty.EmptyOperator'`.","category":"DeprecatedImportWarning","filename":"/opt/airflow/dags/accidents_dag.py","lineno":9,"logger":"py.warnings"}
{"timestamp":"2025-11-24T14:30:23.749313Z","level":"info","event":"Filling up the DagBag from /opt/airflow/dags/accidents_dag.py","logger":"airflow.models.dagbag.DagBag","filename":"dagbag.py","lineno":593}
{"timestamp":"2025-11-24T14:30:24.275473Z","level":"warning","event":"The `airflow.operators.python.PythonOperator` attribute is deprecated. Please use `'airflow.providers.standard.operators.python.PythonOperator'`.","category":"DeprecatedImportWarning","filename":"/opt/airflow/dags/accidents_dag.py","lineno":8,"logger":"py.warnings"}
{"timestamp":"2025-11-24T14:30:24.275696Z","level":"warning","event":"The `airflow.operators.python.BranchPythonOperator` attribute is deprecated. Please use `'airflow.providers.standard.operators.python.BranchPythonOperator'`.","category":"DeprecatedImportWarning","filename":"/opt/airflow/dags/accidents_dag.py","lineno":8,"logger":"py.warnings"}
{"timestamp":"2025-11-24T14:30:24.275791Z","level":"warning","event":"The `airflow.operators.empty.EmptyOperator` attribute is deprecated. Please use `'airflow.providers.standard.operators.empty.EmptyOperator'`.","category":"DeprecatedImportWarning","filename":"/opt/airflow/dags/accidents_dag.py","lineno":9,"logger":"py.warnings"}
{"timestamp":"2025-11-24T14:30:54.690908Z","level":"info","event":"Filling up the DagBag from /opt/airflow/dags/accidents_dag.py","logger":"airflow.models.dagbag.DagBag","filename":"dagbag.py","lineno":593}
{"timestamp":"2025-11-24T14:30:55.176686Z","level":"warning","event":"The `airflow.operators.python.PythonOperator` attribute is deprecated. Please use `'airflow.providers.standard.operators.python.PythonOperator'`.","category":"DeprecatedImportWarning","filename":"/opt/airflow/dags/accidents_dag.py","lineno":8,"logger":"py.warnings"}
{"timestamp":"2025-11-24T14:30:55.176821Z","level":"warning","event":"The `airflow.operators.python.BranchPythonOperator` attribute is deprecated. Please use `'airflow.providers.standard.operators.python.BranchPythonOperator'`.","category":"DeprecatedImportWarning","filename":"/opt/airflow/dags/accidents_dag.py","lineno":8,"logger":"py.warnings"}
{"timestamp":"2025-11-24T14:30:55.176881Z","level":"warning","event":"The `airflow.operators.empty.EmptyOperator` attribute is deprecated. Please use `'airflow.providers.standard.operators.empty.EmptyOperator'`.","category":"DeprecatedImportWarning","filename":"/opt/airflow/dags/accidents_dag.py","lineno":9,"logger":"py.warnings"}
{"timestamp":"2025-11-24T14:31:25.545591Z","level":"info","event":"Filling up the DagBag from /opt/airflow/dags/accidents_dag.py","logger":"airflow.models.dagbag.DagBag","filename":"dagbag.py","lineno":593}
{"timestamp":"2025-11-24T14:31:26.125860Z","level":"warning","event":"The `airflow.operators.python.PythonOperator` attribute is deprecated. Please use `'airflow.providers.standard.operators.python.PythonOperator'`.","category":"DeprecatedImportWarning","filename":"/opt/airflow/dags/accidents_dag.py","lineno":8,"logger":"py.warnings"}
{"timestamp":"2025-11-24T14:31:26.126011Z","level":"warning","event":"The `airflow.operators.python.BranchPythonOperator` attribute is deprecated. Please use `'airflow.providers.standard.operators.python.BranchPythonOperator'`.","category":"DeprecatedImportWarning","filename":"/opt/airflow/dags/accidents_dag.py","lineno":8,"logger":"py.warnings"}
{"timestamp":"2025-11-24T14:31:26.126119Z","level":"warning","event":"The `airflow.operators.empty.EmptyOperator` attribute is deprecated. Please use `'airflow.providers.standard.operators.empty.EmptyOperator'`.","category":"DeprecatedImportWarning","filename":"/opt/airflow/dags/accidents_dag.py","lineno":9,"logger":"py.warnings"}
