[2025-12-23T18:57:39.636+0000] {local_task_job_runner.py:123} INFO - ::group::Pre task execution logs
[2025-12-23T18:57:39.663+0000] {taskinstance.py:2612} INFO - Dependencies all met for dep_context=non-requeueable deps ti=<TaskInstance: velov_dag.clean_velov_data scheduled__2025-12-22T00:00:00+00:00 [queued]>
[2025-12-23T18:57:39.677+0000] {taskinstance.py:2612} INFO - Dependencies all met for dep_context=requeueable deps ti=<TaskInstance: velov_dag.clean_velov_data scheduled__2025-12-22T00:00:00+00:00 [queued]>
[2025-12-23T18:57:39.678+0000] {taskinstance.py:2865} INFO - Starting attempt 1 of 2
[2025-12-23T18:57:39.700+0000] {taskinstance.py:2888} INFO - Executing <Task(PythonOperator): clean_velov_data> on 2025-12-22 00:00:00+00:00
[2025-12-23T18:57:39.708+0000] {warnings.py:112} WARNING - /home/***/.local/lib/python3.12/site-packages/***/task/task_runner/standard_task_runner.py:70: DeprecationWarning: This process (pid=99) is multi-threaded, use of fork() may lead to deadlocks in the child.
  pid = os.fork()

[2025-12-23T18:57:39.711+0000] {standard_task_runner.py:72} INFO - Started process 101 to run task
[2025-12-23T18:57:39.714+0000] {standard_task_runner.py:104} INFO - Running: ['***', 'tasks', 'run', 'velov_dag', 'clean_velov_data', 'scheduled__2025-12-22T00:00:00+00:00', '--job-id', '50', '--raw', '--subdir', 'DAGS_FOLDER/velov_dag.py', '--cfg-path', '/tmp/tmphrkwcst9']
[2025-12-23T18:57:39.719+0000] {standard_task_runner.py:105} INFO - Job 50: Subtask clean_velov_data
[2025-12-23T18:57:39.808+0000] {task_command.py:467} INFO - Running <TaskInstance: velov_dag.clean_velov_data scheduled__2025-12-22T00:00:00+00:00 [running]> on host 172.18.0.13
[2025-12-23T18:57:39.812+0000] {warnings.py:112} WARNING - /home/***/.local/lib/python3.12/site-packages/***/settings.py:605: DeprecationWarning: The sql_engine_encoding option in [core] has been moved to the sql_engine_encoding option in [database] - the old setting has been used, but please update your config.
  engine_args["encoding"] = conf.get("database", "SQL_ENGINE_ENCODING", fallback="utf-8")

[2025-12-23T18:57:40.220+0000] {taskinstance.py:3131} INFO - Exporting env vars: AIRFLOW_CTX_DAG_OWNER='***' AIRFLOW_CTX_DAG_ID='velov_dag' AIRFLOW_CTX_TASK_ID='clean_velov_data' AIRFLOW_CTX_EXECUTION_DATE='2025-12-22T00:00:00+00:00' AIRFLOW_CTX_TRY_NUMBER='1' AIRFLOW_CTX_DAG_RUN_ID='scheduled__2025-12-22T00:00:00+00:00'
[2025-12-23T18:57:40.223+0000] {taskinstance.py:731} INFO - ::endgroup::
[2025-12-23T18:57:40.239+0000] {logging_mixin.py:190} INFO - --- Traitement Vélo'v : /opt/***/data/landing/velov_raw.csv ---
[2025-12-23T18:57:40.304+0000] {logging_mixin.py:190} INFO - -> Sauvegardé : /opt/***/data/staging/velov_clean.csv (298 stations)
[2025-12-23T18:57:40.305+0000] {python.py:240} INFO - Done. Returned value was: None
[2025-12-23T18:57:40.323+0000] {taskinstance.py:340} INFO - ::group::Post task execution logs
[2025-12-23T18:57:40.324+0000] {taskinstance.py:352} INFO - Marking task as SUCCESS. dag_id=velov_dag, task_id=clean_velov_data, run_id=scheduled__2025-12-22T00:00:00+00:00, execution_date=20251222T000000, start_date=20251223T185739, end_date=20251223T185740
[2025-12-23T18:57:40.370+0000] {local_task_job_runner.py:266} INFO - Task exited with return code 0
[2025-12-23T18:57:40.395+0000] {taskinstance.py:3900} INFO - 0 downstream tasks scheduled from follow-on schedule check
[2025-12-23T18:57:40.398+0000] {local_task_job_runner.py:245} INFO - ::endgroup::
[2025-12-23T19:13:48.704+0000] {local_task_job_runner.py:123} INFO - ::group::Pre task execution logs
[2025-12-23T19:13:48.795+0000] {taskinstance.py:2612} INFO - Dependencies all met for dep_context=non-requeueable deps ti=<TaskInstance: velov_dag.clean_velov_data scheduled__2025-12-22T00:00:00+00:00 [queued]>
[2025-12-23T19:13:48.832+0000] {taskinstance.py:2612} INFO - Dependencies all met for dep_context=requeueable deps ti=<TaskInstance: velov_dag.clean_velov_data scheduled__2025-12-22T00:00:00+00:00 [queued]>
[2025-12-23T19:13:48.849+0000] {taskinstance.py:2865} INFO - Starting attempt 1 of 2
[2025-12-23T19:13:48.945+0000] {taskinstance.py:2888} INFO - Executing <Task(PythonOperator): clean_velov_data> on 2025-12-22 00:00:00+00:00
[2025-12-23T19:13:48.981+0000] {warnings.py:112} WARNING - /home/***/.local/lib/python3.12/site-packages/***/task/task_runner/standard_task_runner.py:70: DeprecationWarning: This process (pid=133) is multi-threaded, use of fork() may lead to deadlocks in the child.
  pid = os.fork()

[2025-12-23T19:13:48.987+0000] {standard_task_runner.py:72} INFO - Started process 135 to run task
[2025-12-23T19:13:48.986+0000] {standard_task_runner.py:104} INFO - Running: ['***', 'tasks', 'run', 'velov_dag', 'clean_velov_data', 'scheduled__2025-12-22T00:00:00+00:00', '--job-id', '66', '--raw', '--subdir', 'DAGS_FOLDER/velov_dag.py', '--cfg-path', '/tmp/tmpoklthpib']
[2025-12-23T19:13:48.993+0000] {standard_task_runner.py:105} INFO - Job 66: Subtask clean_velov_data
[2025-12-23T19:13:49.156+0000] {task_command.py:467} INFO - Running <TaskInstance: velov_dag.clean_velov_data scheduled__2025-12-22T00:00:00+00:00 [running]> on host 172.18.0.13
[2025-12-23T19:13:49.161+0000] {warnings.py:112} WARNING - /home/***/.local/lib/python3.12/site-packages/***/settings.py:605: DeprecationWarning: The sql_engine_encoding option in [core] has been moved to the sql_engine_encoding option in [database] - the old setting has been used, but please update your config.
  engine_args["encoding"] = conf.get("database", "SQL_ENGINE_ENCODING", fallback="utf-8")

[2025-12-23T19:13:49.708+0000] {taskinstance.py:3131} INFO - Exporting env vars: AIRFLOW_CTX_DAG_OWNER='***' AIRFLOW_CTX_DAG_ID='velov_dag' AIRFLOW_CTX_TASK_ID='clean_velov_data' AIRFLOW_CTX_EXECUTION_DATE='2025-12-22T00:00:00+00:00' AIRFLOW_CTX_TRY_NUMBER='1' AIRFLOW_CTX_DAG_RUN_ID='scheduled__2025-12-22T00:00:00+00:00'
[2025-12-23T19:13:49.710+0000] {taskinstance.py:731} INFO - ::endgroup::
[2025-12-23T19:13:49.741+0000] {logging_mixin.py:190} INFO - --- Traitement Vélo'v : /opt/***/data/landing/velov_raw.csv ---
[2025-12-23T19:13:49.820+0000] {logging_mixin.py:190} INFO - -> Sauvegardé : /opt/***/data/staging/velov_clean.csv (298 stations)
[2025-12-23T19:13:49.822+0000] {python.py:240} INFO - Done. Returned value was: None
[2025-12-23T19:13:49.847+0000] {taskinstance.py:340} INFO - ::group::Post task execution logs
[2025-12-23T19:13:49.848+0000] {taskinstance.py:352} INFO - Marking task as SUCCESS. dag_id=velov_dag, task_id=clean_velov_data, run_id=scheduled__2025-12-22T00:00:00+00:00, execution_date=20251222T000000, start_date=20251223T191348, end_date=20251223T191349
[2025-12-23T19:13:49.934+0000] {local_task_job_runner.py:266} INFO - Task exited with return code 0
[2025-12-23T19:13:49.970+0000] {taskinstance.py:3900} INFO - 0 downstream tasks scheduled from follow-on schedule check
[2025-12-23T19:13:49.975+0000] {local_task_job_runner.py:245} INFO - ::endgroup::
[2025-12-23T20:37:46.688+0000] {local_task_job_runner.py:123} INFO - ::group::Pre task execution logs
[2025-12-23T20:37:46.755+0000] {taskinstance.py:2612} INFO - Dependencies all met for dep_context=non-requeueable deps ti=<TaskInstance: velov_dag.clean_velov_data scheduled__2025-12-22T00:00:00+00:00 [queued]>
[2025-12-23T20:37:46.804+0000] {taskinstance.py:2612} INFO - Dependencies all met for dep_context=requeueable deps ti=<TaskInstance: velov_dag.clean_velov_data scheduled__2025-12-22T00:00:00+00:00 [queued]>
[2025-12-23T20:37:46.807+0000] {taskinstance.py:2865} INFO - Starting attempt 1 of 2
[2025-12-23T20:37:46.887+0000] {taskinstance.py:2888} INFO - Executing <Task(PythonOperator): clean_velov_data> on 2025-12-22 00:00:00+00:00
[2025-12-23T20:37:46.916+0000] {warnings.py:112} WARNING - /home/***/.local/lib/python3.12/site-packages/***/task/task_runner/standard_task_runner.py:70: DeprecationWarning: This process (pid=277) is multi-threaded, use of fork() may lead to deadlocks in the child.
  pid = os.fork()

[2025-12-23T20:37:46.924+0000] {standard_task_runner.py:72} INFO - Started process 283 to run task
[2025-12-23T20:37:46.921+0000] {standard_task_runner.py:104} INFO - Running: ['***', 'tasks', 'run', 'velov_dag', 'clean_velov_data', 'scheduled__2025-12-22T00:00:00+00:00', '--job-id', '118', '--raw', '--subdir', 'DAGS_FOLDER/global_DAG.py', '--cfg-path', '/tmp/tmp16i5xs59']
[2025-12-23T20:37:46.932+0000] {standard_task_runner.py:105} INFO - Job 118: Subtask clean_velov_data
[2025-12-23T20:37:47.112+0000] {task_command.py:467} INFO - Running <TaskInstance: velov_dag.clean_velov_data scheduled__2025-12-22T00:00:00+00:00 [running]> on host 172.18.0.13
[2025-12-23T20:37:47.122+0000] {warnings.py:112} WARNING - /home/***/.local/lib/python3.12/site-packages/***/settings.py:605: DeprecationWarning: The sql_engine_encoding option in [core] has been moved to the sql_engine_encoding option in [database] - the old setting has been used, but please update your config.
  engine_args["encoding"] = conf.get("database", "SQL_ENGINE_ENCODING", fallback="utf-8")

[2025-12-23T20:37:47.415+0000] {taskinstance.py:3131} INFO - Exporting env vars: AIRFLOW_CTX_DAG_OWNER='***' AIRFLOW_CTX_DAG_ID='velov_dag' AIRFLOW_CTX_TASK_ID='clean_velov_data' AIRFLOW_CTX_EXECUTION_DATE='2025-12-22T00:00:00+00:00' AIRFLOW_CTX_TRY_NUMBER='1' AIRFLOW_CTX_DAG_RUN_ID='scheduled__2025-12-22T00:00:00+00:00'
[2025-12-23T20:37:47.418+0000] {taskinstance.py:731} INFO - ::endgroup::
[2025-12-23T20:37:47.488+0000] {logging_mixin.py:190} INFO - --- Traitement Vélo'v : /opt/***/data/landing/velov_raw.csv ---
[2025-12-23T20:37:47.594+0000] {logging_mixin.py:190} INFO - -> Sauvegardé : /opt/***/data/staging/velov_clean.csv (298 stations)
[2025-12-23T20:37:47.596+0000] {python.py:240} INFO - Done. Returned value was: None
[2025-12-23T20:37:47.627+0000] {taskinstance.py:340} INFO - ::group::Post task execution logs
[2025-12-23T20:37:47.628+0000] {taskinstance.py:352} INFO - Marking task as SUCCESS. dag_id=velov_dag, task_id=clean_velov_data, run_id=scheduled__2025-12-22T00:00:00+00:00, execution_date=20251222T000000, start_date=20251223T203746, end_date=20251223T203747
[2025-12-23T20:37:47.768+0000] {local_task_job_runner.py:266} INFO - Task exited with return code 0
[2025-12-23T20:37:47.926+0000] {taskinstance.py:3900} INFO - 1 downstream tasks scheduled from follow-on schedule check
[2025-12-23T20:37:47.930+0000] {local_task_job_runner.py:245} INFO - ::endgroup::
[2025-12-23T20:45:00.638+0000] {local_task_job_runner.py:123} INFO - ::group::Pre task execution logs
[2025-12-23T20:45:00.684+0000] {taskinstance.py:2612} INFO - Dependencies all met for dep_context=non-requeueable deps ti=<TaskInstance: velov_dag.clean_velov_data scheduled__2025-12-22T00:00:00+00:00 [queued]>
[2025-12-23T20:45:00.704+0000] {taskinstance.py:2612} INFO - Dependencies all met for dep_context=requeueable deps ti=<TaskInstance: velov_dag.clean_velov_data scheduled__2025-12-22T00:00:00+00:00 [queued]>
[2025-12-23T20:45:00.705+0000] {taskinstance.py:2865} INFO - Starting attempt 1 of 2
[2025-12-23T20:45:00.737+0000] {taskinstance.py:2888} INFO - Executing <Task(PythonOperator): clean_velov_data> on 2025-12-22 00:00:00+00:00
[2025-12-23T20:45:00.751+0000] {warnings.py:112} WARNING - /home/***/.local/lib/python3.12/site-packages/***/task/task_runner/standard_task_runner.py:70: DeprecationWarning: This process (pid=333) is multi-threaded, use of fork() may lead to deadlocks in the child.
  pid = os.fork()

[2025-12-23T20:45:00.755+0000] {standard_task_runner.py:72} INFO - Started process 339 to run task
[2025-12-23T20:45:00.755+0000] {standard_task_runner.py:104} INFO - Running: ['***', 'tasks', 'run', 'velov_dag', 'clean_velov_data', 'scheduled__2025-12-22T00:00:00+00:00', '--job-id', '137', '--raw', '--subdir', 'DAGS_FOLDER/global_DAG.py', '--cfg-path', '/tmp/tmpiy8j_yv1']
[2025-12-23T20:45:00.760+0000] {standard_task_runner.py:105} INFO - Job 137: Subtask clean_velov_data
[2025-12-23T20:45:00.898+0000] {task_command.py:467} INFO - Running <TaskInstance: velov_dag.clean_velov_data scheduled__2025-12-22T00:00:00+00:00 [running]> on host 172.18.0.13
[2025-12-23T20:45:00.911+0000] {warnings.py:112} WARNING - /home/***/.local/lib/python3.12/site-packages/***/settings.py:605: DeprecationWarning: The sql_engine_encoding option in [core] has been moved to the sql_engine_encoding option in [database] - the old setting has been used, but please update your config.
  engine_args["encoding"] = conf.get("database", "SQL_ENGINE_ENCODING", fallback="utf-8")

[2025-12-23T20:45:01.138+0000] {taskinstance.py:3131} INFO - Exporting env vars: AIRFLOW_CTX_DAG_OWNER='***' AIRFLOW_CTX_DAG_ID='velov_dag' AIRFLOW_CTX_TASK_ID='clean_velov_data' AIRFLOW_CTX_EXECUTION_DATE='2025-12-22T00:00:00+00:00' AIRFLOW_CTX_TRY_NUMBER='1' AIRFLOW_CTX_DAG_RUN_ID='scheduled__2025-12-22T00:00:00+00:00'
[2025-12-23T20:45:01.140+0000] {taskinstance.py:731} INFO - ::endgroup::
[2025-12-23T20:45:01.171+0000] {logging_mixin.py:190} INFO - --- Traitement Vélo'v : /opt/***/data/landing/velov_raw.csv ---
[2025-12-23T20:45:01.239+0000] {logging_mixin.py:190} INFO - -> Sauvegardé : /opt/***/data/staging/velov_clean.csv (298 stations)
[2025-12-23T20:45:01.241+0000] {python.py:240} INFO - Done. Returned value was: None
[2025-12-23T20:45:01.282+0000] {taskinstance.py:340} INFO - ::group::Post task execution logs
[2025-12-23T20:45:01.283+0000] {taskinstance.py:352} INFO - Marking task as SUCCESS. dag_id=velov_dag, task_id=clean_velov_data, run_id=scheduled__2025-12-22T00:00:00+00:00, execution_date=20251222T000000, start_date=20251223T204500, end_date=20251223T204501
[2025-12-23T20:45:01.377+0000] {local_task_job_runner.py:266} INFO - Task exited with return code 0
[2025-12-23T20:45:01.471+0000] {taskinstance.py:3900} INFO - 1 downstream tasks scheduled from follow-on schedule check
[2025-12-23T20:45:01.478+0000] {local_task_job_runner.py:245} INFO - ::endgroup::
