[2025-12-24T00:01:36.644+0000] {local_task_job_runner.py:123} INFO - ::group::Pre task execution logs
[2025-12-24T00:01:36.674+0000] {taskinstance.py:2612} INFO - Dependencies all met for dep_context=non-requeueable deps ti=<TaskInstance: velov_dag.check_wrangling scheduled__2025-12-23T00:00:00+00:00 [queued]>
[2025-12-24T00:01:36.690+0000] {taskinstance.py:2612} INFO - Dependencies all met for dep_context=requeueable deps ti=<TaskInstance: velov_dag.check_wrangling scheduled__2025-12-23T00:00:00+00:00 [queued]>
[2025-12-24T00:01:36.691+0000] {taskinstance.py:2865} INFO - Starting attempt 1 of 2
[2025-12-24T00:01:36.726+0000] {taskinstance.py:2888} INFO - Executing <Task(PythonOperator): check_wrangling> on 2025-12-23 00:00:00+00:00
[2025-12-24T00:01:36.741+0000] {warnings.py:112} WARNING - /home/***/.local/lib/python3.12/site-packages/***/task/task_runner/standard_task_runner.py:70: DeprecationWarning: This process (pid=127) is multi-threaded, use of fork() may lead to deadlocks in the child.
  pid = os.fork()

[2025-12-24T00:01:36.747+0000] {standard_task_runner.py:72} INFO - Started process 129 to run task
[2025-12-24T00:01:36.749+0000] {standard_task_runner.py:104} INFO - Running: ['***', 'tasks', 'run', 'velov_dag', 'check_wrangling', 'scheduled__2025-12-23T00:00:00+00:00', '--job-id', '219', '--raw', '--subdir', 'DAGS_FOLDER/global_DAG.py', '--cfg-path', '/tmp/tmp6i8j7084']
[2025-12-24T00:01:36.754+0000] {standard_task_runner.py:105} INFO - Job 219: Subtask check_wrangling
[2025-12-24T00:01:36.958+0000] {task_command.py:467} INFO - Running <TaskInstance: velov_dag.check_wrangling scheduled__2025-12-23T00:00:00+00:00 [running]> on host 172.18.0.4
[2025-12-24T00:01:36.965+0000] {warnings.py:112} WARNING - /home/***/.local/lib/python3.12/site-packages/***/settings.py:605: DeprecationWarning: The sql_engine_encoding option in [core] has been moved to the sql_engine_encoding option in [database] - the old setting has been used, but please update your config.
  engine_args["encoding"] = conf.get("database", "SQL_ENGINE_ENCODING", fallback="utf-8")

[2025-12-24T00:01:37.146+0000] {taskinstance.py:3131} INFO - Exporting env vars: AIRFLOW_CTX_DAG_OWNER='***' AIRFLOW_CTX_DAG_ID='velov_dag' AIRFLOW_CTX_TASK_ID='check_wrangling' AIRFLOW_CTX_EXECUTION_DATE='2025-12-23T00:00:00+00:00' AIRFLOW_CTX_TRY_NUMBER='1' AIRFLOW_CTX_DAG_RUN_ID='scheduled__2025-12-23T00:00:00+00:00'
[2025-12-24T00:01:37.152+0000] {taskinstance.py:731} INFO - ::endgroup::
[2025-12-24T00:01:37.198+0000] {logging_mixin.py:190} INFO - Vérification du fichier : /opt/***/data/staging/velov_clean.csv
[2025-12-24T00:01:37.243+0000] {logging_mixin.py:190} INFO - OK: /opt/***/data/staging/velov_clean.csv (298 lignes)
[2025-12-24T00:01:37.244+0000] {python.py:240} INFO - Done. Returned value was: True
[2025-12-24T00:01:37.303+0000] {taskinstance.py:340} INFO - ::group::Post task execution logs
[2025-12-24T00:01:37.304+0000] {taskinstance.py:352} INFO - Marking task as SUCCESS. dag_id=velov_dag, task_id=check_wrangling, run_id=scheduled__2025-12-23T00:00:00+00:00, execution_date=20251223T000000, start_date=20251224T000136, end_date=20251224T000137
[2025-12-24T00:01:37.373+0000] {local_task_job_runner.py:266} INFO - Task exited with return code 0
[2025-12-24T00:01:37.429+0000] {taskinstance.py:3900} INFO - 1 downstream tasks scheduled from follow-on schedule check
[2025-12-24T00:01:37.432+0000] {local_task_job_runner.py:245} INFO - ::endgroup::
[2025-12-24T00:35:45.180+0000] {local_task_job_runner.py:123} INFO - ::group::Pre task execution logs
[2025-12-24T00:35:45.216+0000] {taskinstance.py:2612} INFO - Dependencies all met for dep_context=non-requeueable deps ti=<TaskInstance: velov_dag.check_wrangling scheduled__2025-12-23T00:00:00+00:00 [queued]>
[2025-12-24T00:35:45.228+0000] {taskinstance.py:2612} INFO - Dependencies all met for dep_context=requeueable deps ti=<TaskInstance: velov_dag.check_wrangling scheduled__2025-12-23T00:00:00+00:00 [queued]>
[2025-12-24T00:35:45.229+0000] {taskinstance.py:2865} INFO - Starting attempt 1 of 2
[2025-12-24T00:35:45.256+0000] {taskinstance.py:2888} INFO - Executing <Task(PythonOperator): check_wrangling> on 2025-12-23 00:00:00+00:00
[2025-12-24T00:35:45.270+0000] {warnings.py:112} WARNING - /home/***/.local/lib/python3.12/site-packages/***/task/task_runner/standard_task_runner.py:70: DeprecationWarning: This process (pid=129) is multi-threaded, use of fork() may lead to deadlocks in the child.
  pid = os.fork()

[2025-12-24T00:35:45.273+0000] {standard_task_runner.py:72} INFO - Started process 133 to run task
[2025-12-24T00:35:45.275+0000] {standard_task_runner.py:104} INFO - Running: ['***', 'tasks', 'run', 'velov_dag', 'check_wrangling', 'scheduled__2025-12-23T00:00:00+00:00', '--job-id', '264', '--raw', '--subdir', 'DAGS_FOLDER/global_DAG.py', '--cfg-path', '/tmp/tmpjy5owryh']
[2025-12-24T00:35:45.280+0000] {standard_task_runner.py:105} INFO - Job 264: Subtask check_wrangling
[2025-12-24T00:35:45.383+0000] {task_command.py:467} INFO - Running <TaskInstance: velov_dag.check_wrangling scheduled__2025-12-23T00:00:00+00:00 [running]> on host 172.18.0.13
[2025-12-24T00:35:45.390+0000] {warnings.py:112} WARNING - /home/***/.local/lib/python3.12/site-packages/***/settings.py:605: DeprecationWarning: The sql_engine_encoding option in [core] has been moved to the sql_engine_encoding option in [database] - the old setting has been used, but please update your config.
  engine_args["encoding"] = conf.get("database", "SQL_ENGINE_ENCODING", fallback="utf-8")

[2025-12-24T00:35:45.555+0000] {taskinstance.py:3131} INFO - Exporting env vars: AIRFLOW_CTX_DAG_OWNER='***' AIRFLOW_CTX_DAG_ID='velov_dag' AIRFLOW_CTX_TASK_ID='check_wrangling' AIRFLOW_CTX_EXECUTION_DATE='2025-12-23T00:00:00+00:00' AIRFLOW_CTX_TRY_NUMBER='1' AIRFLOW_CTX_DAG_RUN_ID='scheduled__2025-12-23T00:00:00+00:00'
[2025-12-24T00:35:45.562+0000] {taskinstance.py:731} INFO - ::endgroup::
[2025-12-24T00:35:45.590+0000] {logging_mixin.py:190} INFO - Vérification du fichier : /opt/***/data/staging/velov_clean.csv
[2025-12-24T00:35:45.617+0000] {logging_mixin.py:190} INFO - OK: /opt/***/data/staging/velov_clean.csv (298 lignes)
[2025-12-24T00:35:45.618+0000] {python.py:240} INFO - Done. Returned value was: True
[2025-12-24T00:35:45.670+0000] {taskinstance.py:340} INFO - ::group::Post task execution logs
[2025-12-24T00:35:45.671+0000] {taskinstance.py:352} INFO - Marking task as SUCCESS. dag_id=velov_dag, task_id=check_wrangling, run_id=scheduled__2025-12-23T00:00:00+00:00, execution_date=20251223T000000, start_date=20251224T003545, end_date=20251224T003545
[2025-12-24T00:35:45.736+0000] {local_task_job_runner.py:266} INFO - Task exited with return code 0
[2025-12-24T00:35:45.785+0000] {taskinstance.py:3900} INFO - 1 downstream tasks scheduled from follow-on schedule check
[2025-12-24T00:35:45.788+0000] {local_task_job_runner.py:245} INFO - ::endgroup::
