[2025-12-23T20:18:24.444+0000] {local_task_job_runner.py:123} INFO - ::group::Pre task execution logs
[2025-12-23T20:18:24.541+0000] {taskinstance.py:2612} INFO - Dependencies all met for dep_context=non-requeueable deps ti=<TaskInstance: velov_dag.check_accidents scheduled__2025-12-22T00:00:00+00:00 [queued]>
[2025-12-23T20:18:24.577+0000] {taskinstance.py:2612} INFO - Dependencies all met for dep_context=requeueable deps ti=<TaskInstance: velov_dag.check_accidents scheduled__2025-12-22T00:00:00+00:00 [queued]>
[2025-12-23T20:18:24.578+0000] {taskinstance.py:2865} INFO - Starting attempt 1 of 2
[2025-12-23T20:18:26.224+0000] {taskinstance.py:2888} INFO - Executing <Task(PythonOperator): check_accidents> on 2025-12-22 00:00:00+00:00
[2025-12-23T20:18:26.327+0000] {warnings.py:112} WARNING - /home/***/.local/lib/python3.12/site-packages/***/task/task_runner/standard_task_runner.py:70: DeprecationWarning: This process (pid=191) is multi-threaded, use of fork() may lead to deadlocks in the child.
  pid = os.fork()

[2025-12-23T20:18:26.345+0000] {standard_task_runner.py:72} INFO - Started process 203 to run task
[2025-12-23T20:18:26.334+0000] {standard_task_runner.py:104} INFO - Running: ['***', 'tasks', 'run', 'velov_dag', 'check_accidents', 'scheduled__2025-12-22T00:00:00+00:00', '--job-id', '90', '--raw', '--subdir', 'DAGS_FOLDER/global_DAG.py', '--cfg-path', '/tmp/tmppp8dmqsu']
[2025-12-23T20:18:26.353+0000] {standard_task_runner.py:105} INFO - Job 90: Subtask check_accidents
[2025-12-23T20:18:27.073+0000] {task_command.py:467} INFO - Running <TaskInstance: velov_dag.check_accidents scheduled__2025-12-22T00:00:00+00:00 [running]> on host 172.18.0.13
[2025-12-23T20:18:27.107+0000] {warnings.py:112} WARNING - /home/***/.local/lib/python3.12/site-packages/***/settings.py:605: DeprecationWarning: The sql_engine_encoding option in [core] has been moved to the sql_engine_encoding option in [database] - the old setting has been used, but please update your config.
  engine_args["encoding"] = conf.get("database", "SQL_ENGINE_ENCODING", fallback="utf-8")

[2025-12-23T20:18:27.978+0000] {taskinstance.py:3131} INFO - Exporting env vars: AIRFLOW_CTX_DAG_OWNER='***' AIRFLOW_CTX_DAG_ID='velov_dag' AIRFLOW_CTX_TASK_ID='check_accidents' AIRFLOW_CTX_EXECUTION_DATE='2025-12-22T00:00:00+00:00' AIRFLOW_CTX_TRY_NUMBER='1' AIRFLOW_CTX_DAG_RUN_ID='scheduled__2025-12-22T00:00:00+00:00'
[2025-12-23T20:18:27.994+0000] {taskinstance.py:731} INFO - ::endgroup::
[2025-12-23T20:18:28.140+0000] {logging_mixin.py:190} INFO - Vérification du fichier : /opt/***/data/staging/accidents_clean_lyon.csv
[2025-12-23T20:18:28.348+0000] {logging_mixin.py:190} INFO - OK: /opt/***/data/staging/accidents_clean_lyon.csv (514 lignes)
[2025-12-23T20:18:28.352+0000] {python.py:240} INFO - Done. Returned value was: True
[2025-12-23T20:18:28.651+0000] {taskinstance.py:340} INFO - ::group::Post task execution logs
[2025-12-23T20:18:28.661+0000] {taskinstance.py:352} INFO - Marking task as SUCCESS. dag_id=velov_dag, task_id=check_accidents, run_id=scheduled__2025-12-22T00:00:00+00:00, execution_date=20251222T000000, start_date=20251223T201824, end_date=20251223T201828
[2025-12-23T20:18:28.824+0000] {local_task_job_runner.py:266} INFO - Task exited with return code 0
[2025-12-23T20:18:28.938+0000] {taskinstance.py:3900} INFO - 0 downstream tasks scheduled from follow-on schedule check
[2025-12-23T20:18:28.955+0000] {local_task_job_runner.py:245} INFO - ::endgroup::
[2025-12-23T20:25:59.765+0000] {local_task_job_runner.py:123} INFO - ::group::Pre task execution logs
[2025-12-23T20:25:59.804+0000] {taskinstance.py:2612} INFO - Dependencies all met for dep_context=non-requeueable deps ti=<TaskInstance: velov_dag.check_accidents scheduled__2025-12-22T00:00:00+00:00 [queued]>
[2025-12-23T20:25:59.820+0000] {taskinstance.py:2612} INFO - Dependencies all met for dep_context=requeueable deps ti=<TaskInstance: velov_dag.check_accidents scheduled__2025-12-22T00:00:00+00:00 [queued]>
[2025-12-23T20:25:59.821+0000] {taskinstance.py:2865} INFO - Starting attempt 1 of 2
[2025-12-23T20:25:59.845+0000] {taskinstance.py:2888} INFO - Executing <Task(PythonOperator): check_accidents> on 2025-12-22 00:00:00+00:00
[2025-12-23T20:25:59.862+0000] {warnings.py:112} WARNING - /home/***/.local/lib/python3.12/site-packages/***/task/task_runner/standard_task_runner.py:70: DeprecationWarning: This process (pid=229) is multi-threaded, use of fork() may lead to deadlocks in the child.
  pid = os.fork()

[2025-12-23T20:25:59.866+0000] {standard_task_runner.py:72} INFO - Started process 235 to run task
[2025-12-23T20:25:59.867+0000] {standard_task_runner.py:104} INFO - Running: ['***', 'tasks', 'run', 'velov_dag', 'check_accidents', 'scheduled__2025-12-22T00:00:00+00:00', '--job-id', '102', '--raw', '--subdir', 'DAGS_FOLDER/global_DAG.py', '--cfg-path', '/tmp/tmpcwmykujv']
[2025-12-23T20:25:59.872+0000] {standard_task_runner.py:105} INFO - Job 102: Subtask check_accidents
[2025-12-23T20:26:00.011+0000] {task_command.py:467} INFO - Running <TaskInstance: velov_dag.check_accidents scheduled__2025-12-22T00:00:00+00:00 [running]> on host 172.18.0.13
[2025-12-23T20:26:00.019+0000] {warnings.py:112} WARNING - /home/***/.local/lib/python3.12/site-packages/***/settings.py:605: DeprecationWarning: The sql_engine_encoding option in [core] has been moved to the sql_engine_encoding option in [database] - the old setting has been used, but please update your config.
  engine_args["encoding"] = conf.get("database", "SQL_ENGINE_ENCODING", fallback="utf-8")

[2025-12-23T20:26:00.240+0000] {taskinstance.py:3131} INFO - Exporting env vars: AIRFLOW_CTX_DAG_OWNER='***' AIRFLOW_CTX_DAG_ID='velov_dag' AIRFLOW_CTX_TASK_ID='check_accidents' AIRFLOW_CTX_EXECUTION_DATE='2025-12-22T00:00:00+00:00' AIRFLOW_CTX_TRY_NUMBER='1' AIRFLOW_CTX_DAG_RUN_ID='scheduled__2025-12-22T00:00:00+00:00'
[2025-12-23T20:26:00.243+0000] {taskinstance.py:731} INFO - ::endgroup::
[2025-12-23T20:26:00.281+0000] {logging_mixin.py:190} INFO - Vérification du fichier : /opt/***/data/staging/accidents_clean_lyon.csv
[2025-12-23T20:26:00.307+0000] {logging_mixin.py:190} INFO - OK: /opt/***/data/staging/accidents_clean_lyon.csv (514 lignes)
[2025-12-23T20:26:00.309+0000] {python.py:240} INFO - Done. Returned value was: True
[2025-12-23T20:26:00.359+0000] {taskinstance.py:340} INFO - ::group::Post task execution logs
[2025-12-23T20:26:00.361+0000] {taskinstance.py:352} INFO - Marking task as SUCCESS. dag_id=velov_dag, task_id=check_accidents, run_id=scheduled__2025-12-22T00:00:00+00:00, execution_date=20251222T000000, start_date=20251223T202559, end_date=20251223T202600
[2025-12-23T20:26:00.450+0000] {local_task_job_runner.py:266} INFO - Task exited with return code 0
[2025-12-23T20:26:00.557+0000] {taskinstance.py:3900} INFO - 0 downstream tasks scheduled from follow-on schedule check
[2025-12-23T20:26:00.567+0000] {local_task_job_runner.py:245} INFO - ::endgroup::
[2025-12-23T20:37:02.791+0000] {local_task_job_runner.py:123} INFO - ::group::Pre task execution logs
[2025-12-23T20:37:02.853+0000] {taskinstance.py:2612} INFO - Dependencies all met for dep_context=non-requeueable deps ti=<TaskInstance: velov_dag.check_accidents scheduled__2025-12-22T00:00:00+00:00 [queued]>
[2025-12-23T20:37:02.884+0000] {taskinstance.py:2612} INFO - Dependencies all met for dep_context=requeueable deps ti=<TaskInstance: velov_dag.check_accidents scheduled__2025-12-22T00:00:00+00:00 [queued]>
[2025-12-23T20:37:02.887+0000] {taskinstance.py:2865} INFO - Starting attempt 1 of 2
[2025-12-23T20:37:02.929+0000] {taskinstance.py:2888} INFO - Executing <Task(PythonOperator): check_accidents> on 2025-12-22 00:00:00+00:00
[2025-12-23T20:37:02.955+0000] {warnings.py:112} WARNING - /home/***/.local/lib/python3.12/site-packages/***/task/task_runner/standard_task_runner.py:70: DeprecationWarning: This process (pid=261) is multi-threaded, use of fork() may lead to deadlocks in the child.
  pid = os.fork()

[2025-12-23T20:37:02.963+0000] {standard_task_runner.py:72} INFO - Started process 275 to run task
[2025-12-23T20:37:02.965+0000] {standard_task_runner.py:104} INFO - Running: ['***', 'tasks', 'run', 'velov_dag', 'check_accidents', 'scheduled__2025-12-22T00:00:00+00:00', '--job-id', '114', '--raw', '--subdir', 'DAGS_FOLDER/global_DAG.py', '--cfg-path', '/tmp/tmpzqi5n0v2']
[2025-12-23T20:37:02.981+0000] {standard_task_runner.py:105} INFO - Job 114: Subtask check_accidents
[2025-12-23T20:37:03.208+0000] {task_command.py:467} INFO - Running <TaskInstance: velov_dag.check_accidents scheduled__2025-12-22T00:00:00+00:00 [running]> on host 172.18.0.13
[2025-12-23T20:37:03.214+0000] {warnings.py:112} WARNING - /home/***/.local/lib/python3.12/site-packages/***/settings.py:605: DeprecationWarning: The sql_engine_encoding option in [core] has been moved to the sql_engine_encoding option in [database] - the old setting has been used, but please update your config.
  engine_args["encoding"] = conf.get("database", "SQL_ENGINE_ENCODING", fallback="utf-8")

[2025-12-23T20:37:03.504+0000] {taskinstance.py:3131} INFO - Exporting env vars: AIRFLOW_CTX_DAG_OWNER='***' AIRFLOW_CTX_DAG_ID='velov_dag' AIRFLOW_CTX_TASK_ID='check_accidents' AIRFLOW_CTX_EXECUTION_DATE='2025-12-22T00:00:00+00:00' AIRFLOW_CTX_TRY_NUMBER='1' AIRFLOW_CTX_DAG_RUN_ID='scheduled__2025-12-22T00:00:00+00:00'
[2025-12-23T20:37:03.506+0000] {taskinstance.py:731} INFO - ::endgroup::
[2025-12-23T20:37:03.556+0000] {logging_mixin.py:190} INFO - Vérification du fichier : /opt/***/data/staging/accidents_clean_lyon.csv
[2025-12-23T20:37:03.597+0000] {logging_mixin.py:190} INFO - OK: /opt/***/data/staging/accidents_clean_lyon.csv (514 lignes)
[2025-12-23T20:37:03.598+0000] {python.py:240} INFO - Done. Returned value was: True
[2025-12-23T20:37:03.678+0000] {taskinstance.py:340} INFO - ::group::Post task execution logs
[2025-12-23T20:37:03.679+0000] {taskinstance.py:352} INFO - Marking task as SUCCESS. dag_id=velov_dag, task_id=check_accidents, run_id=scheduled__2025-12-22T00:00:00+00:00, execution_date=20251222T000000, start_date=20251223T203702, end_date=20251223T203703
[2025-12-23T20:37:03.773+0000] {local_task_job_runner.py:266} INFO - Task exited with return code 0
[2025-12-23T20:37:03.880+0000] {taskinstance.py:3900} INFO - 0 downstream tasks scheduled from follow-on schedule check
[2025-12-23T20:37:03.889+0000] {local_task_job_runner.py:245} INFO - ::endgroup::
[2025-12-23T20:44:29.364+0000] {local_task_job_runner.py:123} INFO - ::group::Pre task execution logs
[2025-12-23T20:44:29.434+0000] {taskinstance.py:2612} INFO - Dependencies all met for dep_context=non-requeueable deps ti=<TaskInstance: velov_dag.check_accidents scheduled__2025-12-22T00:00:00+00:00 [queued]>
[2025-12-23T20:44:29.504+0000] {taskinstance.py:2612} INFO - Dependencies all met for dep_context=requeueable deps ti=<TaskInstance: velov_dag.check_accidents scheduled__2025-12-22T00:00:00+00:00 [queued]>
[2025-12-23T20:44:29.512+0000] {taskinstance.py:2865} INFO - Starting attempt 1 of 2
[2025-12-23T20:44:29.568+0000] {taskinstance.py:2888} INFO - Executing <Task(PythonOperator): check_accidents> on 2025-12-22 00:00:00+00:00
[2025-12-23T20:44:29.586+0000] {warnings.py:112} WARNING - /home/***/.local/lib/python3.12/site-packages/***/task/task_runner/standard_task_runner.py:70: DeprecationWarning: This process (pid=318) is multi-threaded, use of fork() may lead to deadlocks in the child.
  pid = os.fork()

[2025-12-23T20:44:29.594+0000] {standard_task_runner.py:72} INFO - Started process 327 to run task
[2025-12-23T20:44:29.591+0000] {standard_task_runner.py:104} INFO - Running: ['***', 'tasks', 'run', 'velov_dag', 'check_accidents', 'scheduled__2025-12-22T00:00:00+00:00', '--job-id', '132', '--raw', '--subdir', 'DAGS_FOLDER/global_DAG.py', '--cfg-path', '/tmp/tmplkqo_gsh']
[2025-12-23T20:44:29.598+0000] {standard_task_runner.py:105} INFO - Job 132: Subtask check_accidents
[2025-12-23T20:44:29.752+0000] {task_command.py:467} INFO - Running <TaskInstance: velov_dag.check_accidents scheduled__2025-12-22T00:00:00+00:00 [running]> on host 172.18.0.13
[2025-12-23T20:44:29.764+0000] {warnings.py:112} WARNING - /home/***/.local/lib/python3.12/site-packages/***/settings.py:605: DeprecationWarning: The sql_engine_encoding option in [core] has been moved to the sql_engine_encoding option in [database] - the old setting has been used, but please update your config.
  engine_args["encoding"] = conf.get("database", "SQL_ENGINE_ENCODING", fallback="utf-8")

[2025-12-23T20:44:30.372+0000] {taskinstance.py:3131} INFO - Exporting env vars: AIRFLOW_CTX_DAG_OWNER='***' AIRFLOW_CTX_DAG_ID='velov_dag' AIRFLOW_CTX_TASK_ID='check_accidents' AIRFLOW_CTX_EXECUTION_DATE='2025-12-22T00:00:00+00:00' AIRFLOW_CTX_TRY_NUMBER='1' AIRFLOW_CTX_DAG_RUN_ID='scheduled__2025-12-22T00:00:00+00:00'
[2025-12-23T20:44:30.375+0000] {taskinstance.py:731} INFO - ::endgroup::
[2025-12-23T20:44:30.414+0000] {logging_mixin.py:190} INFO - Vérification du fichier : /opt/***/data/staging/accidents_clean_lyon.csv
[2025-12-23T20:44:30.459+0000] {logging_mixin.py:190} INFO - OK: /opt/***/data/staging/accidents_clean_lyon.csv (514 lignes)
[2025-12-23T20:44:30.460+0000] {python.py:240} INFO - Done. Returned value was: True
[2025-12-23T20:44:30.516+0000] {taskinstance.py:340} INFO - ::group::Post task execution logs
[2025-12-23T20:44:30.518+0000] {taskinstance.py:352} INFO - Marking task as SUCCESS. dag_id=velov_dag, task_id=check_accidents, run_id=scheduled__2025-12-22T00:00:00+00:00, execution_date=20251222T000000, start_date=20251223T204429, end_date=20251223T204430
[2025-12-23T20:44:30.593+0000] {local_task_job_runner.py:266} INFO - Task exited with return code 0
[2025-12-23T20:44:30.634+0000] {taskinstance.py:3900} INFO - 0 downstream tasks scheduled from follow-on schedule check
[2025-12-23T20:44:30.638+0000] {local_task_job_runner.py:245} INFO - ::endgroup::
