[2025-12-23T23:57:25.330+0000] {local_task_job_runner.py:123} INFO - ::group::Pre task execution logs
[2025-12-23T23:57:25.375+0000] {taskinstance.py:2612} INFO - Dependencies all met for dep_context=non-requeueable deps ti=<TaskInstance: velov_dag.check_wrangling manual__2025-12-23T23:56:03.021988+00:00 [queued]>
[2025-12-23T23:57:25.399+0000] {taskinstance.py:2612} INFO - Dependencies all met for dep_context=requeueable deps ti=<TaskInstance: velov_dag.check_wrangling manual__2025-12-23T23:56:03.021988+00:00 [queued]>
[2025-12-23T23:57:25.400+0000] {taskinstance.py:2865} INFO - Starting attempt 1 of 2
[2025-12-23T23:57:25.433+0000] {taskinstance.py:2888} INFO - Executing <Task(PythonOperator): check_wrangling> on 2025-12-23 23:56:03.021988+00:00
[2025-12-23T23:57:25.449+0000] {warnings.py:112} WARNING - /home/***/.local/lib/python3.12/site-packages/***/task/task_runner/standard_task_runner.py:70: DeprecationWarning: This process (pid=78) is multi-threaded, use of fork() may lead to deadlocks in the child.
  pid = os.fork()

[2025-12-23T23:57:25.453+0000] {standard_task_runner.py:72} INFO - Started process 80 to run task
[2025-12-23T23:57:25.455+0000] {standard_task_runner.py:104} INFO - Running: ['***', 'tasks', 'run', 'velov_dag', 'check_wrangling', 'manual__2025-12-23T23:56:03.021988+00:00', '--job-id', '201', '--raw', '--subdir', 'DAGS_FOLDER/global_DAG.py', '--cfg-path', '/tmp/tmpojr0g2tv']
[2025-12-23T23:57:25.461+0000] {standard_task_runner.py:105} INFO - Job 201: Subtask check_wrangling
[2025-12-23T23:57:25.606+0000] {task_command.py:467} INFO - Running <TaskInstance: velov_dag.check_wrangling manual__2025-12-23T23:56:03.021988+00:00 [running]> on host 172.18.0.4
[2025-12-23T23:57:25.901+0000] {taskinstance.py:3131} INFO - Exporting env vars: AIRFLOW_CTX_DAG_OWNER='***' AIRFLOW_CTX_DAG_ID='velov_dag' AIRFLOW_CTX_TASK_ID='check_wrangling' AIRFLOW_CTX_EXECUTION_DATE='2025-12-23T23:56:03.021988+00:00' AIRFLOW_CTX_TRY_NUMBER='1' AIRFLOW_CTX_DAG_RUN_ID='manual__2025-12-23T23:56:03.021988+00:00'
[2025-12-23T23:57:25.906+0000] {taskinstance.py:731} INFO - ::endgroup::
[2025-12-23T23:57:25.942+0000] {logging_mixin.py:190} INFO - Vérification du fichier : /opt/***/data/staging/velov_clean.csv
[2025-12-23T23:57:25.971+0000] {logging_mixin.py:190} INFO - OK: /opt/***/data/staging/velov_clean.csv (298 lignes)
[2025-12-23T23:57:25.972+0000] {python.py:240} INFO - Done. Returned value was: True
[2025-12-23T23:57:26.024+0000] {taskinstance.py:340} INFO - ::group::Post task execution logs
[2025-12-23T23:57:26.026+0000] {taskinstance.py:352} INFO - Marking task as SUCCESS. dag_id=velov_dag, task_id=check_wrangling, run_id=manual__2025-12-23T23:56:03.021988+00:00, execution_date=20251223T235603, start_date=20251223T235725, end_date=20251223T235726
[2025-12-23T23:57:26.087+0000] {local_task_job_runner.py:266} INFO - Task exited with return code 0
[2025-12-23T23:57:26.153+0000] {taskinstance.py:3900} INFO - 1 downstream tasks scheduled from follow-on schedule check
[2025-12-23T23:57:26.163+0000] {local_task_job_runner.py:245} INFO - ::endgroup::
