[2025-12-23T20:43:46.783+0000] {local_task_job_runner.py:123} INFO - ::group::Pre task execution logs
[2025-12-23T20:43:46.942+0000] {taskinstance.py:2612} INFO - Dependencies all met for dep_context=non-requeueable deps ti=<TaskInstance: velov_dag.ingest_velov_data manual__2025-12-23T20:43:38.384634+00:00 [queued]>
[2025-12-23T20:43:47.020+0000] {taskinstance.py:2612} INFO - Dependencies all met for dep_context=requeueable deps ti=<TaskInstance: velov_dag.ingest_velov_data manual__2025-12-23T20:43:38.384634+00:00 [queued]>
[2025-12-23T20:43:47.034+0000] {taskinstance.py:2865} INFO - Starting attempt 1 of 2
[2025-12-23T20:43:47.116+0000] {taskinstance.py:2888} INFO - Executing <Task(PythonOperator): ingest_velov_data> on 2025-12-23 20:43:38.384634+00:00
[2025-12-23T20:43:47.157+0000] {warnings.py:112} WARNING - /home/***/.local/lib/python3.12/site-packages/***/task/task_runner/standard_task_runner.py:70: DeprecationWarning: This process (pid=302) is multi-threaded, use of fork() may lead to deadlocks in the child.
  pid = os.fork()

[2025-12-23T20:43:47.179+0000] {standard_task_runner.py:72} INFO - Started process 311 to run task
[2025-12-23T20:43:47.176+0000] {standard_task_runner.py:104} INFO - Running: ['***', 'tasks', 'run', 'velov_dag', 'ingest_velov_data', 'manual__2025-12-23T20:43:38.384634+00:00', '--job-id', '128', '--raw', '--subdir', 'DAGS_FOLDER/global_DAG.py', '--cfg-path', '/tmp/tmpspcsl6k_']
[2025-12-23T20:43:47.206+0000] {standard_task_runner.py:105} INFO - Job 128: Subtask ingest_velov_data
[2025-12-23T20:43:47.665+0000] {task_command.py:467} INFO - Running <TaskInstance: velov_dag.ingest_velov_data manual__2025-12-23T20:43:38.384634+00:00 [running]> on host 172.18.0.13
[2025-12-23T20:43:49.134+0000] {taskinstance.py:3131} INFO - Exporting env vars: AIRFLOW_CTX_DAG_OWNER='***' AIRFLOW_CTX_DAG_ID='velov_dag' AIRFLOW_CTX_TASK_ID='ingest_velov_data' AIRFLOW_CTX_EXECUTION_DATE='2025-12-23T20:43:38.384634+00:00' AIRFLOW_CTX_TRY_NUMBER='1' AIRFLOW_CTX_DAG_RUN_ID='manual__2025-12-23T20:43:38.384634+00:00'
[2025-12-23T20:43:49.165+0000] {taskinstance.py:731} INFO - ::endgroup::
[2025-12-23T20:43:49.232+0000] {logging_mixin.py:190} INFO - Début de l'ingestion vers le fichier : /opt/***/data/landing/velov_raw.csv...
[2025-12-23T20:43:49.243+0000] {logging_mixin.py:190} INFO - URL cible : https://data.grandlyon.com/geoserver/ogc/features/v1/collections/metropole-de-lyon:jcd_jcdecaux.jcdvelov/items
[2025-12-23T20:43:49.743+0000] {logging_mixin.py:190} INFO - Récupéré : 100 stations...
[2025-12-23T20:43:50.555+0000] {logging_mixin.py:190} INFO - Récupéré : 200 stations...
[2025-12-23T20:43:51.400+0000] {logging_mixin.py:190} INFO - Récupéré : 300 stations...
[2025-12-23T20:43:52.054+0000] {logging_mixin.py:190} INFO - Ingestion terminée. Fichier sauvegardé dans : /opt/***/data/landing/velov_raw.csv
[2025-12-23T20:43:52.074+0000] {python.py:240} INFO - Done. Returned value was: /opt/***/data/landing/velov_raw.csv
[2025-12-23T20:43:52.402+0000] {taskinstance.py:340} INFO - ::group::Post task execution logs
[2025-12-23T20:43:52.405+0000] {taskinstance.py:352} INFO - Marking task as SUCCESS. dag_id=velov_dag, task_id=ingest_velov_data, run_id=manual__2025-12-23T20:43:38.384634+00:00, execution_date=20251223T204338, start_date=20251223T204346, end_date=20251223T204352
[2025-12-23T20:43:53.078+0000] {local_task_job_runner.py:266} INFO - Task exited with return code 0
[2025-12-23T20:43:53.195+0000] {local_task_job_runner.py:245} INFO - ::endgroup::
