[2025-12-24T00:36:30.771+0000] {local_task_job_runner.py:123} INFO - ::group::Pre task execution logs
[2025-12-24T00:36:30.817+0000] {taskinstance.py:2612} INFO - Dependencies all met for dep_context=non-requeueable deps ti=<TaskInstance: velov_dag.save_stations_to_mongo manual__2025-12-24T00:33:15.971298+00:00 [queued]>
[2025-12-24T00:36:30.836+0000] {taskinstance.py:2612} INFO - Dependencies all met for dep_context=requeueable deps ti=<TaskInstance: velov_dag.save_stations_to_mongo manual__2025-12-24T00:33:15.971298+00:00 [queued]>
[2025-12-24T00:36:30.837+0000] {taskinstance.py:2865} INFO - Starting attempt 1 of 2
[2025-12-24T00:36:30.865+0000] {taskinstance.py:2888} INFO - Executing <Task(PythonOperator): save_stations_to_mongo> on 2025-12-24 00:33:15.971298+00:00
[2025-12-24T00:36:30.883+0000] {warnings.py:112} WARNING - /home/***/.local/lib/python3.12/site-packages/***/task/task_runner/standard_task_runner.py:70: DeprecationWarning: This process (pid=146) is multi-threaded, use of fork() may lead to deadlocks in the child.
  pid = os.fork()

[2025-12-24T00:36:30.887+0000] {standard_task_runner.py:72} INFO - Started process 151 to run task
[2025-12-24T00:36:30.891+0000] {standard_task_runner.py:104} INFO - Running: ['***', 'tasks', 'run', 'velov_dag', 'save_stations_to_mongo', 'manual__2025-12-24T00:33:15.971298+00:00', '--job-id', '271', '--raw', '--subdir', 'DAGS_FOLDER/global_DAG.py', '--cfg-path', '/tmp/tmptff2zex3']
[2025-12-24T00:36:30.897+0000] {standard_task_runner.py:105} INFO - Job 271: Subtask save_stations_to_mongo
[2025-12-24T00:36:31.052+0000] {task_command.py:467} INFO - Running <TaskInstance: velov_dag.save_stations_to_mongo manual__2025-12-24T00:33:15.971298+00:00 [running]> on host 172.18.0.13
[2025-12-24T00:36:31.245+0000] {taskinstance.py:3131} INFO - Exporting env vars: AIRFLOW_CTX_DAG_OWNER='***' AIRFLOW_CTX_DAG_ID='velov_dag' AIRFLOW_CTX_TASK_ID='save_stations_to_mongo' AIRFLOW_CTX_EXECUTION_DATE='2025-12-24T00:33:15.971298+00:00' AIRFLOW_CTX_TRY_NUMBER='1' AIRFLOW_CTX_DAG_RUN_ID='manual__2025-12-24T00:33:15.971298+00:00'
[2025-12-24T00:36:31.250+0000] {taskinstance.py:731} INFO - ::endgroup::
[2025-12-24T00:36:31.465+0000] {logging_mixin.py:190} INFO - Inséré 298 documents dans VelovDB.velov_stations
[2025-12-24T00:36:31.467+0000] {logging_mixin.py:190} INFO -  Index géospatial 2dsphere créé sur 'location'
[2025-12-24T00:36:31.470+0000] {python.py:240} INFO - Done. Returned value was: None
[2025-12-24T00:36:31.485+0000] {taskinstance.py:340} INFO - ::group::Post task execution logs
[2025-12-24T00:36:31.486+0000] {taskinstance.py:352} INFO - Marking task as SUCCESS. dag_id=velov_dag, task_id=save_stations_to_mongo, run_id=manual__2025-12-24T00:33:15.971298+00:00, execution_date=20251224T003315, start_date=20251224T003630, end_date=20251224T003631
[2025-12-24T00:36:31.557+0000] {local_task_job_runner.py:266} INFO - Task exited with return code 0
[2025-12-24T00:36:31.599+0000] {taskinstance.py:3900} INFO - 1 downstream tasks scheduled from follow-on schedule check
[2025-12-24T00:36:31.603+0000] {local_task_job_runner.py:245} INFO - ::endgroup::
