[2025-12-24T00:01:10.834+0000] {local_task_job_runner.py:123} INFO - ::group::Pre task execution logs
[2025-12-24T00:01:10.868+0000] {taskinstance.py:2612} INFO - Dependencies all met for dep_context=non-requeueable deps ti=<TaskInstance: velov_dag.clean_velov_data scheduled__2025-12-23T00:00:00+00:00 [queued]>
[2025-12-24T00:01:10.887+0000] {taskinstance.py:2612} INFO - Dependencies all met for dep_context=requeueable deps ti=<TaskInstance: velov_dag.clean_velov_data scheduled__2025-12-23T00:00:00+00:00 [queued]>
[2025-12-24T00:01:10.888+0000] {taskinstance.py:2865} INFO - Starting attempt 1 of 2
[2025-12-24T00:01:10.919+0000] {taskinstance.py:2888} INFO - Executing <Task(PythonOperator): clean_velov_data> on 2025-12-23 00:00:00+00:00
[2025-12-24T00:01:10.935+0000] {warnings.py:112} WARNING - /home/***/.local/lib/python3.12/site-packages/***/task/task_runner/standard_task_runner.py:70: DeprecationWarning: This process (pid=123) is multi-threaded, use of fork() may lead to deadlocks in the child.
  pid = os.fork()

[2025-12-24T00:01:10.938+0000] {standard_task_runner.py:72} INFO - Started process 125 to run task
[2025-12-24T00:01:10.938+0000] {standard_task_runner.py:104} INFO - Running: ['***', 'tasks', 'run', 'velov_dag', 'clean_velov_data', 'scheduled__2025-12-23T00:00:00+00:00', '--job-id', '217', '--raw', '--subdir', 'DAGS_FOLDER/global_DAG.py', '--cfg-path', '/tmp/tmpd0z522a_']
[2025-12-24T00:01:10.944+0000] {standard_task_runner.py:105} INFO - Job 217: Subtask clean_velov_data
[2025-12-24T00:01:11.052+0000] {task_command.py:467} INFO - Running <TaskInstance: velov_dag.clean_velov_data scheduled__2025-12-23T00:00:00+00:00 [running]> on host 172.18.0.4
[2025-12-24T00:01:11.059+0000] {warnings.py:112} WARNING - /home/***/.local/lib/python3.12/site-packages/***/settings.py:605: DeprecationWarning: The sql_engine_encoding option in [core] has been moved to the sql_engine_encoding option in [database] - the old setting has been used, but please update your config.
  engine_args["encoding"] = conf.get("database", "SQL_ENGINE_ENCODING", fallback="utf-8")

[2025-12-24T00:01:11.331+0000] {taskinstance.py:3131} INFO - Exporting env vars: AIRFLOW_CTX_DAG_OWNER='***' AIRFLOW_CTX_DAG_ID='velov_dag' AIRFLOW_CTX_TASK_ID='clean_velov_data' AIRFLOW_CTX_EXECUTION_DATE='2025-12-23T00:00:00+00:00' AIRFLOW_CTX_TRY_NUMBER='1' AIRFLOW_CTX_DAG_RUN_ID='scheduled__2025-12-23T00:00:00+00:00'
[2025-12-24T00:01:11.334+0000] {taskinstance.py:731} INFO - ::endgroup::
[2025-12-24T00:01:11.393+0000] {logging_mixin.py:190} INFO - --- Traitement Vélo'v : /opt/***/data/landing/velov_raw.csv ---
[2025-12-24T00:01:11.501+0000] {logging_mixin.py:190} INFO - -> Sauvegardé : /opt/***/data/staging/velov_clean.csv (298 stations)
[2025-12-24T00:01:11.502+0000] {python.py:240} INFO - Done. Returned value was: None
[2025-12-24T00:01:11.524+0000] {taskinstance.py:340} INFO - ::group::Post task execution logs
[2025-12-24T00:01:11.526+0000] {taskinstance.py:352} INFO - Marking task as SUCCESS. dag_id=velov_dag, task_id=clean_velov_data, run_id=scheduled__2025-12-23T00:00:00+00:00, execution_date=20251223T000000, start_date=20251224T000110, end_date=20251224T000111
[2025-12-24T00:01:11.578+0000] {local_task_job_runner.py:266} INFO - Task exited with return code 0
[2025-12-24T00:01:11.629+0000] {taskinstance.py:3900} INFO - 1 downstream tasks scheduled from follow-on schedule check
[2025-12-24T00:01:11.634+0000] {local_task_job_runner.py:245} INFO - ::endgroup::
[2025-12-24T00:35:25.553+0000] {local_task_job_runner.py:123} INFO - ::group::Pre task execution logs
[2025-12-24T00:35:25.588+0000] {taskinstance.py:2612} INFO - Dependencies all met for dep_context=non-requeueable deps ti=<TaskInstance: velov_dag.clean_velov_data scheduled__2025-12-23T00:00:00+00:00 [queued]>
[2025-12-24T00:35:25.602+0000] {taskinstance.py:2612} INFO - Dependencies all met for dep_context=requeueable deps ti=<TaskInstance: velov_dag.clean_velov_data scheduled__2025-12-23T00:00:00+00:00 [queued]>
[2025-12-24T00:35:25.604+0000] {taskinstance.py:2865} INFO - Starting attempt 1 of 2
[2025-12-24T00:35:25.624+0000] {taskinstance.py:2888} INFO - Executing <Task(PythonOperator): clean_velov_data> on 2025-12-23 00:00:00+00:00
[2025-12-24T00:35:25.639+0000] {warnings.py:112} WARNING - /home/***/.local/lib/python3.12/site-packages/***/task/task_runner/standard_task_runner.py:70: DeprecationWarning: This process (pid=122) is multi-threaded, use of fork() may lead to deadlocks in the child.
  pid = os.fork()

[2025-12-24T00:35:25.643+0000] {standard_task_runner.py:72} INFO - Started process 125 to run task
[2025-12-24T00:35:25.644+0000] {standard_task_runner.py:104} INFO - Running: ['***', 'tasks', 'run', 'velov_dag', 'clean_velov_data', 'scheduled__2025-12-23T00:00:00+00:00', '--job-id', '261', '--raw', '--subdir', 'DAGS_FOLDER/global_DAG.py', '--cfg-path', '/tmp/tmp39sy9cdl']
[2025-12-24T00:35:25.651+0000] {standard_task_runner.py:105} INFO - Job 261: Subtask clean_velov_data
[2025-12-24T00:35:25.772+0000] {task_command.py:467} INFO - Running <TaskInstance: velov_dag.clean_velov_data scheduled__2025-12-23T00:00:00+00:00 [running]> on host 172.18.0.13
[2025-12-24T00:35:25.777+0000] {warnings.py:112} WARNING - /home/***/.local/lib/python3.12/site-packages/***/settings.py:605: DeprecationWarning: The sql_engine_encoding option in [core] has been moved to the sql_engine_encoding option in [database] - the old setting has been used, but please update your config.
  engine_args["encoding"] = conf.get("database", "SQL_ENGINE_ENCODING", fallback="utf-8")

[2025-12-24T00:35:25.908+0000] {taskinstance.py:3131} INFO - Exporting env vars: AIRFLOW_CTX_DAG_OWNER='***' AIRFLOW_CTX_DAG_ID='velov_dag' AIRFLOW_CTX_TASK_ID='clean_velov_data' AIRFLOW_CTX_EXECUTION_DATE='2025-12-23T00:00:00+00:00' AIRFLOW_CTX_TRY_NUMBER='1' AIRFLOW_CTX_DAG_RUN_ID='scheduled__2025-12-23T00:00:00+00:00'
[2025-12-24T00:35:25.910+0000] {taskinstance.py:731} INFO - ::endgroup::
[2025-12-24T00:35:25.935+0000] {logging_mixin.py:190} INFO - --- Traitement Vélo'v : /opt/***/data/landing/velov_raw.csv ---
[2025-12-24T00:35:25.997+0000] {logging_mixin.py:190} INFO - -> Sauvegardé : /opt/***/data/staging/velov_clean.csv (298 stations)
[2025-12-24T00:35:25.998+0000] {python.py:240} INFO - Done. Returned value was: None
[2025-12-24T00:35:26.016+0000] {taskinstance.py:340} INFO - ::group::Post task execution logs
[2025-12-24T00:35:26.020+0000] {taskinstance.py:352} INFO - Marking task as SUCCESS. dag_id=velov_dag, task_id=clean_velov_data, run_id=scheduled__2025-12-23T00:00:00+00:00, execution_date=20251223T000000, start_date=20251224T003525, end_date=20251224T003526
[2025-12-24T00:35:26.063+0000] {local_task_job_runner.py:266} INFO - Task exited with return code 0
[2025-12-24T00:35:26.099+0000] {taskinstance.py:3900} INFO - 1 downstream tasks scheduled from follow-on schedule check
[2025-12-24T00:35:26.102+0000] {local_task_job_runner.py:245} INFO - ::endgroup::
