[2025-12-24T00:08:47.384+0000] {local_task_job_runner.py:123} INFO - ::group::Pre task execution logs
[2025-12-24T00:08:47.410+0000] {taskinstance.py:2612} INFO - Dependencies all met for dep_context=non-requeueable deps ti=<TaskInstance: velov_dag.check_accidents manual__2025-12-24T00:08:16.426595+00:00 [queued]>
[2025-12-24T00:08:47.425+0000] {taskinstance.py:2612} INFO - Dependencies all met for dep_context=requeueable deps ti=<TaskInstance: velov_dag.check_accidents manual__2025-12-24T00:08:16.426595+00:00 [queued]>
[2025-12-24T00:08:47.426+0000] {taskinstance.py:2865} INFO - Starting attempt 1 of 2
[2025-12-24T00:08:47.450+0000] {taskinstance.py:2888} INFO - Executing <Task(PythonOperator): check_accidents> on 2025-12-24 00:08:16.426595+00:00
[2025-12-24T00:08:47.464+0000] {warnings.py:112} WARNING - /home/***/.local/lib/python3.12/site-packages/***/task/task_runner/standard_task_runner.py:70: DeprecationWarning: This process (pid=159) is multi-threaded, use of fork() may lead to deadlocks in the child.
  pid = os.fork()

[2025-12-24T00:08:47.468+0000] {standard_task_runner.py:72} INFO - Started process 161 to run task
[2025-12-24T00:08:47.469+0000] {standard_task_runner.py:104} INFO - Running: ['***', 'tasks', 'run', 'velov_dag', 'check_accidents', 'manual__2025-12-24T00:08:16.426595+00:00', '--job-id', '231', '--raw', '--subdir', 'DAGS_FOLDER/global_DAG.py', '--cfg-path', '/tmp/tmpj9hebe1q']
[2025-12-24T00:08:47.476+0000] {standard_task_runner.py:105} INFO - Job 231: Subtask check_accidents
[2025-12-24T00:08:47.598+0000] {task_command.py:467} INFO - Running <TaskInstance: velov_dag.check_accidents manual__2025-12-24T00:08:16.426595+00:00 [running]> on host 172.18.0.4
[2025-12-24T00:08:47.775+0000] {taskinstance.py:3131} INFO - Exporting env vars: AIRFLOW_CTX_DAG_OWNER='***' AIRFLOW_CTX_DAG_ID='velov_dag' AIRFLOW_CTX_TASK_ID='check_accidents' AIRFLOW_CTX_EXECUTION_DATE='2025-12-24T00:08:16.426595+00:00' AIRFLOW_CTX_TRY_NUMBER='1' AIRFLOW_CTX_DAG_RUN_ID='manual__2025-12-24T00:08:16.426595+00:00'
[2025-12-24T00:08:47.778+0000] {taskinstance.py:731} INFO - ::endgroup::
[2025-12-24T00:08:47.809+0000] {logging_mixin.py:190} INFO - Vérification du fichier : /opt/***/data/staging/accidents_clean_lyon.csv
[2025-12-24T00:08:47.835+0000] {logging_mixin.py:190} INFO - OK: /opt/***/data/staging/accidents_clean_lyon.csv (514 lignes)
[2025-12-24T00:08:47.836+0000] {python.py:240} INFO - Done. Returned value was: True
[2025-12-24T00:08:47.886+0000] {taskinstance.py:340} INFO - ::group::Post task execution logs
[2025-12-24T00:08:47.888+0000] {taskinstance.py:352} INFO - Marking task as SUCCESS. dag_id=velov_dag, task_id=check_accidents, run_id=manual__2025-12-24T00:08:16.426595+00:00, execution_date=20251224T000816, start_date=20251224T000847, end_date=20251224T000847
[2025-12-24T00:08:47.929+0000] {local_task_job_runner.py:266} INFO - Task exited with return code 0
[2025-12-24T00:08:47.973+0000] {taskinstance.py:3900} INFO - 0 downstream tasks scheduled from follow-on schedule check
[2025-12-24T00:08:47.981+0000] {local_task_job_runner.py:245} INFO - ::endgroup::
