[2025-12-23T20:45:00.090+0000] {local_task_job_runner.py:123} INFO - ::group::Pre task execution logs
[2025-12-23T20:45:00.288+0000] {taskinstance.py:2612} INFO - Dependencies all met for dep_context=non-requeueable deps ti=<TaskInstance: velov_dag.clean_velov_data manual__2025-12-23T20:43:38.384634+00:00 [queued]>
[2025-12-23T20:45:00.333+0000] {taskinstance.py:2612} INFO - Dependencies all met for dep_context=requeueable deps ti=<TaskInstance: velov_dag.clean_velov_data manual__2025-12-23T20:43:38.384634+00:00 [queued]>
[2025-12-23T20:45:00.334+0000] {taskinstance.py:2865} INFO - Starting attempt 1 of 2
[2025-12-23T20:45:00.402+0000] {taskinstance.py:2888} INFO - Executing <Task(PythonOperator): clean_velov_data> on 2025-12-23 20:43:38.384634+00:00
[2025-12-23T20:45:00.429+0000] {warnings.py:112} WARNING - /home/***/.local/lib/python3.12/site-packages/***/task/task_runner/standard_task_runner.py:70: DeprecationWarning: This process (pid=334) is multi-threaded, use of fork() may lead to deadlocks in the child.
  pid = os.fork()

[2025-12-23T20:45:00.455+0000] {standard_task_runner.py:72} INFO - Started process 337 to run task
[2025-12-23T20:45:00.444+0000] {standard_task_runner.py:104} INFO - Running: ['***', 'tasks', 'run', 'velov_dag', 'clean_velov_data', 'manual__2025-12-23T20:43:38.384634+00:00', '--job-id', '136', '--raw', '--subdir', 'DAGS_FOLDER/global_DAG.py', '--cfg-path', '/tmp/tmptyjbz09b']
[2025-12-23T20:45:00.465+0000] {standard_task_runner.py:105} INFO - Job 136: Subtask clean_velov_data
[2025-12-23T20:45:00.730+0000] {task_command.py:467} INFO - Running <TaskInstance: velov_dag.clean_velov_data manual__2025-12-23T20:43:38.384634+00:00 [running]> on host 172.18.0.13
[2025-12-23T20:45:01.242+0000] {taskinstance.py:3131} INFO - Exporting env vars: AIRFLOW_CTX_DAG_OWNER='***' AIRFLOW_CTX_DAG_ID='velov_dag' AIRFLOW_CTX_TASK_ID='clean_velov_data' AIRFLOW_CTX_EXECUTION_DATE='2025-12-23T20:43:38.384634+00:00' AIRFLOW_CTX_TRY_NUMBER='1' AIRFLOW_CTX_DAG_RUN_ID='manual__2025-12-23T20:43:38.384634+00:00'
[2025-12-23T20:45:01.255+0000] {taskinstance.py:731} INFO - ::endgroup::
[2025-12-23T20:45:01.299+0000] {logging_mixin.py:190} INFO - --- Traitement Vélo'v : /opt/***/data/landing/velov_raw.csv ---
[2025-12-23T20:45:01.447+0000] {logging_mixin.py:190} INFO - -> Sauvegardé : /opt/***/data/staging/velov_clean.csv (298 stations)
[2025-12-23T20:45:01.449+0000] {python.py:240} INFO - Done. Returned value was: None
[2025-12-23T20:45:01.470+0000] {taskinstance.py:340} INFO - ::group::Post task execution logs
[2025-12-23T20:45:01.471+0000] {taskinstance.py:352} INFO - Marking task as SUCCESS. dag_id=velov_dag, task_id=clean_velov_data, run_id=manual__2025-12-23T20:43:38.384634+00:00, execution_date=20251223T204338, start_date=20251223T204500, end_date=20251223T204501
[2025-12-23T20:45:01.576+0000] {local_task_job_runner.py:266} INFO - Task exited with return code 0
[2025-12-23T20:45:01.631+0000] {taskinstance.py:3900} INFO - 1 downstream tasks scheduled from follow-on schedule check
[2025-12-23T20:45:01.634+0000] {local_task_job_runner.py:245} INFO - ::endgroup::
