[2025-12-23T19:14:28.335+0000] {local_task_job_runner.py:123} INFO - ::group::Pre task execution logs
[2025-12-23T19:14:28.366+0000] {taskinstance.py:2612} INFO - Dependencies all met for dep_context=non-requeueable deps ti=<TaskInstance: velov_dag.ingest_velov_data manual__2025-12-23T19:13:09.339314+00:00 [queued]>
[2025-12-23T19:14:28.379+0000] {taskinstance.py:2612} INFO - Dependencies all met for dep_context=requeueable deps ti=<TaskInstance: velov_dag.ingest_velov_data manual__2025-12-23T19:13:09.339314+00:00 [queued]>
[2025-12-23T19:14:28.380+0000] {taskinstance.py:2865} INFO - Starting attempt 1 of 2
[2025-12-23T19:14:28.401+0000] {taskinstance.py:2888} INFO - Executing <Task(PythonOperator): ingest_velov_data> on 2025-12-23 19:13:09.339314+00:00
[2025-12-23T19:14:28.415+0000] {warnings.py:112} WARNING - /home/***/.local/lib/python3.12/site-packages/***/task/task_runner/standard_task_runner.py:70: DeprecationWarning: This process (pid=138) is multi-threaded, use of fork() may lead to deadlocks in the child.
  pid = os.fork()

[2025-12-23T19:14:28.419+0000] {standard_task_runner.py:72} INFO - Started process 141 to run task
[2025-12-23T19:14:28.419+0000] {standard_task_runner.py:104} INFO - Running: ['***', 'tasks', 'run', 'velov_dag', 'ingest_velov_data', 'manual__2025-12-23T19:13:09.339314+00:00', '--job-id', '68', '--raw', '--subdir', 'DAGS_FOLDER/velov_dag.py', '--cfg-path', '/tmp/tmpd1lw46q5']
[2025-12-23T19:14:28.424+0000] {standard_task_runner.py:105} INFO - Job 68: Subtask ingest_velov_data
[2025-12-23T19:14:28.540+0000] {task_command.py:467} INFO - Running <TaskInstance: velov_dag.ingest_velov_data manual__2025-12-23T19:13:09.339314+00:00 [running]> on host 172.18.0.13
[2025-12-23T19:14:29.015+0000] {taskinstance.py:3131} INFO - Exporting env vars: AIRFLOW_CTX_DAG_OWNER='***' AIRFLOW_CTX_DAG_ID='velov_dag' AIRFLOW_CTX_TASK_ID='ingest_velov_data' AIRFLOW_CTX_EXECUTION_DATE='2025-12-23T19:13:09.339314+00:00' AIRFLOW_CTX_TRY_NUMBER='1' AIRFLOW_CTX_DAG_RUN_ID='manual__2025-12-23T19:13:09.339314+00:00'
[2025-12-23T19:14:29.019+0000] {taskinstance.py:731} INFO - ::endgroup::
[2025-12-23T19:14:29.067+0000] {logging_mixin.py:190} INFO - Début de l'ingestion vers le fichier : /opt/***/data/landing/velov_raw.csv...
[2025-12-23T19:14:29.073+0000] {logging_mixin.py:190} INFO - URL cible : https://data.grandlyon.com/geoserver/ogc/features/v1/collections/metropole-de-lyon:jcd_jcdecaux.jcdvelov/items
[2025-12-23T19:14:29.432+0000] {logging_mixin.py:190} INFO - Récupéré : 100 stations...
[2025-12-23T19:14:30.408+0000] {logging_mixin.py:190} INFO - Récupéré : 200 stations...
[2025-12-23T19:14:31.227+0000] {logging_mixin.py:190} INFO - Récupéré : 300 stations...
[2025-12-23T19:14:31.783+0000] {logging_mixin.py:190} INFO - Ingestion terminée. Fichier sauvegardé dans : /opt/***/data/landing/velov_raw.csv
[2025-12-23T19:14:31.799+0000] {python.py:240} INFO - Done. Returned value was: /opt/***/data/landing/velov_raw.csv
[2025-12-23T19:14:32.000+0000] {taskinstance.py:340} INFO - ::group::Post task execution logs
[2025-12-23T19:14:32.017+0000] {taskinstance.py:352} INFO - Marking task as SUCCESS. dag_id=velov_dag, task_id=ingest_velov_data, run_id=manual__2025-12-23T19:13:09.339314+00:00, execution_date=20251223T191309, start_date=20251223T191428, end_date=20251223T191432
[2025-12-23T19:14:32.220+0000] {local_task_job_runner.py:266} INFO - Task exited with return code 0
[2025-12-23T19:14:32.326+0000] {taskinstance.py:3900} INFO - 1 downstream tasks scheduled from follow-on schedule check
[2025-12-23T19:14:32.344+0000] {local_task_job_runner.py:245} INFO - ::endgroup::
