[2025-12-23T20:37:46.111+0000] {local_task_job_runner.py:123} INFO - ::group::Pre task execution logs
[2025-12-23T20:37:46.168+0000] {taskinstance.py:2612} INFO - Dependencies all met for dep_context=non-requeueable deps ti=<TaskInstance: velov_dag.clean_velov_data manual__2025-12-23T20:36:09.986972+00:00 [queued]>
[2025-12-23T20:37:46.188+0000] {taskinstance.py:2612} INFO - Dependencies all met for dep_context=requeueable deps ti=<TaskInstance: velov_dag.clean_velov_data manual__2025-12-23T20:36:09.986972+00:00 [queued]>
[2025-12-23T20:37:46.189+0000] {taskinstance.py:2865} INFO - Starting attempt 1 of 2
[2025-12-23T20:37:46.231+0000] {taskinstance.py:2888} INFO - Executing <Task(PythonOperator): clean_velov_data> on 2025-12-23 20:36:09.986972+00:00
[2025-12-23T20:37:46.262+0000] {warnings.py:112} WARNING - /home/***/.local/lib/python3.12/site-packages/***/task/task_runner/standard_task_runner.py:70: DeprecationWarning: This process (pid=278) is multi-threaded, use of fork() may lead to deadlocks in the child.
  pid = os.fork()

[2025-12-23T20:37:46.276+0000] {standard_task_runner.py:72} INFO - Started process 281 to run task
[2025-12-23T20:37:46.278+0000] {standard_task_runner.py:104} INFO - Running: ['***', 'tasks', 'run', 'velov_dag', 'clean_velov_data', 'manual__2025-12-23T20:36:09.986972+00:00', '--job-id', '117', '--raw', '--subdir', 'DAGS_FOLDER/global_DAG.py', '--cfg-path', '/tmp/tmp62d4991i']
[2025-12-23T20:37:46.292+0000] {standard_task_runner.py:105} INFO - Job 117: Subtask clean_velov_data
[2025-12-23T20:37:46.530+0000] {task_command.py:467} INFO - Running <TaskInstance: velov_dag.clean_velov_data manual__2025-12-23T20:36:09.986972+00:00 [running]> on host 172.18.0.13
[2025-12-23T20:37:47.372+0000] {taskinstance.py:3131} INFO - Exporting env vars: AIRFLOW_CTX_DAG_OWNER='***' AIRFLOW_CTX_DAG_ID='velov_dag' AIRFLOW_CTX_TASK_ID='clean_velov_data' AIRFLOW_CTX_EXECUTION_DATE='2025-12-23T20:36:09.986972+00:00' AIRFLOW_CTX_TRY_NUMBER='1' AIRFLOW_CTX_DAG_RUN_ID='manual__2025-12-23T20:36:09.986972+00:00'
[2025-12-23T20:37:47.374+0000] {taskinstance.py:731} INFO - ::endgroup::
[2025-12-23T20:37:47.437+0000] {logging_mixin.py:190} INFO - --- Traitement Vélo'v : /opt/***/data/landing/velov_raw.csv ---
[2025-12-23T20:37:47.569+0000] {logging_mixin.py:190} INFO - -> Sauvegardé : /opt/***/data/staging/velov_clean.csv (298 stations)
[2025-12-23T20:37:47.571+0000] {python.py:240} INFO - Done. Returned value was: None
[2025-12-23T20:37:47.616+0000] {taskinstance.py:340} INFO - ::group::Post task execution logs
[2025-12-23T20:37:47.619+0000] {taskinstance.py:352} INFO - Marking task as SUCCESS. dag_id=velov_dag, task_id=clean_velov_data, run_id=manual__2025-12-23T20:36:09.986972+00:00, execution_date=20251223T203609, start_date=20251223T203746, end_date=20251223T203747
[2025-12-23T20:37:47.724+0000] {local_task_job_runner.py:266} INFO - Task exited with return code 0
[2025-12-23T20:37:47.852+0000] {taskinstance.py:3900} INFO - 1 downstream tasks scheduled from follow-on schedule check
[2025-12-23T20:37:47.864+0000] {local_task_job_runner.py:245} INFO - ::endgroup::
