[2025-12-24T00:35:45.203+0000] {local_task_job_runner.py:123} INFO - ::group::Pre task execution logs
[2025-12-24T00:35:45.227+0000] {taskinstance.py:2612} INFO - Dependencies all met for dep_context=non-requeueable deps ti=<TaskInstance: velov_dag.check_wrangling manual__2025-12-24T00:33:15.971298+00:00 [queued]>
[2025-12-24T00:35:45.246+0000] {taskinstance.py:2612} INFO - Dependencies all met for dep_context=requeueable deps ti=<TaskInstance: velov_dag.check_wrangling manual__2025-12-24T00:33:15.971298+00:00 [queued]>
[2025-12-24T00:35:45.248+0000] {taskinstance.py:2865} INFO - Starting attempt 1 of 2
[2025-12-24T00:35:45.273+0000] {taskinstance.py:2888} INFO - Executing <Task(PythonOperator): check_wrangling> on 2025-12-24 00:33:15.971298+00:00
[2025-12-24T00:35:45.287+0000] {warnings.py:112} WARNING - /home/***/.local/lib/python3.12/site-packages/***/task/task_runner/standard_task_runner.py:70: DeprecationWarning: This process (pid=130) is multi-threaded, use of fork() may lead to deadlocks in the child.
  pid = os.fork()

[2025-12-24T00:35:45.290+0000] {standard_task_runner.py:72} INFO - Started process 135 to run task
[2025-12-24T00:35:45.291+0000] {standard_task_runner.py:104} INFO - Running: ['***', 'tasks', 'run', 'velov_dag', 'check_wrangling', 'manual__2025-12-24T00:33:15.971298+00:00', '--job-id', '265', '--raw', '--subdir', 'DAGS_FOLDER/global_DAG.py', '--cfg-path', '/tmp/tmp6j6cs27c']
[2025-12-24T00:35:45.300+0000] {standard_task_runner.py:105} INFO - Job 265: Subtask check_wrangling
[2025-12-24T00:35:45.407+0000] {task_command.py:467} INFO - Running <TaskInstance: velov_dag.check_wrangling manual__2025-12-24T00:33:15.971298+00:00 [running]> on host 172.18.0.13
[2025-12-24T00:35:45.562+0000] {taskinstance.py:3131} INFO - Exporting env vars: AIRFLOW_CTX_DAG_OWNER='***' AIRFLOW_CTX_DAG_ID='velov_dag' AIRFLOW_CTX_TASK_ID='check_wrangling' AIRFLOW_CTX_EXECUTION_DATE='2025-12-24T00:33:15.971298+00:00' AIRFLOW_CTX_TRY_NUMBER='1' AIRFLOW_CTX_DAG_RUN_ID='manual__2025-12-24T00:33:15.971298+00:00'
[2025-12-24T00:35:45.564+0000] {taskinstance.py:731} INFO - ::endgroup::
[2025-12-24T00:35:45.594+0000] {logging_mixin.py:190} INFO - Vérification du fichier : /opt/***/data/staging/velov_clean.csv
[2025-12-24T00:35:45.617+0000] {logging_mixin.py:190} INFO - OK: /opt/***/data/staging/velov_clean.csv (298 lignes)
[2025-12-24T00:35:45.620+0000] {python.py:240} INFO - Done. Returned value was: True
[2025-12-24T00:35:45.665+0000] {taskinstance.py:340} INFO - ::group::Post task execution logs
[2025-12-24T00:35:45.666+0000] {taskinstance.py:352} INFO - Marking task as SUCCESS. dag_id=velov_dag, task_id=check_wrangling, run_id=manual__2025-12-24T00:33:15.971298+00:00, execution_date=20251224T003315, start_date=20251224T003545, end_date=20251224T003545
[2025-12-24T00:35:45.716+0000] {local_task_job_runner.py:266} INFO - Task exited with return code 0
[2025-12-24T00:35:45.769+0000] {taskinstance.py:3900} INFO - 1 downstream tasks scheduled from follow-on schedule check
[2025-12-24T00:35:45.776+0000] {local_task_job_runner.py:245} INFO - ::endgroup::
