[2025-12-23T22:20:07.927+0000] {local_task_job_runner.py:123} INFO - ::group::Pre task execution logs
[2025-12-23T22:20:07.949+0000] {taskinstance.py:2612} INFO - Dependencies all met for dep_context=non-requeueable deps ti=<TaskInstance: velov_dag.save_stations_to_mongo manual__2025-12-23T22:15:46.332821+00:00 [queued]>
[2025-12-23T22:20:07.968+0000] {taskinstance.py:2612} INFO - Dependencies all met for dep_context=requeueable deps ti=<TaskInstance: velov_dag.save_stations_to_mongo manual__2025-12-23T22:15:46.332821+00:00 [queued]>
[2025-12-23T22:20:07.969+0000] {taskinstance.py:2865} INFO - Starting attempt 1 of 2
[2025-12-23T22:20:07.996+0000] {taskinstance.py:2888} INFO - Executing <Task(PythonOperator): save_stations_to_mongo> on 2025-12-23 22:15:46.332821+00:00
[2025-12-23T22:20:08.020+0000] {warnings.py:112} WARNING - /home/***/.local/lib/python3.12/site-packages/***/task/task_runner/standard_task_runner.py:70: DeprecationWarning: This process (pid=461) is multi-threaded, use of fork() may lead to deadlocks in the child.
  pid = os.fork()

[2025-12-23T22:20:08.028+0000] {standard_task_runner.py:72} INFO - Started process 463 to run task
[2025-12-23T22:20:08.014+0000] {standard_task_runner.py:104} INFO - Running: ['***', 'tasks', 'run', 'velov_dag', 'save_stations_to_mongo', 'manual__2025-12-23T22:15:46.332821+00:00', '--job-id', '189', '--raw', '--subdir', 'DAGS_FOLDER/global_DAG.py', '--cfg-path', '/tmp/tmpatax3rq5']
[2025-12-23T22:20:08.029+0000] {standard_task_runner.py:105} INFO - Job 189: Subtask save_stations_to_mongo
[2025-12-23T22:20:08.127+0000] {task_command.py:467} INFO - Running <TaskInstance: velov_dag.save_stations_to_mongo manual__2025-12-23T22:15:46.332821+00:00 [running]> on host 172.18.0.13
[2025-12-23T22:20:08.238+0000] {taskinstance.py:3131} INFO - Exporting env vars: AIRFLOW_CTX_DAG_OWNER='***' AIRFLOW_CTX_DAG_ID='velov_dag' AIRFLOW_CTX_TASK_ID='save_stations_to_mongo' AIRFLOW_CTX_EXECUTION_DATE='2025-12-23T22:15:46.332821+00:00' AIRFLOW_CTX_TRY_NUMBER='1' AIRFLOW_CTX_DAG_RUN_ID='manual__2025-12-23T22:15:46.332821+00:00'
[2025-12-23T22:20:08.241+0000] {taskinstance.py:731} INFO - ::endgroup::
[2025-12-23T22:20:08.419+0000] {logging_mixin.py:190} INFO - Inséré 298 documents dans VeloDB.velov_stations
[2025-12-23T22:20:08.471+0000] {logging_mixin.py:190} INFO -  Index géospatial 2dsphere créé sur 'location'
[2025-12-23T22:20:08.474+0000] {python.py:240} INFO - Done. Returned value was: None
[2025-12-23T22:20:08.488+0000] {taskinstance.py:340} INFO - ::group::Post task execution logs
[2025-12-23T22:20:08.489+0000] {taskinstance.py:352} INFO - Marking task as SUCCESS. dag_id=velov_dag, task_id=save_stations_to_mongo, run_id=manual__2025-12-23T22:15:46.332821+00:00, execution_date=20251223T221546, start_date=20251223T222007, end_date=20251223T222008
[2025-12-23T22:20:08.527+0000] {local_task_job_runner.py:266} INFO - Task exited with return code 0
[2025-12-23T22:20:08.554+0000] {taskinstance.py:3900} INFO - 0 downstream tasks scheduled from follow-on schedule check
[2025-12-23T22:20:08.557+0000] {local_task_job_runner.py:245} INFO - ::endgroup::
