[2025-12-24T00:00:46.414+0000] {local_task_job_runner.py:123} INFO - ::group::Pre task execution logs
[2025-12-24T00:00:46.447+0000] {taskinstance.py:2612} INFO - Dependencies all met for dep_context=non-requeueable deps ti=<TaskInstance: velov_dag.check_accidents scheduled__2025-12-23T00:00:00+00:00 [queued]>
[2025-12-24T00:00:46.466+0000] {taskinstance.py:2612} INFO - Dependencies all met for dep_context=requeueable deps ti=<TaskInstance: velov_dag.check_accidents scheduled__2025-12-23T00:00:00+00:00 [queued]>
[2025-12-24T00:00:46.467+0000] {taskinstance.py:2865} INFO - Starting attempt 1 of 2
[2025-12-24T00:00:46.492+0000] {taskinstance.py:2888} INFO - Executing <Task(PythonOperator): check_accidents> on 2025-12-23 00:00:00+00:00
[2025-12-24T00:00:46.506+0000] {warnings.py:112} WARNING - /home/***/.local/lib/python3.12/site-packages/***/task/task_runner/standard_task_runner.py:70: DeprecationWarning: This process (pid=116) is multi-threaded, use of fork() may lead to deadlocks in the child.
  pid = os.fork()

[2025-12-24T00:00:46.511+0000] {standard_task_runner.py:72} INFO - Started process 121 to run task
[2025-12-24T00:00:46.511+0000] {standard_task_runner.py:104} INFO - Running: ['***', 'tasks', 'run', 'velov_dag', 'check_accidents', 'scheduled__2025-12-23T00:00:00+00:00', '--job-id', '215', '--raw', '--subdir', 'DAGS_FOLDER/global_DAG.py', '--cfg-path', '/tmp/tmp0flx5f55']
[2025-12-24T00:00:46.517+0000] {standard_task_runner.py:105} INFO - Job 215: Subtask check_accidents
[2025-12-24T00:00:46.626+0000] {task_command.py:467} INFO - Running <TaskInstance: velov_dag.check_accidents scheduled__2025-12-23T00:00:00+00:00 [running]> on host 172.18.0.4
[2025-12-24T00:00:46.632+0000] {warnings.py:112} WARNING - /home/***/.local/lib/python3.12/site-packages/***/settings.py:605: DeprecationWarning: The sql_engine_encoding option in [core] has been moved to the sql_engine_encoding option in [database] - the old setting has been used, but please update your config.
  engine_args["encoding"] = conf.get("database", "SQL_ENGINE_ENCODING", fallback="utf-8")

[2025-12-24T00:00:46.813+0000] {taskinstance.py:3131} INFO - Exporting env vars: AIRFLOW_CTX_DAG_OWNER='***' AIRFLOW_CTX_DAG_ID='velov_dag' AIRFLOW_CTX_TASK_ID='check_accidents' AIRFLOW_CTX_EXECUTION_DATE='2025-12-23T00:00:00+00:00' AIRFLOW_CTX_TRY_NUMBER='1' AIRFLOW_CTX_DAG_RUN_ID='scheduled__2025-12-23T00:00:00+00:00'
[2025-12-24T00:00:46.816+0000] {taskinstance.py:731} INFO - ::endgroup::
[2025-12-24T00:00:46.845+0000] {logging_mixin.py:190} INFO - Vérification du fichier : /opt/***/data/staging/accidents_clean_lyon.csv
[2025-12-24T00:00:46.874+0000] {logging_mixin.py:190} INFO - OK: /opt/***/data/staging/accidents_clean_lyon.csv (514 lignes)
[2025-12-24T00:00:46.876+0000] {python.py:240} INFO - Done. Returned value was: True
[2025-12-24T00:00:46.917+0000] {taskinstance.py:340} INFO - ::group::Post task execution logs
[2025-12-24T00:00:46.919+0000] {taskinstance.py:352} INFO - Marking task as SUCCESS. dag_id=velov_dag, task_id=check_accidents, run_id=scheduled__2025-12-23T00:00:00+00:00, execution_date=20251223T000000, start_date=20251224T000046, end_date=20251224T000046
[2025-12-24T00:00:46.976+0000] {local_task_job_runner.py:266} INFO - Task exited with return code 0
[2025-12-24T00:00:47.035+0000] {taskinstance.py:3900} INFO - 0 downstream tasks scheduled from follow-on schedule check
[2025-12-24T00:00:47.044+0000] {local_task_job_runner.py:245} INFO - ::endgroup::
[2025-12-24T00:33:44.789+0000] {local_task_job_runner.py:123} INFO - ::group::Pre task execution logs
[2025-12-24T00:33:44.815+0000] {taskinstance.py:2612} INFO - Dependencies all met for dep_context=non-requeueable deps ti=<TaskInstance: velov_dag.check_accidents scheduled__2025-12-23T00:00:00+00:00 [queued]>
[2025-12-24T00:33:44.825+0000] {taskinstance.py:2612} INFO - Dependencies all met for dep_context=requeueable deps ti=<TaskInstance: velov_dag.check_accidents scheduled__2025-12-23T00:00:00+00:00 [queued]>
[2025-12-24T00:33:44.826+0000] {taskinstance.py:2865} INFO - Starting attempt 1 of 2
[2025-12-24T00:33:44.847+0000] {taskinstance.py:2888} INFO - Executing <Task(PythonOperator): check_accidents> on 2025-12-23 00:00:00+00:00
[2025-12-24T00:33:44.857+0000] {warnings.py:112} WARNING - /home/***/.local/lib/python3.12/site-packages/***/task/task_runner/standard_task_runner.py:70: DeprecationWarning: This process (pid=97) is multi-threaded, use of fork() may lead to deadlocks in the child.
  pid = os.fork()

[2025-12-24T00:33:44.859+0000] {standard_task_runner.py:72} INFO - Started process 101 to run task
[2025-12-24T00:33:44.862+0000] {standard_task_runner.py:104} INFO - Running: ['***', 'tasks', 'run', 'velov_dag', 'check_accidents', 'scheduled__2025-12-23T00:00:00+00:00', '--job-id', '252', '--raw', '--subdir', 'DAGS_FOLDER/global_DAG.py', '--cfg-path', '/tmp/tmp171d491m']
[2025-12-24T00:33:44.866+0000] {standard_task_runner.py:105} INFO - Job 252: Subtask check_accidents
[2025-12-24T00:33:44.964+0000] {task_command.py:467} INFO - Running <TaskInstance: velov_dag.check_accidents scheduled__2025-12-23T00:00:00+00:00 [running]> on host 172.18.0.13
[2025-12-24T00:33:44.968+0000] {warnings.py:112} WARNING - /home/***/.local/lib/python3.12/site-packages/***/settings.py:605: DeprecationWarning: The sql_engine_encoding option in [core] has been moved to the sql_engine_encoding option in [database] - the old setting has been used, but please update your config.
  engine_args["encoding"] = conf.get("database", "SQL_ENGINE_ENCODING", fallback="utf-8")

[2025-12-24T00:33:45.092+0000] {taskinstance.py:3131} INFO - Exporting env vars: AIRFLOW_CTX_DAG_OWNER='***' AIRFLOW_CTX_DAG_ID='velov_dag' AIRFLOW_CTX_TASK_ID='check_accidents' AIRFLOW_CTX_EXECUTION_DATE='2025-12-23T00:00:00+00:00' AIRFLOW_CTX_TRY_NUMBER='1' AIRFLOW_CTX_DAG_RUN_ID='scheduled__2025-12-23T00:00:00+00:00'
[2025-12-24T00:33:45.095+0000] {taskinstance.py:731} INFO - ::endgroup::
[2025-12-24T00:33:45.116+0000] {logging_mixin.py:190} INFO - Vérification du fichier : /opt/***/data/staging/accidents_clean_lyon.csv
[2025-12-24T00:33:45.134+0000] {logging_mixin.py:190} INFO - OK: /opt/***/data/staging/accidents_clean_lyon.csv (514 lignes)
[2025-12-24T00:33:45.135+0000] {python.py:240} INFO - Done. Returned value was: True
[2025-12-24T00:33:45.174+0000] {taskinstance.py:340} INFO - ::group::Post task execution logs
[2025-12-24T00:33:45.175+0000] {taskinstance.py:352} INFO - Marking task as SUCCESS. dag_id=velov_dag, task_id=check_accidents, run_id=scheduled__2025-12-23T00:00:00+00:00, execution_date=20251223T000000, start_date=20251224T003344, end_date=20251224T003345
[2025-12-24T00:33:45.237+0000] {local_task_job_runner.py:266} INFO - Task exited with return code 0
[2025-12-24T00:33:45.271+0000] {taskinstance.py:3900} INFO - 0 downstream tasks scheduled from follow-on schedule check
[2025-12-24T00:33:45.274+0000] {local_task_job_runner.py:245} INFO - ::endgroup::
