[2025-12-24T00:35:25.561+0000] {local_task_job_runner.py:123} INFO - ::group::Pre task execution logs
[2025-12-24T00:35:25.592+0000] {taskinstance.py:2612} INFO - Dependencies all met for dep_context=non-requeueable deps ti=<TaskInstance: velov_dag.clean_velov_data manual__2025-12-24T00:33:15.971298+00:00 [queued]>
[2025-12-24T00:35:25.606+0000] {taskinstance.py:2612} INFO - Dependencies all met for dep_context=requeueable deps ti=<TaskInstance: velov_dag.clean_velov_data manual__2025-12-24T00:33:15.971298+00:00 [queued]>
[2025-12-24T00:35:25.607+0000] {taskinstance.py:2865} INFO - Starting attempt 1 of 2
[2025-12-24T00:35:25.634+0000] {taskinstance.py:2888} INFO - Executing <Task(PythonOperator): clean_velov_data> on 2025-12-24 00:33:15.971298+00:00
[2025-12-24T00:35:25.651+0000] {warnings.py:112} WARNING - /home/***/.local/lib/python3.12/site-packages/***/task/task_runner/standard_task_runner.py:70: DeprecationWarning: This process (pid=121) is multi-threaded, use of fork() may lead to deadlocks in the child.
  pid = os.fork()

[2025-12-24T00:35:25.655+0000] {standard_task_runner.py:72} INFO - Started process 127 to run task
[2025-12-24T00:35:25.659+0000] {standard_task_runner.py:104} INFO - Running: ['***', 'tasks', 'run', 'velov_dag', 'clean_velov_data', 'manual__2025-12-24T00:33:15.971298+00:00', '--job-id', '262', '--raw', '--subdir', 'DAGS_FOLDER/global_DAG.py', '--cfg-path', '/tmp/tmp0fp2isvq']
[2025-12-24T00:35:25.664+0000] {standard_task_runner.py:105} INFO - Job 262: Subtask clean_velov_data
[2025-12-24T00:35:25.779+0000] {task_command.py:467} INFO - Running <TaskInstance: velov_dag.clean_velov_data manual__2025-12-24T00:33:15.971298+00:00 [running]> on host 172.18.0.13
[2025-12-24T00:35:25.914+0000] {taskinstance.py:3131} INFO - Exporting env vars: AIRFLOW_CTX_DAG_OWNER='***' AIRFLOW_CTX_DAG_ID='velov_dag' AIRFLOW_CTX_TASK_ID='clean_velov_data' AIRFLOW_CTX_EXECUTION_DATE='2025-12-24T00:33:15.971298+00:00' AIRFLOW_CTX_TRY_NUMBER='1' AIRFLOW_CTX_DAG_RUN_ID='manual__2025-12-24T00:33:15.971298+00:00'
[2025-12-24T00:35:25.916+0000] {taskinstance.py:731} INFO - ::endgroup::
[2025-12-24T00:35:25.938+0000] {logging_mixin.py:190} INFO - --- Traitement Vélo'v : /opt/***/data/landing/velov_raw.csv ---
[2025-12-24T00:35:26.000+0000] {logging_mixin.py:190} INFO - -> Sauvegardé : /opt/***/data/staging/velov_clean.csv (298 stations)
[2025-12-24T00:35:26.001+0000] {python.py:240} INFO - Done. Returned value was: None
[2025-12-24T00:35:26.019+0000] {taskinstance.py:340} INFO - ::group::Post task execution logs
[2025-12-24T00:35:26.021+0000] {taskinstance.py:352} INFO - Marking task as SUCCESS. dag_id=velov_dag, task_id=clean_velov_data, run_id=manual__2025-12-24T00:33:15.971298+00:00, execution_date=20251224T003315, start_date=20251224T003525, end_date=20251224T003526
[2025-12-24T00:35:26.075+0000] {local_task_job_runner.py:266} INFO - Task exited with return code 0
[2025-12-24T00:35:26.114+0000] {taskinstance.py:3900} INFO - 1 downstream tasks scheduled from follow-on schedule check
[2025-12-24T00:35:26.117+0000] {local_task_job_runner.py:245} INFO - ::endgroup::
