[2025-12-20T22:23:13.703+0000] {processor.py:186} INFO - Started process (PID=93) to work on /opt/airflow/dags/accidents_dag.py
[2025-12-20T22:23:13.704+0000] {processor.py:914} INFO - Processing file /opt/airflow/dags/accidents_dag.py for tasks to queue
[2025-12-20T22:23:13.707+0000] {logging_mixin.py:190} INFO - [2025-12-20T22:23:13.706+0000] {dagbag.py:588} INFO - Filling up the DagBag from /opt/airflow/dags/accidents_dag.py
[2025-12-20T22:23:14.705+0000] {logging_mixin.py:190} INFO - [2025-12-20T22:23:14.702+0000] {dagbag.py:387} ERROR - Failed to import: /opt/airflow/dags/accidents_dag.py
Traceback (most recent call last):
  File "/home/airflow/.local/lib/python3.12/site-packages/airflow/models/dagbag.py", line 383, in parse
    loader.exec_module(new_module)
  File "<frozen importlib._bootstrap_external>", line 995, in exec_module
  File "<frozen importlib._bootstrap>", line 488, in _call_with_frames_removed
  File "/opt/airflow/dags/accidents_dag.py", line 12, in <module>
    from wrangling import accidents_cleaning
ModuleNotFoundError: No module named 'wrangling'
[2025-12-20T22:23:14.706+0000] {processor.py:927} WARNING - No viable dags retrieved from /opt/airflow/dags/accidents_dag.py
[2025-12-20T22:23:14.749+0000] {processor.py:208} INFO - Processing /opt/airflow/dags/accidents_dag.py took 1.061 seconds
[2025-12-20T22:23:44.839+0000] {processor.py:186} INFO - Started process (PID=102) to work on /opt/airflow/dags/accidents_dag.py
[2025-12-20T22:23:44.842+0000] {processor.py:914} INFO - Processing file /opt/airflow/dags/accidents_dag.py for tasks to queue
[2025-12-20T22:23:44.847+0000] {logging_mixin.py:190} INFO - [2025-12-20T22:23:44.846+0000] {dagbag.py:588} INFO - Filling up the DagBag from /opt/airflow/dags/accidents_dag.py
[2025-12-20T22:23:46.005+0000] {logging_mixin.py:190} INFO - [2025-12-20T22:23:46.000+0000] {dagbag.py:387} ERROR - Failed to import: /opt/airflow/dags/accidents_dag.py
Traceback (most recent call last):
  File "/home/airflow/.local/lib/python3.12/site-packages/airflow/models/dagbag.py", line 383, in parse
    loader.exec_module(new_module)
  File "<frozen importlib._bootstrap_external>", line 995, in exec_module
  File "<frozen importlib._bootstrap>", line 488, in _call_with_frames_removed
  File "/opt/airflow/dags/accidents_dag.py", line 12, in <module>
    from wrangling import accidents_cleaning
ModuleNotFoundError: No module named 'wrangling'
[2025-12-20T22:23:46.007+0000] {processor.py:927} WARNING - No viable dags retrieved from /opt/airflow/dags/accidents_dag.py
[2025-12-20T22:23:46.052+0000] {processor.py:208} INFO - Processing /opt/airflow/dags/accidents_dag.py took 1.225 seconds
[2025-12-20T22:24:16.862+0000] {processor.py:186} INFO - Started process (PID=117) to work on /opt/airflow/dags/accidents_dag.py
[2025-12-20T22:24:16.863+0000] {processor.py:914} INFO - Processing file /opt/airflow/dags/accidents_dag.py for tasks to queue
[2025-12-20T22:24:16.868+0000] {logging_mixin.py:190} INFO - [2025-12-20T22:24:16.867+0000] {dagbag.py:588} INFO - Filling up the DagBag from /opt/airflow/dags/accidents_dag.py
[2025-12-20T22:24:17.804+0000] {logging_mixin.py:190} INFO - [2025-12-20T22:24:17.798+0000] {dagbag.py:387} ERROR - Failed to import: /opt/airflow/dags/accidents_dag.py
Traceback (most recent call last):
  File "/home/airflow/.local/lib/python3.12/site-packages/airflow/models/dagbag.py", line 383, in parse
    loader.exec_module(new_module)
  File "<frozen importlib._bootstrap_external>", line 995, in exec_module
  File "<frozen importlib._bootstrap>", line 488, in _call_with_frames_removed
  File "/opt/airflow/dags/accidents_dag.py", line 12, in <module>
    from wrangling import accidents_cleaning
ModuleNotFoundError: No module named 'wrangling'
[2025-12-20T22:24:17.805+0000] {processor.py:927} WARNING - No viable dags retrieved from /opt/airflow/dags/accidents_dag.py
[2025-12-20T22:24:17.845+0000] {processor.py:208} INFO - Processing /opt/airflow/dags/accidents_dag.py took 0.994 seconds
[2025-12-20T22:24:48.071+0000] {processor.py:186} INFO - Started process (PID=127) to work on /opt/airflow/dags/accidents_dag.py
[2025-12-20T22:24:48.073+0000] {processor.py:914} INFO - Processing file /opt/airflow/dags/accidents_dag.py for tasks to queue
[2025-12-20T22:24:48.082+0000] {logging_mixin.py:190} INFO - [2025-12-20T22:24:48.081+0000] {dagbag.py:588} INFO - Filling up the DagBag from /opt/airflow/dags/accidents_dag.py
[2025-12-20T22:24:49.191+0000] {logging_mixin.py:190} INFO - [2025-12-20T22:24:49.189+0000] {dagbag.py:387} ERROR - Failed to import: /opt/airflow/dags/accidents_dag.py
Traceback (most recent call last):
  File "/home/airflow/.local/lib/python3.12/site-packages/airflow/models/dagbag.py", line 383, in parse
    loader.exec_module(new_module)
  File "<frozen importlib._bootstrap_external>", line 995, in exec_module
  File "<frozen importlib._bootstrap>", line 488, in _call_with_frames_removed
  File "/opt/airflow/dags/accidents_dag.py", line 12, in <module>
    from wrangling import accidents_cleaning
ModuleNotFoundError: No module named 'wrangling'
[2025-12-20T22:24:49.193+0000] {processor.py:927} WARNING - No viable dags retrieved from /opt/airflow/dags/accidents_dag.py
[2025-12-20T22:24:49.222+0000] {processor.py:208} INFO - Processing /opt/airflow/dags/accidents_dag.py took 1.168 seconds
[2025-12-20T22:25:19.670+0000] {processor.py:186} INFO - Started process (PID=137) to work on /opt/airflow/dags/accidents_dag.py
[2025-12-20T22:25:19.671+0000] {processor.py:914} INFO - Processing file /opt/airflow/dags/accidents_dag.py for tasks to queue
[2025-12-20T22:25:19.677+0000] {logging_mixin.py:190} INFO - [2025-12-20T22:25:19.675+0000] {dagbag.py:588} INFO - Filling up the DagBag from /opt/airflow/dags/accidents_dag.py
[2025-12-20T22:25:20.212+0000] {logging_mixin.py:190} INFO - [2025-12-20T22:25:20.207+0000] {dagbag.py:387} ERROR - Failed to import: /opt/airflow/dags/accidents_dag.py
Traceback (most recent call last):
  File "/home/airflow/.local/lib/python3.12/site-packages/airflow/models/dagbag.py", line 383, in parse
    loader.exec_module(new_module)
  File "<frozen importlib._bootstrap_external>", line 995, in exec_module
  File "<frozen importlib._bootstrap>", line 488, in _call_with_frames_removed
  File "/opt/airflow/dags/accidents_dag.py", line 12, in <module>
    from wrangling import accidents_cleaning
ModuleNotFoundError: No module named 'wrangling'
[2025-12-20T22:25:20.213+0000] {processor.py:927} WARNING - No viable dags retrieved from /opt/airflow/dags/accidents_dag.py
[2025-12-20T22:25:20.227+0000] {processor.py:208} INFO - Processing /opt/airflow/dags/accidents_dag.py took 0.569 seconds
[2025-12-20T22:25:50.466+0000] {processor.py:186} INFO - Started process (PID=147) to work on /opt/airflow/dags/accidents_dag.py
[2025-12-20T22:25:50.467+0000] {processor.py:914} INFO - Processing file /opt/airflow/dags/accidents_dag.py for tasks to queue
[2025-12-20T22:25:50.469+0000] {logging_mixin.py:190} INFO - [2025-12-20T22:25:50.469+0000] {dagbag.py:588} INFO - Filling up the DagBag from /opt/airflow/dags/accidents_dag.py
[2025-12-20T22:25:50.986+0000] {logging_mixin.py:190} INFO - [2025-12-20T22:25:50.985+0000] {dagbag.py:387} ERROR - Failed to import: /opt/airflow/dags/accidents_dag.py
Traceback (most recent call last):
  File "/home/airflow/.local/lib/python3.12/site-packages/airflow/models/dagbag.py", line 383, in parse
    loader.exec_module(new_module)
  File "<frozen importlib._bootstrap_external>", line 995, in exec_module
  File "<frozen importlib._bootstrap>", line 488, in _call_with_frames_removed
  File "/opt/airflow/dags/accidents_dag.py", line 12, in <module>
    from wrangling import accidents_cleaning
ModuleNotFoundError: No module named 'wrangling'
[2025-12-20T22:25:50.988+0000] {processor.py:927} WARNING - No viable dags retrieved from /opt/airflow/dags/accidents_dag.py
[2025-12-20T22:25:51.005+0000] {processor.py:208} INFO - Processing /opt/airflow/dags/accidents_dag.py took 0.546 seconds
[2025-12-20T22:26:21.382+0000] {processor.py:186} INFO - Started process (PID=157) to work on /opt/airflow/dags/accidents_dag.py
[2025-12-20T22:26:21.384+0000] {processor.py:914} INFO - Processing file /opt/airflow/dags/accidents_dag.py for tasks to queue
[2025-12-20T22:26:21.390+0000] {logging_mixin.py:190} INFO - [2025-12-20T22:26:21.390+0000] {dagbag.py:588} INFO - Filling up the DagBag from /opt/airflow/dags/accidents_dag.py
[2025-12-20T22:26:22.227+0000] {logging_mixin.py:190} INFO - [2025-12-20T22:26:22.225+0000] {dagbag.py:387} ERROR - Failed to import: /opt/airflow/dags/accidents_dag.py
Traceback (most recent call last):
  File "/home/airflow/.local/lib/python3.12/site-packages/airflow/models/dagbag.py", line 383, in parse
    loader.exec_module(new_module)
  File "<frozen importlib._bootstrap_external>", line 995, in exec_module
  File "<frozen importlib._bootstrap>", line 488, in _call_with_frames_removed
  File "/opt/airflow/dags/accidents_dag.py", line 12, in <module>
    from wrangling import accidents_cleaning
ModuleNotFoundError: No module named 'wrangling'
[2025-12-20T22:26:22.227+0000] {processor.py:927} WARNING - No viable dags retrieved from /opt/airflow/dags/accidents_dag.py
[2025-12-20T22:26:22.271+0000] {processor.py:208} INFO - Processing /opt/airflow/dags/accidents_dag.py took 0.902 seconds
[2025-12-20T22:26:52.580+0000] {processor.py:186} INFO - Started process (PID=166) to work on /opt/airflow/dags/accidents_dag.py
[2025-12-20T22:26:52.582+0000] {processor.py:914} INFO - Processing file /opt/airflow/dags/accidents_dag.py for tasks to queue
[2025-12-20T22:26:52.586+0000] {logging_mixin.py:190} INFO - [2025-12-20T22:26:52.585+0000] {dagbag.py:588} INFO - Filling up the DagBag from /opt/airflow/dags/accidents_dag.py
[2025-12-20T22:26:53.042+0000] {logging_mixin.py:190} INFO - [2025-12-20T22:26:53.041+0000] {dagbag.py:387} ERROR - Failed to import: /opt/airflow/dags/accidents_dag.py
Traceback (most recent call last):
  File "/home/airflow/.local/lib/python3.12/site-packages/airflow/models/dagbag.py", line 383, in parse
    loader.exec_module(new_module)
  File "<frozen importlib._bootstrap_external>", line 995, in exec_module
  File "<frozen importlib._bootstrap>", line 488, in _call_with_frames_removed
  File "/opt/airflow/dags/accidents_dag.py", line 12, in <module>
    from wrangling import accidents_cleaning
ModuleNotFoundError: No module named 'wrangling'
[2025-12-20T22:26:53.043+0000] {processor.py:927} WARNING - No viable dags retrieved from /opt/airflow/dags/accidents_dag.py
[2025-12-20T22:26:53.064+0000] {processor.py:208} INFO - Processing /opt/airflow/dags/accidents_dag.py took 0.495 seconds
[2025-12-20T22:27:23.517+0000] {processor.py:186} INFO - Started process (PID=176) to work on /opt/airflow/dags/accidents_dag.py
[2025-12-20T22:27:23.519+0000] {processor.py:914} INFO - Processing file /opt/airflow/dags/accidents_dag.py for tasks to queue
[2025-12-20T22:27:23.524+0000] {logging_mixin.py:190} INFO - [2025-12-20T22:27:23.523+0000] {dagbag.py:588} INFO - Filling up the DagBag from /opt/airflow/dags/accidents_dag.py
[2025-12-20T22:27:24.035+0000] {logging_mixin.py:190} INFO - [2025-12-20T22:27:24.034+0000] {dagbag.py:387} ERROR - Failed to import: /opt/airflow/dags/accidents_dag.py
Traceback (most recent call last):
  File "/home/airflow/.local/lib/python3.12/site-packages/airflow/models/dagbag.py", line 383, in parse
    loader.exec_module(new_module)
  File "<frozen importlib._bootstrap_external>", line 995, in exec_module
  File "<frozen importlib._bootstrap>", line 488, in _call_with_frames_removed
  File "/opt/airflow/dags/accidents_dag.py", line 12, in <module>
    from wrangling import accidents_cleaning
ModuleNotFoundError: No module named 'wrangling'
[2025-12-20T22:27:24.036+0000] {processor.py:927} WARNING - No viable dags retrieved from /opt/airflow/dags/accidents_dag.py
[2025-12-20T22:27:24.050+0000] {processor.py:208} INFO - Processing /opt/airflow/dags/accidents_dag.py took 0.547 seconds
[2025-12-20T22:27:55.048+0000] {processor.py:186} INFO - Started process (PID=186) to work on /opt/airflow/dags/accidents_dag.py
[2025-12-20T22:27:55.055+0000] {processor.py:914} INFO - Processing file /opt/airflow/dags/accidents_dag.py for tasks to queue
[2025-12-20T22:27:55.077+0000] {logging_mixin.py:190} INFO - [2025-12-20T22:27:55.075+0000] {dagbag.py:588} INFO - Filling up the DagBag from /opt/airflow/dags/accidents_dag.py
[2025-12-20T22:27:55.992+0000] {logging_mixin.py:190} INFO - [2025-12-20T22:27:55.984+0000] {dagbag.py:387} ERROR - Failed to import: /opt/airflow/dags/accidents_dag.py
Traceback (most recent call last):
  File "/home/airflow/.local/lib/python3.12/site-packages/airflow/models/dagbag.py", line 383, in parse
    loader.exec_module(new_module)
  File "<frozen importlib._bootstrap_external>", line 995, in exec_module
  File "<frozen importlib._bootstrap>", line 488, in _call_with_frames_removed
  File "/opt/airflow/dags/accidents_dag.py", line 12, in <module>
    from wrangling import accidents_cleaning
ModuleNotFoundError: No module named 'wrangling'
[2025-12-20T22:27:55.995+0000] {processor.py:927} WARNING - No viable dags retrieved from /opt/airflow/dags/accidents_dag.py
[2025-12-20T22:27:56.054+0000] {processor.py:208} INFO - Processing /opt/airflow/dags/accidents_dag.py took 1.058 seconds
[2025-12-20T22:28:26.160+0000] {processor.py:186} INFO - Started process (PID=196) to work on /opt/airflow/dags/accidents_dag.py
[2025-12-20T22:28:26.162+0000] {processor.py:914} INFO - Processing file /opt/airflow/dags/accidents_dag.py for tasks to queue
[2025-12-20T22:28:26.176+0000] {logging_mixin.py:190} INFO - [2025-12-20T22:28:26.175+0000] {dagbag.py:588} INFO - Filling up the DagBag from /opt/airflow/dags/accidents_dag.py
[2025-12-20T22:28:27.551+0000] {logging_mixin.py:190} INFO - [2025-12-20T22:28:27.528+0000] {dagbag.py:387} ERROR - Failed to import: /opt/airflow/dags/accidents_dag.py
Traceback (most recent call last):
  File "/home/airflow/.local/lib/python3.12/site-packages/airflow/models/dagbag.py", line 383, in parse
    loader.exec_module(new_module)
  File "<frozen importlib._bootstrap_external>", line 995, in exec_module
  File "<frozen importlib._bootstrap>", line 488, in _call_with_frames_removed
  File "/opt/airflow/dags/accidents_dag.py", line 12, in <module>
    from wrangling import accidents_cleaning
ModuleNotFoundError: No module named 'wrangling'
[2025-12-20T22:28:27.556+0000] {processor.py:927} WARNING - No viable dags retrieved from /opt/airflow/dags/accidents_dag.py
[2025-12-20T22:28:27.669+0000] {processor.py:208} INFO - Processing /opt/airflow/dags/accidents_dag.py took 1.523 seconds
[2025-12-20T22:28:58.707+0000] {processor.py:186} INFO - Started process (PID=206) to work on /opt/airflow/dags/accidents_dag.py
[2025-12-20T22:28:58.709+0000] {processor.py:914} INFO - Processing file /opt/airflow/dags/accidents_dag.py for tasks to queue
[2025-12-20T22:28:58.718+0000] {logging_mixin.py:190} INFO - [2025-12-20T22:28:58.717+0000] {dagbag.py:588} INFO - Filling up the DagBag from /opt/airflow/dags/accidents_dag.py
[2025-12-20T22:28:59.269+0000] {logging_mixin.py:190} INFO - [2025-12-20T22:28:59.263+0000] {dagbag.py:387} ERROR - Failed to import: /opt/airflow/dags/accidents_dag.py
Traceback (most recent call last):
  File "/home/airflow/.local/lib/python3.12/site-packages/airflow/models/dagbag.py", line 383, in parse
    loader.exec_module(new_module)
  File "<frozen importlib._bootstrap_external>", line 995, in exec_module
  File "<frozen importlib._bootstrap>", line 488, in _call_with_frames_removed
  File "/opt/airflow/dags/accidents_dag.py", line 12, in <module>
    from wrangling import accidents_cleaning
ModuleNotFoundError: No module named 'wrangling'
[2025-12-20T22:28:59.271+0000] {processor.py:927} WARNING - No viable dags retrieved from /opt/airflow/dags/accidents_dag.py
[2025-12-20T22:28:59.310+0000] {processor.py:208} INFO - Processing /opt/airflow/dags/accidents_dag.py took 0.615 seconds
[2025-12-20T22:29:58.835+0000] {processor.py:186} INFO - Started process (PID=64) to work on /opt/airflow/dags/accidents_dag.py
[2025-12-20T22:29:58.836+0000] {processor.py:914} INFO - Processing file /opt/airflow/dags/accidents_dag.py for tasks to queue
[2025-12-20T22:29:58.840+0000] {logging_mixin.py:190} INFO - [2025-12-20T22:29:58.840+0000] {dagbag.py:588} INFO - Filling up the DagBag from /opt/airflow/dags/accidents_dag.py
[2025-12-20T22:30:00.641+0000] {logging_mixin.py:190} INFO - [2025-12-20T22:30:00.629+0000] {dagbag.py:387} ERROR - Failed to import: /opt/airflow/dags/accidents_dag.py
Traceback (most recent call last):
  File "/home/airflow/.local/lib/python3.12/site-packages/airflow/models/dagbag.py", line 383, in parse
    loader.exec_module(new_module)
  File "<frozen importlib._bootstrap_external>", line 995, in exec_module
  File "<frozen importlib._bootstrap>", line 488, in _call_with_frames_removed
  File "/opt/airflow/dags/accidents_dag.py", line 12, in <module>
    from wrangling import accidents_cleaning
ModuleNotFoundError: No module named 'wrangling'
[2025-12-20T22:30:00.644+0000] {processor.py:927} WARNING - No viable dags retrieved from /opt/airflow/dags/accidents_dag.py
[2025-12-20T22:30:00.718+0000] {processor.py:208} INFO - Processing /opt/airflow/dags/accidents_dag.py took 1.890 seconds
[2025-12-20T22:30:31.334+0000] {processor.py:186} INFO - Started process (PID=74) to work on /opt/airflow/dags/accidents_dag.py
[2025-12-20T22:30:31.335+0000] {processor.py:914} INFO - Processing file /opt/airflow/dags/accidents_dag.py for tasks to queue
[2025-12-20T22:30:31.338+0000] {logging_mixin.py:190} INFO - [2025-12-20T22:30:31.337+0000] {dagbag.py:588} INFO - Filling up the DagBag from /opt/airflow/dags/accidents_dag.py
[2025-12-20T22:30:31.752+0000] {logging_mixin.py:190} INFO - [2025-12-20T22:30:31.749+0000] {dagbag.py:387} ERROR - Failed to import: /opt/airflow/dags/accidents_dag.py
Traceback (most recent call last):
  File "/home/airflow/.local/lib/python3.12/site-packages/airflow/models/dagbag.py", line 383, in parse
    loader.exec_module(new_module)
  File "<frozen importlib._bootstrap_external>", line 995, in exec_module
  File "<frozen importlib._bootstrap>", line 488, in _call_with_frames_removed
  File "/opt/airflow/dags/accidents_dag.py", line 12, in <module>
    from wrangling import accidents_cleaning
ModuleNotFoundError: No module named 'wrangling'
[2025-12-20T22:30:31.753+0000] {processor.py:927} WARNING - No viable dags retrieved from /opt/airflow/dags/accidents_dag.py
[2025-12-20T22:30:31.775+0000] {processor.py:208} INFO - Processing /opt/airflow/dags/accidents_dag.py took 0.451 seconds
[2025-12-20T22:31:02.203+0000] {processor.py:186} INFO - Started process (PID=90) to work on /opt/airflow/dags/accidents_dag.py
[2025-12-20T22:31:02.206+0000] {processor.py:914} INFO - Processing file /opt/airflow/dags/accidents_dag.py for tasks to queue
[2025-12-20T22:31:02.210+0000] {logging_mixin.py:190} INFO - [2025-12-20T22:31:02.209+0000] {dagbag.py:588} INFO - Filling up the DagBag from /opt/airflow/dags/accidents_dag.py
[2025-12-20T22:31:02.604+0000] {logging_mixin.py:190} INFO - [2025-12-20T22:31:02.599+0000] {dagbag.py:387} ERROR - Failed to import: /opt/airflow/dags/accidents_dag.py
Traceback (most recent call last):
  File "/home/airflow/.local/lib/python3.12/site-packages/airflow/models/dagbag.py", line 383, in parse
    loader.exec_module(new_module)
  File "<frozen importlib._bootstrap_external>", line 995, in exec_module
  File "<frozen importlib._bootstrap>", line 488, in _call_with_frames_removed
  File "/opt/airflow/dags/accidents_dag.py", line 12, in <module>
    from wrangling import accidents_cleaning
ModuleNotFoundError: No module named 'wrangling'
[2025-12-20T22:31:02.604+0000] {processor.py:927} WARNING - No viable dags retrieved from /opt/airflow/dags/accidents_dag.py
[2025-12-20T22:31:02.626+0000] {processor.py:208} INFO - Processing /opt/airflow/dags/accidents_dag.py took 0.428 seconds
[2025-12-20T22:31:33.459+0000] {processor.py:186} INFO - Started process (PID=100) to work on /opt/airflow/dags/accidents_dag.py
[2025-12-20T22:31:33.460+0000] {processor.py:914} INFO - Processing file /opt/airflow/dags/accidents_dag.py for tasks to queue
[2025-12-20T22:31:33.463+0000] {logging_mixin.py:190} INFO - [2025-12-20T22:31:33.463+0000] {dagbag.py:588} INFO - Filling up the DagBag from /opt/airflow/dags/accidents_dag.py
[2025-12-20T22:31:34.191+0000] {logging_mixin.py:190} INFO - [2025-12-20T22:31:34.186+0000] {dagbag.py:387} ERROR - Failed to import: /opt/airflow/dags/accidents_dag.py
Traceback (most recent call last):
  File "/home/airflow/.local/lib/python3.12/site-packages/airflow/models/dagbag.py", line 383, in parse
    loader.exec_module(new_module)
  File "<frozen importlib._bootstrap_external>", line 995, in exec_module
  File "<frozen importlib._bootstrap>", line 488, in _call_with_frames_removed
  File "/opt/airflow/dags/accidents_dag.py", line 12, in <module>
    from wrangling import accidents_cleaning
ModuleNotFoundError: No module named 'wrangling'
[2025-12-20T22:31:34.194+0000] {processor.py:927} WARNING - No viable dags retrieved from /opt/airflow/dags/accidents_dag.py
[2025-12-20T22:31:34.227+0000] {processor.py:208} INFO - Processing /opt/airflow/dags/accidents_dag.py took 0.775 seconds
[2025-12-20T22:32:04.701+0000] {processor.py:186} INFO - Started process (PID=110) to work on /opt/airflow/dags/accidents_dag.py
[2025-12-20T22:32:04.704+0000] {processor.py:914} INFO - Processing file /opt/airflow/dags/accidents_dag.py for tasks to queue
[2025-12-20T22:32:04.712+0000] {logging_mixin.py:190} INFO - [2025-12-20T22:32:04.711+0000] {dagbag.py:588} INFO - Filling up the DagBag from /opt/airflow/dags/accidents_dag.py
[2025-12-20T22:32:05.118+0000] {logging_mixin.py:190} INFO - [2025-12-20T22:32:05.112+0000] {dagbag.py:387} ERROR - Failed to import: /opt/airflow/dags/accidents_dag.py
Traceback (most recent call last):
  File "/home/airflow/.local/lib/python3.12/site-packages/airflow/models/dagbag.py", line 383, in parse
    loader.exec_module(new_module)
  File "<frozen importlib._bootstrap_external>", line 995, in exec_module
  File "<frozen importlib._bootstrap>", line 488, in _call_with_frames_removed
  File "/opt/airflow/dags/accidents_dag.py", line 12, in <module>
    from wrangling import accidents_cleaning
ModuleNotFoundError: No module named 'wrangling'
[2025-12-20T22:32:05.118+0000] {processor.py:927} WARNING - No viable dags retrieved from /opt/airflow/dags/accidents_dag.py
[2025-12-20T22:32:05.136+0000] {processor.py:208} INFO - Processing /opt/airflow/dags/accidents_dag.py took 0.448 seconds
[2025-12-20T22:32:35.715+0000] {processor.py:186} INFO - Started process (PID=120) to work on /opt/airflow/dags/accidents_dag.py
[2025-12-20T22:32:35.716+0000] {processor.py:914} INFO - Processing file /opt/airflow/dags/accidents_dag.py for tasks to queue
[2025-12-20T22:32:35.720+0000] {logging_mixin.py:190} INFO - [2025-12-20T22:32:35.720+0000] {dagbag.py:588} INFO - Filling up the DagBag from /opt/airflow/dags/accidents_dag.py
[2025-12-20T22:32:35.972+0000] {logging_mixin.py:190} INFO - [2025-12-20T22:32:35.969+0000] {dagbag.py:387} ERROR - Failed to import: /opt/airflow/dags/accidents_dag.py
Traceback (most recent call last):
  File "/home/airflow/.local/lib/python3.12/site-packages/airflow/models/dagbag.py", line 383, in parse
    loader.exec_module(new_module)
  File "<frozen importlib._bootstrap_external>", line 995, in exec_module
  File "<frozen importlib._bootstrap>", line 488, in _call_with_frames_removed
  File "/opt/airflow/dags/accidents_dag.py", line 12, in <module>
    from wrangling import accidents_cleaning
ModuleNotFoundError: No module named 'wrangling'
[2025-12-20T22:32:35.972+0000] {processor.py:927} WARNING - No viable dags retrieved from /opt/airflow/dags/accidents_dag.py
[2025-12-20T22:32:35.997+0000] {processor.py:208} INFO - Processing /opt/airflow/dags/accidents_dag.py took 0.288 seconds
[2025-12-20T22:37:06.086+0000] {processor.py:186} INFO - Started process (PID=52) to work on /opt/airflow/dags/accidents_dag.py
[2025-12-20T22:37:06.087+0000] {processor.py:914} INFO - Processing file /opt/airflow/dags/accidents_dag.py for tasks to queue
[2025-12-20T22:37:06.088+0000] {logging_mixin.py:190} INFO - [2025-12-20T22:37:06.088+0000] {dagbag.py:588} INFO - Filling up the DagBag from /opt/airflow/dags/accidents_dag.py
[2025-12-20T22:37:06.659+0000] {logging_mixin.py:190} INFO - [2025-12-20T22:37:06.657+0000] {dagbag.py:387} ERROR - Failed to import: /opt/airflow/dags/accidents_dag.py
Traceback (most recent call last):
  File "/home/airflow/.local/lib/python3.12/site-packages/airflow/models/dagbag.py", line 383, in parse
    loader.exec_module(new_module)
  File "<frozen importlib._bootstrap_external>", line 995, in exec_module
  File "<frozen importlib._bootstrap>", line 488, in _call_with_frames_removed
  File "/opt/airflow/dags/accidents_dag.py", line 12, in <module>
    from wrangling import accidents_cleaning
ModuleNotFoundError: No module named 'wrangling'
[2025-12-20T22:37:06.660+0000] {processor.py:927} WARNING - No viable dags retrieved from /opt/airflow/dags/accidents_dag.py
[2025-12-20T22:37:06.669+0000] {processor.py:208} INFO - Processing /opt/airflow/dags/accidents_dag.py took 0.586 seconds
[2025-12-20T22:37:36.860+0000] {processor.py:186} INFO - Started process (PID=61) to work on /opt/airflow/dags/accidents_dag.py
[2025-12-20T22:37:36.861+0000] {processor.py:914} INFO - Processing file /opt/airflow/dags/accidents_dag.py for tasks to queue
[2025-12-20T22:37:36.862+0000] {logging_mixin.py:190} INFO - [2025-12-20T22:37:36.862+0000] {dagbag.py:588} INFO - Filling up the DagBag from /opt/airflow/dags/accidents_dag.py
[2025-12-20T22:37:37.111+0000] {logging_mixin.py:190} INFO - [2025-12-20T22:37:37.108+0000] {dagbag.py:387} ERROR - Failed to import: /opt/airflow/dags/accidents_dag.py
Traceback (most recent call last):
  File "/home/airflow/.local/lib/python3.12/site-packages/airflow/models/dagbag.py", line 383, in parse
    loader.exec_module(new_module)
  File "<frozen importlib._bootstrap_external>", line 995, in exec_module
  File "<frozen importlib._bootstrap>", line 488, in _call_with_frames_removed
  File "/opt/airflow/dags/accidents_dag.py", line 12, in <module>
    from wrangling import accidents_cleaning
ModuleNotFoundError: No module named 'wrangling'
[2025-12-20T22:37:37.112+0000] {processor.py:927} WARNING - No viable dags retrieved from /opt/airflow/dags/accidents_dag.py
[2025-12-20T22:37:37.122+0000] {processor.py:208} INFO - Processing /opt/airflow/dags/accidents_dag.py took 0.265 seconds
[2025-12-20T22:38:07.332+0000] {processor.py:186} INFO - Started process (PID=71) to work on /opt/airflow/dags/accidents_dag.py
[2025-12-20T22:38:07.336+0000] {processor.py:914} INFO - Processing file /opt/airflow/dags/accidents_dag.py for tasks to queue
[2025-12-20T22:38:07.338+0000] {logging_mixin.py:190} INFO - [2025-12-20T22:38:07.338+0000] {dagbag.py:588} INFO - Filling up the DagBag from /opt/airflow/dags/accidents_dag.py
[2025-12-20T22:38:07.728+0000] {logging_mixin.py:190} INFO - [2025-12-20T22:38:07.723+0000] {dagbag.py:387} ERROR - Failed to import: /opt/airflow/dags/accidents_dag.py
Traceback (most recent call last):
  File "/home/airflow/.local/lib/python3.12/site-packages/airflow/models/dagbag.py", line 383, in parse
    loader.exec_module(new_module)
  File "<frozen importlib._bootstrap_external>", line 995, in exec_module
  File "<frozen importlib._bootstrap>", line 488, in _call_with_frames_removed
  File "/opt/airflow/dags/accidents_dag.py", line 12, in <module>
    from wrangling import accidents_cleaning
ModuleNotFoundError: No module named 'wrangling'
[2025-12-20T22:38:07.728+0000] {processor.py:927} WARNING - No viable dags retrieved from /opt/airflow/dags/accidents_dag.py
[2025-12-20T22:38:07.740+0000] {processor.py:208} INFO - Processing /opt/airflow/dags/accidents_dag.py took 0.413 seconds
[2025-12-20T22:44:02.580+0000] {processor.py:186} INFO - Started process (PID=86) to work on /opt/airflow/dags/accidents_dag.py
[2025-12-20T22:44:02.581+0000] {processor.py:914} INFO - Processing file /opt/airflow/dags/accidents_dag.py for tasks to queue
[2025-12-20T22:44:02.582+0000] {logging_mixin.py:190} INFO - [2025-12-20T22:44:02.582+0000] {dagbag.py:588} INFO - Filling up the DagBag from /opt/airflow/dags/accidents_dag.py
[2025-12-20T22:44:03.023+0000] {logging_mixin.py:190} INFO - [2025-12-20T22:44:03.022+0000] {dagbag.py:387} ERROR - Failed to import: /opt/airflow/dags/accidents_dag.py
Traceback (most recent call last):
  File "/home/airflow/.local/lib/python3.12/site-packages/airflow/models/dagbag.py", line 383, in parse
    loader.exec_module(new_module)
  File "<frozen importlib._bootstrap_external>", line 995, in exec_module
  File "<frozen importlib._bootstrap>", line 488, in _call_with_frames_removed
  File "/opt/airflow/dags/accidents_dag.py", line 12, in <module>
    from wrangling import accidents_cleaning
ModuleNotFoundError: No module named 'wrangling'
[2025-12-20T22:44:03.024+0000] {processor.py:927} WARNING - No viable dags retrieved from /opt/airflow/dags/accidents_dag.py
[2025-12-20T22:44:03.033+0000] {processor.py:208} INFO - Processing /opt/airflow/dags/accidents_dag.py took 0.456 seconds
[2025-12-20T22:44:33.193+0000] {processor.py:186} INFO - Started process (PID=95) to work on /opt/airflow/dags/accidents_dag.py
[2025-12-20T22:44:33.194+0000] {processor.py:914} INFO - Processing file /opt/airflow/dags/accidents_dag.py for tasks to queue
[2025-12-20T22:44:33.196+0000] {logging_mixin.py:190} INFO - [2025-12-20T22:44:33.195+0000] {dagbag.py:588} INFO - Filling up the DagBag from /opt/airflow/dags/accidents_dag.py
[2025-12-20T22:44:33.428+0000] {logging_mixin.py:190} INFO - [2025-12-20T22:44:33.427+0000] {dagbag.py:387} ERROR - Failed to import: /opt/airflow/dags/accidents_dag.py
Traceback (most recent call last):
  File "/home/airflow/.local/lib/python3.12/site-packages/airflow/models/dagbag.py", line 383, in parse
    loader.exec_module(new_module)
  File "<frozen importlib._bootstrap_external>", line 995, in exec_module
  File "<frozen importlib._bootstrap>", line 488, in _call_with_frames_removed
  File "/opt/airflow/dags/accidents_dag.py", line 12, in <module>
    from wrangling import accidents_cleaning
ModuleNotFoundError: No module named 'wrangling'
[2025-12-20T22:44:33.429+0000] {processor.py:927} WARNING - No viable dags retrieved from /opt/airflow/dags/accidents_dag.py
[2025-12-20T22:44:33.442+0000] {processor.py:208} INFO - Processing /opt/airflow/dags/accidents_dag.py took 0.252 seconds
[2025-12-20T22:45:03.807+0000] {processor.py:186} INFO - Started process (PID=106) to work on /opt/airflow/dags/accidents_dag.py
[2025-12-20T22:45:03.809+0000] {processor.py:914} INFO - Processing file /opt/airflow/dags/accidents_dag.py for tasks to queue
[2025-12-20T22:45:03.812+0000] {logging_mixin.py:190} INFO - [2025-12-20T22:45:03.811+0000] {dagbag.py:588} INFO - Filling up the DagBag from /opt/airflow/dags/accidents_dag.py
[2025-12-20T22:45:04.386+0000] {logging_mixin.py:190} INFO - [2025-12-20T22:45:04.382+0000] {dagbag.py:387} ERROR - Failed to import: /opt/airflow/dags/accidents_dag.py
Traceback (most recent call last):
  File "/home/airflow/.local/lib/python3.12/site-packages/airflow/models/dagbag.py", line 383, in parse
    loader.exec_module(new_module)
  File "<frozen importlib._bootstrap_external>", line 995, in exec_module
  File "<frozen importlib._bootstrap>", line 488, in _call_with_frames_removed
  File "/opt/airflow/dags/accidents_dag.py", line 12, in <module>
    from wrangling import accidents_cleaning
ModuleNotFoundError: No module named 'wrangling'
[2025-12-20T22:45:04.387+0000] {processor.py:927} WARNING - No viable dags retrieved from /opt/airflow/dags/accidents_dag.py
[2025-12-20T22:45:04.407+0000] {processor.py:208} INFO - Processing /opt/airflow/dags/accidents_dag.py took 0.614 seconds
[2025-12-20T22:45:34.755+0000] {processor.py:186} INFO - Started process (PID=116) to work on /opt/airflow/dags/accidents_dag.py
[2025-12-20T22:45:34.756+0000] {processor.py:914} INFO - Processing file /opt/airflow/dags/accidents_dag.py for tasks to queue
[2025-12-20T22:45:34.759+0000] {logging_mixin.py:190} INFO - [2025-12-20T22:45:34.759+0000] {dagbag.py:588} INFO - Filling up the DagBag from /opt/airflow/dags/accidents_dag.py
[2025-12-20T22:45:35.143+0000] {logging_mixin.py:190} INFO - [2025-12-20T22:45:35.141+0000] {dagbag.py:387} ERROR - Failed to import: /opt/airflow/dags/accidents_dag.py
Traceback (most recent call last):
  File "/home/airflow/.local/lib/python3.12/site-packages/airflow/models/dagbag.py", line 383, in parse
    loader.exec_module(new_module)
  File "<frozen importlib._bootstrap_external>", line 995, in exec_module
  File "<frozen importlib._bootstrap>", line 488, in _call_with_frames_removed
  File "/opt/airflow/dags/accidents_dag.py", line 12, in <module>
    from wrangling import accidents_cleaning
ModuleNotFoundError: No module named 'wrangling'
[2025-12-20T22:45:35.143+0000] {processor.py:927} WARNING - No viable dags retrieved from /opt/airflow/dags/accidents_dag.py
[2025-12-20T22:45:35.155+0000] {processor.py:208} INFO - Processing /opt/airflow/dags/accidents_dag.py took 0.405 seconds
[2025-12-20T22:49:20.110+0000] {processor.py:186} INFO - Started process (PID=89) to work on /opt/airflow/dags/accidents_dag.py
[2025-12-20T22:49:20.111+0000] {processor.py:914} INFO - Processing file /opt/airflow/dags/accidents_dag.py for tasks to queue
[2025-12-20T22:49:20.113+0000] {logging_mixin.py:190} INFO - [2025-12-20T22:49:20.113+0000] {dagbag.py:588} INFO - Filling up the DagBag from /opt/airflow/dags/accidents_dag.py
[2025-12-20T22:49:20.544+0000] {logging_mixin.py:190} INFO - [2025-12-20T22:49:20.543+0000] {dagbag.py:387} ERROR - Failed to import: /opt/airflow/dags/accidents_dag.py
Traceback (most recent call last):
  File "/home/airflow/.local/lib/python3.12/site-packages/airflow/models/dagbag.py", line 383, in parse
    loader.exec_module(new_module)
  File "<frozen importlib._bootstrap_external>", line 995, in exec_module
  File "<frozen importlib._bootstrap>", line 488, in _call_with_frames_removed
  File "/opt/airflow/dags/accidents_dag.py", line 12, in <module>
    from wrangling import accidents_cleaning
ModuleNotFoundError: No module named 'wrangling'
[2025-12-20T22:49:20.545+0000] {processor.py:927} WARNING - No viable dags retrieved from /opt/airflow/dags/accidents_dag.py
[2025-12-20T22:49:20.555+0000] {processor.py:208} INFO - Processing /opt/airflow/dags/accidents_dag.py took 0.449 seconds
[2025-12-20T22:49:50.753+0000] {processor.py:186} INFO - Started process (PID=98) to work on /opt/airflow/dags/accidents_dag.py
[2025-12-20T22:49:50.754+0000] {processor.py:914} INFO - Processing file /opt/airflow/dags/accidents_dag.py for tasks to queue
[2025-12-20T22:49:50.757+0000] {logging_mixin.py:190} INFO - [2025-12-20T22:49:50.757+0000] {dagbag.py:588} INFO - Filling up the DagBag from /opt/airflow/dags/accidents_dag.py
[2025-12-20T22:49:51.152+0000] {logging_mixin.py:190} INFO - [2025-12-20T22:49:51.148+0000] {dagbag.py:387} ERROR - Failed to import: /opt/airflow/dags/accidents_dag.py
Traceback (most recent call last):
  File "/home/airflow/.local/lib/python3.12/site-packages/airflow/models/dagbag.py", line 383, in parse
    loader.exec_module(new_module)
  File "<frozen importlib._bootstrap_external>", line 995, in exec_module
  File "<frozen importlib._bootstrap>", line 488, in _call_with_frames_removed
  File "/opt/airflow/dags/accidents_dag.py", line 12, in <module>
    from wrangling import accidents_cleaning
ModuleNotFoundError: No module named 'wrangling'
[2025-12-20T22:49:51.153+0000] {processor.py:927} WARNING - No viable dags retrieved from /opt/airflow/dags/accidents_dag.py
[2025-12-20T22:49:51.167+0000] {processor.py:208} INFO - Processing /opt/airflow/dags/accidents_dag.py took 0.419 seconds
[2025-12-20T22:50:21.497+0000] {processor.py:186} INFO - Started process (PID=108) to work on /opt/airflow/dags/accidents_dag.py
[2025-12-20T22:50:21.498+0000] {processor.py:914} INFO - Processing file /opt/airflow/dags/accidents_dag.py for tasks to queue
[2025-12-20T22:50:21.501+0000] {logging_mixin.py:190} INFO - [2025-12-20T22:50:21.501+0000] {dagbag.py:588} INFO - Filling up the DagBag from /opt/airflow/dags/accidents_dag.py
[2025-12-20T22:50:21.882+0000] {logging_mixin.py:190} INFO - [2025-12-20T22:50:21.881+0000] {dagbag.py:387} ERROR - Failed to import: /opt/airflow/dags/accidents_dag.py
Traceback (most recent call last):
  File "/home/airflow/.local/lib/python3.12/site-packages/airflow/models/dagbag.py", line 383, in parse
    loader.exec_module(new_module)
  File "<frozen importlib._bootstrap_external>", line 995, in exec_module
  File "<frozen importlib._bootstrap>", line 488, in _call_with_frames_removed
  File "/opt/airflow/dags/accidents_dag.py", line 12, in <module>
    from wrangling import accidents_cleaning
ModuleNotFoundError: No module named 'wrangling'
[2025-12-20T22:50:21.883+0000] {processor.py:927} WARNING - No viable dags retrieved from /opt/airflow/dags/accidents_dag.py
[2025-12-20T22:50:21.892+0000] {processor.py:208} INFO - Processing /opt/airflow/dags/accidents_dag.py took 0.401 seconds
[2025-12-20T22:50:52.250+0000] {processor.py:186} INFO - Started process (PID=118) to work on /opt/airflow/dags/accidents_dag.py
[2025-12-20T22:50:52.251+0000] {processor.py:914} INFO - Processing file /opt/airflow/dags/accidents_dag.py for tasks to queue
[2025-12-20T22:50:52.254+0000] {logging_mixin.py:190} INFO - [2025-12-20T22:50:52.254+0000] {dagbag.py:588} INFO - Filling up the DagBag from /opt/airflow/dags/accidents_dag.py
[2025-12-20T22:50:52.627+0000] {logging_mixin.py:190} INFO - [2025-12-20T22:50:52.623+0000] {dagbag.py:387} ERROR - Failed to import: /opt/airflow/dags/accidents_dag.py
Traceback (most recent call last):
  File "/home/airflow/.local/lib/python3.12/site-packages/airflow/models/dagbag.py", line 383, in parse
    loader.exec_module(new_module)
  File "<frozen importlib._bootstrap_external>", line 995, in exec_module
  File "<frozen importlib._bootstrap>", line 488, in _call_with_frames_removed
  File "/opt/airflow/dags/accidents_dag.py", line 12, in <module>
    from wrangling import accidents_cleaning
ModuleNotFoundError: No module named 'wrangling'
[2025-12-20T22:50:52.628+0000] {processor.py:927} WARNING - No viable dags retrieved from /opt/airflow/dags/accidents_dag.py
[2025-12-20T22:50:52.638+0000] {processor.py:208} INFO - Processing /opt/airflow/dags/accidents_dag.py took 0.396 seconds
[2025-12-20T22:51:22.937+0000] {processor.py:186} INFO - Started process (PID=128) to work on /opt/airflow/dags/accidents_dag.py
[2025-12-20T22:51:22.937+0000] {processor.py:914} INFO - Processing file /opt/airflow/dags/accidents_dag.py for tasks to queue
[2025-12-20T22:51:22.941+0000] {logging_mixin.py:190} INFO - [2025-12-20T22:51:22.940+0000] {dagbag.py:588} INFO - Filling up the DagBag from /opt/airflow/dags/accidents_dag.py
[2025-12-20T22:51:23.242+0000] {logging_mixin.py:190} INFO - [2025-12-20T22:51:23.239+0000] {dagbag.py:387} ERROR - Failed to import: /opt/airflow/dags/accidents_dag.py
Traceback (most recent call last):
  File "/home/airflow/.local/lib/python3.12/site-packages/airflow/models/dagbag.py", line 383, in parse
    loader.exec_module(new_module)
  File "<frozen importlib._bootstrap_external>", line 995, in exec_module
  File "<frozen importlib._bootstrap>", line 488, in _call_with_frames_removed
  File "/opt/airflow/dags/accidents_dag.py", line 12, in <module>
    from wrangling import accidents_cleaning
ModuleNotFoundError: No module named 'wrangling'
[2025-12-20T22:51:23.242+0000] {processor.py:927} WARNING - No viable dags retrieved from /opt/airflow/dags/accidents_dag.py
[2025-12-20T22:51:23.251+0000] {processor.py:208} INFO - Processing /opt/airflow/dags/accidents_dag.py took 0.319 seconds
[2025-12-20T22:51:53.606+0000] {processor.py:186} INFO - Started process (PID=138) to work on /opt/airflow/dags/accidents_dag.py
[2025-12-20T22:51:53.607+0000] {processor.py:914} INFO - Processing file /opt/airflow/dags/accidents_dag.py for tasks to queue
[2025-12-20T22:51:53.609+0000] {logging_mixin.py:190} INFO - [2025-12-20T22:51:53.609+0000] {dagbag.py:588} INFO - Filling up the DagBag from /opt/airflow/dags/accidents_dag.py
[2025-12-20T22:51:53.880+0000] {logging_mixin.py:190} INFO - [2025-12-20T22:51:53.877+0000] {dagbag.py:387} ERROR - Failed to import: /opt/airflow/dags/accidents_dag.py
Traceback (most recent call last):
  File "/home/airflow/.local/lib/python3.12/site-packages/airflow/models/dagbag.py", line 383, in parse
    loader.exec_module(new_module)
  File "<frozen importlib._bootstrap_external>", line 995, in exec_module
  File "<frozen importlib._bootstrap>", line 488, in _call_with_frames_removed
  File "/opt/airflow/dags/accidents_dag.py", line 12, in <module>
    from wrangling import accidents_cleaning
ModuleNotFoundError: No module named 'wrangling'
[2025-12-20T22:51:53.882+0000] {processor.py:927} WARNING - No viable dags retrieved from /opt/airflow/dags/accidents_dag.py
[2025-12-20T22:51:53.893+0000] {processor.py:208} INFO - Processing /opt/airflow/dags/accidents_dag.py took 0.293 seconds
[2025-12-20T22:52:24.289+0000] {processor.py:186} INFO - Started process (PID=154) to work on /opt/airflow/dags/accidents_dag.py
[2025-12-20T22:52:24.291+0000] {processor.py:914} INFO - Processing file /opt/airflow/dags/accidents_dag.py for tasks to queue
[2025-12-20T22:52:24.295+0000] {logging_mixin.py:190} INFO - [2025-12-20T22:52:24.294+0000] {dagbag.py:588} INFO - Filling up the DagBag from /opt/airflow/dags/accidents_dag.py
[2025-12-20T22:52:24.702+0000] {logging_mixin.py:190} INFO - [2025-12-20T22:52:24.700+0000] {dagbag.py:387} ERROR - Failed to import: /opt/airflow/dags/accidents_dag.py
Traceback (most recent call last):
  File "/home/airflow/.local/lib/python3.12/site-packages/airflow/models/dagbag.py", line 383, in parse
    loader.exec_module(new_module)
  File "<frozen importlib._bootstrap_external>", line 995, in exec_module
  File "<frozen importlib._bootstrap>", line 488, in _call_with_frames_removed
  File "/opt/airflow/dags/accidents_dag.py", line 12, in <module>
    from wrangling import accidents_cleaning
ModuleNotFoundError: No module named 'wrangling'
[2025-12-20T22:52:24.702+0000] {processor.py:927} WARNING - No viable dags retrieved from /opt/airflow/dags/accidents_dag.py
[2025-12-20T22:52:24.716+0000] {processor.py:208} INFO - Processing /opt/airflow/dags/accidents_dag.py took 0.440 seconds
[2025-12-20T22:58:05.642+0000] {processor.py:186} INFO - Started process (PID=88) to work on /opt/airflow/dags/accidents_dag.py
[2025-12-20T22:58:05.644+0000] {processor.py:914} INFO - Processing file /opt/airflow/dags/accidents_dag.py for tasks to queue
[2025-12-20T22:58:05.646+0000] {logging_mixin.py:190} INFO - [2025-12-20T22:58:05.645+0000] {dagbag.py:588} INFO - Filling up the DagBag from /opt/airflow/dags/accidents_dag.py
[2025-12-20T22:58:05.998+0000] {logging_mixin.py:190} INFO - [2025-12-20T22:58:05.997+0000] {dagbag.py:387} ERROR - Failed to import: /opt/airflow/dags/accidents_dag.py
Traceback (most recent call last):
  File "/home/airflow/.local/lib/python3.12/site-packages/airflow/models/dagbag.py", line 383, in parse
    loader.exec_module(new_module)
  File "<frozen importlib._bootstrap_external>", line 995, in exec_module
  File "<frozen importlib._bootstrap>", line 488, in _call_with_frames_removed
  File "/opt/airflow/dags/accidents_dag.py", line 12, in <module>
    from wrangling import accidents_cleaning
ModuleNotFoundError: No module named 'wrangling'
[2025-12-20T22:58:05.998+0000] {processor.py:927} WARNING - No viable dags retrieved from /opt/airflow/dags/accidents_dag.py
[2025-12-20T22:58:06.006+0000] {processor.py:208} INFO - Processing /opt/airflow/dags/accidents_dag.py took 0.368 seconds
[2025-12-20T22:58:36.213+0000] {processor.py:186} INFO - Started process (PID=97) to work on /opt/airflow/dags/accidents_dag.py
[2025-12-20T22:58:36.215+0000] {processor.py:914} INFO - Processing file /opt/airflow/dags/accidents_dag.py for tasks to queue
[2025-12-20T22:58:36.217+0000] {logging_mixin.py:190} INFO - [2025-12-20T22:58:36.217+0000] {dagbag.py:588} INFO - Filling up the DagBag from /opt/airflow/dags/accidents_dag.py
[2025-12-20T22:58:36.543+0000] {logging_mixin.py:190} INFO - [2025-12-20T22:58:36.542+0000] {dagbag.py:387} ERROR - Failed to import: /opt/airflow/dags/accidents_dag.py
Traceback (most recent call last):
  File "/home/airflow/.local/lib/python3.12/site-packages/airflow/models/dagbag.py", line 383, in parse
    loader.exec_module(new_module)
  File "<frozen importlib._bootstrap_external>", line 995, in exec_module
  File "<frozen importlib._bootstrap>", line 488, in _call_with_frames_removed
  File "/opt/airflow/dags/accidents_dag.py", line 12, in <module>
    from wrangling import accidents_cleaning
ModuleNotFoundError: No module named 'wrangling'
[2025-12-20T22:58:36.543+0000] {processor.py:927} WARNING - No viable dags retrieved from /opt/airflow/dags/accidents_dag.py
[2025-12-20T22:58:36.551+0000] {processor.py:208} INFO - Processing /opt/airflow/dags/accidents_dag.py took 0.343 seconds
[2025-12-20T22:59:06.870+0000] {processor.py:186} INFO - Started process (PID=107) to work on /opt/airflow/dags/accidents_dag.py
[2025-12-20T22:59:06.872+0000] {processor.py:914} INFO - Processing file /opt/airflow/dags/accidents_dag.py for tasks to queue
[2025-12-20T22:59:06.874+0000] {logging_mixin.py:190} INFO - [2025-12-20T22:59:06.874+0000] {dagbag.py:588} INFO - Filling up the DagBag from /opt/airflow/dags/accidents_dag.py
[2025-12-20T22:59:07.185+0000] {logging_mixin.py:190} INFO - [2025-12-20T22:59:07.182+0000] {dagbag.py:387} ERROR - Failed to import: /opt/airflow/dags/accidents_dag.py
Traceback (most recent call last):
  File "/home/airflow/.local/lib/python3.12/site-packages/airflow/models/dagbag.py", line 383, in parse
    loader.exec_module(new_module)
  File "<frozen importlib._bootstrap_external>", line 995, in exec_module
  File "<frozen importlib._bootstrap>", line 488, in _call_with_frames_removed
  File "/opt/airflow/dags/accidents_dag.py", line 12, in <module>
    from wrangling import accidents_cleaning
ModuleNotFoundError: No module named 'wrangling'
[2025-12-20T22:59:07.185+0000] {processor.py:927} WARNING - No viable dags retrieved from /opt/airflow/dags/accidents_dag.py
[2025-12-20T22:59:07.196+0000] {processor.py:208} INFO - Processing /opt/airflow/dags/accidents_dag.py took 0.331 seconds
[2025-12-20T22:59:37.567+0000] {processor.py:186} INFO - Started process (PID=117) to work on /opt/airflow/dags/accidents_dag.py
[2025-12-20T22:59:37.569+0000] {processor.py:914} INFO - Processing file /opt/airflow/dags/accidents_dag.py for tasks to queue
[2025-12-20T22:59:37.573+0000] {logging_mixin.py:190} INFO - [2025-12-20T22:59:37.572+0000] {dagbag.py:588} INFO - Filling up the DagBag from /opt/airflow/dags/accidents_dag.py
[2025-12-20T22:59:37.997+0000] {logging_mixin.py:190} INFO - [2025-12-20T22:59:37.993+0000] {dagbag.py:387} ERROR - Failed to import: /opt/airflow/dags/accidents_dag.py
Traceback (most recent call last):
  File "/home/airflow/.local/lib/python3.12/site-packages/airflow/models/dagbag.py", line 383, in parse
    loader.exec_module(new_module)
  File "<frozen importlib._bootstrap_external>", line 995, in exec_module
  File "<frozen importlib._bootstrap>", line 488, in _call_with_frames_removed
  File "/opt/airflow/dags/accidents_dag.py", line 12, in <module>
    from wrangling import accidents_cleaning
ModuleNotFoundError: No module named 'wrangling'
[2025-12-20T22:59:37.997+0000] {processor.py:927} WARNING - No viable dags retrieved from /opt/airflow/dags/accidents_dag.py
[2025-12-20T22:59:38.014+0000] {processor.py:208} INFO - Processing /opt/airflow/dags/accidents_dag.py took 0.454 seconds
[2025-12-20T23:00:08.422+0000] {processor.py:186} INFO - Started process (PID=127) to work on /opt/airflow/dags/accidents_dag.py
[2025-12-20T23:00:08.424+0000] {processor.py:914} INFO - Processing file /opt/airflow/dags/accidents_dag.py for tasks to queue
[2025-12-20T23:00:08.427+0000] {logging_mixin.py:190} INFO - [2025-12-20T23:00:08.427+0000] {dagbag.py:588} INFO - Filling up the DagBag from /opt/airflow/dags/accidents_dag.py
[2025-12-20T23:00:08.906+0000] {logging_mixin.py:190} INFO - [2025-12-20T23:00:08.901+0000] {dagbag.py:387} ERROR - Failed to import: /opt/airflow/dags/accidents_dag.py
Traceback (most recent call last):
  File "/home/airflow/.local/lib/python3.12/site-packages/airflow/models/dagbag.py", line 383, in parse
    loader.exec_module(new_module)
  File "<frozen importlib._bootstrap_external>", line 995, in exec_module
  File "<frozen importlib._bootstrap>", line 488, in _call_with_frames_removed
  File "/opt/airflow/dags/accidents_dag.py", line 12, in <module>
    from wrangling import accidents_cleaning
ModuleNotFoundError: No module named 'wrangling'
[2025-12-20T23:00:08.906+0000] {processor.py:927} WARNING - No viable dags retrieved from /opt/airflow/dags/accidents_dag.py
[2025-12-20T23:00:08.920+0000] {processor.py:208} INFO - Processing /opt/airflow/dags/accidents_dag.py took 0.508 seconds
[2025-12-20T23:00:39.285+0000] {processor.py:186} INFO - Started process (PID=137) to work on /opt/airflow/dags/accidents_dag.py
[2025-12-20T23:00:39.286+0000] {processor.py:914} INFO - Processing file /opt/airflow/dags/accidents_dag.py for tasks to queue
[2025-12-20T23:00:39.289+0000] {logging_mixin.py:190} INFO - [2025-12-20T23:00:39.289+0000] {dagbag.py:588} INFO - Filling up the DagBag from /opt/airflow/dags/accidents_dag.py
[2025-12-20T23:00:39.707+0000] {logging_mixin.py:190} INFO - [2025-12-20T23:00:39.705+0000] {dagbag.py:387} ERROR - Failed to import: /opt/airflow/dags/accidents_dag.py
Traceback (most recent call last):
  File "/home/airflow/.local/lib/python3.12/site-packages/airflow/models/dagbag.py", line 383, in parse
    loader.exec_module(new_module)
  File "<frozen importlib._bootstrap_external>", line 995, in exec_module
  File "<frozen importlib._bootstrap>", line 488, in _call_with_frames_removed
  File "/opt/airflow/dags/accidents_dag.py", line 12, in <module>
    from wrangling import accidents_cleaning
ModuleNotFoundError: No module named 'wrangling'
[2025-12-20T23:00:39.708+0000] {processor.py:927} WARNING - No viable dags retrieved from /opt/airflow/dags/accidents_dag.py
[2025-12-20T23:00:39.720+0000] {processor.py:208} INFO - Processing /opt/airflow/dags/accidents_dag.py took 0.441 seconds
[2025-12-20T23:01:10.107+0000] {processor.py:186} INFO - Started process (PID=147) to work on /opt/airflow/dags/accidents_dag.py
[2025-12-20T23:01:10.109+0000] {processor.py:914} INFO - Processing file /opt/airflow/dags/accidents_dag.py for tasks to queue
[2025-12-20T23:01:10.112+0000] {logging_mixin.py:190} INFO - [2025-12-20T23:01:10.112+0000] {dagbag.py:588} INFO - Filling up the DagBag from /opt/airflow/dags/accidents_dag.py
[2025-12-20T23:01:10.558+0000] {logging_mixin.py:190} INFO - [2025-12-20T23:01:10.557+0000] {dagbag.py:387} ERROR - Failed to import: /opt/airflow/dags/accidents_dag.py
Traceback (most recent call last):
  File "/home/airflow/.local/lib/python3.12/site-packages/airflow/models/dagbag.py", line 383, in parse
    loader.exec_module(new_module)
  File "<frozen importlib._bootstrap_external>", line 995, in exec_module
  File "<frozen importlib._bootstrap>", line 488, in _call_with_frames_removed
  File "/opt/airflow/dags/accidents_dag.py", line 12, in <module>
    from wrangling import accidents_cleaning
ModuleNotFoundError: No module named 'wrangling'
[2025-12-20T23:01:10.559+0000] {processor.py:927} WARNING - No viable dags retrieved from /opt/airflow/dags/accidents_dag.py
[2025-12-20T23:01:10.576+0000] {processor.py:208} INFO - Processing /opt/airflow/dags/accidents_dag.py took 0.486 seconds
[2025-12-20T23:01:40.981+0000] {processor.py:186} INFO - Started process (PID=163) to work on /opt/airflow/dags/accidents_dag.py
[2025-12-20T23:01:40.983+0000] {processor.py:914} INFO - Processing file /opt/airflow/dags/accidents_dag.py for tasks to queue
[2025-12-20T23:01:40.988+0000] {logging_mixin.py:190} INFO - [2025-12-20T23:01:40.987+0000] {dagbag.py:588} INFO - Filling up the DagBag from /opt/airflow/dags/accidents_dag.py
[2025-12-20T23:01:41.482+0000] {logging_mixin.py:190} INFO - [2025-12-20T23:01:41.480+0000] {dagbag.py:387} ERROR - Failed to import: /opt/airflow/dags/accidents_dag.py
Traceback (most recent call last):
  File "/home/airflow/.local/lib/python3.12/site-packages/airflow/models/dagbag.py", line 383, in parse
    loader.exec_module(new_module)
  File "<frozen importlib._bootstrap_external>", line 995, in exec_module
  File "<frozen importlib._bootstrap>", line 488, in _call_with_frames_removed
  File "/opt/airflow/dags/accidents_dag.py", line 12, in <module>
    from wrangling import accidents_cleaning
ModuleNotFoundError: No module named 'wrangling'
[2025-12-20T23:01:41.482+0000] {processor.py:927} WARNING - No viable dags retrieved from /opt/airflow/dags/accidents_dag.py
[2025-12-20T23:01:41.500+0000] {processor.py:208} INFO - Processing /opt/airflow/dags/accidents_dag.py took 0.538 seconds
[2025-12-20T23:02:11.926+0000] {processor.py:186} INFO - Started process (PID=173) to work on /opt/airflow/dags/accidents_dag.py
[2025-12-20T23:02:11.930+0000] {processor.py:914} INFO - Processing file /opt/airflow/dags/accidents_dag.py for tasks to queue
[2025-12-20T23:02:11.934+0000] {logging_mixin.py:190} INFO - [2025-12-20T23:02:11.934+0000] {dagbag.py:588} INFO - Filling up the DagBag from /opt/airflow/dags/accidents_dag.py
[2025-12-20T23:02:12.355+0000] {logging_mixin.py:190} INFO - [2025-12-20T23:02:12.352+0000] {dagbag.py:387} ERROR - Failed to import: /opt/airflow/dags/accidents_dag.py
Traceback (most recent call last):
  File "/home/airflow/.local/lib/python3.12/site-packages/airflow/models/dagbag.py", line 383, in parse
    loader.exec_module(new_module)
  File "<frozen importlib._bootstrap_external>", line 995, in exec_module
  File "<frozen importlib._bootstrap>", line 488, in _call_with_frames_removed
  File "/opt/airflow/dags/accidents_dag.py", line 12, in <module>
    from wrangling import accidents_cleaning
ModuleNotFoundError: No module named 'wrangling'
[2025-12-20T23:02:12.355+0000] {processor.py:927} WARNING - No viable dags retrieved from /opt/airflow/dags/accidents_dag.py
[2025-12-20T23:02:12.374+0000] {processor.py:208} INFO - Processing /opt/airflow/dags/accidents_dag.py took 0.461 seconds
[2025-12-20T23:02:42.740+0000] {processor.py:186} INFO - Started process (PID=183) to work on /opt/airflow/dags/accidents_dag.py
[2025-12-20T23:02:42.745+0000] {processor.py:914} INFO - Processing file /opt/airflow/dags/accidents_dag.py for tasks to queue
[2025-12-20T23:02:42.749+0000] {logging_mixin.py:190} INFO - [2025-12-20T23:02:42.749+0000] {dagbag.py:588} INFO - Filling up the DagBag from /opt/airflow/dags/accidents_dag.py
[2025-12-20T23:02:42.996+0000] {logging_mixin.py:190} INFO - [2025-12-20T23:02:42.995+0000] {dagbag.py:387} ERROR - Failed to import: /opt/airflow/dags/accidents_dag.py
Traceback (most recent call last):
  File "/home/airflow/.local/lib/python3.12/site-packages/airflow/models/dagbag.py", line 383, in parse
    loader.exec_module(new_module)
  File "<frozen importlib._bootstrap_external>", line 995, in exec_module
  File "<frozen importlib._bootstrap>", line 488, in _call_with_frames_removed
  File "/opt/airflow/dags/accidents_dag.py", line 12, in <module>
    from wrangling import accidents_cleaning
ModuleNotFoundError: No module named 'wrangling'
[2025-12-20T23:02:42.996+0000] {processor.py:927} WARNING - No viable dags retrieved from /opt/airflow/dags/accidents_dag.py
[2025-12-20T23:02:43.014+0000] {processor.py:208} INFO - Processing /opt/airflow/dags/accidents_dag.py took 0.281 seconds
[2025-12-20T23:07:25.344+0000] {processor.py:186} INFO - Started process (PID=82) to work on /opt/airflow/dags/accidents_dag.py
[2025-12-20T23:07:25.345+0000] {processor.py:914} INFO - Processing file /opt/airflow/dags/accidents_dag.py for tasks to queue
[2025-12-20T23:07:25.346+0000] {logging_mixin.py:190} INFO - [2025-12-20T23:07:25.346+0000] {dagbag.py:588} INFO - Filling up the DagBag from /opt/airflow/dags/accidents_dag.py
[2025-12-20T23:07:25.712+0000] {logging_mixin.py:190} INFO - [2025-12-20T23:07:25.709+0000] {dagbag.py:387} ERROR - Failed to import: /opt/airflow/dags/accidents_dag.py
Traceback (most recent call last):
  File "/home/airflow/.local/lib/python3.12/site-packages/airflow/models/dagbag.py", line 383, in parse
    loader.exec_module(new_module)
  File "<frozen importlib._bootstrap_external>", line 995, in exec_module
  File "<frozen importlib._bootstrap>", line 488, in _call_with_frames_removed
  File "/opt/airflow/dags/accidents_dag.py", line 12, in <module>
    from wrangling import accidents_cleaning
ModuleNotFoundError: No module named 'wrangling'
[2025-12-20T23:07:25.712+0000] {processor.py:927} WARNING - No viable dags retrieved from /opt/airflow/dags/accidents_dag.py
[2025-12-20T23:07:25.727+0000] {processor.py:208} INFO - Processing /opt/airflow/dags/accidents_dag.py took 0.386 seconds
[2025-12-20T23:07:56.008+0000] {processor.py:186} INFO - Started process (PID=91) to work on /opt/airflow/dags/accidents_dag.py
[2025-12-20T23:07:56.009+0000] {processor.py:914} INFO - Processing file /opt/airflow/dags/accidents_dag.py for tasks to queue
[2025-12-20T23:07:56.011+0000] {logging_mixin.py:190} INFO - [2025-12-20T23:07:56.011+0000] {dagbag.py:588} INFO - Filling up the DagBag from /opt/airflow/dags/accidents_dag.py
[2025-12-20T23:07:56.400+0000] {logging_mixin.py:190} INFO - [2025-12-20T23:07:56.399+0000] {dagbag.py:387} ERROR - Failed to import: /opt/airflow/dags/accidents_dag.py
Traceback (most recent call last):
  File "/home/airflow/.local/lib/python3.12/site-packages/airflow/models/dagbag.py", line 383, in parse
    loader.exec_module(new_module)
  File "<frozen importlib._bootstrap_external>", line 995, in exec_module
  File "<frozen importlib._bootstrap>", line 488, in _call_with_frames_removed
  File "/opt/airflow/dags/accidents_dag.py", line 12, in <module>
    from wrangling import accidents_cleaning
ModuleNotFoundError: No module named 'wrangling'
[2025-12-20T23:07:56.401+0000] {processor.py:927} WARNING - No viable dags retrieved from /opt/airflow/dags/accidents_dag.py
[2025-12-20T23:07:56.412+0000] {processor.py:208} INFO - Processing /opt/airflow/dags/accidents_dag.py took 0.410 seconds
[2025-12-20T23:08:26.685+0000] {processor.py:186} INFO - Started process (PID=101) to work on /opt/airflow/dags/accidents_dag.py
[2025-12-20T23:08:26.686+0000] {processor.py:914} INFO - Processing file /opt/airflow/dags/accidents_dag.py for tasks to queue
[2025-12-20T23:08:26.691+0000] {logging_mixin.py:190} INFO - [2025-12-20T23:08:26.690+0000] {dagbag.py:588} INFO - Filling up the DagBag from /opt/airflow/dags/accidents_dag.py
[2025-12-20T23:08:27.164+0000] {logging_mixin.py:190} INFO - [2025-12-20T23:08:27.162+0000] {dagbag.py:387} ERROR - Failed to import: /opt/airflow/dags/accidents_dag.py
Traceback (most recent call last):
  File "/home/airflow/.local/lib/python3.12/site-packages/airflow/models/dagbag.py", line 383, in parse
    loader.exec_module(new_module)
  File "<frozen importlib._bootstrap_external>", line 995, in exec_module
  File "<frozen importlib._bootstrap>", line 488, in _call_with_frames_removed
  File "/opt/airflow/dags/accidents_dag.py", line 12, in <module>
    from wrangling import accidents_cleaning
ModuleNotFoundError: No module named 'wrangling'
[2025-12-20T23:08:27.165+0000] {processor.py:927} WARNING - No viable dags retrieved from /opt/airflow/dags/accidents_dag.py
[2025-12-20T23:08:27.178+0000] {processor.py:208} INFO - Processing /opt/airflow/dags/accidents_dag.py took 0.499 seconds
[2025-12-20T23:08:57.533+0000] {processor.py:186} INFO - Started process (PID=117) to work on /opt/airflow/dags/accidents_dag.py
[2025-12-20T23:08:57.534+0000] {processor.py:914} INFO - Processing file /opt/airflow/dags/accidents_dag.py for tasks to queue
[2025-12-20T23:08:57.537+0000] {logging_mixin.py:190} INFO - [2025-12-20T23:08:57.536+0000] {dagbag.py:588} INFO - Filling up the DagBag from /opt/airflow/dags/accidents_dag.py
[2025-12-20T23:08:57.995+0000] {logging_mixin.py:190} INFO - [2025-12-20T23:08:57.994+0000] {dagbag.py:387} ERROR - Failed to import: /opt/airflow/dags/accidents_dag.py
Traceback (most recent call last):
  File "/home/airflow/.local/lib/python3.12/site-packages/airflow/models/dagbag.py", line 383, in parse
    loader.exec_module(new_module)
  File "<frozen importlib._bootstrap_external>", line 995, in exec_module
  File "<frozen importlib._bootstrap>", line 488, in _call_with_frames_removed
  File "/opt/airflow/dags/accidents_dag.py", line 12, in <module>
    from wrangling import accidents_cleaning
ModuleNotFoundError: No module named 'wrangling'
[2025-12-20T23:08:57.995+0000] {processor.py:927} WARNING - No viable dags retrieved from /opt/airflow/dags/accidents_dag.py
[2025-12-20T23:08:58.012+0000] {processor.py:208} INFO - Processing /opt/airflow/dags/accidents_dag.py took 0.488 seconds
[2025-12-20T23:14:50.432+0000] {processor.py:186} INFO - Started process (PID=94) to work on /opt/airflow/dags/accidents_dag.py
[2025-12-20T23:14:50.433+0000] {processor.py:914} INFO - Processing file /opt/airflow/dags/accidents_dag.py for tasks to queue
[2025-12-20T23:14:50.435+0000] {logging_mixin.py:190} INFO - [2025-12-20T23:14:50.435+0000] {dagbag.py:588} INFO - Filling up the DagBag from /opt/airflow/dags/accidents_dag.py
[2025-12-20T23:14:51.118+0000] {logging_mixin.py:190} INFO - [2025-12-20T23:14:51.116+0000] {dagbag.py:387} ERROR - Failed to import: /opt/airflow/dags/accidents_dag.py
Traceback (most recent call last):
  File "/home/airflow/.local/lib/python3.12/site-packages/airflow/models/dagbag.py", line 383, in parse
    loader.exec_module(new_module)
  File "<frozen importlib._bootstrap_external>", line 995, in exec_module
  File "<frozen importlib._bootstrap>", line 488, in _call_with_frames_removed
  File "/opt/airflow/dags/accidents_dag.py", line 12, in <module>
    from wrangling import accidents_cleaning
ModuleNotFoundError: No module named 'wrangling'
[2025-12-20T23:14:51.118+0000] {processor.py:927} WARNING - No viable dags retrieved from /opt/airflow/dags/accidents_dag.py
[2025-12-20T23:14:51.139+0000] {processor.py:208} INFO - Processing /opt/airflow/dags/accidents_dag.py took 0.712 seconds
[2025-12-20T23:15:21.330+0000] {processor.py:186} INFO - Started process (PID=103) to work on /opt/airflow/dags/accidents_dag.py
[2025-12-20T23:15:21.331+0000] {processor.py:914} INFO - Processing file /opt/airflow/dags/accidents_dag.py for tasks to queue
[2025-12-20T23:15:21.334+0000] {logging_mixin.py:190} INFO - [2025-12-20T23:15:21.333+0000] {dagbag.py:588} INFO - Filling up the DagBag from /opt/airflow/dags/accidents_dag.py
[2025-12-20T23:15:21.761+0000] {logging_mixin.py:190} INFO - [2025-12-20T23:15:21.758+0000] {dagbag.py:387} ERROR - Failed to import: /opt/airflow/dags/accidents_dag.py
Traceback (most recent call last):
  File "/home/airflow/.local/lib/python3.12/site-packages/airflow/models/dagbag.py", line 383, in parse
    loader.exec_module(new_module)
  File "<frozen importlib._bootstrap_external>", line 995, in exec_module
  File "<frozen importlib._bootstrap>", line 488, in _call_with_frames_removed
  File "/opt/airflow/dags/accidents_dag.py", line 12, in <module>
    from wrangling import accidents_cleaning
ModuleNotFoundError: No module named 'wrangling'
[2025-12-20T23:15:21.763+0000] {processor.py:927} WARNING - No viable dags retrieved from /opt/airflow/dags/accidents_dag.py
[2025-12-20T23:15:21.779+0000] {processor.py:208} INFO - Processing /opt/airflow/dags/accidents_dag.py took 0.454 seconds
[2025-12-20T23:15:52.063+0000] {processor.py:186} INFO - Started process (PID=114) to work on /opt/airflow/dags/accidents_dag.py
[2025-12-20T23:15:52.065+0000] {processor.py:914} INFO - Processing file /opt/airflow/dags/accidents_dag.py for tasks to queue
[2025-12-20T23:15:52.068+0000] {logging_mixin.py:190} INFO - [2025-12-20T23:15:52.068+0000] {dagbag.py:588} INFO - Filling up the DagBag from /opt/airflow/dags/accidents_dag.py
[2025-12-20T23:15:52.426+0000] {logging_mixin.py:190} INFO - [2025-12-20T23:15:52.425+0000] {dagbag.py:387} ERROR - Failed to import: /opt/airflow/dags/accidents_dag.py
Traceback (most recent call last):
  File "/home/airflow/.local/lib/python3.12/site-packages/airflow/models/dagbag.py", line 383, in parse
    loader.exec_module(new_module)
  File "<frozen importlib._bootstrap_external>", line 995, in exec_module
  File "<frozen importlib._bootstrap>", line 488, in _call_with_frames_removed
  File "/opt/airflow/dags/accidents_dag.py", line 12, in <module>
    from wrangling import accidents_cleaning
ModuleNotFoundError: No module named 'wrangling'
[2025-12-20T23:15:52.427+0000] {processor.py:927} WARNING - No viable dags retrieved from /opt/airflow/dags/accidents_dag.py
[2025-12-20T23:15:52.438+0000] {processor.py:208} INFO - Processing /opt/airflow/dags/accidents_dag.py took 0.383 seconds
[2025-12-20T23:16:22.751+0000] {processor.py:186} INFO - Started process (PID=124) to work on /opt/airflow/dags/accidents_dag.py
[2025-12-20T23:16:22.752+0000] {processor.py:914} INFO - Processing file /opt/airflow/dags/accidents_dag.py for tasks to queue
[2025-12-20T23:16:22.755+0000] {logging_mixin.py:190} INFO - [2025-12-20T23:16:22.755+0000] {dagbag.py:588} INFO - Filling up the DagBag from /opt/airflow/dags/accidents_dag.py
[2025-12-20T23:16:23.129+0000] {logging_mixin.py:190} INFO - [2025-12-20T23:16:23.127+0000] {dagbag.py:387} ERROR - Failed to import: /opt/airflow/dags/accidents_dag.py
Traceback (most recent call last):
  File "/home/airflow/.local/lib/python3.12/site-packages/airflow/models/dagbag.py", line 383, in parse
    loader.exec_module(new_module)
  File "<frozen importlib._bootstrap_external>", line 995, in exec_module
  File "<frozen importlib._bootstrap>", line 488, in _call_with_frames_removed
  File "/opt/airflow/dags/accidents_dag.py", line 12, in <module>
    from wrangling import accidents_cleaning
ModuleNotFoundError: No module named 'wrangling'
[2025-12-20T23:16:23.129+0000] {processor.py:927} WARNING - No viable dags retrieved from /opt/airflow/dags/accidents_dag.py
[2025-12-20T23:16:23.140+0000] {processor.py:208} INFO - Processing /opt/airflow/dags/accidents_dag.py took 0.395 seconds
[2025-12-20T23:16:53.551+0000] {processor.py:186} INFO - Started process (PID=134) to work on /opt/airflow/dags/accidents_dag.py
[2025-12-20T23:16:53.552+0000] {processor.py:914} INFO - Processing file /opt/airflow/dags/accidents_dag.py for tasks to queue
[2025-12-20T23:16:53.556+0000] {logging_mixin.py:190} INFO - [2025-12-20T23:16:53.555+0000] {dagbag.py:588} INFO - Filling up the DagBag from /opt/airflow/dags/accidents_dag.py
[2025-12-20T23:16:54.018+0000] {logging_mixin.py:190} INFO - [2025-12-20T23:16:54.015+0000] {dagbag.py:387} ERROR - Failed to import: /opt/airflow/dags/accidents_dag.py
Traceback (most recent call last):
  File "/home/airflow/.local/lib/python3.12/site-packages/airflow/models/dagbag.py", line 383, in parse
    loader.exec_module(new_module)
  File "<frozen importlib._bootstrap_external>", line 995, in exec_module
  File "<frozen importlib._bootstrap>", line 488, in _call_with_frames_removed
  File "/opt/airflow/dags/accidents_dag.py", line 12, in <module>
    from wrangling import accidents_cleaning
ModuleNotFoundError: No module named 'wrangling'
[2025-12-20T23:16:54.019+0000] {processor.py:927} WARNING - No viable dags retrieved from /opt/airflow/dags/accidents_dag.py
[2025-12-20T23:16:54.031+0000] {processor.py:208} INFO - Processing /opt/airflow/dags/accidents_dag.py took 0.487 seconds
[2025-12-20T23:17:24.401+0000] {processor.py:186} INFO - Started process (PID=150) to work on /opt/airflow/dags/accidents_dag.py
[2025-12-20T23:17:24.405+0000] {processor.py:914} INFO - Processing file /opt/airflow/dags/accidents_dag.py for tasks to queue
[2025-12-20T23:17:24.409+0000] {logging_mixin.py:190} INFO - [2025-12-20T23:17:24.409+0000] {dagbag.py:588} INFO - Filling up the DagBag from /opt/airflow/dags/accidents_dag.py
[2025-12-20T23:17:24.847+0000] {logging_mixin.py:190} INFO - [2025-12-20T23:17:24.846+0000] {dagbag.py:387} ERROR - Failed to import: /opt/airflow/dags/accidents_dag.py
Traceback (most recent call last):
  File "/home/airflow/.local/lib/python3.12/site-packages/airflow/models/dagbag.py", line 383, in parse
    loader.exec_module(new_module)
  File "<frozen importlib._bootstrap_external>", line 995, in exec_module
  File "<frozen importlib._bootstrap>", line 488, in _call_with_frames_removed
  File "/opt/airflow/dags/accidents_dag.py", line 12, in <module>
    from wrangling import accidents_cleaning
ModuleNotFoundError: No module named 'wrangling'
[2025-12-20T23:17:24.848+0000] {processor.py:927} WARNING - No viable dags retrieved from /opt/airflow/dags/accidents_dag.py
[2025-12-20T23:17:24.859+0000] {processor.py:208} INFO - Processing /opt/airflow/dags/accidents_dag.py took 0.470 seconds
[2025-12-20T23:17:55.211+0000] {processor.py:186} INFO - Started process (PID=160) to work on /opt/airflow/dags/accidents_dag.py
[2025-12-20T23:17:55.213+0000] {processor.py:914} INFO - Processing file /opt/airflow/dags/accidents_dag.py for tasks to queue
[2025-12-20T23:17:55.216+0000] {logging_mixin.py:190} INFO - [2025-12-20T23:17:55.216+0000] {dagbag.py:588} INFO - Filling up the DagBag from /opt/airflow/dags/accidents_dag.py
[2025-12-20T23:17:55.635+0000] {logging_mixin.py:190} INFO - [2025-12-20T23:17:55.632+0000] {dagbag.py:387} ERROR - Failed to import: /opt/airflow/dags/accidents_dag.py
Traceback (most recent call last):
  File "/home/airflow/.local/lib/python3.12/site-packages/airflow/models/dagbag.py", line 383, in parse
    loader.exec_module(new_module)
  File "<frozen importlib._bootstrap_external>", line 995, in exec_module
  File "<frozen importlib._bootstrap>", line 488, in _call_with_frames_removed
  File "/opt/airflow/dags/accidents_dag.py", line 12, in <module>
    from wrangling import accidents_cleaning
ModuleNotFoundError: No module named 'wrangling'
[2025-12-20T23:17:55.635+0000] {processor.py:927} WARNING - No viable dags retrieved from /opt/airflow/dags/accidents_dag.py
[2025-12-20T23:17:55.656+0000] {processor.py:208} INFO - Processing /opt/airflow/dags/accidents_dag.py took 0.450 seconds
[2025-12-20T23:18:25.982+0000] {processor.py:186} INFO - Started process (PID=170) to work on /opt/airflow/dags/accidents_dag.py
[2025-12-20T23:18:25.984+0000] {processor.py:914} INFO - Processing file /opt/airflow/dags/accidents_dag.py for tasks to queue
[2025-12-20T23:18:25.992+0000] {logging_mixin.py:190} INFO - [2025-12-20T23:18:25.991+0000] {dagbag.py:588} INFO - Filling up the DagBag from /opt/airflow/dags/accidents_dag.py
[2025-12-20T23:18:26.390+0000] {logging_mixin.py:190} INFO - [2025-12-20T23:18:26.389+0000] {dagbag.py:387} ERROR - Failed to import: /opt/airflow/dags/accidents_dag.py
Traceback (most recent call last):
  File "/home/airflow/.local/lib/python3.12/site-packages/airflow/models/dagbag.py", line 383, in parse
    loader.exec_module(new_module)
  File "<frozen importlib._bootstrap_external>", line 995, in exec_module
  File "<frozen importlib._bootstrap>", line 488, in _call_with_frames_removed
  File "/opt/airflow/dags/accidents_dag.py", line 12, in <module>
    from wrangling import accidents_cleaning
ModuleNotFoundError: No module named 'wrangling'
[2025-12-20T23:18:26.390+0000] {processor.py:927} WARNING - No viable dags retrieved from /opt/airflow/dags/accidents_dag.py
[2025-12-20T23:18:26.399+0000] {processor.py:208} INFO - Processing /opt/airflow/dags/accidents_dag.py took 0.429 seconds
[2025-12-20T23:18:56.783+0000] {processor.py:186} INFO - Started process (PID=180) to work on /opt/airflow/dags/accidents_dag.py
[2025-12-20T23:18:56.785+0000] {processor.py:914} INFO - Processing file /opt/airflow/dags/accidents_dag.py for tasks to queue
[2025-12-20T23:18:56.791+0000] {logging_mixin.py:190} INFO - [2025-12-20T23:18:56.791+0000] {dagbag.py:588} INFO - Filling up the DagBag from /opt/airflow/dags/accidents_dag.py
[2025-12-20T23:18:57.196+0000] {logging_mixin.py:190} INFO - [2025-12-20T23:18:57.195+0000] {dagbag.py:387} ERROR - Failed to import: /opt/airflow/dags/accidents_dag.py
Traceback (most recent call last):
  File "/home/airflow/.local/lib/python3.12/site-packages/airflow/models/dagbag.py", line 383, in parse
    loader.exec_module(new_module)
  File "<frozen importlib._bootstrap_external>", line 995, in exec_module
  File "<frozen importlib._bootstrap>", line 488, in _call_with_frames_removed
  File "/opt/airflow/dags/accidents_dag.py", line 12, in <module>
    from wrangling import accidents_cleaning
ModuleNotFoundError: No module named 'wrangling'
[2025-12-20T23:18:57.197+0000] {processor.py:927} WARNING - No viable dags retrieved from /opt/airflow/dags/accidents_dag.py
[2025-12-20T23:18:57.209+0000] {processor.py:208} INFO - Processing /opt/airflow/dags/accidents_dag.py took 0.434 seconds
[2025-12-20T23:19:27.550+0000] {processor.py:186} INFO - Started process (PID=190) to work on /opt/airflow/dags/accidents_dag.py
[2025-12-20T23:19:27.553+0000] {processor.py:914} INFO - Processing file /opt/airflow/dags/accidents_dag.py for tasks to queue
[2025-12-20T23:19:27.556+0000] {logging_mixin.py:190} INFO - [2025-12-20T23:19:27.556+0000] {dagbag.py:588} INFO - Filling up the DagBag from /opt/airflow/dags/accidents_dag.py
[2025-12-20T23:19:27.749+0000] {logging_mixin.py:190} INFO - [2025-12-20T23:19:27.747+0000] {dagbag.py:387} ERROR - Failed to import: /opt/airflow/dags/accidents_dag.py
Traceback (most recent call last):
  File "/home/airflow/.local/lib/python3.12/site-packages/airflow/models/dagbag.py", line 383, in parse
    loader.exec_module(new_module)
  File "<frozen importlib._bootstrap_external>", line 995, in exec_module
  File "<frozen importlib._bootstrap>", line 488, in _call_with_frames_removed
  File "/opt/airflow/dags/accidents_dag.py", line 12, in <module>
    from wrangling import accidents_cleaning
ModuleNotFoundError: No module named 'wrangling'
[2025-12-20T23:19:27.749+0000] {processor.py:927} WARNING - No viable dags retrieved from /opt/airflow/dags/accidents_dag.py
[2025-12-20T23:19:27.761+0000] {processor.py:208} INFO - Processing /opt/airflow/dags/accidents_dag.py took 0.219 seconds
[2025-12-20T23:19:58.127+0000] {processor.py:186} INFO - Started process (PID=200) to work on /opt/airflow/dags/accidents_dag.py
[2025-12-20T23:19:58.129+0000] {processor.py:914} INFO - Processing file /opt/airflow/dags/accidents_dag.py for tasks to queue
[2025-12-20T23:19:58.131+0000] {logging_mixin.py:190} INFO - [2025-12-20T23:19:58.131+0000] {dagbag.py:588} INFO - Filling up the DagBag from /opt/airflow/dags/accidents_dag.py
[2025-12-20T23:19:58.328+0000] {logging_mixin.py:190} INFO - [2025-12-20T23:19:58.325+0000] {dagbag.py:387} ERROR - Failed to import: /opt/airflow/dags/accidents_dag.py
Traceback (most recent call last):
  File "/home/airflow/.local/lib/python3.12/site-packages/airflow/models/dagbag.py", line 383, in parse
    loader.exec_module(new_module)
  File "<frozen importlib._bootstrap_external>", line 995, in exec_module
  File "<frozen importlib._bootstrap>", line 488, in _call_with_frames_removed
  File "/opt/airflow/dags/accidents_dag.py", line 12, in <module>
    from wrangling import accidents_cleaning
ModuleNotFoundError: No module named 'wrangling'
[2025-12-20T23:19:58.329+0000] {processor.py:927} WARNING - No viable dags retrieved from /opt/airflow/dags/accidents_dag.py
[2025-12-20T23:19:58.346+0000] {processor.py:208} INFO - Processing /opt/airflow/dags/accidents_dag.py took 0.226 seconds
[2025-12-20T23:20:28.695+0000] {processor.py:186} INFO - Started process (PID=210) to work on /opt/airflow/dags/accidents_dag.py
[2025-12-20T23:20:28.695+0000] {processor.py:914} INFO - Processing file /opt/airflow/dags/accidents_dag.py for tasks to queue
[2025-12-20T23:20:28.698+0000] {logging_mixin.py:190} INFO - [2025-12-20T23:20:28.698+0000] {dagbag.py:588} INFO - Filling up the DagBag from /opt/airflow/dags/accidents_dag.py
[2025-12-20T23:20:28.967+0000] {logging_mixin.py:190} INFO - [2025-12-20T23:20:28.965+0000] {dagbag.py:387} ERROR - Failed to import: /opt/airflow/dags/accidents_dag.py
Traceback (most recent call last):
  File "/home/airflow/.local/lib/python3.12/site-packages/airflow/models/dagbag.py", line 383, in parse
    loader.exec_module(new_module)
  File "<frozen importlib._bootstrap_external>", line 995, in exec_module
  File "<frozen importlib._bootstrap>", line 488, in _call_with_frames_removed
  File "/opt/airflow/dags/accidents_dag.py", line 12, in <module>
    from wrangling import accidents_cleaning
ModuleNotFoundError: No module named 'wrangling'
[2025-12-20T23:20:28.968+0000] {processor.py:927} WARNING - No viable dags retrieved from /opt/airflow/dags/accidents_dag.py
[2025-12-20T23:20:28.991+0000] {processor.py:208} INFO - Processing /opt/airflow/dags/accidents_dag.py took 0.301 seconds
[2025-12-20T23:20:59.384+0000] {processor.py:186} INFO - Started process (PID=220) to work on /opt/airflow/dags/accidents_dag.py
[2025-12-20T23:20:59.386+0000] {processor.py:914} INFO - Processing file /opt/airflow/dags/accidents_dag.py for tasks to queue
[2025-12-20T23:20:59.390+0000] {logging_mixin.py:190} INFO - [2025-12-20T23:20:59.390+0000] {dagbag.py:588} INFO - Filling up the DagBag from /opt/airflow/dags/accidents_dag.py
[2025-12-20T23:20:59.630+0000] {logging_mixin.py:190} INFO - [2025-12-20T23:20:59.625+0000] {dagbag.py:387} ERROR - Failed to import: /opt/airflow/dags/accidents_dag.py
Traceback (most recent call last):
  File "/home/airflow/.local/lib/python3.12/site-packages/airflow/models/dagbag.py", line 383, in parse
    loader.exec_module(new_module)
  File "<frozen importlib._bootstrap_external>", line 995, in exec_module
  File "<frozen importlib._bootstrap>", line 488, in _call_with_frames_removed
  File "/opt/airflow/dags/accidents_dag.py", line 12, in <module>
    from wrangling import accidents_cleaning
ModuleNotFoundError: No module named 'wrangling'
[2025-12-20T23:20:59.630+0000] {processor.py:927} WARNING - No viable dags retrieved from /opt/airflow/dags/accidents_dag.py
[2025-12-20T23:20:59.651+0000] {processor.py:208} INFO - Processing /opt/airflow/dags/accidents_dag.py took 0.276 seconds
[2025-12-20T23:21:29.962+0000] {processor.py:186} INFO - Started process (PID=230) to work on /opt/airflow/dags/accidents_dag.py
[2025-12-20T23:21:29.962+0000] {processor.py:914} INFO - Processing file /opt/airflow/dags/accidents_dag.py for tasks to queue
[2025-12-20T23:21:29.967+0000] {logging_mixin.py:190} INFO - [2025-12-20T23:21:29.966+0000] {dagbag.py:588} INFO - Filling up the DagBag from /opt/airflow/dags/accidents_dag.py
[2025-12-20T23:21:30.219+0000] {logging_mixin.py:190} INFO - [2025-12-20T23:21:30.218+0000] {dagbag.py:387} ERROR - Failed to import: /opt/airflow/dags/accidents_dag.py
Traceback (most recent call last):
  File "/home/airflow/.local/lib/python3.12/site-packages/airflow/models/dagbag.py", line 383, in parse
    loader.exec_module(new_module)
  File "<frozen importlib._bootstrap_external>", line 995, in exec_module
  File "<frozen importlib._bootstrap>", line 488, in _call_with_frames_removed
  File "/opt/airflow/dags/accidents_dag.py", line 12, in <module>
    from wrangling import accidents_cleaning
ModuleNotFoundError: No module named 'wrangling'
[2025-12-20T23:21:30.220+0000] {processor.py:927} WARNING - No viable dags retrieved from /opt/airflow/dags/accidents_dag.py
[2025-12-20T23:21:30.236+0000] {processor.py:208} INFO - Processing /opt/airflow/dags/accidents_dag.py took 0.289 seconds
[2025-12-20T23:22:00.572+0000] {processor.py:186} INFO - Started process (PID=240) to work on /opt/airflow/dags/accidents_dag.py
[2025-12-20T23:22:00.574+0000] {processor.py:914} INFO - Processing file /opt/airflow/dags/accidents_dag.py for tasks to queue
[2025-12-20T23:22:00.578+0000] {logging_mixin.py:190} INFO - [2025-12-20T23:22:00.578+0000] {dagbag.py:588} INFO - Filling up the DagBag from /opt/airflow/dags/accidents_dag.py
[2025-12-20T23:22:00.800+0000] {logging_mixin.py:190} INFO - [2025-12-20T23:22:00.797+0000] {dagbag.py:387} ERROR - Failed to import: /opt/airflow/dags/accidents_dag.py
Traceback (most recent call last):
  File "/home/airflow/.local/lib/python3.12/site-packages/airflow/models/dagbag.py", line 383, in parse
    loader.exec_module(new_module)
  File "<frozen importlib._bootstrap_external>", line 995, in exec_module
  File "<frozen importlib._bootstrap>", line 488, in _call_with_frames_removed
  File "/opt/airflow/dags/accidents_dag.py", line 12, in <module>
    from wrangling import accidents_cleaning
ModuleNotFoundError: No module named 'wrangling'
[2025-12-20T23:22:00.802+0000] {processor.py:927} WARNING - No viable dags retrieved from /opt/airflow/dags/accidents_dag.py
[2025-12-20T23:22:00.818+0000] {processor.py:208} INFO - Processing /opt/airflow/dags/accidents_dag.py took 0.252 seconds
[2025-12-20T23:26:18.222+0000] {processor.py:186} INFO - Started process (PID=53) to work on /opt/airflow/dags/accidents_dag.py
[2025-12-20T23:26:18.224+0000] {processor.py:914} INFO - Processing file /opt/airflow/dags/accidents_dag.py for tasks to queue
[2025-12-20T23:26:18.226+0000] {logging_mixin.py:190} INFO - [2025-12-20T23:26:18.225+0000] {dagbag.py:588} INFO - Filling up the DagBag from /opt/airflow/dags/accidents_dag.py
[2025-12-20T23:26:19.110+0000] {logging_mixin.py:190} INFO - [2025-12-20T23:26:19.106+0000] {dagbag.py:387} ERROR - Failed to import: /opt/airflow/dags/accidents_dag.py
Traceback (most recent call last):
  File "/home/airflow/.local/lib/python3.12/site-packages/airflow/models/dagbag.py", line 383, in parse
    loader.exec_module(new_module)
  File "<frozen importlib._bootstrap_external>", line 995, in exec_module
  File "<frozen importlib._bootstrap>", line 488, in _call_with_frames_removed
  File "/opt/airflow/dags/accidents_dag.py", line 12, in <module>
    from wrangling import accidents_cleaning
ModuleNotFoundError: No module named 'wrangling'
[2025-12-20T23:26:19.111+0000] {processor.py:927} WARNING - No viable dags retrieved from /opt/airflow/dags/accidents_dag.py
[2025-12-20T23:26:19.134+0000] {processor.py:208} INFO - Processing /opt/airflow/dags/accidents_dag.py took 0.917 seconds
[2025-12-20T23:26:49.332+0000] {processor.py:186} INFO - Started process (PID=62) to work on /opt/airflow/dags/accidents_dag.py
[2025-12-20T23:26:49.334+0000] {processor.py:914} INFO - Processing file /opt/airflow/dags/accidents_dag.py for tasks to queue
[2025-12-20T23:26:49.336+0000] {logging_mixin.py:190} INFO - [2025-12-20T23:26:49.336+0000] {dagbag.py:588} INFO - Filling up the DagBag from /opt/airflow/dags/accidents_dag.py
[2025-12-20T23:26:49.793+0000] {logging_mixin.py:190} INFO - [2025-12-20T23:26:49.792+0000] {dagbag.py:387} ERROR - Failed to import: /opt/airflow/dags/accidents_dag.py
Traceback (most recent call last):
  File "/home/airflow/.local/lib/python3.12/site-packages/airflow/models/dagbag.py", line 383, in parse
    loader.exec_module(new_module)
  File "<frozen importlib._bootstrap_external>", line 995, in exec_module
  File "<frozen importlib._bootstrap>", line 488, in _call_with_frames_removed
  File "/opt/airflow/dags/accidents_dag.py", line 12, in <module>
    from wrangling import accidents_cleaning
ModuleNotFoundError: No module named 'wrangling'
[2025-12-20T23:26:49.794+0000] {processor.py:927} WARNING - No viable dags retrieved from /opt/airflow/dags/accidents_dag.py
[2025-12-20T23:26:49.806+0000] {processor.py:208} INFO - Processing /opt/airflow/dags/accidents_dag.py took 0.480 seconds
[2025-12-20T23:27:20.051+0000] {processor.py:186} INFO - Started process (PID=72) to work on /opt/airflow/dags/accidents_dag.py
[2025-12-20T23:27:20.053+0000] {processor.py:914} INFO - Processing file /opt/airflow/dags/accidents_dag.py for tasks to queue
[2025-12-20T23:27:20.055+0000] {logging_mixin.py:190} INFO - [2025-12-20T23:27:20.054+0000] {dagbag.py:588} INFO - Filling up the DagBag from /opt/airflow/dags/accidents_dag.py
[2025-12-20T23:27:20.421+0000] {logging_mixin.py:190} INFO - [2025-12-20T23:27:20.419+0000] {dagbag.py:387} ERROR - Failed to import: /opt/airflow/dags/accidents_dag.py
Traceback (most recent call last):
  File "/home/airflow/.local/lib/python3.12/site-packages/airflow/models/dagbag.py", line 383, in parse
    loader.exec_module(new_module)
  File "<frozen importlib._bootstrap_external>", line 995, in exec_module
  File "<frozen importlib._bootstrap>", line 488, in _call_with_frames_removed
  File "/opt/airflow/dags/accidents_dag.py", line 12, in <module>
    from wrangling import accidents_cleaning
ModuleNotFoundError: No module named 'wrangling'
[2025-12-20T23:27:20.423+0000] {processor.py:927} WARNING - No viable dags retrieved from /opt/airflow/dags/accidents_dag.py
[2025-12-20T23:27:20.439+0000] {processor.py:208} INFO - Processing /opt/airflow/dags/accidents_dag.py took 0.393 seconds
[2025-12-20T23:27:50.697+0000] {processor.py:186} INFO - Started process (PID=82) to work on /opt/airflow/dags/accidents_dag.py
[2025-12-20T23:27:50.700+0000] {processor.py:914} INFO - Processing file /opt/airflow/dags/accidents_dag.py for tasks to queue
[2025-12-20T23:27:50.702+0000] {logging_mixin.py:190} INFO - [2025-12-20T23:27:50.702+0000] {dagbag.py:588} INFO - Filling up the DagBag from /opt/airflow/dags/accidents_dag.py
[2025-12-20T23:27:51.039+0000] {logging_mixin.py:190} INFO - [2025-12-20T23:27:51.036+0000] {dagbag.py:387} ERROR - Failed to import: /opt/airflow/dags/accidents_dag.py
Traceback (most recent call last):
  File "/home/airflow/.local/lib/python3.12/site-packages/airflow/models/dagbag.py", line 383, in parse
    loader.exec_module(new_module)
  File "<frozen importlib._bootstrap_external>", line 995, in exec_module
  File "<frozen importlib._bootstrap>", line 488, in _call_with_frames_removed
  File "/opt/airflow/dags/accidents_dag.py", line 12, in <module>
    from wrangling import accidents_cleaning
ModuleNotFoundError: No module named 'wrangling'
[2025-12-20T23:27:51.040+0000] {processor.py:927} WARNING - No viable dags retrieved from /opt/airflow/dags/accidents_dag.py
[2025-12-20T23:27:51.047+0000] {processor.py:208} INFO - Processing /opt/airflow/dags/accidents_dag.py took 0.356 seconds
[2025-12-20T23:28:21.392+0000] {processor.py:186} INFO - Started process (PID=92) to work on /opt/airflow/dags/accidents_dag.py
[2025-12-20T23:28:21.394+0000] {processor.py:914} INFO - Processing file /opt/airflow/dags/accidents_dag.py for tasks to queue
[2025-12-20T23:28:21.396+0000] {logging_mixin.py:190} INFO - [2025-12-20T23:28:21.396+0000] {dagbag.py:588} INFO - Filling up the DagBag from /opt/airflow/dags/accidents_dag.py
[2025-12-20T23:28:21.812+0000] {logging_mixin.py:190} INFO - [2025-12-20T23:28:21.807+0000] {dagbag.py:387} ERROR - Failed to import: /opt/airflow/dags/accidents_dag.py
Traceback (most recent call last):
  File "/home/airflow/.local/lib/python3.12/site-packages/airflow/models/dagbag.py", line 383, in parse
    loader.exec_module(new_module)
  File "<frozen importlib._bootstrap_external>", line 995, in exec_module
  File "<frozen importlib._bootstrap>", line 488, in _call_with_frames_removed
  File "/opt/airflow/dags/accidents_dag.py", line 12, in <module>
    from wrangling import accidents_cleaning
ModuleNotFoundError: No module named 'wrangling'
[2025-12-20T23:28:21.812+0000] {processor.py:927} WARNING - No viable dags retrieved from /opt/airflow/dags/accidents_dag.py
[2025-12-20T23:28:21.829+0000] {processor.py:208} INFO - Processing /opt/airflow/dags/accidents_dag.py took 0.443 seconds
[2025-12-20T23:28:52.169+0000] {processor.py:186} INFO - Started process (PID=108) to work on /opt/airflow/dags/accidents_dag.py
[2025-12-20T23:28:52.170+0000] {processor.py:914} INFO - Processing file /opt/airflow/dags/accidents_dag.py for tasks to queue
[2025-12-20T23:28:52.172+0000] {logging_mixin.py:190} INFO - [2025-12-20T23:28:52.172+0000] {dagbag.py:588} INFO - Filling up the DagBag from /opt/airflow/dags/accidents_dag.py
[2025-12-20T23:28:52.376+0000] {logging_mixin.py:190} INFO - [2025-12-20T23:28:52.374+0000] {dagbag.py:387} ERROR - Failed to import: /opt/airflow/dags/accidents_dag.py
Traceback (most recent call last):
  File "/home/airflow/.local/lib/python3.12/site-packages/airflow/models/dagbag.py", line 383, in parse
    loader.exec_module(new_module)
  File "<frozen importlib._bootstrap_external>", line 995, in exec_module
  File "<frozen importlib._bootstrap>", line 488, in _call_with_frames_removed
  File "/opt/airflow/dags/accidents_dag.py", line 12, in <module>
    from wrangling import accidents_cleaning
ModuleNotFoundError: No module named 'wrangling'
[2025-12-20T23:28:52.376+0000] {processor.py:927} WARNING - No viable dags retrieved from /opt/airflow/dags/accidents_dag.py
[2025-12-20T23:28:52.391+0000] {processor.py:208} INFO - Processing /opt/airflow/dags/accidents_dag.py took 0.236 seconds
[2025-12-20T23:29:22.729+0000] {processor.py:186} INFO - Started process (PID=118) to work on /opt/airflow/dags/accidents_dag.py
[2025-12-20T23:29:22.731+0000] {processor.py:914} INFO - Processing file /opt/airflow/dags/accidents_dag.py for tasks to queue
[2025-12-20T23:29:22.734+0000] {logging_mixin.py:190} INFO - [2025-12-20T23:29:22.734+0000] {dagbag.py:588} INFO - Filling up the DagBag from /opt/airflow/dags/accidents_dag.py
[2025-12-20T23:29:22.944+0000] {logging_mixin.py:190} INFO - [2025-12-20T23:29:22.940+0000] {dagbag.py:387} ERROR - Failed to import: /opt/airflow/dags/accidents_dag.py
Traceback (most recent call last):
  File "/home/airflow/.local/lib/python3.12/site-packages/airflow/models/dagbag.py", line 383, in parse
    loader.exec_module(new_module)
  File "<frozen importlib._bootstrap_external>", line 995, in exec_module
  File "<frozen importlib._bootstrap>", line 488, in _call_with_frames_removed
  File "/opt/airflow/dags/accidents_dag.py", line 12, in <module>
    from wrangling import accidents_cleaning
ModuleNotFoundError: No module named 'wrangling'
[2025-12-20T23:29:22.944+0000] {processor.py:927} WARNING - No viable dags retrieved from /opt/airflow/dags/accidents_dag.py
[2025-12-20T23:29:22.956+0000] {processor.py:208} INFO - Processing /opt/airflow/dags/accidents_dag.py took 0.233 seconds
[2025-12-20T23:29:53.274+0000] {processor.py:186} INFO - Started process (PID=128) to work on /opt/airflow/dags/accidents_dag.py
[2025-12-20T23:29:53.277+0000] {processor.py:914} INFO - Processing file /opt/airflow/dags/accidents_dag.py for tasks to queue
[2025-12-20T23:29:53.282+0000] {logging_mixin.py:190} INFO - [2025-12-20T23:29:53.281+0000] {dagbag.py:588} INFO - Filling up the DagBag from /opt/airflow/dags/accidents_dag.py
[2025-12-20T23:29:53.477+0000] {logging_mixin.py:190} INFO - [2025-12-20T23:29:53.473+0000] {dagbag.py:387} ERROR - Failed to import: /opt/airflow/dags/accidents_dag.py
Traceback (most recent call last):
  File "/home/airflow/.local/lib/python3.12/site-packages/airflow/models/dagbag.py", line 383, in parse
    loader.exec_module(new_module)
  File "<frozen importlib._bootstrap_external>", line 995, in exec_module
  File "<frozen importlib._bootstrap>", line 488, in _call_with_frames_removed
  File "/opt/airflow/dags/accidents_dag.py", line 12, in <module>
    from wrangling import accidents_cleaning
ModuleNotFoundError: No module named 'wrangling'
[2025-12-20T23:29:53.478+0000] {processor.py:927} WARNING - No viable dags retrieved from /opt/airflow/dags/accidents_dag.py
[2025-12-20T23:29:53.494+0000] {processor.py:208} INFO - Processing /opt/airflow/dags/accidents_dag.py took 0.229 seconds
