[2025-12-20T22:23:13.604+0000] {processor.py:186} INFO - Started process (PID=92) to work on /opt/airflow/dags/velov_dag.py
[2025-12-20T22:23:13.605+0000] {processor.py:914} INFO - Processing file /opt/airflow/dags/velov_dag.py for tasks to queue
[2025-12-20T22:23:13.610+0000] {logging_mixin.py:190} INFO - [2025-12-20T22:23:13.609+0000] {dagbag.py:588} INFO - Filling up the DagBag from /opt/airflow/dags/velov_dag.py
[2025-12-20T22:23:14.749+0000] {processor.py:925} INFO - DAG(s) 'velov_dag' retrieved from /opt/airflow/dags/velov_dag.py
[2025-12-20T22:23:15.107+0000] {logging_mixin.py:190} INFO - [2025-12-20T22:23:15.104+0000] {override.py:1900} INFO - Created Permission View: can edit on DAG:velov_dag
[2025-12-20T22:23:15.115+0000] {logging_mixin.py:190} INFO - [2025-12-20T22:23:15.114+0000] {override.py:1900} INFO - Created Permission View: can read on DAG:velov_dag
[2025-12-20T22:23:15.120+0000] {logging_mixin.py:190} INFO - [2025-12-20T22:23:15.119+0000] {override.py:1900} INFO - Created Permission View: can delete on DAG:velov_dag
[2025-12-20T22:23:15.156+0000] {logging_mixin.py:190} INFO - [2025-12-20T22:23:15.155+0000] {override.py:1900} INFO - Created Permission View: menu access on DAG Run:velov_dag
[2025-12-20T22:23:15.160+0000] {logging_mixin.py:190} INFO - [2025-12-20T22:23:15.160+0000] {override.py:1900} INFO - Created Permission View: can create on DAG Run:velov_dag
[2025-12-20T22:23:15.164+0000] {logging_mixin.py:190} INFO - [2025-12-20T22:23:15.164+0000] {override.py:1900} INFO - Created Permission View: can read on DAG Run:velov_dag
[2025-12-20T22:23:15.167+0000] {logging_mixin.py:190} INFO - [2025-12-20T22:23:15.167+0000] {override.py:1900} INFO - Created Permission View: can delete on DAG Run:velov_dag
[2025-12-20T22:23:15.167+0000] {logging_mixin.py:190} INFO - [2025-12-20T22:23:15.167+0000] {dag.py:3239} INFO - Sync 1 DAGs
[2025-12-20T22:23:15.179+0000] {logging_mixin.py:190} WARNING - /home/airflow/.local/lib/python3.12/site-packages/airflow/models/dag.py:3901 DeprecationWarning: The dag_concurrency option in [core] has been renamed to max_active_tasks_per_dag - the old setting has been used, but please update your config.
[2025-12-20T22:23:15.180+0000] {logging_mixin.py:190} INFO - [2025-12-20T22:23:15.180+0000] {dag.py:3262} INFO - Creating ORM DAG for velov_dag
[2025-12-20T22:23:15.195+0000] {logging_mixin.py:190} INFO - [2025-12-20T22:23:15.194+0000] {dag.py:4180} INFO - Setting next_dagrun for velov_dag to 2025-12-20 22:00:00+00:00, run_after=2025-12-20 22:20:00+00:00
[2025-12-20T22:23:15.213+0000] {processor.py:208} INFO - Processing /opt/airflow/dags/velov_dag.py took 1.613 seconds
[2025-12-20T22:23:45.874+0000] {processor.py:186} INFO - Started process (PID=109) to work on /opt/airflow/dags/velov_dag.py
[2025-12-20T22:23:45.876+0000] {processor.py:914} INFO - Processing file /opt/airflow/dags/velov_dag.py for tasks to queue
[2025-12-20T22:23:45.886+0000] {logging_mixin.py:190} INFO - [2025-12-20T22:23:45.884+0000] {dagbag.py:588} INFO - Filling up the DagBag from /opt/airflow/dags/velov_dag.py
[2025-12-20T22:23:46.901+0000] {processor.py:925} INFO - DAG(s) 'velov_dag' retrieved from /opt/airflow/dags/velov_dag.py
[2025-12-20T22:23:46.978+0000] {logging_mixin.py:190} INFO - [2025-12-20T22:23:46.977+0000] {dag.py:3239} INFO - Sync 1 DAGs
[2025-12-20T22:23:47.008+0000] {logging_mixin.py:190} INFO - [2025-12-20T22:23:47.007+0000] {dag.py:4180} INFO - Setting next_dagrun for velov_dag to 2025-12-20 22:00:00+00:00, run_after=2025-12-20 22:20:00+00:00
[2025-12-20T22:23:47.050+0000] {processor.py:208} INFO - Processing /opt/airflow/dags/velov_dag.py took 1.192 seconds
[2025-12-20T22:24:17.947+0000] {processor.py:186} INFO - Started process (PID=119) to work on /opt/airflow/dags/velov_dag.py
[2025-12-20T22:24:17.953+0000] {processor.py:914} INFO - Processing file /opt/airflow/dags/velov_dag.py for tasks to queue
[2025-12-20T22:24:17.973+0000] {logging_mixin.py:190} INFO - [2025-12-20T22:24:17.965+0000] {dagbag.py:588} INFO - Filling up the DagBag from /opt/airflow/dags/velov_dag.py
[2025-12-20T22:24:19.445+0000] {processor.py:925} INFO - DAG(s) 'velov_dag' retrieved from /opt/airflow/dags/velov_dag.py
[2025-12-20T22:24:19.493+0000] {logging_mixin.py:190} INFO - [2025-12-20T22:24:19.492+0000] {dag.py:3239} INFO - Sync 1 DAGs
[2025-12-20T22:24:19.529+0000] {logging_mixin.py:190} INFO - [2025-12-20T22:24:19.529+0000] {dag.py:4180} INFO - Setting next_dagrun for velov_dag to 2025-12-20 22:00:00+00:00, run_after=2025-12-20 22:20:00+00:00
[2025-12-20T22:24:19.552+0000] {processor.py:208} INFO - Processing /opt/airflow/dags/velov_dag.py took 1.639 seconds
[2025-12-20T22:24:50.090+0000] {processor.py:186} INFO - Started process (PID=129) to work on /opt/airflow/dags/velov_dag.py
[2025-12-20T22:24:50.091+0000] {processor.py:914} INFO - Processing file /opt/airflow/dags/velov_dag.py for tasks to queue
[2025-12-20T22:24:50.094+0000] {logging_mixin.py:190} INFO - [2025-12-20T22:24:50.093+0000] {dagbag.py:588} INFO - Filling up the DagBag from /opt/airflow/dags/velov_dag.py
[2025-12-20T22:24:51.013+0000] {processor.py:925} INFO - DAG(s) 'velov_dag' retrieved from /opt/airflow/dags/velov_dag.py
[2025-12-20T22:24:51.051+0000] {logging_mixin.py:190} INFO - [2025-12-20T22:24:51.050+0000] {dag.py:3239} INFO - Sync 1 DAGs
[2025-12-20T22:24:51.085+0000] {logging_mixin.py:190} INFO - [2025-12-20T22:24:51.085+0000] {dag.py:4180} INFO - Setting next_dagrun for velov_dag to 2025-12-20 22:00:00+00:00, run_after=2025-12-20 22:20:00+00:00
[2025-12-20T22:24:51.184+0000] {processor.py:208} INFO - Processing /opt/airflow/dags/velov_dag.py took 1.106 seconds
[2025-12-20T22:25:21.753+0000] {processor.py:186} INFO - Started process (PID=139) to work on /opt/airflow/dags/velov_dag.py
[2025-12-20T22:25:21.754+0000] {processor.py:914} INFO - Processing file /opt/airflow/dags/velov_dag.py for tasks to queue
[2025-12-20T22:25:21.758+0000] {logging_mixin.py:190} INFO - [2025-12-20T22:25:21.758+0000] {dagbag.py:588} INFO - Filling up the DagBag from /opt/airflow/dags/velov_dag.py
[2025-12-20T22:25:22.185+0000] {processor.py:925} INFO - DAG(s) 'velov_dag' retrieved from /opt/airflow/dags/velov_dag.py
[2025-12-20T22:25:22.202+0000] {logging_mixin.py:190} INFO - [2025-12-20T22:25:22.202+0000] {dag.py:3239} INFO - Sync 1 DAGs
[2025-12-20T22:25:22.216+0000] {logging_mixin.py:190} INFO - [2025-12-20T22:25:22.216+0000] {dag.py:4180} INFO - Setting next_dagrun for velov_dag to 2025-12-20 22:00:00+00:00, run_after=2025-12-20 22:20:00+00:00
[2025-12-20T22:25:22.224+0000] {processor.py:208} INFO - Processing /opt/airflow/dags/velov_dag.py took 0.486 seconds
[2025-12-20T22:25:52.494+0000] {processor.py:186} INFO - Started process (PID=149) to work on /opt/airflow/dags/velov_dag.py
[2025-12-20T22:25:52.495+0000] {processor.py:914} INFO - Processing file /opt/airflow/dags/velov_dag.py for tasks to queue
[2025-12-20T22:25:52.498+0000] {logging_mixin.py:190} INFO - [2025-12-20T22:25:52.498+0000] {dagbag.py:588} INFO - Filling up the DagBag from /opt/airflow/dags/velov_dag.py
[2025-12-20T22:25:52.887+0000] {processor.py:925} INFO - DAG(s) 'velov_dag' retrieved from /opt/airflow/dags/velov_dag.py
[2025-12-20T22:25:52.903+0000] {logging_mixin.py:190} INFO - [2025-12-20T22:25:52.903+0000] {dag.py:3239} INFO - Sync 1 DAGs
[2025-12-20T22:25:52.914+0000] {logging_mixin.py:190} INFO - [2025-12-20T22:25:52.914+0000] {dag.py:4180} INFO - Setting next_dagrun for velov_dag to 2025-12-20 22:00:00+00:00, run_after=2025-12-20 22:20:00+00:00
[2025-12-20T22:25:52.922+0000] {processor.py:208} INFO - Processing /opt/airflow/dags/velov_dag.py took 0.435 seconds
[2025-12-20T22:26:23.372+0000] {processor.py:186} INFO - Started process (PID=159) to work on /opt/airflow/dags/velov_dag.py
[2025-12-20T22:26:23.373+0000] {processor.py:914} INFO - Processing file /opt/airflow/dags/velov_dag.py for tasks to queue
[2025-12-20T22:26:23.378+0000] {logging_mixin.py:190} INFO - [2025-12-20T22:26:23.377+0000] {dagbag.py:588} INFO - Filling up the DagBag from /opt/airflow/dags/velov_dag.py
[2025-12-20T22:26:24.070+0000] {processor.py:925} INFO - DAG(s) 'velov_dag' retrieved from /opt/airflow/dags/velov_dag.py
[2025-12-20T22:26:24.121+0000] {logging_mixin.py:190} INFO - [2025-12-20T22:26:24.121+0000] {dag.py:3239} INFO - Sync 1 DAGs
[2025-12-20T22:26:24.148+0000] {logging_mixin.py:190} INFO - [2025-12-20T22:26:24.148+0000] {dag.py:4180} INFO - Setting next_dagrun for velov_dag to 2025-12-20 22:00:00+00:00, run_after=2025-12-20 22:20:00+00:00
[2025-12-20T22:26:24.157+0000] {processor.py:208} INFO - Processing /opt/airflow/dags/velov_dag.py took 0.802 seconds
[2025-12-20T22:26:54.637+0000] {processor.py:186} INFO - Started process (PID=168) to work on /opt/airflow/dags/velov_dag.py
[2025-12-20T22:26:54.638+0000] {processor.py:914} INFO - Processing file /opt/airflow/dags/velov_dag.py for tasks to queue
[2025-12-20T22:26:54.642+0000] {logging_mixin.py:190} INFO - [2025-12-20T22:26:54.642+0000] {dagbag.py:588} INFO - Filling up the DagBag from /opt/airflow/dags/velov_dag.py
[2025-12-20T22:26:55.199+0000] {processor.py:925} INFO - DAG(s) 'velov_dag' retrieved from /opt/airflow/dags/velov_dag.py
[2025-12-20T22:26:55.220+0000] {logging_mixin.py:190} INFO - [2025-12-20T22:26:55.220+0000] {dag.py:3239} INFO - Sync 1 DAGs
[2025-12-20T22:26:55.240+0000] {logging_mixin.py:190} INFO - [2025-12-20T22:26:55.240+0000] {dag.py:4180} INFO - Setting next_dagrun for velov_dag to 2025-12-20 22:00:00+00:00, run_after=2025-12-20 22:20:00+00:00
[2025-12-20T22:26:55.248+0000] {processor.py:208} INFO - Processing /opt/airflow/dags/velov_dag.py took 0.628 seconds
[2025-12-20T22:27:25.615+0000] {processor.py:186} INFO - Started process (PID=178) to work on /opt/airflow/dags/velov_dag.py
[2025-12-20T22:27:25.616+0000] {processor.py:914} INFO - Processing file /opt/airflow/dags/velov_dag.py for tasks to queue
[2025-12-20T22:27:25.622+0000] {logging_mixin.py:190} INFO - [2025-12-20T22:27:25.622+0000] {dagbag.py:588} INFO - Filling up the DagBag from /opt/airflow/dags/velov_dag.py
[2025-12-20T22:27:26.142+0000] {processor.py:925} INFO - DAG(s) 'velov_dag' retrieved from /opt/airflow/dags/velov_dag.py
[2025-12-20T22:27:26.170+0000] {logging_mixin.py:190} INFO - [2025-12-20T22:27:26.169+0000] {dag.py:3239} INFO - Sync 1 DAGs
[2025-12-20T22:27:26.183+0000] {logging_mixin.py:190} INFO - [2025-12-20T22:27:26.183+0000] {dag.py:4180} INFO - Setting next_dagrun for velov_dag to 2025-12-20 22:00:00+00:00, run_after=2025-12-20 22:20:00+00:00
[2025-12-20T22:27:26.192+0000] {processor.py:208} INFO - Processing /opt/airflow/dags/velov_dag.py took 0.596 seconds
[2025-12-20T22:27:57.105+0000] {processor.py:186} INFO - Started process (PID=188) to work on /opt/airflow/dags/velov_dag.py
[2025-12-20T22:27:57.111+0000] {processor.py:914} INFO - Processing file /opt/airflow/dags/velov_dag.py for tasks to queue
[2025-12-20T22:27:57.117+0000] {logging_mixin.py:190} INFO - [2025-12-20T22:27:57.117+0000] {dagbag.py:588} INFO - Filling up the DagBag from /opt/airflow/dags/velov_dag.py
[2025-12-20T22:27:57.803+0000] {processor.py:925} INFO - DAG(s) 'velov_dag' retrieved from /opt/airflow/dags/velov_dag.py
[2025-12-20T22:27:57.890+0000] {logging_mixin.py:190} INFO - [2025-12-20T22:27:57.889+0000] {dag.py:3239} INFO - Sync 1 DAGs
[2025-12-20T22:27:57.936+0000] {logging_mixin.py:190} INFO - [2025-12-20T22:27:57.935+0000] {dag.py:4180} INFO - Setting next_dagrun for velov_dag to 2025-12-20 22:00:00+00:00, run_after=2025-12-20 22:20:00+00:00
[2025-12-20T22:27:57.973+0000] {processor.py:208} INFO - Processing /opt/airflow/dags/velov_dag.py took 0.890 seconds
[2025-12-20T22:28:28.334+0000] {processor.py:186} INFO - Started process (PID=198) to work on /opt/airflow/dags/velov_dag.py
[2025-12-20T22:28:28.340+0000] {processor.py:914} INFO - Processing file /opt/airflow/dags/velov_dag.py for tasks to queue
[2025-12-20T22:28:28.358+0000] {logging_mixin.py:190} INFO - [2025-12-20T22:28:28.354+0000] {dagbag.py:588} INFO - Filling up the DagBag from /opt/airflow/dags/velov_dag.py
[2025-12-20T22:28:29.904+0000] {processor.py:925} INFO - DAG(s) 'velov_dag' retrieved from /opt/airflow/dags/velov_dag.py
[2025-12-20T22:28:30.063+0000] {logging_mixin.py:190} INFO - [2025-12-20T22:28:30.062+0000] {dag.py:3239} INFO - Sync 1 DAGs
[2025-12-20T22:28:30.135+0000] {logging_mixin.py:190} INFO - [2025-12-20T22:28:30.135+0000] {dag.py:4180} INFO - Setting next_dagrun for velov_dag to 2025-12-20 22:00:00+00:00, run_after=2025-12-20 22:20:00+00:00
[2025-12-20T22:28:30.185+0000] {processor.py:208} INFO - Processing /opt/airflow/dags/velov_dag.py took 1.894 seconds
[2025-12-20T22:29:00.534+0000] {processor.py:186} INFO - Started process (PID=208) to work on /opt/airflow/dags/velov_dag.py
[2025-12-20T22:29:00.536+0000] {processor.py:914} INFO - Processing file /opt/airflow/dags/velov_dag.py for tasks to queue
[2025-12-20T22:29:00.552+0000] {logging_mixin.py:190} INFO - [2025-12-20T22:29:00.550+0000] {dagbag.py:588} INFO - Filling up the DagBag from /opt/airflow/dags/velov_dag.py
[2025-12-20T22:29:01.104+0000] {processor.py:925} INFO - DAG(s) 'velov_dag' retrieved from /opt/airflow/dags/velov_dag.py
[2025-12-20T22:29:01.262+0000] {logging_mixin.py:190} INFO - [2025-12-20T22:29:01.261+0000] {dag.py:3239} INFO - Sync 1 DAGs
[2025-12-20T22:29:01.330+0000] {logging_mixin.py:190} INFO - [2025-12-20T22:29:01.329+0000] {dag.py:4180} INFO - Setting next_dagrun for velov_dag to 2025-12-20 22:00:00+00:00, run_after=2025-12-20 22:20:00+00:00
[2025-12-20T22:29:01.398+0000] {processor.py:208} INFO - Processing /opt/airflow/dags/velov_dag.py took 0.887 seconds
[2025-12-20T22:29:58.753+0000] {processor.py:186} INFO - Started process (PID=63) to work on /opt/airflow/dags/velov_dag.py
[2025-12-20T22:29:58.754+0000] {processor.py:914} INFO - Processing file /opt/airflow/dags/velov_dag.py for tasks to queue
[2025-12-20T22:29:58.756+0000] {logging_mixin.py:190} INFO - [2025-12-20T22:29:58.756+0000] {dagbag.py:588} INFO - Filling up the DagBag from /opt/airflow/dags/velov_dag.py
[2025-12-20T22:30:00.665+0000] {processor.py:925} INFO - DAG(s) 'velov_dag' retrieved from /opt/airflow/dags/velov_dag.py
[2025-12-20T22:30:00.775+0000] {logging_mixin.py:190} INFO - [2025-12-20T22:30:00.772+0000] {dag.py:3239} INFO - Sync 1 DAGs
[2025-12-20T22:30:00.848+0000] {logging_mixin.py:190} INFO - [2025-12-20T22:30:00.848+0000] {dag.py:4180} INFO - Setting next_dagrun for velov_dag to 2025-12-20 22:00:00+00:00, run_after=2025-12-20 22:20:00+00:00
[2025-12-20T22:30:00.869+0000] {processor.py:208} INFO - Processing /opt/airflow/dags/velov_dag.py took 2.120 seconds
[2025-12-20T22:30:31.334+0000] {processor.py:186} INFO - Started process (PID=73) to work on /opt/airflow/dags/velov_dag.py
[2025-12-20T22:30:31.335+0000] {processor.py:914} INFO - Processing file /opt/airflow/dags/velov_dag.py for tasks to queue
[2025-12-20T22:30:31.338+0000] {logging_mixin.py:190} INFO - [2025-12-20T22:30:31.338+0000] {dagbag.py:588} INFO - Filling up the DagBag from /opt/airflow/dags/velov_dag.py
[2025-12-20T22:30:31.752+0000] {processor.py:925} INFO - DAG(s) 'velov_dag' retrieved from /opt/airflow/dags/velov_dag.py
[2025-12-20T22:30:31.782+0000] {logging_mixin.py:190} INFO - [2025-12-20T22:30:31.781+0000] {dag.py:3239} INFO - Sync 1 DAGs
[2025-12-20T22:30:31.794+0000] {logging_mixin.py:190} INFO - [2025-12-20T22:30:31.794+0000] {dag.py:4180} INFO - Setting next_dagrun for velov_dag to 2025-12-20 22:00:00+00:00, run_after=2025-12-20 22:20:00+00:00
[2025-12-20T22:30:31.808+0000] {processor.py:208} INFO - Processing /opt/airflow/dags/velov_dag.py took 0.484 seconds
[2025-12-20T22:31:02.203+0000] {processor.py:186} INFO - Started process (PID=89) to work on /opt/airflow/dags/velov_dag.py
[2025-12-20T22:31:02.205+0000] {processor.py:914} INFO - Processing file /opt/airflow/dags/velov_dag.py for tasks to queue
[2025-12-20T22:31:02.209+0000] {logging_mixin.py:190} INFO - [2025-12-20T22:31:02.209+0000] {dagbag.py:588} INFO - Filling up the DagBag from /opt/airflow/dags/velov_dag.py
[2025-12-20T22:31:02.602+0000] {processor.py:925} INFO - DAG(s) 'velov_dag' retrieved from /opt/airflow/dags/velov_dag.py
[2025-12-20T22:31:02.630+0000] {logging_mixin.py:190} INFO - [2025-12-20T22:31:02.630+0000] {dag.py:3239} INFO - Sync 1 DAGs
[2025-12-20T22:31:02.644+0000] {logging_mixin.py:190} INFO - [2025-12-20T22:31:02.644+0000] {dag.py:4180} INFO - Setting next_dagrun for velov_dag to 2025-12-20 22:00:00+00:00, run_after=2025-12-20 22:20:00+00:00
[2025-12-20T22:31:02.651+0000] {processor.py:208} INFO - Processing /opt/airflow/dags/velov_dag.py took 0.456 seconds
[2025-12-20T22:31:33.459+0000] {processor.py:186} INFO - Started process (PID=99) to work on /opt/airflow/dags/velov_dag.py
[2025-12-20T22:31:33.460+0000] {processor.py:914} INFO - Processing file /opt/airflow/dags/velov_dag.py for tasks to queue
[2025-12-20T22:31:33.464+0000] {logging_mixin.py:190} INFO - [2025-12-20T22:31:33.464+0000] {dagbag.py:588} INFO - Filling up the DagBag from /opt/airflow/dags/velov_dag.py
[2025-12-20T22:31:34.195+0000] {processor.py:925} INFO - DAG(s) 'velov_dag' retrieved from /opt/airflow/dags/velov_dag.py
[2025-12-20T22:31:34.240+0000] {logging_mixin.py:190} INFO - [2025-12-20T22:31:34.240+0000] {dag.py:3239} INFO - Sync 1 DAGs
[2025-12-20T22:31:34.260+0000] {logging_mixin.py:190} INFO - [2025-12-20T22:31:34.259+0000] {dag.py:4180} INFO - Setting next_dagrun for velov_dag to 2025-12-20 22:00:00+00:00, run_after=2025-12-20 22:20:00+00:00
[2025-12-20T22:31:34.274+0000] {processor.py:208} INFO - Processing /opt/airflow/dags/velov_dag.py took 0.823 seconds
[2025-12-20T22:32:04.701+0000] {processor.py:186} INFO - Started process (PID=109) to work on /opt/airflow/dags/velov_dag.py
[2025-12-20T22:32:04.704+0000] {processor.py:914} INFO - Processing file /opt/airflow/dags/velov_dag.py for tasks to queue
[2025-12-20T22:32:04.713+0000] {logging_mixin.py:190} INFO - [2025-12-20T22:32:04.712+0000] {dagbag.py:588} INFO - Filling up the DagBag from /opt/airflow/dags/velov_dag.py
[2025-12-20T22:32:05.118+0000] {processor.py:925} INFO - DAG(s) 'velov_dag' retrieved from /opt/airflow/dags/velov_dag.py
[2025-12-20T22:32:05.140+0000] {logging_mixin.py:190} INFO - [2025-12-20T22:32:05.139+0000] {dag.py:3239} INFO - Sync 1 DAGs
[2025-12-20T22:32:05.154+0000] {logging_mixin.py:190} INFO - [2025-12-20T22:32:05.154+0000] {dag.py:4180} INFO - Setting next_dagrun for velov_dag to 2025-12-20 22:00:00+00:00, run_after=2025-12-20 22:20:00+00:00
[2025-12-20T22:32:05.162+0000] {processor.py:208} INFO - Processing /opt/airflow/dags/velov_dag.py took 0.474 seconds
[2025-12-20T22:32:35.715+0000] {processor.py:186} INFO - Started process (PID=119) to work on /opt/airflow/dags/velov_dag.py
[2025-12-20T22:32:35.716+0000] {processor.py:914} INFO - Processing file /opt/airflow/dags/velov_dag.py for tasks to queue
[2025-12-20T22:32:35.719+0000] {logging_mixin.py:190} INFO - [2025-12-20T22:32:35.719+0000] {dagbag.py:588} INFO - Filling up the DagBag from /opt/airflow/dags/velov_dag.py
[2025-12-20T22:32:35.982+0000] {processor.py:925} INFO - DAG(s) 'velov_dag' retrieved from /opt/airflow/dags/velov_dag.py
[2025-12-20T22:32:36.015+0000] {logging_mixin.py:190} INFO - [2025-12-20T22:32:36.015+0000] {dag.py:3239} INFO - Sync 1 DAGs
[2025-12-20T22:32:36.045+0000] {logging_mixin.py:190} INFO - [2025-12-20T22:32:36.044+0000] {dag.py:4180} INFO - Setting next_dagrun for velov_dag to 2025-12-20 22:00:00+00:00, run_after=2025-12-20 22:20:00+00:00
[2025-12-20T22:32:36.053+0000] {processor.py:208} INFO - Processing /opt/airflow/dags/velov_dag.py took 0.346 seconds
[2025-12-20T22:37:06.058+0000] {processor.py:186} INFO - Started process (PID=51) to work on /opt/airflow/dags/velov_dag.py
[2025-12-20T22:37:06.058+0000] {processor.py:914} INFO - Processing file /opt/airflow/dags/velov_dag.py for tasks to queue
[2025-12-20T22:37:06.059+0000] {logging_mixin.py:190} INFO - [2025-12-20T22:37:06.059+0000] {dagbag.py:588} INFO - Filling up the DagBag from /opt/airflow/dags/velov_dag.py
[2025-12-20T22:37:06.664+0000] {processor.py:925} INFO - DAG(s) 'velov_dag' retrieved from /opt/airflow/dags/velov_dag.py
[2025-12-20T22:37:06.679+0000] {logging_mixin.py:190} INFO - [2025-12-20T22:37:06.678+0000] {dag.py:3239} INFO - Sync 1 DAGs
[2025-12-20T22:37:06.692+0000] {logging_mixin.py:190} INFO - [2025-12-20T22:37:06.692+0000] {dag.py:4180} INFO - Setting next_dagrun for velov_dag to 2025-12-20 22:00:00+00:00, run_after=2025-12-20 22:20:00+00:00
[2025-12-20T22:37:06.699+0000] {processor.py:208} INFO - Processing /opt/airflow/dags/velov_dag.py took 0.645 seconds
[2025-12-20T22:37:36.860+0000] {processor.py:186} INFO - Started process (PID=60) to work on /opt/airflow/dags/velov_dag.py
[2025-12-20T22:37:36.861+0000] {processor.py:914} INFO - Processing file /opt/airflow/dags/velov_dag.py for tasks to queue
[2025-12-20T22:37:36.863+0000] {logging_mixin.py:190} INFO - [2025-12-20T22:37:36.863+0000] {dagbag.py:588} INFO - Filling up the DagBag from /opt/airflow/dags/velov_dag.py
[2025-12-20T22:37:37.110+0000] {processor.py:925} INFO - DAG(s) 'velov_dag' retrieved from /opt/airflow/dags/velov_dag.py
[2025-12-20T22:37:37.124+0000] {logging_mixin.py:190} INFO - [2025-12-20T22:37:37.124+0000] {dag.py:3239} INFO - Sync 1 DAGs
[2025-12-20T22:37:37.133+0000] {logging_mixin.py:190} INFO - [2025-12-20T22:37:37.133+0000] {dag.py:4180} INFO - Setting next_dagrun for velov_dag to 2025-12-20 22:00:00+00:00, run_after=2025-12-20 22:20:00+00:00
[2025-12-20T22:37:37.139+0000] {processor.py:208} INFO - Processing /opt/airflow/dags/velov_dag.py took 0.282 seconds
[2025-12-20T22:38:07.332+0000] {processor.py:186} INFO - Started process (PID=70) to work on /opt/airflow/dags/velov_dag.py
[2025-12-20T22:38:07.334+0000] {processor.py:914} INFO - Processing file /opt/airflow/dags/velov_dag.py for tasks to queue
[2025-12-20T22:38:07.337+0000] {logging_mixin.py:190} INFO - [2025-12-20T22:38:07.337+0000] {dagbag.py:588} INFO - Filling up the DagBag from /opt/airflow/dags/velov_dag.py
[2025-12-20T22:38:07.727+0000] {processor.py:925} INFO - DAG(s) 'velov_dag' retrieved from /opt/airflow/dags/velov_dag.py
[2025-12-20T22:38:07.743+0000] {logging_mixin.py:190} INFO - [2025-12-20T22:38:07.743+0000] {dag.py:3239} INFO - Sync 1 DAGs
[2025-12-20T22:38:07.754+0000] {logging_mixin.py:190} INFO - [2025-12-20T22:38:07.754+0000] {dag.py:4180} INFO - Setting next_dagrun for velov_dag to 2025-12-20 22:00:00+00:00, run_after=2025-12-20 22:20:00+00:00
[2025-12-20T22:38:07.760+0000] {processor.py:208} INFO - Processing /opt/airflow/dags/velov_dag.py took 0.433 seconds
[2025-12-20T22:44:02.516+0000] {processor.py:186} INFO - Started process (PID=85) to work on /opt/airflow/dags/velov_dag.py
[2025-12-20T22:44:02.517+0000] {processor.py:914} INFO - Processing file /opt/airflow/dags/velov_dag.py for tasks to queue
[2025-12-20T22:44:02.519+0000] {logging_mixin.py:190} INFO - [2025-12-20T22:44:02.518+0000] {dagbag.py:588} INFO - Filling up the DagBag from /opt/airflow/dags/velov_dag.py
[2025-12-20T22:44:03.041+0000] {processor.py:925} INFO - DAG(s) 'velov_dag' retrieved from /opt/airflow/dags/velov_dag.py
[2025-12-20T22:44:03.175+0000] {logging_mixin.py:190} INFO - [2025-12-20T22:44:03.175+0000] {override.py:1900} INFO - Created Permission View: can read on DAG:velov_dag
[2025-12-20T22:44:03.179+0000] {logging_mixin.py:190} INFO - [2025-12-20T22:44:03.179+0000] {override.py:1900} INFO - Created Permission View: can edit on DAG:velov_dag
[2025-12-20T22:44:03.181+0000] {logging_mixin.py:190} INFO - [2025-12-20T22:44:03.181+0000] {override.py:1900} INFO - Created Permission View: can delete on DAG:velov_dag
[2025-12-20T22:44:03.183+0000] {logging_mixin.py:190} INFO - [2025-12-20T22:44:03.183+0000] {override.py:1900} INFO - Created Permission View: can read on DAG Run:velov_dag
[2025-12-20T22:44:03.185+0000] {logging_mixin.py:190} INFO - [2025-12-20T22:44:03.184+0000] {override.py:1900} INFO - Created Permission View: can delete on DAG Run:velov_dag
[2025-12-20T22:44:03.187+0000] {logging_mixin.py:190} INFO - [2025-12-20T22:44:03.186+0000] {override.py:1900} INFO - Created Permission View: can create on DAG Run:velov_dag
[2025-12-20T22:44:03.188+0000] {logging_mixin.py:190} INFO - [2025-12-20T22:44:03.188+0000] {override.py:1900} INFO - Created Permission View: menu access on DAG Run:velov_dag
[2025-12-20T22:44:03.189+0000] {logging_mixin.py:190} INFO - [2025-12-20T22:44:03.188+0000] {dag.py:3239} INFO - Sync 1 DAGs
[2025-12-20T22:44:03.193+0000] {logging_mixin.py:190} WARNING - /home/airflow/.local/lib/python3.12/site-packages/airflow/models/dag.py:3901 DeprecationWarning: The dag_concurrency option in [core] has been renamed to max_active_tasks_per_dag - the old setting has been used, but please update your config.
[2025-12-20T22:44:03.194+0000] {logging_mixin.py:190} INFO - [2025-12-20T22:44:03.194+0000] {dag.py:3262} INFO - Creating ORM DAG for velov_dag
[2025-12-20T22:44:03.199+0000] {logging_mixin.py:190} INFO - [2025-12-20T22:44:03.199+0000] {dag.py:4180} INFO - Setting next_dagrun for velov_dag to 2025-12-20 22:20:00+00:00, run_after=2025-12-20 22:40:00+00:00
[2025-12-20T22:44:03.206+0000] {processor.py:208} INFO - Processing /opt/airflow/dags/velov_dag.py took 0.693 seconds
[2025-12-20T22:44:33.357+0000] {processor.py:186} INFO - Started process (PID=97) to work on /opt/airflow/dags/velov_dag.py
[2025-12-20T22:44:33.358+0000] {processor.py:914} INFO - Processing file /opt/airflow/dags/velov_dag.py for tasks to queue
[2025-12-20T22:44:33.359+0000] {logging_mixin.py:190} INFO - [2025-12-20T22:44:33.359+0000] {dagbag.py:588} INFO - Filling up the DagBag from /opt/airflow/dags/velov_dag.py
[2025-12-20T22:44:33.572+0000] {processor.py:925} INFO - DAG(s) 'velov_dag' retrieved from /opt/airflow/dags/velov_dag.py
[2025-12-20T22:44:33.582+0000] {logging_mixin.py:190} INFO - [2025-12-20T22:44:33.582+0000] {dag.py:3239} INFO - Sync 1 DAGs
[2025-12-20T22:44:33.590+0000] {logging_mixin.py:190} INFO - [2025-12-20T22:44:33.590+0000] {dag.py:4180} INFO - Setting next_dagrun for velov_dag to 2025-12-20 22:20:00+00:00, run_after=2025-12-20 22:40:00+00:00
[2025-12-20T22:44:33.596+0000] {processor.py:208} INFO - Processing /opt/airflow/dags/velov_dag.py took 0.242 seconds
[2025-12-20T22:45:03.806+0000] {processor.py:186} INFO - Started process (PID=105) to work on /opt/airflow/dags/velov_dag.py
[2025-12-20T22:45:03.809+0000] {processor.py:914} INFO - Processing file /opt/airflow/dags/velov_dag.py for tasks to queue
[2025-12-20T22:45:03.812+0000] {logging_mixin.py:190} INFO - [2025-12-20T22:45:03.812+0000] {dagbag.py:588} INFO - Filling up the DagBag from /opt/airflow/dags/velov_dag.py
[2025-12-20T22:45:04.385+0000] {processor.py:925} INFO - DAG(s) 'velov_dag' retrieved from /opt/airflow/dags/velov_dag.py
[2025-12-20T22:45:04.414+0000] {logging_mixin.py:190} INFO - [2025-12-20T22:45:04.413+0000] {dag.py:3239} INFO - Sync 1 DAGs
[2025-12-20T22:45:04.428+0000] {logging_mixin.py:190} INFO - [2025-12-20T22:45:04.428+0000] {dag.py:4180} INFO - Setting next_dagrun for velov_dag to 2025-12-20 22:20:00+00:00, run_after=2025-12-20 22:40:00+00:00
[2025-12-20T22:45:04.438+0000] {processor.py:208} INFO - Processing /opt/airflow/dags/velov_dag.py took 0.651 seconds
[2025-12-20T22:45:34.755+0000] {processor.py:186} INFO - Started process (PID=115) to work on /opt/airflow/dags/velov_dag.py
[2025-12-20T22:45:34.756+0000] {processor.py:914} INFO - Processing file /opt/airflow/dags/velov_dag.py for tasks to queue
[2025-12-20T22:45:34.759+0000] {logging_mixin.py:190} INFO - [2025-12-20T22:45:34.759+0000] {dagbag.py:588} INFO - Filling up the DagBag from /opt/airflow/dags/velov_dag.py
[2025-12-20T22:45:35.142+0000] {processor.py:925} INFO - DAG(s) 'velov_dag' retrieved from /opt/airflow/dags/velov_dag.py
[2025-12-20T22:45:35.159+0000] {logging_mixin.py:190} INFO - [2025-12-20T22:45:35.159+0000] {dag.py:3239} INFO - Sync 1 DAGs
[2025-12-20T22:45:35.173+0000] {logging_mixin.py:190} INFO - [2025-12-20T22:45:35.173+0000] {dag.py:4180} INFO - Setting next_dagrun for velov_dag to 2025-12-20 22:20:00+00:00, run_after=2025-12-20 22:40:00+00:00
[2025-12-20T22:45:35.182+0000] {processor.py:208} INFO - Processing /opt/airflow/dags/velov_dag.py took 0.433 seconds
[2025-12-20T22:49:20.023+0000] {processor.py:186} INFO - Started process (PID=87) to work on /opt/airflow/dags/velov_dag.py
[2025-12-20T22:49:20.025+0000] {processor.py:914} INFO - Processing file /opt/airflow/dags/velov_dag.py for tasks to queue
[2025-12-20T22:49:20.027+0000] {logging_mixin.py:190} INFO - [2025-12-20T22:49:20.026+0000] {dagbag.py:588} INFO - Filling up the DagBag from /opt/airflow/dags/velov_dag.py
[2025-12-20T22:49:20.560+0000] {processor.py:925} INFO - DAG(s) 'velov_dag' retrieved from /opt/airflow/dags/velov_dag.py
[2025-12-20T22:49:20.583+0000] {logging_mixin.py:190} INFO - [2025-12-20T22:49:20.583+0000] {dag.py:3239} INFO - Sync 1 DAGs
[2025-12-20T22:49:20.596+0000] {logging_mixin.py:190} INFO - [2025-12-20T22:49:20.596+0000] {dag.py:4180} INFO - Setting next_dagrun for velov_dag to 2025-12-20 22:20:00+00:00, run_after=2025-12-20 22:40:00+00:00
[2025-12-20T22:49:20.603+0000] {processor.py:208} INFO - Processing /opt/airflow/dags/velov_dag.py took 0.583 seconds
[2025-12-20T22:49:50.753+0000] {processor.py:186} INFO - Started process (PID=97) to work on /opt/airflow/dags/velov_dag.py
[2025-12-20T22:49:50.754+0000] {processor.py:914} INFO - Processing file /opt/airflow/dags/velov_dag.py for tasks to queue
[2025-12-20T22:49:50.756+0000] {logging_mixin.py:190} INFO - [2025-12-20T22:49:50.756+0000] {dagbag.py:588} INFO - Filling up the DagBag from /opt/airflow/dags/velov_dag.py
[2025-12-20T22:49:51.152+0000] {processor.py:925} INFO - DAG(s) 'velov_dag' retrieved from /opt/airflow/dags/velov_dag.py
[2025-12-20T22:49:51.171+0000] {logging_mixin.py:190} INFO - [2025-12-20T22:49:51.171+0000] {dag.py:3239} INFO - Sync 1 DAGs
[2025-12-20T22:49:51.181+0000] {logging_mixin.py:190} INFO - [2025-12-20T22:49:51.181+0000] {dag.py:4180} INFO - Setting next_dagrun for velov_dag to 2025-12-20 22:20:00+00:00, run_after=2025-12-20 22:40:00+00:00
[2025-12-20T22:49:51.187+0000] {processor.py:208} INFO - Processing /opt/airflow/dags/velov_dag.py took 0.441 seconds
[2025-12-20T22:50:21.496+0000] {processor.py:186} INFO - Started process (PID=107) to work on /opt/airflow/dags/velov_dag.py
[2025-12-20T22:50:21.497+0000] {processor.py:914} INFO - Processing file /opt/airflow/dags/velov_dag.py for tasks to queue
[2025-12-20T22:50:21.500+0000] {logging_mixin.py:190} INFO - [2025-12-20T22:50:21.500+0000] {dagbag.py:588} INFO - Filling up the DagBag from /opt/airflow/dags/velov_dag.py
[2025-12-20T22:50:21.886+0000] {processor.py:925} INFO - DAG(s) 'velov_dag' retrieved from /opt/airflow/dags/velov_dag.py
[2025-12-20T22:50:21.898+0000] {logging_mixin.py:190} INFO - [2025-12-20T22:50:21.898+0000] {dag.py:3239} INFO - Sync 1 DAGs
[2025-12-20T22:50:21.907+0000] {logging_mixin.py:190} INFO - [2025-12-20T22:50:21.907+0000] {dag.py:4180} INFO - Setting next_dagrun for velov_dag to 2025-12-20 22:20:00+00:00, run_after=2025-12-20 22:40:00+00:00
[2025-12-20T22:50:21.913+0000] {processor.py:208} INFO - Processing /opt/airflow/dags/velov_dag.py took 0.426 seconds
[2025-12-20T22:50:52.250+0000] {processor.py:186} INFO - Started process (PID=117) to work on /opt/airflow/dags/velov_dag.py
[2025-12-20T22:50:52.251+0000] {processor.py:914} INFO - Processing file /opt/airflow/dags/velov_dag.py for tasks to queue
[2025-12-20T22:50:52.255+0000] {logging_mixin.py:190} INFO - [2025-12-20T22:50:52.254+0000] {dagbag.py:588} INFO - Filling up the DagBag from /opt/airflow/dags/velov_dag.py
[2025-12-20T22:50:52.626+0000] {processor.py:925} INFO - DAG(s) 'velov_dag' retrieved from /opt/airflow/dags/velov_dag.py
[2025-12-20T22:50:52.642+0000] {logging_mixin.py:190} INFO - [2025-12-20T22:50:52.642+0000] {dag.py:3239} INFO - Sync 1 DAGs
[2025-12-20T22:50:52.651+0000] {logging_mixin.py:190} INFO - [2025-12-20T22:50:52.651+0000] {dag.py:4180} INFO - Setting next_dagrun for velov_dag to 2025-12-20 22:20:00+00:00, run_after=2025-12-20 22:40:00+00:00
[2025-12-20T22:50:52.658+0000] {processor.py:208} INFO - Processing /opt/airflow/dags/velov_dag.py took 0.421 seconds
[2025-12-20T22:51:22.935+0000] {processor.py:186} INFO - Started process (PID=127) to work on /opt/airflow/dags/velov_dag.py
[2025-12-20T22:51:22.936+0000] {processor.py:914} INFO - Processing file /opt/airflow/dags/velov_dag.py for tasks to queue
[2025-12-20T22:51:22.939+0000] {logging_mixin.py:190} INFO - [2025-12-20T22:51:22.938+0000] {dagbag.py:588} INFO - Filling up the DagBag from /opt/airflow/dags/velov_dag.py
[2025-12-20T22:51:23.241+0000] {processor.py:925} INFO - DAG(s) 'velov_dag' retrieved from /opt/airflow/dags/velov_dag.py
[2025-12-20T22:51:23.257+0000] {logging_mixin.py:190} INFO - [2025-12-20T22:51:23.256+0000] {dag.py:3239} INFO - Sync 1 DAGs
[2025-12-20T22:51:23.267+0000] {logging_mixin.py:190} INFO - [2025-12-20T22:51:23.267+0000] {dag.py:4180} INFO - Setting next_dagrun for velov_dag to 2025-12-20 22:20:00+00:00, run_after=2025-12-20 22:40:00+00:00
[2025-12-20T22:51:23.273+0000] {processor.py:208} INFO - Processing /opt/airflow/dags/velov_dag.py took 0.345 seconds
[2025-12-20T22:51:53.603+0000] {processor.py:186} INFO - Started process (PID=137) to work on /opt/airflow/dags/velov_dag.py
[2025-12-20T22:51:53.604+0000] {processor.py:914} INFO - Processing file /opt/airflow/dags/velov_dag.py for tasks to queue
[2025-12-20T22:51:53.607+0000] {logging_mixin.py:190} INFO - [2025-12-20T22:51:53.606+0000] {dagbag.py:588} INFO - Filling up the DagBag from /opt/airflow/dags/velov_dag.py
[2025-12-20T22:51:53.882+0000] {processor.py:925} INFO - DAG(s) 'velov_dag' retrieved from /opt/airflow/dags/velov_dag.py
[2025-12-20T22:51:53.899+0000] {logging_mixin.py:190} INFO - [2025-12-20T22:51:53.898+0000] {dag.py:3239} INFO - Sync 1 DAGs
[2025-12-20T22:51:53.909+0000] {logging_mixin.py:190} INFO - [2025-12-20T22:51:53.909+0000] {dag.py:4180} INFO - Setting next_dagrun for velov_dag to 2025-12-20 22:20:00+00:00, run_after=2025-12-20 22:40:00+00:00
[2025-12-20T22:51:53.915+0000] {processor.py:208} INFO - Processing /opt/airflow/dags/velov_dag.py took 0.320 seconds
[2025-12-20T22:52:24.289+0000] {processor.py:186} INFO - Started process (PID=153) to work on /opt/airflow/dags/velov_dag.py
[2025-12-20T22:52:24.291+0000] {processor.py:914} INFO - Processing file /opt/airflow/dags/velov_dag.py for tasks to queue
[2025-12-20T22:52:24.294+0000] {logging_mixin.py:190} INFO - [2025-12-20T22:52:24.294+0000] {dagbag.py:588} INFO - Filling up the DagBag from /opt/airflow/dags/velov_dag.py
[2025-12-20T22:52:24.709+0000] {processor.py:925} INFO - DAG(s) 'velov_dag' retrieved from /opt/airflow/dags/velov_dag.py
[2025-12-20T22:52:24.726+0000] {logging_mixin.py:190} INFO - [2025-12-20T22:52:24.725+0000] {dag.py:3239} INFO - Sync 1 DAGs
[2025-12-20T22:52:24.735+0000] {logging_mixin.py:190} INFO - [2025-12-20T22:52:24.735+0000] {dag.py:4180} INFO - Setting next_dagrun for velov_dag to 2025-12-20 22:20:00+00:00, run_after=2025-12-20 22:40:00+00:00
[2025-12-20T22:52:24.744+0000] {processor.py:208} INFO - Processing /opt/airflow/dags/velov_dag.py took 0.470 seconds
[2025-12-20T22:58:05.544+0000] {processor.py:186} INFO - Started process (PID=86) to work on /opt/airflow/dags/velov_dag.py
[2025-12-20T22:58:05.546+0000] {processor.py:914} INFO - Processing file /opt/airflow/dags/velov_dag.py for tasks to queue
[2025-12-20T22:58:05.547+0000] {logging_mixin.py:190} INFO - [2025-12-20T22:58:05.547+0000] {dagbag.py:588} INFO - Filling up the DagBag from /opt/airflow/dags/velov_dag.py
[2025-12-20T22:58:06.011+0000] {processor.py:925} INFO - DAG(s) 'velov_dag' retrieved from /opt/airflow/dags/velov_dag.py
[2025-12-20T22:58:06.135+0000] {logging_mixin.py:190} INFO - [2025-12-20T22:58:06.135+0000] {override.py:1900} INFO - Created Permission View: can edit on DAG:velov_dag
[2025-12-20T22:58:06.138+0000] {logging_mixin.py:190} INFO - [2025-12-20T22:58:06.138+0000] {override.py:1900} INFO - Created Permission View: can read on DAG:velov_dag
[2025-12-20T22:58:06.140+0000] {logging_mixin.py:190} INFO - [2025-12-20T22:58:06.140+0000] {override.py:1900} INFO - Created Permission View: can delete on DAG:velov_dag
[2025-12-20T22:58:06.142+0000] {logging_mixin.py:190} INFO - [2025-12-20T22:58:06.142+0000] {override.py:1900} INFO - Created Permission View: menu access on DAG Run:velov_dag
[2025-12-20T22:58:06.143+0000] {logging_mixin.py:190} INFO - [2025-12-20T22:58:06.143+0000] {override.py:1900} INFO - Created Permission View: can read on DAG Run:velov_dag
[2025-12-20T22:58:06.145+0000] {logging_mixin.py:190} INFO - [2025-12-20T22:58:06.145+0000] {override.py:1900} INFO - Created Permission View: can create on DAG Run:velov_dag
[2025-12-20T22:58:06.146+0000] {logging_mixin.py:190} INFO - [2025-12-20T22:58:06.146+0000] {override.py:1900} INFO - Created Permission View: can delete on DAG Run:velov_dag
[2025-12-20T22:58:06.147+0000] {logging_mixin.py:190} INFO - [2025-12-20T22:58:06.147+0000] {dag.py:3239} INFO - Sync 1 DAGs
[2025-12-20T22:58:06.152+0000] {logging_mixin.py:190} WARNING - /home/airflow/.local/lib/python3.12/site-packages/airflow/models/dag.py:3901 DeprecationWarning: The dag_concurrency option in [core] has been renamed to max_active_tasks_per_dag - the old setting has been used, but please update your config.
[2025-12-20T22:58:06.152+0000] {logging_mixin.py:190} INFO - [2025-12-20T22:58:06.152+0000] {dag.py:3262} INFO - Creating ORM DAG for velov_dag
[2025-12-20T22:58:06.157+0000] {logging_mixin.py:190} INFO - [2025-12-20T22:58:06.157+0000] {dag.py:4180} INFO - Setting next_dagrun for velov_dag to 2025-12-20 22:20:00+00:00, run_after=2025-12-20 22:40:00+00:00
[2025-12-20T22:58:06.165+0000] {processor.py:208} INFO - Processing /opt/airflow/dags/velov_dag.py took 0.625 seconds
[2025-12-20T22:58:36.212+0000] {processor.py:186} INFO - Started process (PID=96) to work on /opt/airflow/dags/velov_dag.py
[2025-12-20T22:58:36.213+0000] {processor.py:914} INFO - Processing file /opt/airflow/dags/velov_dag.py for tasks to queue
[2025-12-20T22:58:36.215+0000] {logging_mixin.py:190} INFO - [2025-12-20T22:58:36.215+0000] {dagbag.py:588} INFO - Filling up the DagBag from /opt/airflow/dags/velov_dag.py
[2025-12-20T22:58:36.546+0000] {processor.py:925} INFO - DAG(s) 'velov_dag' retrieved from /opt/airflow/dags/velov_dag.py
[2025-12-20T22:58:36.560+0000] {logging_mixin.py:190} INFO - [2025-12-20T22:58:36.559+0000] {dag.py:3239} INFO - Sync 1 DAGs
[2025-12-20T22:58:36.568+0000] {logging_mixin.py:190} INFO - [2025-12-20T22:58:36.568+0000] {dag.py:4180} INFO - Setting next_dagrun for velov_dag to 2025-12-20 22:20:00+00:00, run_after=2025-12-20 22:40:00+00:00
[2025-12-20T22:58:36.574+0000] {processor.py:208} INFO - Processing /opt/airflow/dags/velov_dag.py took 0.370 seconds
[2025-12-20T22:59:06.870+0000] {processor.py:186} INFO - Started process (PID=106) to work on /opt/airflow/dags/velov_dag.py
[2025-12-20T22:59:06.871+0000] {processor.py:914} INFO - Processing file /opt/airflow/dags/velov_dag.py for tasks to queue
[2025-12-20T22:59:06.873+0000] {logging_mixin.py:190} INFO - [2025-12-20T22:59:06.873+0000] {dagbag.py:588} INFO - Filling up the DagBag from /opt/airflow/dags/velov_dag.py
[2025-12-20T22:59:07.187+0000] {processor.py:925} INFO - DAG(s) 'velov_dag' retrieved from /opt/airflow/dags/velov_dag.py
[2025-12-20T22:59:07.199+0000] {logging_mixin.py:190} INFO - [2025-12-20T22:59:07.199+0000] {dag.py:3239} INFO - Sync 1 DAGs
[2025-12-20T22:59:07.208+0000] {logging_mixin.py:190} INFO - [2025-12-20T22:59:07.208+0000] {dag.py:4180} INFO - Setting next_dagrun for velov_dag to 2025-12-20 22:20:00+00:00, run_after=2025-12-20 22:40:00+00:00
[2025-12-20T22:59:07.214+0000] {processor.py:208} INFO - Processing /opt/airflow/dags/velov_dag.py took 0.353 seconds
[2025-12-20T22:59:37.567+0000] {processor.py:186} INFO - Started process (PID=116) to work on /opt/airflow/dags/velov_dag.py
[2025-12-20T22:59:37.569+0000] {processor.py:914} INFO - Processing file /opt/airflow/dags/velov_dag.py for tasks to queue
[2025-12-20T22:59:37.573+0000] {logging_mixin.py:190} INFO - [2025-12-20T22:59:37.573+0000] {dagbag.py:588} INFO - Filling up the DagBag from /opt/airflow/dags/velov_dag.py
[2025-12-20T22:59:37.997+0000] {processor.py:925} INFO - DAG(s) 'velov_dag' retrieved from /opt/airflow/dags/velov_dag.py
[2025-12-20T22:59:38.019+0000] {logging_mixin.py:190} INFO - [2025-12-20T22:59:38.019+0000] {dag.py:3239} INFO - Sync 1 DAGs
[2025-12-20T22:59:38.031+0000] {logging_mixin.py:190} INFO - [2025-12-20T22:59:38.031+0000] {dag.py:4180} INFO - Setting next_dagrun for velov_dag to 2025-12-20 22:20:00+00:00, run_after=2025-12-20 22:40:00+00:00
[2025-12-20T22:59:38.039+0000] {processor.py:208} INFO - Processing /opt/airflow/dags/velov_dag.py took 0.481 seconds
[2025-12-20T23:00:08.422+0000] {processor.py:186} INFO - Started process (PID=126) to work on /opt/airflow/dags/velov_dag.py
[2025-12-20T23:00:08.426+0000] {processor.py:914} INFO - Processing file /opt/airflow/dags/velov_dag.py for tasks to queue
[2025-12-20T23:00:08.433+0000] {logging_mixin.py:190} INFO - [2025-12-20T23:00:08.432+0000] {dagbag.py:588} INFO - Filling up the DagBag from /opt/airflow/dags/velov_dag.py
[2025-12-20T23:00:08.904+0000] {processor.py:925} INFO - DAG(s) 'velov_dag' retrieved from /opt/airflow/dags/velov_dag.py
[2025-12-20T23:00:08.927+0000] {logging_mixin.py:190} INFO - [2025-12-20T23:00:08.927+0000] {dag.py:3239} INFO - Sync 1 DAGs
[2025-12-20T23:00:08.938+0000] {logging_mixin.py:190} INFO - [2025-12-20T23:00:08.938+0000] {dag.py:4180} INFO - Setting next_dagrun for velov_dag to 2025-12-20 22:40:00+00:00, run_after=2025-12-20 23:00:00+00:00
[2025-12-20T23:00:08.948+0000] {processor.py:208} INFO - Processing /opt/airflow/dags/velov_dag.py took 0.541 seconds
[2025-12-20T23:00:39.285+0000] {processor.py:186} INFO - Started process (PID=136) to work on /opt/airflow/dags/velov_dag.py
[2025-12-20T23:00:39.286+0000] {processor.py:914} INFO - Processing file /opt/airflow/dags/velov_dag.py for tasks to queue
[2025-12-20T23:00:39.290+0000] {logging_mixin.py:190} INFO - [2025-12-20T23:00:39.290+0000] {dagbag.py:588} INFO - Filling up the DagBag from /opt/airflow/dags/velov_dag.py
[2025-12-20T23:00:39.709+0000] {processor.py:925} INFO - DAG(s) 'velov_dag' retrieved from /opt/airflow/dags/velov_dag.py
[2025-12-20T23:00:39.724+0000] {logging_mixin.py:190} INFO - [2025-12-20T23:00:39.724+0000] {dag.py:3239} INFO - Sync 1 DAGs
[2025-12-20T23:00:39.735+0000] {logging_mixin.py:190} INFO - [2025-12-20T23:00:39.734+0000] {dag.py:4180} INFO - Setting next_dagrun for velov_dag to 2025-12-20 22:40:00+00:00, run_after=2025-12-20 23:00:00+00:00
[2025-12-20T23:00:39.740+0000] {processor.py:208} INFO - Processing /opt/airflow/dags/velov_dag.py took 0.464 seconds
[2025-12-20T23:01:10.100+0000] {processor.py:186} INFO - Started process (PID=146) to work on /opt/airflow/dags/velov_dag.py
[2025-12-20T23:01:10.102+0000] {processor.py:914} INFO - Processing file /opt/airflow/dags/velov_dag.py for tasks to queue
[2025-12-20T23:01:10.110+0000] {logging_mixin.py:190} INFO - [2025-12-20T23:01:10.109+0000] {dagbag.py:588} INFO - Filling up the DagBag from /opt/airflow/dags/velov_dag.py
[2025-12-20T23:01:10.562+0000] {processor.py:925} INFO - DAG(s) 'velov_dag' retrieved from /opt/airflow/dags/velov_dag.py
[2025-12-20T23:01:10.581+0000] {logging_mixin.py:190} INFO - [2025-12-20T23:01:10.581+0000] {dag.py:3239} INFO - Sync 1 DAGs
[2025-12-20T23:01:10.592+0000] {logging_mixin.py:190} INFO - [2025-12-20T23:01:10.592+0000] {dag.py:4180} INFO - Setting next_dagrun for velov_dag to 2025-12-20 22:40:00+00:00, run_after=2025-12-20 23:00:00+00:00
[2025-12-20T23:01:10.598+0000] {processor.py:208} INFO - Processing /opt/airflow/dags/velov_dag.py took 0.516 seconds
[2025-12-20T23:01:40.981+0000] {processor.py:186} INFO - Started process (PID=162) to work on /opt/airflow/dags/velov_dag.py
[2025-12-20T23:01:40.983+0000] {processor.py:914} INFO - Processing file /opt/airflow/dags/velov_dag.py for tasks to queue
[2025-12-20T23:01:40.989+0000] {logging_mixin.py:190} INFO - [2025-12-20T23:01:40.988+0000] {dagbag.py:588} INFO - Filling up the DagBag from /opt/airflow/dags/velov_dag.py
[2025-12-20T23:01:41.489+0000] {processor.py:925} INFO - DAG(s) 'velov_dag' retrieved from /opt/airflow/dags/velov_dag.py
[2025-12-20T23:01:41.507+0000] {logging_mixin.py:190} INFO - [2025-12-20T23:01:41.507+0000] {dag.py:3239} INFO - Sync 1 DAGs
[2025-12-20T23:01:41.522+0000] {logging_mixin.py:190} INFO - [2025-12-20T23:01:41.521+0000] {dag.py:4180} INFO - Setting next_dagrun for velov_dag to 2025-12-20 22:40:00+00:00, run_after=2025-12-20 23:00:00+00:00
[2025-12-20T23:01:41.529+0000] {processor.py:208} INFO - Processing /opt/airflow/dags/velov_dag.py took 0.567 seconds
[2025-12-20T23:02:11.926+0000] {processor.py:186} INFO - Started process (PID=172) to work on /opt/airflow/dags/velov_dag.py
[2025-12-20T23:02:11.930+0000] {processor.py:914} INFO - Processing file /opt/airflow/dags/velov_dag.py for tasks to queue
[2025-12-20T23:02:11.935+0000] {logging_mixin.py:190} INFO - [2025-12-20T23:02:11.935+0000] {dagbag.py:588} INFO - Filling up the DagBag from /opt/airflow/dags/velov_dag.py
[2025-12-20T23:02:12.354+0000] {processor.py:925} INFO - DAG(s) 'velov_dag' retrieved from /opt/airflow/dags/velov_dag.py
[2025-12-20T23:02:12.378+0000] {logging_mixin.py:190} INFO - [2025-12-20T23:02:12.378+0000] {dag.py:3239} INFO - Sync 1 DAGs
[2025-12-20T23:02:12.388+0000] {logging_mixin.py:190} INFO - [2025-12-20T23:02:12.387+0000] {dag.py:4180} INFO - Setting next_dagrun for velov_dag to 2025-12-20 22:40:00+00:00, run_after=2025-12-20 23:00:00+00:00
[2025-12-20T23:02:12.394+0000] {processor.py:208} INFO - Processing /opt/airflow/dags/velov_dag.py took 0.486 seconds
[2025-12-20T23:02:42.739+0000] {processor.py:186} INFO - Started process (PID=182) to work on /opt/airflow/dags/velov_dag.py
[2025-12-20T23:02:42.740+0000] {processor.py:914} INFO - Processing file /opt/airflow/dags/velov_dag.py for tasks to queue
[2025-12-20T23:02:42.747+0000] {logging_mixin.py:190} INFO - [2025-12-20T23:02:42.746+0000] {dagbag.py:588} INFO - Filling up the DagBag from /opt/airflow/dags/velov_dag.py
[2025-12-20T23:02:43.002+0000] {processor.py:925} INFO - DAG(s) 'velov_dag' retrieved from /opt/airflow/dags/velov_dag.py
[2025-12-20T23:02:43.022+0000] {logging_mixin.py:190} INFO - [2025-12-20T23:02:43.022+0000] {dag.py:3239} INFO - Sync 1 DAGs
[2025-12-20T23:02:43.035+0000] {logging_mixin.py:190} INFO - [2025-12-20T23:02:43.035+0000] {dag.py:4180} INFO - Setting next_dagrun for velov_dag to 2025-12-20 22:40:00+00:00, run_after=2025-12-20 23:00:00+00:00
[2025-12-20T23:02:43.043+0000] {processor.py:208} INFO - Processing /opt/airflow/dags/velov_dag.py took 0.315 seconds
[2025-12-20T23:07:25.280+0000] {processor.py:186} INFO - Started process (PID=80) to work on /opt/airflow/dags/velov_dag.py
[2025-12-20T23:07:25.284+0000] {processor.py:914} INFO - Processing file /opt/airflow/dags/velov_dag.py for tasks to queue
[2025-12-20T23:07:25.286+0000] {logging_mixin.py:190} INFO - [2025-12-20T23:07:25.286+0000] {dagbag.py:588} INFO - Filling up the DagBag from /opt/airflow/dags/velov_dag.py
[2025-12-20T23:07:25.730+0000] {processor.py:925} INFO - DAG(s) 'velov_dag' retrieved from /opt/airflow/dags/velov_dag.py
[2025-12-20T23:07:25.874+0000] {logging_mixin.py:190} INFO - [2025-12-20T23:07:25.874+0000] {override.py:1900} INFO - Created Permission View: can delete on DAG:velov_dag
[2025-12-20T23:07:25.878+0000] {logging_mixin.py:190} INFO - [2025-12-20T23:07:25.878+0000] {override.py:1900} INFO - Created Permission View: can read on DAG:velov_dag
[2025-12-20T23:07:25.880+0000] {logging_mixin.py:190} INFO - [2025-12-20T23:07:25.880+0000] {override.py:1900} INFO - Created Permission View: can edit on DAG:velov_dag
[2025-12-20T23:07:25.882+0000] {logging_mixin.py:190} INFO - [2025-12-20T23:07:25.882+0000] {override.py:1900} INFO - Created Permission View: menu access on DAG Run:velov_dag
[2025-12-20T23:07:25.884+0000] {logging_mixin.py:190} INFO - [2025-12-20T23:07:25.884+0000] {override.py:1900} INFO - Created Permission View: can read on DAG Run:velov_dag
[2025-12-20T23:07:25.886+0000] {logging_mixin.py:190} INFO - [2025-12-20T23:07:25.886+0000] {override.py:1900} INFO - Created Permission View: can create on DAG Run:velov_dag
[2025-12-20T23:07:25.888+0000] {logging_mixin.py:190} INFO - [2025-12-20T23:07:25.888+0000] {override.py:1900} INFO - Created Permission View: can delete on DAG Run:velov_dag
[2025-12-20T23:07:25.889+0000] {logging_mixin.py:190} INFO - [2025-12-20T23:07:25.888+0000] {dag.py:3239} INFO - Sync 1 DAGs
[2025-12-20T23:07:25.894+0000] {logging_mixin.py:190} WARNING - /home/airflow/.local/lib/python3.12/site-packages/airflow/models/dag.py:3901 DeprecationWarning: The dag_concurrency option in [core] has been renamed to max_active_tasks_per_dag - the old setting has been used, but please update your config.
[2025-12-20T23:07:25.895+0000] {logging_mixin.py:190} INFO - [2025-12-20T23:07:25.894+0000] {dag.py:3262} INFO - Creating ORM DAG for velov_dag
[2025-12-20T23:07:25.900+0000] {logging_mixin.py:190} INFO - [2025-12-20T23:07:25.900+0000] {dag.py:4180} INFO - Setting next_dagrun for velov_dag to 2025-12-20 22:40:00+00:00, run_after=2025-12-20 23:00:00+00:00
[2025-12-20T23:07:25.909+0000] {processor.py:208} INFO - Processing /opt/airflow/dags/velov_dag.py took 0.632 seconds
[2025-12-20T23:07:56.008+0000] {processor.py:186} INFO - Started process (PID=90) to work on /opt/airflow/dags/velov_dag.py
[2025-12-20T23:07:56.009+0000] {processor.py:914} INFO - Processing file /opt/airflow/dags/velov_dag.py for tasks to queue
[2025-12-20T23:07:56.011+0000] {logging_mixin.py:190} INFO - [2025-12-20T23:07:56.010+0000] {dagbag.py:588} INFO - Filling up the DagBag from /opt/airflow/dags/velov_dag.py
[2025-12-20T23:07:56.406+0000] {processor.py:925} INFO - DAG(s) 'velov_dag' retrieved from /opt/airflow/dags/velov_dag.py
[2025-12-20T23:07:56.420+0000] {logging_mixin.py:190} INFO - [2025-12-20T23:07:56.419+0000] {dag.py:3239} INFO - Sync 1 DAGs
[2025-12-20T23:07:56.432+0000] {logging_mixin.py:190} INFO - [2025-12-20T23:07:56.432+0000] {dag.py:4180} INFO - Setting next_dagrun for velov_dag to 2025-12-20 22:40:00+00:00, run_after=2025-12-20 23:00:00+00:00
[2025-12-20T23:07:56.439+0000] {processor.py:208} INFO - Processing /opt/airflow/dags/velov_dag.py took 0.437 seconds
[2025-12-20T23:08:26.685+0000] {processor.py:186} INFO - Started process (PID=100) to work on /opt/airflow/dags/velov_dag.py
[2025-12-20T23:08:26.685+0000] {processor.py:914} INFO - Processing file /opt/airflow/dags/velov_dag.py for tasks to queue
[2025-12-20T23:08:26.692+0000] {logging_mixin.py:190} INFO - [2025-12-20T23:08:26.691+0000] {dagbag.py:588} INFO - Filling up the DagBag from /opt/airflow/dags/velov_dag.py
[2025-12-20T23:08:27.168+0000] {processor.py:925} INFO - DAG(s) 'velov_dag' retrieved from /opt/airflow/dags/velov_dag.py
[2025-12-20T23:08:27.188+0000] {logging_mixin.py:190} INFO - [2025-12-20T23:08:27.187+0000] {dag.py:3239} INFO - Sync 1 DAGs
[2025-12-20T23:08:27.199+0000] {logging_mixin.py:190} INFO - [2025-12-20T23:08:27.199+0000] {dag.py:4180} INFO - Setting next_dagrun for velov_dag to 2025-12-20 22:40:00+00:00, run_after=2025-12-20 23:00:00+00:00
[2025-12-20T23:08:27.207+0000] {processor.py:208} INFO - Processing /opt/airflow/dags/velov_dag.py took 0.528 seconds
[2025-12-20T23:08:57.533+0000] {processor.py:186} INFO - Started process (PID=116) to work on /opt/airflow/dags/velov_dag.py
[2025-12-20T23:08:57.534+0000] {processor.py:914} INFO - Processing file /opt/airflow/dags/velov_dag.py for tasks to queue
[2025-12-20T23:08:57.537+0000] {logging_mixin.py:190} INFO - [2025-12-20T23:08:57.537+0000] {dagbag.py:588} INFO - Filling up the DagBag from /opt/airflow/dags/velov_dag.py
[2025-12-20T23:08:57.998+0000] {processor.py:925} INFO - DAG(s) 'velov_dag' retrieved from /opt/airflow/dags/velov_dag.py
[2025-12-20T23:08:58.017+0000] {logging_mixin.py:190} INFO - [2025-12-20T23:08:58.016+0000] {dag.py:3239} INFO - Sync 1 DAGs
[2025-12-20T23:08:58.033+0000] {logging_mixin.py:190} INFO - [2025-12-20T23:08:58.033+0000] {dag.py:4180} INFO - Setting next_dagrun for velov_dag to 2025-12-20 22:40:00+00:00, run_after=2025-12-20 23:00:00+00:00
[2025-12-20T23:08:58.043+0000] {processor.py:208} INFO - Processing /opt/airflow/dags/velov_dag.py took 0.518 seconds
[2025-12-20T23:14:50.360+0000] {processor.py:186} INFO - Started process (PID=93) to work on /opt/airflow/dags/velov_dag.py
[2025-12-20T23:14:50.362+0000] {processor.py:914} INFO - Processing file /opt/airflow/dags/velov_dag.py for tasks to queue
[2025-12-20T23:14:50.365+0000] {logging_mixin.py:190} INFO - [2025-12-20T23:14:50.365+0000] {dagbag.py:588} INFO - Filling up the DagBag from /opt/airflow/dags/velov_dag.py
[2025-12-20T23:14:51.136+0000] {processor.py:925} INFO - DAG(s) 'velov_dag' retrieved from /opt/airflow/dags/velov_dag.py
[2025-12-20T23:14:51.297+0000] {logging_mixin.py:190} INFO - [2025-12-20T23:14:51.296+0000] {override.py:1900} INFO - Created Permission View: can edit on DAG:velov_dag
[2025-12-20T23:14:51.303+0000] {logging_mixin.py:190} INFO - [2025-12-20T23:14:51.303+0000] {override.py:1900} INFO - Created Permission View: can read on DAG:velov_dag
[2025-12-20T23:14:51.307+0000] {logging_mixin.py:190} INFO - [2025-12-20T23:14:51.307+0000] {override.py:1900} INFO - Created Permission View: can delete on DAG:velov_dag
[2025-12-20T23:14:51.311+0000] {logging_mixin.py:190} INFO - [2025-12-20T23:14:51.310+0000] {override.py:1900} INFO - Created Permission View: menu access on DAG Run:velov_dag
[2025-12-20T23:14:51.314+0000] {logging_mixin.py:190} INFO - [2025-12-20T23:14:51.314+0000] {override.py:1900} INFO - Created Permission View: can read on DAG Run:velov_dag
[2025-12-20T23:14:51.317+0000] {logging_mixin.py:190} INFO - [2025-12-20T23:14:51.316+0000] {override.py:1900} INFO - Created Permission View: can create on DAG Run:velov_dag
[2025-12-20T23:14:51.319+0000] {logging_mixin.py:190} INFO - [2025-12-20T23:14:51.319+0000] {override.py:1900} INFO - Created Permission View: can delete on DAG Run:velov_dag
[2025-12-20T23:14:51.320+0000] {logging_mixin.py:190} INFO - [2025-12-20T23:14:51.320+0000] {dag.py:3239} INFO - Sync 1 DAGs
[2025-12-20T23:14:51.330+0000] {logging_mixin.py:190} WARNING - /home/airflow/.local/lib/python3.12/site-packages/airflow/models/dag.py:3901 DeprecationWarning: The dag_concurrency option in [core] has been renamed to max_active_tasks_per_dag - the old setting has been used, but please update your config.
[2025-12-20T23:14:51.331+0000] {logging_mixin.py:190} INFO - [2025-12-20T23:14:51.331+0000] {dag.py:3262} INFO - Creating ORM DAG for velov_dag
[2025-12-20T23:14:51.342+0000] {logging_mixin.py:190} INFO - [2025-12-20T23:14:51.342+0000] {dag.py:4180} INFO - Setting next_dagrun for velov_dag to 2025-12-20 22:40:00+00:00, run_after=2025-12-20 23:00:00+00:00
[2025-12-20T23:14:51.359+0000] {processor.py:208} INFO - Processing /opt/airflow/dags/velov_dag.py took 1.009 seconds
[2025-12-20T23:15:21.506+0000] {processor.py:186} INFO - Started process (PID=105) to work on /opt/airflow/dags/velov_dag.py
[2025-12-20T23:15:21.509+0000] {processor.py:914} INFO - Processing file /opt/airflow/dags/velov_dag.py for tasks to queue
[2025-12-20T23:15:21.511+0000] {logging_mixin.py:190} INFO - [2025-12-20T23:15:21.510+0000] {dagbag.py:588} INFO - Filling up the DagBag from /opt/airflow/dags/velov_dag.py
[2025-12-20T23:15:21.853+0000] {processor.py:925} INFO - DAG(s) 'velov_dag' retrieved from /opt/airflow/dags/velov_dag.py
[2025-12-20T23:15:21.872+0000] {logging_mixin.py:190} INFO - [2025-12-20T23:15:21.872+0000] {dag.py:3239} INFO - Sync 1 DAGs
[2025-12-20T23:15:21.884+0000] {logging_mixin.py:190} INFO - [2025-12-20T23:15:21.884+0000] {dag.py:4180} INFO - Setting next_dagrun for velov_dag to 2025-12-20 22:40:00+00:00, run_after=2025-12-20 23:00:00+00:00
[2025-12-20T23:15:21.892+0000] {processor.py:208} INFO - Processing /opt/airflow/dags/velov_dag.py took 0.390 seconds
[2025-12-20T23:15:52.063+0000] {processor.py:186} INFO - Started process (PID=113) to work on /opt/airflow/dags/velov_dag.py
[2025-12-20T23:15:52.065+0000] {processor.py:914} INFO - Processing file /opt/airflow/dags/velov_dag.py for tasks to queue
[2025-12-20T23:15:52.068+0000] {logging_mixin.py:190} INFO - [2025-12-20T23:15:52.068+0000] {dagbag.py:588} INFO - Filling up the DagBag from /opt/airflow/dags/velov_dag.py
[2025-12-20T23:15:52.429+0000] {processor.py:925} INFO - DAG(s) 'velov_dag' retrieved from /opt/airflow/dags/velov_dag.py
[2025-12-20T23:15:52.448+0000] {logging_mixin.py:190} INFO - [2025-12-20T23:15:52.448+0000] {dag.py:3239} INFO - Sync 1 DAGs
[2025-12-20T23:15:52.459+0000] {logging_mixin.py:190} INFO - [2025-12-20T23:15:52.459+0000] {dag.py:4180} INFO - Setting next_dagrun for velov_dag to 2025-12-20 22:40:00+00:00, run_after=2025-12-20 23:00:00+00:00
[2025-12-20T23:15:52.466+0000] {processor.py:208} INFO - Processing /opt/airflow/dags/velov_dag.py took 0.413 seconds
[2025-12-20T23:16:22.751+0000] {processor.py:186} INFO - Started process (PID=123) to work on /opt/airflow/dags/velov_dag.py
[2025-12-20T23:16:22.753+0000] {processor.py:914} INFO - Processing file /opt/airflow/dags/velov_dag.py for tasks to queue
[2025-12-20T23:16:22.755+0000] {logging_mixin.py:190} INFO - [2025-12-20T23:16:22.755+0000] {dagbag.py:588} INFO - Filling up the DagBag from /opt/airflow/dags/velov_dag.py
[2025-12-20T23:16:23.132+0000] {processor.py:925} INFO - DAG(s) 'velov_dag' retrieved from /opt/airflow/dags/velov_dag.py
[2025-12-20T23:16:23.144+0000] {logging_mixin.py:190} INFO - [2025-12-20T23:16:23.144+0000] {dag.py:3239} INFO - Sync 1 DAGs
[2025-12-20T23:16:23.155+0000] {logging_mixin.py:190} INFO - [2025-12-20T23:16:23.155+0000] {dag.py:4180} INFO - Setting next_dagrun for velov_dag to 2025-12-20 22:40:00+00:00, run_after=2025-12-20 23:00:00+00:00
[2025-12-20T23:16:23.163+0000] {processor.py:208} INFO - Processing /opt/airflow/dags/velov_dag.py took 0.420 seconds
[2025-12-20T23:16:53.549+0000] {processor.py:186} INFO - Started process (PID=133) to work on /opt/airflow/dags/velov_dag.py
[2025-12-20T23:16:53.550+0000] {processor.py:914} INFO - Processing file /opt/airflow/dags/velov_dag.py for tasks to queue
[2025-12-20T23:16:53.556+0000] {logging_mixin.py:190} INFO - [2025-12-20T23:16:53.555+0000] {dagbag.py:588} INFO - Filling up the DagBag from /opt/airflow/dags/velov_dag.py
[2025-12-20T23:16:54.018+0000] {processor.py:925} INFO - DAG(s) 'velov_dag' retrieved from /opt/airflow/dags/velov_dag.py
[2025-12-20T23:16:54.034+0000] {logging_mixin.py:190} INFO - [2025-12-20T23:16:54.034+0000] {dag.py:3239} INFO - Sync 1 DAGs
[2025-12-20T23:16:54.046+0000] {logging_mixin.py:190} INFO - [2025-12-20T23:16:54.045+0000] {dag.py:4180} INFO - Setting next_dagrun for velov_dag to 2025-12-20 22:40:00+00:00, run_after=2025-12-20 23:00:00+00:00
[2025-12-20T23:16:54.052+0000] {processor.py:208} INFO - Processing /opt/airflow/dags/velov_dag.py took 0.514 seconds
[2025-12-20T23:17:24.401+0000] {processor.py:186} INFO - Started process (PID=149) to work on /opt/airflow/dags/velov_dag.py
[2025-12-20T23:17:24.403+0000] {processor.py:914} INFO - Processing file /opt/airflow/dags/velov_dag.py for tasks to queue
[2025-12-20T23:17:24.410+0000] {logging_mixin.py:190} INFO - [2025-12-20T23:17:24.410+0000] {dagbag.py:588} INFO - Filling up the DagBag from /opt/airflow/dags/velov_dag.py
[2025-12-20T23:17:24.850+0000] {processor.py:925} INFO - DAG(s) 'velov_dag' retrieved from /opt/airflow/dags/velov_dag.py
[2025-12-20T23:17:24.864+0000] {logging_mixin.py:190} INFO - [2025-12-20T23:17:24.864+0000] {dag.py:3239} INFO - Sync 1 DAGs
[2025-12-20T23:17:24.875+0000] {logging_mixin.py:190} INFO - [2025-12-20T23:17:24.875+0000] {dag.py:4180} INFO - Setting next_dagrun for velov_dag to 2025-12-20 22:40:00+00:00, run_after=2025-12-20 23:00:00+00:00
[2025-12-20T23:17:24.881+0000] {processor.py:208} INFO - Processing /opt/airflow/dags/velov_dag.py took 0.495 seconds
[2025-12-20T23:17:55.211+0000] {processor.py:186} INFO - Started process (PID=159) to work on /opt/airflow/dags/velov_dag.py
[2025-12-20T23:17:55.214+0000] {processor.py:914} INFO - Processing file /opt/airflow/dags/velov_dag.py for tasks to queue
[2025-12-20T23:17:55.216+0000] {logging_mixin.py:190} INFO - [2025-12-20T23:17:55.216+0000] {dagbag.py:588} INFO - Filling up the DagBag from /opt/airflow/dags/velov_dag.py
[2025-12-20T23:17:55.634+0000] {processor.py:925} INFO - DAG(s) 'velov_dag' retrieved from /opt/airflow/dags/velov_dag.py
[2025-12-20T23:17:55.659+0000] {logging_mixin.py:190} INFO - [2025-12-20T23:17:55.659+0000] {dag.py:3239} INFO - Sync 1 DAGs
[2025-12-20T23:17:55.670+0000] {logging_mixin.py:190} INFO - [2025-12-20T23:17:55.670+0000] {dag.py:4180} INFO - Setting next_dagrun for velov_dag to 2025-12-20 22:40:00+00:00, run_after=2025-12-20 23:00:00+00:00
[2025-12-20T23:17:55.676+0000] {processor.py:208} INFO - Processing /opt/airflow/dags/velov_dag.py took 0.473 seconds
[2025-12-20T23:18:25.982+0000] {processor.py:186} INFO - Started process (PID=169) to work on /opt/airflow/dags/velov_dag.py
[2025-12-20T23:18:25.984+0000] {processor.py:914} INFO - Processing file /opt/airflow/dags/velov_dag.py for tasks to queue
[2025-12-20T23:18:25.992+0000] {logging_mixin.py:190} INFO - [2025-12-20T23:18:25.991+0000] {dagbag.py:588} INFO - Filling up the DagBag from /opt/airflow/dags/velov_dag.py
[2025-12-20T23:18:26.392+0000] {processor.py:925} INFO - DAG(s) 'velov_dag' retrieved from /opt/airflow/dags/velov_dag.py
[2025-12-20T23:18:26.405+0000] {logging_mixin.py:190} INFO - [2025-12-20T23:18:26.405+0000] {dag.py:3239} INFO - Sync 1 DAGs
[2025-12-20T23:18:26.414+0000] {logging_mixin.py:190} INFO - [2025-12-20T23:18:26.414+0000] {dag.py:4180} INFO - Setting next_dagrun for velov_dag to 2025-12-20 22:40:00+00:00, run_after=2025-12-20 23:00:00+00:00
[2025-12-20T23:18:26.422+0000] {processor.py:208} INFO - Processing /opt/airflow/dags/velov_dag.py took 0.455 seconds
[2025-12-20T23:18:56.783+0000] {processor.py:186} INFO - Started process (PID=179) to work on /opt/airflow/dags/velov_dag.py
[2025-12-20T23:18:56.789+0000] {processor.py:914} INFO - Processing file /opt/airflow/dags/velov_dag.py for tasks to queue
[2025-12-20T23:18:56.792+0000] {logging_mixin.py:190} INFO - [2025-12-20T23:18:56.792+0000] {dagbag.py:588} INFO - Filling up the DagBag from /opt/airflow/dags/velov_dag.py
[2025-12-20T23:18:57.200+0000] {processor.py:925} INFO - DAG(s) 'velov_dag' retrieved from /opt/airflow/dags/velov_dag.py
[2025-12-20T23:18:57.215+0000] {logging_mixin.py:190} INFO - [2025-12-20T23:18:57.215+0000] {dag.py:3239} INFO - Sync 1 DAGs
[2025-12-20T23:18:57.226+0000] {logging_mixin.py:190} INFO - [2025-12-20T23:18:57.226+0000] {dag.py:4180} INFO - Setting next_dagrun for velov_dag to 2025-12-20 22:40:00+00:00, run_after=2025-12-20 23:00:00+00:00
[2025-12-20T23:18:57.233+0000] {processor.py:208} INFO - Processing /opt/airflow/dags/velov_dag.py took 0.463 seconds
[2025-12-20T23:19:27.549+0000] {processor.py:186} INFO - Started process (PID=189) to work on /opt/airflow/dags/velov_dag.py
[2025-12-20T23:19:27.550+0000] {processor.py:914} INFO - Processing file /opt/airflow/dags/velov_dag.py for tasks to queue
[2025-12-20T23:19:27.555+0000] {logging_mixin.py:190} INFO - [2025-12-20T23:19:27.555+0000] {dagbag.py:588} INFO - Filling up the DagBag from /opt/airflow/dags/velov_dag.py
[2025-12-20T23:19:27.753+0000] {processor.py:925} INFO - DAG(s) 'velov_dag' retrieved from /opt/airflow/dags/velov_dag.py
[2025-12-20T23:19:27.770+0000] {logging_mixin.py:190} INFO - [2025-12-20T23:19:27.769+0000] {dag.py:3239} INFO - Sync 1 DAGs
[2025-12-20T23:19:27.782+0000] {logging_mixin.py:190} INFO - [2025-12-20T23:19:27.782+0000] {dag.py:4180} INFO - Setting next_dagrun for velov_dag to 2025-12-20 22:40:00+00:00, run_after=2025-12-20 23:00:00+00:00
[2025-12-20T23:19:27.789+0000] {processor.py:208} INFO - Processing /opt/airflow/dags/velov_dag.py took 0.252 seconds
[2025-12-20T23:19:58.126+0000] {processor.py:186} INFO - Started process (PID=199) to work on /opt/airflow/dags/velov_dag.py
[2025-12-20T23:19:58.127+0000] {processor.py:914} INFO - Processing file /opt/airflow/dags/velov_dag.py for tasks to queue
[2025-12-20T23:19:58.131+0000] {logging_mixin.py:190} INFO - [2025-12-20T23:19:58.131+0000] {dagbag.py:588} INFO - Filling up the DagBag from /opt/airflow/dags/velov_dag.py
[2025-12-20T23:19:58.330+0000] {processor.py:925} INFO - DAG(s) 'velov_dag' retrieved from /opt/airflow/dags/velov_dag.py
[2025-12-20T23:19:58.352+0000] {logging_mixin.py:190} INFO - [2025-12-20T23:19:58.352+0000] {dag.py:3239} INFO - Sync 1 DAGs
[2025-12-20T23:19:58.364+0000] {logging_mixin.py:190} INFO - [2025-12-20T23:19:58.364+0000] {dag.py:4180} INFO - Setting next_dagrun for velov_dag to 2025-12-20 22:40:00+00:00, run_after=2025-12-20 23:00:00+00:00
[2025-12-20T23:19:58.371+0000] {processor.py:208} INFO - Processing /opt/airflow/dags/velov_dag.py took 0.255 seconds
[2025-12-20T23:20:28.695+0000] {processor.py:186} INFO - Started process (PID=209) to work on /opt/airflow/dags/velov_dag.py
[2025-12-20T23:20:28.695+0000] {processor.py:914} INFO - Processing file /opt/airflow/dags/velov_dag.py for tasks to queue
[2025-12-20T23:20:28.698+0000] {logging_mixin.py:190} INFO - [2025-12-20T23:20:28.697+0000] {dagbag.py:588} INFO - Filling up the DagBag from /opt/airflow/dags/velov_dag.py
[2025-12-20T23:20:28.972+0000] {processor.py:925} INFO - DAG(s) 'velov_dag' retrieved from /opt/airflow/dags/velov_dag.py
[2025-12-20T23:20:28.996+0000] {logging_mixin.py:190} INFO - [2025-12-20T23:20:28.996+0000] {dag.py:3239} INFO - Sync 1 DAGs
[2025-12-20T23:20:29.011+0000] {logging_mixin.py:190} INFO - [2025-12-20T23:20:29.011+0000] {dag.py:4180} INFO - Setting next_dagrun for velov_dag to 2025-12-20 23:00:00+00:00, run_after=2025-12-20 23:20:00+00:00
[2025-12-20T23:20:29.019+0000] {processor.py:208} INFO - Processing /opt/airflow/dags/velov_dag.py took 0.329 seconds
[2025-12-20T23:20:59.382+0000] {processor.py:186} INFO - Started process (PID=219) to work on /opt/airflow/dags/velov_dag.py
[2025-12-20T23:20:59.386+0000] {processor.py:914} INFO - Processing file /opt/airflow/dags/velov_dag.py for tasks to queue
[2025-12-20T23:20:59.392+0000] {logging_mixin.py:190} INFO - [2025-12-20T23:20:59.392+0000] {dagbag.py:588} INFO - Filling up the DagBag from /opt/airflow/dags/velov_dag.py
[2025-12-20T23:20:59.638+0000] {processor.py:925} INFO - DAG(s) 'velov_dag' retrieved from /opt/airflow/dags/velov_dag.py
[2025-12-20T23:20:59.665+0000] {logging_mixin.py:190} INFO - [2025-12-20T23:20:59.664+0000] {dag.py:3239} INFO - Sync 1 DAGs
[2025-12-20T23:20:59.682+0000] {logging_mixin.py:190} INFO - [2025-12-20T23:20:59.682+0000] {dag.py:4180} INFO - Setting next_dagrun for velov_dag to 2025-12-20 23:00:00+00:00, run_after=2025-12-20 23:20:00+00:00
[2025-12-20T23:20:59.690+0000] {processor.py:208} INFO - Processing /opt/airflow/dags/velov_dag.py took 0.326 seconds
[2025-12-20T23:21:29.962+0000] {processor.py:186} INFO - Started process (PID=229) to work on /opt/airflow/dags/velov_dag.py
[2025-12-20T23:21:29.963+0000] {processor.py:914} INFO - Processing file /opt/airflow/dags/velov_dag.py for tasks to queue
[2025-12-20T23:21:29.966+0000] {logging_mixin.py:190} INFO - [2025-12-20T23:21:29.966+0000] {dagbag.py:588} INFO - Filling up the DagBag from /opt/airflow/dags/velov_dag.py
[2025-12-20T23:21:30.224+0000] {processor.py:925} INFO - DAG(s) 'velov_dag' retrieved from /opt/airflow/dags/velov_dag.py
[2025-12-20T23:21:30.260+0000] {logging_mixin.py:190} INFO - [2025-12-20T23:21:30.260+0000] {dag.py:3239} INFO - Sync 1 DAGs
[2025-12-20T23:21:30.285+0000] {logging_mixin.py:190} INFO - [2025-12-20T23:21:30.285+0000] {dag.py:4180} INFO - Setting next_dagrun for velov_dag to 2025-12-20 23:00:00+00:00, run_after=2025-12-20 23:20:00+00:00
[2025-12-20T23:21:30.313+0000] {processor.py:208} INFO - Processing /opt/airflow/dags/velov_dag.py took 0.366 seconds
[2025-12-20T23:22:00.572+0000] {processor.py:186} INFO - Started process (PID=239) to work on /opt/airflow/dags/velov_dag.py
[2025-12-20T23:22:00.575+0000] {processor.py:914} INFO - Processing file /opt/airflow/dags/velov_dag.py for tasks to queue
[2025-12-20T23:22:00.577+0000] {logging_mixin.py:190} INFO - [2025-12-20T23:22:00.577+0000] {dagbag.py:588} INFO - Filling up the DagBag from /opt/airflow/dags/velov_dag.py
[2025-12-20T23:22:00.803+0000] {processor.py:925} INFO - DAG(s) 'velov_dag' retrieved from /opt/airflow/dags/velov_dag.py
[2025-12-20T23:22:00.825+0000] {logging_mixin.py:190} INFO - [2025-12-20T23:22:00.825+0000] {dag.py:3239} INFO - Sync 1 DAGs
[2025-12-20T23:22:00.849+0000] {logging_mixin.py:190} INFO - [2025-12-20T23:22:00.849+0000] {dag.py:4180} INFO - Setting next_dagrun for velov_dag to 2025-12-20 23:00:00+00:00, run_after=2025-12-20 23:20:00+00:00
[2025-12-20T23:22:00.861+0000] {processor.py:208} INFO - Processing /opt/airflow/dags/velov_dag.py took 0.295 seconds
[2025-12-20T23:26:18.169+0000] {processor.py:186} INFO - Started process (PID=52) to work on /opt/airflow/dags/velov_dag.py
[2025-12-20T23:26:18.171+0000] {processor.py:914} INFO - Processing file /opt/airflow/dags/velov_dag.py for tasks to queue
[2025-12-20T23:26:18.173+0000] {logging_mixin.py:190} INFO - [2025-12-20T23:26:18.173+0000] {dagbag.py:588} INFO - Filling up the DagBag from /opt/airflow/dags/velov_dag.py
[2025-12-20T23:26:19.127+0000] {processor.py:925} INFO - DAG(s) 'velov_dag' retrieved from /opt/airflow/dags/velov_dag.py
[2025-12-20T23:26:19.161+0000] {logging_mixin.py:190} INFO - [2025-12-20T23:26:19.161+0000] {dag.py:3239} INFO - Sync 1 DAGs
[2025-12-20T23:26:19.186+0000] {logging_mixin.py:190} INFO - [2025-12-20T23:26:19.186+0000] {dag.py:4180} INFO - Setting next_dagrun for velov_dag to 2025-12-20 23:00:00+00:00, run_after=2025-12-20 23:20:00+00:00
[2025-12-20T23:26:19.201+0000] {processor.py:208} INFO - Processing /opt/airflow/dags/velov_dag.py took 1.036 seconds
[2025-12-20T23:26:49.332+0000] {processor.py:186} INFO - Started process (PID=61) to work on /opt/airflow/dags/velov_dag.py
[2025-12-20T23:26:49.334+0000] {processor.py:914} INFO - Processing file /opt/airflow/dags/velov_dag.py for tasks to queue
[2025-12-20T23:26:49.336+0000] {logging_mixin.py:190} INFO - [2025-12-20T23:26:49.335+0000] {dagbag.py:588} INFO - Filling up the DagBag from /opt/airflow/dags/velov_dag.py
[2025-12-20T23:26:49.794+0000] {processor.py:925} INFO - DAG(s) 'velov_dag' retrieved from /opt/airflow/dags/velov_dag.py
[2025-12-20T23:26:49.812+0000] {logging_mixin.py:190} INFO - [2025-12-20T23:26:49.812+0000] {dag.py:3239} INFO - Sync 1 DAGs
[2025-12-20T23:26:49.823+0000] {logging_mixin.py:190} INFO - [2025-12-20T23:26:49.823+0000] {dag.py:4180} INFO - Setting next_dagrun for velov_dag to 2025-12-20 23:00:00+00:00, run_after=2025-12-20 23:20:00+00:00
[2025-12-20T23:26:49.830+0000] {processor.py:208} INFO - Processing /opt/airflow/dags/velov_dag.py took 0.504 seconds
[2025-12-20T23:27:20.051+0000] {processor.py:186} INFO - Started process (PID=71) to work on /opt/airflow/dags/velov_dag.py
[2025-12-20T23:27:20.052+0000] {processor.py:914} INFO - Processing file /opt/airflow/dags/velov_dag.py for tasks to queue
[2025-12-20T23:27:20.055+0000] {logging_mixin.py:190} INFO - [2025-12-20T23:27:20.055+0000] {dagbag.py:588} INFO - Filling up the DagBag from /opt/airflow/dags/velov_dag.py
[2025-12-20T23:27:20.423+0000] {processor.py:925} INFO - DAG(s) 'velov_dag' retrieved from /opt/airflow/dags/velov_dag.py
[2025-12-20T23:27:20.443+0000] {logging_mixin.py:190} INFO - [2025-12-20T23:27:20.443+0000] {dag.py:3239} INFO - Sync 1 DAGs
[2025-12-20T23:27:20.453+0000] {logging_mixin.py:190} INFO - [2025-12-20T23:27:20.452+0000] {dag.py:4180} INFO - Setting next_dagrun for velov_dag to 2025-12-20 23:00:00+00:00, run_after=2025-12-20 23:20:00+00:00
[2025-12-20T23:27:20.459+0000] {processor.py:208} INFO - Processing /opt/airflow/dags/velov_dag.py took 0.413 seconds
[2025-12-20T23:27:50.697+0000] {processor.py:186} INFO - Started process (PID=81) to work on /opt/airflow/dags/velov_dag.py
[2025-12-20T23:27:50.699+0000] {processor.py:914} INFO - Processing file /opt/airflow/dags/velov_dag.py for tasks to queue
[2025-12-20T23:27:50.702+0000] {logging_mixin.py:190} INFO - [2025-12-20T23:27:50.702+0000] {dagbag.py:588} INFO - Filling up the DagBag from /opt/airflow/dags/velov_dag.py
[2025-12-20T23:27:51.038+0000] {processor.py:925} INFO - DAG(s) 'velov_dag' retrieved from /opt/airflow/dags/velov_dag.py
[2025-12-20T23:27:51.051+0000] {logging_mixin.py:190} INFO - [2025-12-20T23:27:51.051+0000] {dag.py:3239} INFO - Sync 1 DAGs
[2025-12-20T23:27:51.061+0000] {logging_mixin.py:190} INFO - [2025-12-20T23:27:51.061+0000] {dag.py:4180} INFO - Setting next_dagrun for velov_dag to 2025-12-20 23:00:00+00:00, run_after=2025-12-20 23:20:00+00:00
[2025-12-20T23:27:51.066+0000] {processor.py:208} INFO - Processing /opt/airflow/dags/velov_dag.py took 0.375 seconds
[2025-12-20T23:28:21.392+0000] {processor.py:186} INFO - Started process (PID=91) to work on /opt/airflow/dags/velov_dag.py
[2025-12-20T23:28:21.393+0000] {processor.py:914} INFO - Processing file /opt/airflow/dags/velov_dag.py for tasks to queue
[2025-12-20T23:28:21.396+0000] {logging_mixin.py:190} INFO - [2025-12-20T23:28:21.395+0000] {dagbag.py:588} INFO - Filling up the DagBag from /opt/airflow/dags/velov_dag.py
[2025-12-20T23:28:21.810+0000] {processor.py:925} INFO - DAG(s) 'velov_dag' retrieved from /opt/airflow/dags/velov_dag.py
[2025-12-20T23:28:21.833+0000] {logging_mixin.py:190} INFO - [2025-12-20T23:28:21.832+0000] {dag.py:3239} INFO - Sync 1 DAGs
[2025-12-20T23:28:21.851+0000] {logging_mixin.py:190} INFO - [2025-12-20T23:28:21.851+0000] {dag.py:4180} INFO - Setting next_dagrun for velov_dag to 2025-12-20 23:00:00+00:00, run_after=2025-12-20 23:20:00+00:00
[2025-12-20T23:28:21.860+0000] {processor.py:208} INFO - Processing /opt/airflow/dags/velov_dag.py took 0.476 seconds
[2025-12-20T23:28:52.169+0000] {processor.py:186} INFO - Started process (PID=107) to work on /opt/airflow/dags/velov_dag.py
[2025-12-20T23:28:52.170+0000] {processor.py:914} INFO - Processing file /opt/airflow/dags/velov_dag.py for tasks to queue
[2025-12-20T23:28:52.172+0000] {logging_mixin.py:190} INFO - [2025-12-20T23:28:52.172+0000] {dagbag.py:588} INFO - Filling up the DagBag from /opt/airflow/dags/velov_dag.py
[2025-12-20T23:28:52.380+0000] {processor.py:925} INFO - DAG(s) 'velov_dag' retrieved from /opt/airflow/dags/velov_dag.py
[2025-12-20T23:28:52.400+0000] {logging_mixin.py:190} INFO - [2025-12-20T23:28:52.400+0000] {dag.py:3239} INFO - Sync 1 DAGs
[2025-12-20T23:28:52.412+0000] {logging_mixin.py:190} INFO - [2025-12-20T23:28:52.412+0000] {dag.py:4180} INFO - Setting next_dagrun for velov_dag to 2025-12-20 23:00:00+00:00, run_after=2025-12-20 23:20:00+00:00
[2025-12-20T23:28:52.419+0000] {processor.py:208} INFO - Processing /opt/airflow/dags/velov_dag.py took 0.265 seconds
[2025-12-20T23:29:22.729+0000] {processor.py:186} INFO - Started process (PID=117) to work on /opt/airflow/dags/velov_dag.py
[2025-12-20T23:29:22.731+0000] {processor.py:914} INFO - Processing file /opt/airflow/dags/velov_dag.py for tasks to queue
[2025-12-20T23:29:22.735+0000] {logging_mixin.py:190} INFO - [2025-12-20T23:29:22.735+0000] {dagbag.py:588} INFO - Filling up the DagBag from /opt/airflow/dags/velov_dag.py
[2025-12-20T23:29:22.943+0000] {processor.py:925} INFO - DAG(s) 'velov_dag' retrieved from /opt/airflow/dags/velov_dag.py
[2025-12-20T23:29:22.961+0000] {logging_mixin.py:190} INFO - [2025-12-20T23:29:22.961+0000] {dag.py:3239} INFO - Sync 1 DAGs
[2025-12-20T23:29:22.972+0000] {logging_mixin.py:190} INFO - [2025-12-20T23:29:22.972+0000] {dag.py:4180} INFO - Setting next_dagrun for velov_dag to 2025-12-20 23:00:00+00:00, run_after=2025-12-20 23:20:00+00:00
[2025-12-20T23:29:22.980+0000] {processor.py:208} INFO - Processing /opt/airflow/dags/velov_dag.py took 0.260 seconds
[2025-12-20T23:29:53.274+0000] {processor.py:186} INFO - Started process (PID=127) to work on /opt/airflow/dags/velov_dag.py
[2025-12-20T23:29:53.279+0000] {processor.py:914} INFO - Processing file /opt/airflow/dags/velov_dag.py for tasks to queue
[2025-12-20T23:29:53.282+0000] {logging_mixin.py:190} INFO - [2025-12-20T23:29:53.282+0000] {dagbag.py:588} INFO - Filling up the DagBag from /opt/airflow/dags/velov_dag.py
[2025-12-20T23:29:53.480+0000] {processor.py:925} INFO - DAG(s) 'velov_dag' retrieved from /opt/airflow/dags/velov_dag.py
[2025-12-20T23:29:53.498+0000] {logging_mixin.py:190} INFO - [2025-12-20T23:29:53.497+0000] {dag.py:3239} INFO - Sync 1 DAGs
[2025-12-20T23:29:53.509+0000] {logging_mixin.py:190} INFO - [2025-12-20T23:29:53.509+0000] {dag.py:4180} INFO - Setting next_dagrun for velov_dag to 2025-12-20 23:00:00+00:00, run_after=2025-12-20 23:20:00+00:00
[2025-12-20T23:29:53.515+0000] {processor.py:208} INFO - Processing /opt/airflow/dags/velov_dag.py took 0.253 seconds
