[2025-12-24T00:36:53.160+0000] {local_task_job_runner.py:123} INFO - ::group::Pre task execution logs
[2025-12-24T00:36:53.194+0000] {taskinstance.py:2612} INFO - Dependencies all met for dep_context=non-requeueable deps ti=<TaskInstance: velov_dag.mongo_to_neo4j_graph manual__2025-12-24T00:33:15.971298+00:00 [queued]>
[2025-12-24T00:36:53.213+0000] {taskinstance.py:2612} INFO - Dependencies all met for dep_context=requeueable deps ti=<TaskInstance: velov_dag.mongo_to_neo4j_graph manual__2025-12-24T00:33:15.971298+00:00 [queued]>
[2025-12-24T00:36:53.214+0000] {taskinstance.py:2865} INFO - Starting attempt 1 of 2
[2025-12-24T00:36:53.248+0000] {taskinstance.py:2888} INFO - Executing <Task(PythonOperator): mongo_to_neo4j_graph> on 2025-12-24 00:33:15.971298+00:00
[2025-12-24T00:36:53.265+0000] {warnings.py:112} WARNING - /home/***/.local/lib/python3.12/site-packages/***/task/task_runner/standard_task_runner.py:70: DeprecationWarning: This process (pid=159) is multi-threaded, use of fork() may lead to deadlocks in the child.
  pid = os.fork()

[2025-12-24T00:36:53.270+0000] {standard_task_runner.py:72} INFO - Started process 163 to run task
[2025-12-24T00:36:53.273+0000] {standard_task_runner.py:104} INFO - Running: ['***', 'tasks', 'run', 'velov_dag', 'mongo_to_neo4j_graph', 'manual__2025-12-24T00:33:15.971298+00:00', '--job-id', '274', '--raw', '--subdir', 'DAGS_FOLDER/global_DAG.py', '--cfg-path', '/tmp/tmpr9v0b4j8']
[2025-12-24T00:36:53.279+0000] {standard_task_runner.py:105} INFO - Job 274: Subtask mongo_to_neo4j_graph
[2025-12-24T00:36:53.419+0000] {task_command.py:467} INFO - Running <TaskInstance: velov_dag.mongo_to_neo4j_graph manual__2025-12-24T00:33:15.971298+00:00 [running]> on host 172.18.0.13
[2025-12-24T00:36:53.578+0000] {taskinstance.py:3131} INFO - Exporting env vars: AIRFLOW_CTX_DAG_OWNER='***' AIRFLOW_CTX_DAG_ID='velov_dag' AIRFLOW_CTX_TASK_ID='mongo_to_neo4j_graph' AIRFLOW_CTX_EXECUTION_DATE='2025-12-24T00:33:15.971298+00:00' AIRFLOW_CTX_TRY_NUMBER='1' AIRFLOW_CTX_DAG_RUN_ID='manual__2025-12-24T00:33:15.971298+00:00'
[2025-12-24T00:36:53.580+0000] {taskinstance.py:731} INFO - ::endgroup::
[2025-12-24T00:36:53.704+0000] {production.py:93} WARNING - scipy not available; using numpy fallback KNN (slower).
[2025-12-24T00:36:57.774+0000] {python.py:240} INFO - Done. Returned value was: (298, 2980)
[2025-12-24T00:36:57.814+0000] {taskinstance.py:340} INFO - ::group::Post task execution logs
[2025-12-24T00:36:57.815+0000] {taskinstance.py:352} INFO - Marking task as SUCCESS. dag_id=velov_dag, task_id=mongo_to_neo4j_graph, run_id=manual__2025-12-24T00:33:15.971298+00:00, execution_date=20251224T003315, start_date=20251224T003653, end_date=20251224T003657
[2025-12-24T00:36:57.862+0000] {local_task_job_runner.py:266} INFO - Task exited with return code 0
[2025-12-24T00:36:57.881+0000] {taskinstance.py:3900} INFO - 0 downstream tasks scheduled from follow-on schedule check
[2025-12-24T00:36:57.884+0000] {local_task_job_runner.py:245} INFO - ::endgroup::
